[2024-11-22T03:23:56.471+0000] {local_task_job_runner.py:123} INFO - ::group::Pre task execution logs
[2024-11-22T03:23:56.507+0000] {taskinstance.py:2613} INFO - Dependencies all met for dep_context=non-requeueable deps ti=<TaskInstance: weather_data_pipeline.load_weather_data manual__2024-11-22T03:23:37.087867+00:00 [queued]>
[2024-11-22T03:23:56.525+0000] {taskinstance.py:2613} INFO - Dependencies all met for dep_context=requeueable deps ti=<TaskInstance: weather_data_pipeline.load_weather_data manual__2024-11-22T03:23:37.087867+00:00 [queued]>
[2024-11-22T03:23:56.527+0000] {taskinstance.py:2866} INFO - Starting attempt 1 of 2
[2024-11-22T03:23:56.559+0000] {taskinstance.py:2889} INFO - Executing <Task(PythonOperator): load_weather_data> on 2024-11-22 03:23:37.087867+00:00
[2024-11-22T03:23:56.580+0000] {warnings.py:112} WARNING - /home/***/.local/lib/python3.12/site-packages/***/task/task_runner/standard_task_runner.py:70: DeprecationWarning: This process (pid=1264) is multi-threaded, use of fork() may lead to deadlocks in the child.
  pid = os.fork()

[2024-11-22T03:23:56.585+0000] {standard_task_runner.py:72} INFO - Started process 1266 to run task
[2024-11-22T03:23:56.587+0000] {standard_task_runner.py:104} INFO - Running: ['***', 'tasks', 'run', 'weather_data_pipeline', 'load_weather_data', 'manual__2024-11-22T03:23:37.087867+00:00', '--job-id', '33', '--raw', '--subdir', 'DAGS_FOLDER/etl_pipeline.py', '--cfg-path', '/tmp/tmpeh6xuso2']
[2024-11-22T03:23:56.594+0000] {standard_task_runner.py:105} INFO - Job 33: Subtask load_weather_data
[2024-11-22T03:23:56.696+0000] {task_command.py:467} INFO - Running <TaskInstance: weather_data_pipeline.load_weather_data manual__2024-11-22T03:23:37.087867+00:00 [running]> on host a303ff5ff27e
[2024-11-22T03:23:56.959+0000] {taskinstance.py:3132} INFO - Exporting env vars: AIRFLOW_CTX_DAG_OWNER='***' AIRFLOW_CTX_DAG_ID='weather_data_pipeline' AIRFLOW_CTX_TASK_ID='load_weather_data' AIRFLOW_CTX_EXECUTION_DATE='2024-11-22T03:23:37.087867+00:00' AIRFLOW_CTX_TRY_NUMBER='1' AIRFLOW_CTX_DAG_RUN_ID='manual__2024-11-22T03:23:37.087867+00:00'
[2024-11-22T03:23:56.961+0000] {taskinstance.py:731} INFO - ::endgroup::
[2024-11-22T03:23:57.001+0000] {warnings.py:112} WARNING - /opt/***/dags/etl_pipeline.py:45: FutureWarning: Passing literal json to 'read_json' is deprecated and will be removed in a future version. To read from a literal string, wrap it in a 'StringIO' object.
  hourly_data = pd.read_json(hourly_json)

[2024-11-22T03:23:57.045+0000] {warnings.py:112} WARNING - /opt/***/dags/etl_pipeline.py:46: FutureWarning: Passing literal json to 'read_json' is deprecated and will be removed in a future version. To read from a literal string, wrap it in a 'StringIO' object.
  daily_data = pd.read_json(daily_json)

[2024-11-22T03:23:57.098+0000] {connection.py:277} WARNING - Connection schemes (type: google_cloud_platform) shall not contain '_' according to RFC3986.
[2024-11-22T03:23:57.104+0000] {base.py:84} INFO - Retrieving connection 'google_cloud_default'
[2024-11-22T03:24:03.869+0000] {python.py:240} INFO - Done. Returned value was: None
[2024-11-22T03:24:03.937+0000] {taskinstance.py:340} INFO - ::group::Post task execution logs
[2024-11-22T03:24:03.943+0000] {taskinstance.py:352} INFO - Marking task as SUCCESS. dag_id=weather_data_pipeline, task_id=load_weather_data, run_id=manual__2024-11-22T03:23:37.087867+00:00, execution_date=20241122T032337, start_date=20241122T032356, end_date=20241122T032403
[2024-11-22T03:24:04.133+0000] {local_task_job_runner.py:266} INFO - Task exited with return code 0
[2024-11-22T03:24:04.160+0000] {local_task_job_runner.py:245} INFO - ::endgroup::
