[2024-11-21T14:31:22.320+0000] {processor.py:186} INFO - Started process (PID=79) to work on /opt/airflow/dags/etl_pipeline.py
[2024-11-21T14:31:22.333+0000] {processor.py:914} INFO - Processing file /opt/airflow/dags/etl_pipeline.py for tasks to queue
[2024-11-21T14:31:22.357+0000] {logging_mixin.py:190} INFO - [2024-11-21T14:31:22.355+0000] {dagbag.py:588} INFO - Filling up the DagBag from /opt/airflow/dags/etl_pipeline.py
[2024-11-21T14:31:22.730+0000] {processor.py:925} INFO - DAG(s) 'weather_data_pipeline' retrieved from /opt/airflow/dags/etl_pipeline.py
[2024-11-21T14:31:23.769+0000] {logging_mixin.py:190} INFO - [2024-11-21T14:31:23.767+0000] {dag.py:3239} INFO - Sync 1 DAGs
[2024-11-21T14:31:23.961+0000] {logging_mixin.py:190} INFO - [2024-11-21T14:31:23.960+0000] {dag.py:4180} INFO - Setting next_dagrun for weather_data_pipeline to 2024-11-21 00:00:00+00:00, run_after=2024-11-22 00:00:00+00:00
[2024-11-21T14:31:24.050+0000] {processor.py:208} INFO - Processing /opt/airflow/dags/etl_pipeline.py took 1.798 seconds
[2024-11-21T14:31:55.046+0000] {processor.py:186} INFO - Started process (PID=87) to work on /opt/airflow/dags/etl_pipeline.py
[2024-11-21T14:31:55.064+0000] {processor.py:914} INFO - Processing file /opt/airflow/dags/etl_pipeline.py for tasks to queue
[2024-11-21T14:31:55.107+0000] {logging_mixin.py:190} INFO - [2024-11-21T14:31:55.103+0000] {dagbag.py:588} INFO - Filling up the DagBag from /opt/airflow/dags/etl_pipeline.py
[2024-11-21T14:31:55.916+0000] {processor.py:925} INFO - DAG(s) 'weather_data_pipeline' retrieved from /opt/airflow/dags/etl_pipeline.py
[2024-11-21T14:31:56.497+0000] {logging_mixin.py:190} INFO - [2024-11-21T14:31:56.494+0000] {dag.py:3239} INFO - Sync 1 DAGs
[2024-11-21T14:31:56.698+0000] {logging_mixin.py:190} INFO - [2024-11-21T14:31:56.698+0000] {dag.py:4180} INFO - Setting next_dagrun for weather_data_pipeline to 2024-11-21 00:00:00+00:00, run_after=2024-11-22 00:00:00+00:00
[2024-11-21T14:31:56.795+0000] {processor.py:208} INFO - Processing /opt/airflow/dags/etl_pipeline.py took 1.843 seconds
[2024-11-21T14:32:28.011+0000] {processor.py:186} INFO - Started process (PID=93) to work on /opt/airflow/dags/etl_pipeline.py
[2024-11-21T14:32:28.041+0000] {processor.py:914} INFO - Processing file /opt/airflow/dags/etl_pipeline.py for tasks to queue
[2024-11-21T14:32:28.061+0000] {logging_mixin.py:190} INFO - [2024-11-21T14:32:28.051+0000] {dagbag.py:588} INFO - Filling up the DagBag from /opt/airflow/dags/etl_pipeline.py
[2024-11-21T14:32:28.809+0000] {processor.py:925} INFO - DAG(s) 'weather_data_pipeline' retrieved from /opt/airflow/dags/etl_pipeline.py
[2024-11-21T14:32:29.282+0000] {logging_mixin.py:190} INFO - [2024-11-21T14:32:29.281+0000] {dag.py:3239} INFO - Sync 1 DAGs
[2024-11-21T14:32:29.439+0000] {logging_mixin.py:190} INFO - [2024-11-21T14:32:29.435+0000] {dag.py:4180} INFO - Setting next_dagrun for weather_data_pipeline to 2024-11-21 00:00:00+00:00, run_after=2024-11-22 00:00:00+00:00
[2024-11-21T14:32:29.723+0000] {processor.py:208} INFO - Processing /opt/airflow/dags/etl_pipeline.py took 1.826 seconds
[2024-11-21T14:33:00.541+0000] {processor.py:186} INFO - Started process (PID=100) to work on /opt/airflow/dags/etl_pipeline.py
[2024-11-21T14:33:00.543+0000] {processor.py:914} INFO - Processing file /opt/airflow/dags/etl_pipeline.py for tasks to queue
[2024-11-21T14:33:00.549+0000] {logging_mixin.py:190} INFO - [2024-11-21T14:33:00.548+0000] {dagbag.py:588} INFO - Filling up the DagBag from /opt/airflow/dags/etl_pipeline.py
[2024-11-21T14:33:00.627+0000] {processor.py:925} INFO - DAG(s) 'weather_data_pipeline' retrieved from /opt/airflow/dags/etl_pipeline.py
[2024-11-21T14:33:00.725+0000] {logging_mixin.py:190} INFO - [2024-11-21T14:33:00.724+0000] {dag.py:3239} INFO - Sync 1 DAGs
[2024-11-21T14:33:00.783+0000] {logging_mixin.py:190} INFO - [2024-11-21T14:33:00.782+0000] {dag.py:4180} INFO - Setting next_dagrun for weather_data_pipeline to 2024-11-21 00:00:00+00:00, run_after=2024-11-22 00:00:00+00:00
[2024-11-21T14:33:00.853+0000] {processor.py:208} INFO - Processing /opt/airflow/dags/etl_pipeline.py took 0.331 seconds
[2024-11-21T14:33:31.593+0000] {processor.py:186} INFO - Started process (PID=107) to work on /opt/airflow/dags/etl_pipeline.py
[2024-11-21T14:33:31.596+0000] {processor.py:914} INFO - Processing file /opt/airflow/dags/etl_pipeline.py for tasks to queue
[2024-11-21T14:33:31.602+0000] {logging_mixin.py:190} INFO - [2024-11-21T14:33:31.602+0000] {dagbag.py:588} INFO - Filling up the DagBag from /opt/airflow/dags/etl_pipeline.py
[2024-11-21T14:33:31.667+0000] {processor.py:925} INFO - DAG(s) 'weather_data_pipeline' retrieved from /opt/airflow/dags/etl_pipeline.py
[2024-11-21T14:33:31.762+0000] {logging_mixin.py:190} INFO - [2024-11-21T14:33:31.761+0000] {dag.py:3239} INFO - Sync 1 DAGs
[2024-11-21T14:33:31.831+0000] {logging_mixin.py:190} INFO - [2024-11-21T14:33:31.831+0000] {dag.py:4180} INFO - Setting next_dagrun for weather_data_pipeline to 2024-11-21 00:00:00+00:00, run_after=2024-11-22 00:00:00+00:00
[2024-11-21T14:33:31.872+0000] {processor.py:208} INFO - Processing /opt/airflow/dags/etl_pipeline.py took 0.301 seconds
[2024-11-21T14:34:02.245+0000] {processor.py:186} INFO - Started process (PID=115) to work on /opt/airflow/dags/etl_pipeline.py
[2024-11-21T14:34:02.250+0000] {processor.py:914} INFO - Processing file /opt/airflow/dags/etl_pipeline.py for tasks to queue
[2024-11-21T14:34:02.260+0000] {logging_mixin.py:190} INFO - [2024-11-21T14:34:02.260+0000] {dagbag.py:588} INFO - Filling up the DagBag from /opt/airflow/dags/etl_pipeline.py
[2024-11-21T14:34:02.351+0000] {processor.py:925} INFO - DAG(s) 'weather_data_pipeline' retrieved from /opt/airflow/dags/etl_pipeline.py
[2024-11-21T14:34:02.511+0000] {logging_mixin.py:190} INFO - [2024-11-21T14:34:02.509+0000] {dag.py:3239} INFO - Sync 1 DAGs
[2024-11-21T14:34:02.689+0000] {logging_mixin.py:190} INFO - [2024-11-21T14:34:02.689+0000] {dag.py:4180} INFO - Setting next_dagrun for weather_data_pipeline to 2024-11-21 00:00:00+00:00, run_after=2024-11-22 00:00:00+00:00
[2024-11-21T14:34:03.022+0000] {processor.py:208} INFO - Processing /opt/airflow/dags/etl_pipeline.py took 0.811 seconds
[2024-11-21T14:34:33.496+0000] {processor.py:186} INFO - Started process (PID=122) to work on /opt/airflow/dags/etl_pipeline.py
[2024-11-21T14:34:33.498+0000] {processor.py:914} INFO - Processing file /opt/airflow/dags/etl_pipeline.py for tasks to queue
[2024-11-21T14:34:33.506+0000] {logging_mixin.py:190} INFO - [2024-11-21T14:34:33.505+0000] {dagbag.py:588} INFO - Filling up the DagBag from /opt/airflow/dags/etl_pipeline.py
[2024-11-21T14:34:33.563+0000] {processor.py:925} INFO - DAG(s) 'weather_data_pipeline' retrieved from /opt/airflow/dags/etl_pipeline.py
[2024-11-21T14:34:33.620+0000] {logging_mixin.py:190} INFO - [2024-11-21T14:34:33.619+0000] {dag.py:3239} INFO - Sync 1 DAGs
[2024-11-21T14:34:33.718+0000] {logging_mixin.py:190} INFO - [2024-11-21T14:34:33.717+0000] {dag.py:4180} INFO - Setting next_dagrun for weather_data_pipeline to 2024-11-21 00:00:00+00:00, run_after=2024-11-22 00:00:00+00:00
[2024-11-21T14:34:33.797+0000] {processor.py:208} INFO - Processing /opt/airflow/dags/etl_pipeline.py took 0.323 seconds
[2024-11-21T14:35:04.033+0000] {processor.py:186} INFO - Started process (PID=129) to work on /opt/airflow/dags/etl_pipeline.py
[2024-11-21T14:35:04.037+0000] {processor.py:914} INFO - Processing file /opt/airflow/dags/etl_pipeline.py for tasks to queue
[2024-11-21T14:35:04.042+0000] {logging_mixin.py:190} INFO - [2024-11-21T14:35:04.042+0000] {dagbag.py:588} INFO - Filling up the DagBag from /opt/airflow/dags/etl_pipeline.py
[2024-11-21T14:35:04.081+0000] {processor.py:925} INFO - DAG(s) 'weather_data_pipeline' retrieved from /opt/airflow/dags/etl_pipeline.py
[2024-11-21T14:35:04.126+0000] {logging_mixin.py:190} INFO - [2024-11-21T14:35:04.125+0000] {dag.py:3239} INFO - Sync 1 DAGs
[2024-11-21T14:35:04.175+0000] {logging_mixin.py:190} INFO - [2024-11-21T14:35:04.175+0000] {dag.py:4180} INFO - Setting next_dagrun for weather_data_pipeline to 2024-11-21 00:00:00+00:00, run_after=2024-11-22 00:00:00+00:00
[2024-11-21T14:35:04.224+0000] {processor.py:208} INFO - Processing /opt/airflow/dags/etl_pipeline.py took 0.212 seconds
[2024-11-21T14:35:35.255+0000] {processor.py:186} INFO - Started process (PID=136) to work on /opt/airflow/dags/etl_pipeline.py
[2024-11-21T14:35:35.262+0000] {processor.py:914} INFO - Processing file /opt/airflow/dags/etl_pipeline.py for tasks to queue
[2024-11-21T14:35:35.293+0000] {logging_mixin.py:190} INFO - [2024-11-21T14:35:35.289+0000] {dagbag.py:588} INFO - Filling up the DagBag from /opt/airflow/dags/etl_pipeline.py
[2024-11-21T14:35:35.560+0000] {processor.py:925} INFO - DAG(s) 'weather_data_pipeline' retrieved from /opt/airflow/dags/etl_pipeline.py
[2024-11-21T14:35:35.777+0000] {logging_mixin.py:190} INFO - [2024-11-21T14:35:35.767+0000] {dag.py:3239} INFO - Sync 1 DAGs
[2024-11-21T14:35:36.245+0000] {logging_mixin.py:190} INFO - [2024-11-21T14:35:36.244+0000] {dag.py:4180} INFO - Setting next_dagrun for weather_data_pipeline to 2024-11-21 00:00:00+00:00, run_after=2024-11-22 00:00:00+00:00
[2024-11-21T14:35:36.367+0000] {processor.py:208} INFO - Processing /opt/airflow/dags/etl_pipeline.py took 1.197 seconds
[2024-11-21T14:36:07.256+0000] {processor.py:186} INFO - Started process (PID=143) to work on /opt/airflow/dags/etl_pipeline.py
[2024-11-21T14:36:07.259+0000] {processor.py:914} INFO - Processing file /opt/airflow/dags/etl_pipeline.py for tasks to queue
[2024-11-21T14:36:07.264+0000] {logging_mixin.py:190} INFO - [2024-11-21T14:36:07.263+0000] {dagbag.py:588} INFO - Filling up the DagBag from /opt/airflow/dags/etl_pipeline.py
[2024-11-21T14:36:07.309+0000] {processor.py:925} INFO - DAG(s) 'weather_data_pipeline' retrieved from /opt/airflow/dags/etl_pipeline.py
[2024-11-21T14:36:07.360+0000] {logging_mixin.py:190} INFO - [2024-11-21T14:36:07.359+0000] {dag.py:3239} INFO - Sync 1 DAGs
[2024-11-21T14:36:07.437+0000] {logging_mixin.py:190} INFO - [2024-11-21T14:36:07.436+0000] {dag.py:4180} INFO - Setting next_dagrun for weather_data_pipeline to 2024-11-21 00:00:00+00:00, run_after=2024-11-22 00:00:00+00:00
[2024-11-21T14:36:07.506+0000] {processor.py:208} INFO - Processing /opt/airflow/dags/etl_pipeline.py took 0.265 seconds
[2024-11-21T14:36:38.493+0000] {processor.py:186} INFO - Started process (PID=150) to work on /opt/airflow/dags/etl_pipeline.py
[2024-11-21T14:36:38.495+0000] {processor.py:914} INFO - Processing file /opt/airflow/dags/etl_pipeline.py for tasks to queue
[2024-11-21T14:36:38.501+0000] {logging_mixin.py:190} INFO - [2024-11-21T14:36:38.500+0000] {dagbag.py:588} INFO - Filling up the DagBag from /opt/airflow/dags/etl_pipeline.py
[2024-11-21T14:36:38.568+0000] {processor.py:925} INFO - DAG(s) 'weather_data_pipeline' retrieved from /opt/airflow/dags/etl_pipeline.py
[2024-11-21T14:36:38.662+0000] {logging_mixin.py:190} INFO - [2024-11-21T14:36:38.661+0000] {dag.py:3239} INFO - Sync 1 DAGs
[2024-11-21T14:36:38.738+0000] {logging_mixin.py:190} INFO - [2024-11-21T14:36:38.737+0000] {dag.py:4180} INFO - Setting next_dagrun for weather_data_pipeline to 2024-11-21 00:00:00+00:00, run_after=2024-11-22 00:00:00+00:00
[2024-11-21T14:36:38.802+0000] {processor.py:208} INFO - Processing /opt/airflow/dags/etl_pipeline.py took 0.324 seconds
[2024-11-21T14:37:09.515+0000] {processor.py:186} INFO - Started process (PID=158) to work on /opt/airflow/dags/etl_pipeline.py
[2024-11-21T14:37:09.519+0000] {processor.py:914} INFO - Processing file /opt/airflow/dags/etl_pipeline.py for tasks to queue
[2024-11-21T14:37:09.529+0000] {logging_mixin.py:190} INFO - [2024-11-21T14:37:09.528+0000] {dagbag.py:588} INFO - Filling up the DagBag from /opt/airflow/dags/etl_pipeline.py
[2024-11-21T14:37:09.741+0000] {processor.py:925} INFO - DAG(s) 'weather_data_pipeline' retrieved from /opt/airflow/dags/etl_pipeline.py
[2024-11-21T14:37:09.804+0000] {logging_mixin.py:190} INFO - [2024-11-21T14:37:09.802+0000] {dag.py:3239} INFO - Sync 1 DAGs
[2024-11-21T14:37:09.859+0000] {logging_mixin.py:190} INFO - [2024-11-21T14:37:09.859+0000] {dag.py:4180} INFO - Setting next_dagrun for weather_data_pipeline to 2024-11-21 00:00:00+00:00, run_after=2024-11-22 00:00:00+00:00
[2024-11-21T14:37:09.907+0000] {processor.py:208} INFO - Processing /opt/airflow/dags/etl_pipeline.py took 0.420 seconds
[2024-11-21T14:37:40.622+0000] {processor.py:186} INFO - Started process (PID=165) to work on /opt/airflow/dags/etl_pipeline.py
[2024-11-21T14:37:40.626+0000] {processor.py:914} INFO - Processing file /opt/airflow/dags/etl_pipeline.py for tasks to queue
[2024-11-21T14:37:40.639+0000] {logging_mixin.py:190} INFO - [2024-11-21T14:37:40.638+0000] {dagbag.py:588} INFO - Filling up the DagBag from /opt/airflow/dags/etl_pipeline.py
[2024-11-21T14:37:40.681+0000] {processor.py:925} INFO - DAG(s) 'weather_data_pipeline' retrieved from /opt/airflow/dags/etl_pipeline.py
[2024-11-21T14:37:40.722+0000] {logging_mixin.py:190} INFO - [2024-11-21T14:37:40.721+0000] {dag.py:3239} INFO - Sync 1 DAGs
[2024-11-21T14:37:40.769+0000] {logging_mixin.py:190} INFO - [2024-11-21T14:37:40.769+0000] {dag.py:4180} INFO - Setting next_dagrun for weather_data_pipeline to 2024-11-21 00:00:00+00:00, run_after=2024-11-22 00:00:00+00:00
[2024-11-21T14:37:40.813+0000] {processor.py:208} INFO - Processing /opt/airflow/dags/etl_pipeline.py took 0.247 seconds
[2024-11-21T14:38:11.375+0000] {processor.py:186} INFO - Started process (PID=173) to work on /opt/airflow/dags/etl_pipeline.py
[2024-11-21T14:38:11.389+0000] {processor.py:914} INFO - Processing file /opt/airflow/dags/etl_pipeline.py for tasks to queue
[2024-11-21T14:38:11.399+0000] {logging_mixin.py:190} INFO - [2024-11-21T14:38:11.398+0000] {dagbag.py:588} INFO - Filling up the DagBag from /opt/airflow/dags/etl_pipeline.py
[2024-11-21T14:38:11.510+0000] {processor.py:925} INFO - DAG(s) 'weather_data_pipeline' retrieved from /opt/airflow/dags/etl_pipeline.py
[2024-11-21T14:38:11.599+0000] {logging_mixin.py:190} INFO - [2024-11-21T14:38:11.598+0000] {dag.py:3239} INFO - Sync 1 DAGs
[2024-11-21T14:38:11.736+0000] {logging_mixin.py:190} INFO - [2024-11-21T14:38:11.735+0000] {dag.py:4180} INFO - Setting next_dagrun for weather_data_pipeline to 2024-11-21 00:00:00+00:00, run_after=2024-11-22 00:00:00+00:00
[2024-11-21T14:38:11.912+0000] {processor.py:208} INFO - Processing /opt/airflow/dags/etl_pipeline.py took 0.563 seconds
[2024-11-21T14:38:42.287+0000] {processor.py:186} INFO - Started process (PID=180) to work on /opt/airflow/dags/etl_pipeline.py
[2024-11-21T14:38:42.290+0000] {processor.py:914} INFO - Processing file /opt/airflow/dags/etl_pipeline.py for tasks to queue
[2024-11-21T14:38:42.298+0000] {logging_mixin.py:190} INFO - [2024-11-21T14:38:42.297+0000] {dagbag.py:588} INFO - Filling up the DagBag from /opt/airflow/dags/etl_pipeline.py
[2024-11-21T14:38:42.356+0000] {processor.py:925} INFO - DAG(s) 'weather_data_pipeline' retrieved from /opt/airflow/dags/etl_pipeline.py
[2024-11-21T14:38:42.424+0000] {logging_mixin.py:190} INFO - [2024-11-21T14:38:42.423+0000] {dag.py:3239} INFO - Sync 1 DAGs
[2024-11-21T14:38:42.490+0000] {logging_mixin.py:190} INFO - [2024-11-21T14:38:42.489+0000] {dag.py:4180} INFO - Setting next_dagrun for weather_data_pipeline to 2024-11-21 00:00:00+00:00, run_after=2024-11-22 00:00:00+00:00
[2024-11-21T14:38:42.546+0000] {processor.py:208} INFO - Processing /opt/airflow/dags/etl_pipeline.py took 0.279 seconds
[2024-11-21T14:39:13.347+0000] {processor.py:186} INFO - Started process (PID=187) to work on /opt/airflow/dags/etl_pipeline.py
[2024-11-21T14:39:13.349+0000] {processor.py:914} INFO - Processing file /opt/airflow/dags/etl_pipeline.py for tasks to queue
[2024-11-21T14:39:13.355+0000] {logging_mixin.py:190} INFO - [2024-11-21T14:39:13.354+0000] {dagbag.py:588} INFO - Filling up the DagBag from /opt/airflow/dags/etl_pipeline.py
[2024-11-21T14:39:13.396+0000] {processor.py:925} INFO - DAG(s) 'weather_data_pipeline' retrieved from /opt/airflow/dags/etl_pipeline.py
[2024-11-21T14:39:13.489+0000] {logging_mixin.py:190} INFO - [2024-11-21T14:39:13.487+0000] {dag.py:3239} INFO - Sync 1 DAGs
[2024-11-21T14:39:13.655+0000] {logging_mixin.py:190} INFO - [2024-11-21T14:39:13.653+0000] {dag.py:4180} INFO - Setting next_dagrun for weather_data_pipeline to 2024-11-21 00:00:00+00:00, run_after=2024-11-22 00:00:00+00:00
[2024-11-21T14:39:13.755+0000] {processor.py:208} INFO - Processing /opt/airflow/dags/etl_pipeline.py took 0.422 seconds
[2024-11-21T14:39:44.376+0000] {processor.py:186} INFO - Started process (PID=194) to work on /opt/airflow/dags/etl_pipeline.py
[2024-11-21T14:39:44.379+0000] {processor.py:914} INFO - Processing file /opt/airflow/dags/etl_pipeline.py for tasks to queue
[2024-11-21T14:39:44.386+0000] {logging_mixin.py:190} INFO - [2024-11-21T14:39:44.385+0000] {dagbag.py:588} INFO - Filling up the DagBag from /opt/airflow/dags/etl_pipeline.py
[2024-11-21T14:39:44.443+0000] {processor.py:925} INFO - DAG(s) 'weather_data_pipeline' retrieved from /opt/airflow/dags/etl_pipeline.py
[2024-11-21T14:39:44.529+0000] {logging_mixin.py:190} INFO - [2024-11-21T14:39:44.527+0000] {dag.py:3239} INFO - Sync 1 DAGs
[2024-11-21T14:39:44.598+0000] {logging_mixin.py:190} INFO - [2024-11-21T14:39:44.598+0000] {dag.py:4180} INFO - Setting next_dagrun for weather_data_pipeline to 2024-11-21 00:00:00+00:00, run_after=2024-11-22 00:00:00+00:00
[2024-11-21T14:39:44.653+0000] {processor.py:208} INFO - Processing /opt/airflow/dags/etl_pipeline.py took 0.303 seconds
[2024-11-21T14:40:15.302+0000] {processor.py:186} INFO - Started process (PID=200) to work on /opt/airflow/dags/etl_pipeline.py
[2024-11-21T14:40:15.307+0000] {processor.py:914} INFO - Processing file /opt/airflow/dags/etl_pipeline.py for tasks to queue
[2024-11-21T14:40:15.322+0000] {logging_mixin.py:190} INFO - [2024-11-21T14:40:15.320+0000] {dagbag.py:588} INFO - Filling up the DagBag from /opt/airflow/dags/etl_pipeline.py
[2024-11-21T14:40:15.481+0000] {processor.py:925} INFO - DAG(s) 'weather_data_pipeline' retrieved from /opt/airflow/dags/etl_pipeline.py
[2024-11-21T14:40:15.697+0000] {logging_mixin.py:190} INFO - [2024-11-21T14:40:15.695+0000] {dag.py:3239} INFO - Sync 1 DAGs
[2024-11-21T14:40:15.978+0000] {logging_mixin.py:190} INFO - [2024-11-21T14:40:15.977+0000] {dag.py:4180} INFO - Setting next_dagrun for weather_data_pipeline to 2024-11-21 00:00:00+00:00, run_after=2024-11-22 00:00:00+00:00
[2024-11-21T14:40:16.088+0000] {processor.py:208} INFO - Processing /opt/airflow/dags/etl_pipeline.py took 0.828 seconds
[2024-11-21T14:40:46.503+0000] {processor.py:186} INFO - Started process (PID=207) to work on /opt/airflow/dags/etl_pipeline.py
[2024-11-21T14:40:46.510+0000] {processor.py:914} INFO - Processing file /opt/airflow/dags/etl_pipeline.py for tasks to queue
[2024-11-21T14:40:46.517+0000] {logging_mixin.py:190} INFO - [2024-11-21T14:40:46.516+0000] {dagbag.py:588} INFO - Filling up the DagBag from /opt/airflow/dags/etl_pipeline.py
[2024-11-21T14:40:46.576+0000] {processor.py:925} INFO - DAG(s) 'weather_data_pipeline' retrieved from /opt/airflow/dags/etl_pipeline.py
[2024-11-21T14:40:46.646+0000] {logging_mixin.py:190} INFO - [2024-11-21T14:40:46.644+0000] {dag.py:3239} INFO - Sync 1 DAGs
[2024-11-21T14:40:46.726+0000] {logging_mixin.py:190} INFO - [2024-11-21T14:40:46.726+0000] {dag.py:4180} INFO - Setting next_dagrun for weather_data_pipeline to 2024-11-21 00:00:00+00:00, run_after=2024-11-22 00:00:00+00:00
[2024-11-21T14:40:46.797+0000] {processor.py:208} INFO - Processing /opt/airflow/dags/etl_pipeline.py took 0.319 seconds
[2024-11-21T14:41:17.647+0000] {processor.py:186} INFO - Started process (PID=214) to work on /opt/airflow/dags/etl_pipeline.py
[2024-11-21T14:41:17.662+0000] {processor.py:914} INFO - Processing file /opt/airflow/dags/etl_pipeline.py for tasks to queue
[2024-11-21T14:41:17.678+0000] {logging_mixin.py:190} INFO - [2024-11-21T14:41:17.669+0000] {dagbag.py:588} INFO - Filling up the DagBag from /opt/airflow/dags/etl_pipeline.py
[2024-11-21T14:41:18.010+0000] {processor.py:925} INFO - DAG(s) 'weather_data_pipeline' retrieved from /opt/airflow/dags/etl_pipeline.py
[2024-11-21T14:43:25.941+0000] {processor.py:186} INFO - Started process (PID=221) to work on /opt/airflow/dags/etl_pipeline.py
[2024-11-21T14:43:25.943+0000] {processor.py:914} INFO - Processing file /opt/airflow/dags/etl_pipeline.py for tasks to queue
[2024-11-21T14:43:25.956+0000] {logging_mixin.py:190} INFO - [2024-11-21T14:43:25.955+0000] {dagbag.py:588} INFO - Filling up the DagBag from /opt/airflow/dags/etl_pipeline.py
[2024-11-21T14:43:26.124+0000] {processor.py:925} INFO - DAG(s) 'weather_data_pipeline' retrieved from /opt/airflow/dags/etl_pipeline.py
[2024-11-21T14:43:26.194+0000] {logging_mixin.py:190} INFO - [2024-11-21T14:43:26.194+0000] {dag.py:3239} INFO - Sync 1 DAGs
[2024-11-21T14:43:26.317+0000] {logging_mixin.py:190} INFO - [2024-11-21T14:43:26.317+0000] {dag.py:4180} INFO - Setting next_dagrun for weather_data_pipeline to 2024-11-21 00:00:00+00:00, run_after=2024-11-22 00:00:00+00:00
[2024-11-21T14:43:26.422+0000] {processor.py:208} INFO - Processing /opt/airflow/dags/etl_pipeline.py took 0.544 seconds
[2024-11-21T14:43:56.993+0000] {processor.py:186} INFO - Started process (PID=228) to work on /opt/airflow/dags/etl_pipeline.py
[2024-11-21T14:43:57.002+0000] {processor.py:914} INFO - Processing file /opt/airflow/dags/etl_pipeline.py for tasks to queue
[2024-11-21T14:43:57.023+0000] {logging_mixin.py:190} INFO - [2024-11-21T14:43:57.019+0000] {dagbag.py:588} INFO - Filling up the DagBag from /opt/airflow/dags/etl_pipeline.py
[2024-11-21T14:43:57.209+0000] {processor.py:925} INFO - DAG(s) 'weather_data_pipeline' retrieved from /opt/airflow/dags/etl_pipeline.py
[2024-11-21T14:43:58.956+0000] {logging_mixin.py:190} INFO - [2024-11-21T14:43:58.947+0000] {dag.py:3239} INFO - Sync 1 DAGs
[2024-11-21T14:43:59.053+0000] {logging_mixin.py:190} INFO - [2024-11-21T14:43:59.051+0000] {dag.py:4180} INFO - Setting next_dagrun for weather_data_pipeline to 2024-11-21 00:00:00+00:00, run_after=2024-11-22 00:00:00+00:00
[2024-11-21T14:43:59.197+0000] {processor.py:208} INFO - Processing /opt/airflow/dags/etl_pipeline.py took 2.248 seconds
[2024-11-21T14:44:29.767+0000] {processor.py:186} INFO - Started process (PID=235) to work on /opt/airflow/dags/etl_pipeline.py
[2024-11-21T14:44:29.769+0000] {processor.py:914} INFO - Processing file /opt/airflow/dags/etl_pipeline.py for tasks to queue
[2024-11-21T14:44:29.781+0000] {logging_mixin.py:190} INFO - [2024-11-21T14:44:29.779+0000] {dagbag.py:588} INFO - Filling up the DagBag from /opt/airflow/dags/etl_pipeline.py
[2024-11-21T14:44:29.857+0000] {processor.py:925} INFO - DAG(s) 'weather_data_pipeline' retrieved from /opt/airflow/dags/etl_pipeline.py
[2024-11-21T14:44:29.973+0000] {logging_mixin.py:190} INFO - [2024-11-21T14:44:29.972+0000] {dag.py:3239} INFO - Sync 1 DAGs
[2024-11-21T14:44:30.086+0000] {logging_mixin.py:190} INFO - [2024-11-21T14:44:30.086+0000] {dag.py:4180} INFO - Setting next_dagrun for weather_data_pipeline to 2024-11-21 00:00:00+00:00, run_after=2024-11-22 00:00:00+00:00
[2024-11-21T14:44:30.140+0000] {processor.py:208} INFO - Processing /opt/airflow/dags/etl_pipeline.py took 0.402 seconds
[2024-11-21T14:45:00.406+0000] {processor.py:186} INFO - Started process (PID=242) to work on /opt/airflow/dags/etl_pipeline.py
[2024-11-21T14:45:00.413+0000] {processor.py:914} INFO - Processing file /opt/airflow/dags/etl_pipeline.py for tasks to queue
[2024-11-21T14:45:00.421+0000] {logging_mixin.py:190} INFO - [2024-11-21T14:45:00.420+0000] {dagbag.py:588} INFO - Filling up the DagBag from /opt/airflow/dags/etl_pipeline.py
[2024-11-21T14:45:00.504+0000] {processor.py:925} INFO - DAG(s) 'weather_data_pipeline' retrieved from /opt/airflow/dags/etl_pipeline.py
[2024-11-21T14:45:00.830+0000] {logging_mixin.py:190} INFO - [2024-11-21T14:45:00.825+0000] {dag.py:3239} INFO - Sync 1 DAGs
[2024-11-21T14:45:00.906+0000] {logging_mixin.py:190} INFO - [2024-11-21T14:45:00.905+0000] {dag.py:4180} INFO - Setting next_dagrun for weather_data_pipeline to 2024-11-21 00:00:00+00:00, run_after=2024-11-22 00:00:00+00:00
[2024-11-21T14:45:00.974+0000] {processor.py:208} INFO - Processing /opt/airflow/dags/etl_pipeline.py took 0.594 seconds
[2024-11-21T14:45:31.410+0000] {processor.py:186} INFO - Started process (PID=249) to work on /opt/airflow/dags/etl_pipeline.py
[2024-11-21T14:45:31.413+0000] {processor.py:914} INFO - Processing file /opt/airflow/dags/etl_pipeline.py for tasks to queue
[2024-11-21T14:45:31.420+0000] {logging_mixin.py:190} INFO - [2024-11-21T14:45:31.418+0000] {dagbag.py:588} INFO - Filling up the DagBag from /opt/airflow/dags/etl_pipeline.py
[2024-11-21T14:45:31.551+0000] {processor.py:925} INFO - DAG(s) 'weather_data_pipeline' retrieved from /opt/airflow/dags/etl_pipeline.py
[2024-11-21T14:45:32.036+0000] {logging_mixin.py:190} INFO - [2024-11-21T14:45:32.035+0000] {dag.py:3239} INFO - Sync 1 DAGs
[2024-11-21T14:45:32.165+0000] {logging_mixin.py:190} INFO - [2024-11-21T14:45:32.162+0000] {dag.py:4180} INFO - Setting next_dagrun for weather_data_pipeline to 2024-11-21 00:00:00+00:00, run_after=2024-11-22 00:00:00+00:00
[2024-11-21T14:45:32.258+0000] {processor.py:208} INFO - Processing /opt/airflow/dags/etl_pipeline.py took 0.878 seconds
[2024-11-21T14:46:30.353+0000] {processor.py:186} INFO - Started process (PID=250) to work on /opt/airflow/dags/etl_pipeline.py
[2024-11-21T14:46:30.363+0000] {processor.py:914} INFO - Processing file /opt/airflow/dags/etl_pipeline.py for tasks to queue
[2024-11-21T14:46:30.373+0000] {logging_mixin.py:190} INFO - [2024-11-21T14:46:30.372+0000] {dagbag.py:588} INFO - Filling up the DagBag from /opt/airflow/dags/etl_pipeline.py
[2024-11-21T14:46:30.514+0000] {processor.py:925} INFO - DAG(s) 'weather_data_pipeline' retrieved from /opt/airflow/dags/etl_pipeline.py
[2024-11-21T14:46:31.295+0000] {logging_mixin.py:190} INFO - [2024-11-21T14:46:31.293+0000] {dag.py:3239} INFO - Sync 1 DAGs
[2024-11-21T14:46:31.550+0000] {logging_mixin.py:190} INFO - [2024-11-21T14:46:31.549+0000] {dag.py:4180} INFO - Setting next_dagrun for weather_data_pipeline to 2024-11-21 00:00:00+00:00, run_after=2024-11-22 00:00:00+00:00
[2024-11-21T14:46:31.634+0000] {processor.py:208} INFO - Processing /opt/airflow/dags/etl_pipeline.py took 1.364 seconds
[2024-11-21T14:47:02.304+0000] {processor.py:186} INFO - Started process (PID=258) to work on /opt/airflow/dags/etl_pipeline.py
[2024-11-21T14:47:02.307+0000] {processor.py:914} INFO - Processing file /opt/airflow/dags/etl_pipeline.py for tasks to queue
[2024-11-21T14:47:02.315+0000] {logging_mixin.py:190} INFO - [2024-11-21T14:47:02.314+0000] {dagbag.py:588} INFO - Filling up the DagBag from /opt/airflow/dags/etl_pipeline.py
[2024-11-21T14:47:02.449+0000] {processor.py:925} INFO - DAG(s) 'weather_data_pipeline' retrieved from /opt/airflow/dags/etl_pipeline.py
[2024-11-21T14:47:02.537+0000] {logging_mixin.py:190} INFO - [2024-11-21T14:47:02.537+0000] {dag.py:3239} INFO - Sync 1 DAGs
[2024-11-21T14:47:02.638+0000] {logging_mixin.py:190} INFO - [2024-11-21T14:47:02.637+0000] {dag.py:4180} INFO - Setting next_dagrun for weather_data_pipeline to 2024-11-21 00:00:00+00:00, run_after=2024-11-22 00:00:00+00:00
[2024-11-21T14:47:02.955+0000] {processor.py:208} INFO - Processing /opt/airflow/dags/etl_pipeline.py took 0.670 seconds
[2024-11-21T14:47:33.299+0000] {processor.py:186} INFO - Started process (PID=270) to work on /opt/airflow/dags/etl_pipeline.py
[2024-11-21T14:47:33.305+0000] {processor.py:914} INFO - Processing file /opt/airflow/dags/etl_pipeline.py for tasks to queue
[2024-11-21T14:47:33.326+0000] {logging_mixin.py:190} INFO - [2024-11-21T14:47:33.320+0000] {dagbag.py:588} INFO - Filling up the DagBag from /opt/airflow/dags/etl_pipeline.py
[2024-11-21T14:47:33.394+0000] {processor.py:925} INFO - DAG(s) 'weather_data_pipeline' retrieved from /opt/airflow/dags/etl_pipeline.py
[2024-11-21T14:47:33.464+0000] {logging_mixin.py:190} INFO - [2024-11-21T14:47:33.464+0000] {dag.py:3239} INFO - Sync 1 DAGs
[2024-11-21T14:47:33.524+0000] {logging_mixin.py:190} INFO - [2024-11-21T14:47:33.523+0000] {dag.py:4180} INFO - Setting next_dagrun for weather_data_pipeline to 2024-11-21 00:00:00+00:00, run_after=2024-11-22 00:00:00+00:00
[2024-11-21T14:47:33.584+0000] {processor.py:208} INFO - Processing /opt/airflow/dags/etl_pipeline.py took 0.337 seconds
[2024-11-21T14:48:03.975+0000] {processor.py:186} INFO - Started process (PID=277) to work on /opt/airflow/dags/etl_pipeline.py
[2024-11-21T14:48:03.986+0000] {processor.py:914} INFO - Processing file /opt/airflow/dags/etl_pipeline.py for tasks to queue
[2024-11-21T14:48:03.994+0000] {logging_mixin.py:190} INFO - [2024-11-21T14:48:03.993+0000] {dagbag.py:588} INFO - Filling up the DagBag from /opt/airflow/dags/etl_pipeline.py
[2024-11-21T14:48:04.058+0000] {processor.py:925} INFO - DAG(s) 'weather_data_pipeline' retrieved from /opt/airflow/dags/etl_pipeline.py
[2024-11-21T14:48:04.129+0000] {logging_mixin.py:190} INFO - [2024-11-21T14:48:04.128+0000] {dag.py:3239} INFO - Sync 1 DAGs
[2024-11-21T14:48:04.188+0000] {logging_mixin.py:190} INFO - [2024-11-21T14:48:04.188+0000] {dag.py:4180} INFO - Setting next_dagrun for weather_data_pipeline to 2024-11-21 00:00:00+00:00, run_after=2024-11-22 00:00:00+00:00
[2024-11-21T14:48:04.246+0000] {processor.py:208} INFO - Processing /opt/airflow/dags/etl_pipeline.py took 0.288 seconds
[2024-11-21T14:49:07.264+0000] {processor.py:186} INFO - Started process (PID=278) to work on /opt/airflow/dags/etl_pipeline.py
[2024-11-21T14:49:07.271+0000] {processor.py:914} INFO - Processing file /opt/airflow/dags/etl_pipeline.py for tasks to queue
[2024-11-21T14:49:07.309+0000] {logging_mixin.py:190} INFO - [2024-11-21T14:49:07.306+0000] {dagbag.py:588} INFO - Filling up the DagBag from /opt/airflow/dags/etl_pipeline.py
[2024-11-21T14:49:07.829+0000] {processor.py:925} INFO - DAG(s) 'weather_data_pipeline' retrieved from /opt/airflow/dags/etl_pipeline.py
[2024-11-21T14:49:08.500+0000] {logging_mixin.py:190} INFO - [2024-11-21T14:49:08.499+0000] {dag.py:3239} INFO - Sync 1 DAGs
[2024-11-21T14:49:08.682+0000] {logging_mixin.py:190} INFO - [2024-11-21T14:49:08.681+0000] {dag.py:4180} INFO - Setting next_dagrun for weather_data_pipeline to 2024-11-21 00:00:00+00:00, run_after=2024-11-22 00:00:00+00:00
[2024-11-21T14:49:08.798+0000] {processor.py:208} INFO - Processing /opt/airflow/dags/etl_pipeline.py took 1.647 seconds
[2024-11-21T14:49:39.068+0000] {processor.py:186} INFO - Started process (PID=284) to work on /opt/airflow/dags/etl_pipeline.py
[2024-11-21T14:49:39.070+0000] {processor.py:914} INFO - Processing file /opt/airflow/dags/etl_pipeline.py for tasks to queue
[2024-11-21T14:49:39.077+0000] {logging_mixin.py:190} INFO - [2024-11-21T14:49:39.076+0000] {dagbag.py:588} INFO - Filling up the DagBag from /opt/airflow/dags/etl_pipeline.py
[2024-11-21T14:49:39.136+0000] {processor.py:925} INFO - DAG(s) 'weather_data_pipeline' retrieved from /opt/airflow/dags/etl_pipeline.py
[2024-11-21T14:49:39.194+0000] {logging_mixin.py:190} INFO - [2024-11-21T14:49:39.193+0000] {dag.py:3239} INFO - Sync 1 DAGs
[2024-11-21T14:49:39.247+0000] {logging_mixin.py:190} INFO - [2024-11-21T14:49:39.246+0000] {dag.py:4180} INFO - Setting next_dagrun for weather_data_pipeline to 2024-11-21 00:00:00+00:00, run_after=2024-11-22 00:00:00+00:00
[2024-11-21T14:49:39.284+0000] {processor.py:208} INFO - Processing /opt/airflow/dags/etl_pipeline.py took 0.245 seconds
[2024-11-21T14:50:10.260+0000] {processor.py:186} INFO - Started process (PID=296) to work on /opt/airflow/dags/etl_pipeline.py
[2024-11-21T14:50:10.269+0000] {processor.py:914} INFO - Processing file /opt/airflow/dags/etl_pipeline.py for tasks to queue
[2024-11-21T14:50:10.289+0000] {logging_mixin.py:190} INFO - [2024-11-21T14:50:10.284+0000] {dagbag.py:588} INFO - Filling up the DagBag from /opt/airflow/dags/etl_pipeline.py
[2024-11-21T14:50:10.478+0000] {processor.py:925} INFO - DAG(s) 'weather_data_pipeline' retrieved from /opt/airflow/dags/etl_pipeline.py
[2024-11-21T14:50:10.598+0000] {logging_mixin.py:190} INFO - [2024-11-21T14:50:10.598+0000] {dag.py:3239} INFO - Sync 1 DAGs
[2024-11-21T14:50:10.671+0000] {logging_mixin.py:190} INFO - [2024-11-21T14:50:10.670+0000] {dag.py:4180} INFO - Setting next_dagrun for weather_data_pipeline to 2024-11-21 00:00:00+00:00, run_after=2024-11-22 00:00:00+00:00
[2024-11-21T14:50:10.722+0000] {processor.py:208} INFO - Processing /opt/airflow/dags/etl_pipeline.py took 0.509 seconds
[2024-11-21T14:50:41.194+0000] {processor.py:186} INFO - Started process (PID=304) to work on /opt/airflow/dags/etl_pipeline.py
[2024-11-21T14:50:41.229+0000] {processor.py:914} INFO - Processing file /opt/airflow/dags/etl_pipeline.py for tasks to queue
[2024-11-21T14:50:41.286+0000] {logging_mixin.py:190} INFO - [2024-11-21T14:50:41.261+0000] {dagbag.py:588} INFO - Filling up the DagBag from /opt/airflow/dags/etl_pipeline.py
[2024-11-21T14:50:41.425+0000] {processor.py:925} INFO - DAG(s) 'weather_data_pipeline' retrieved from /opt/airflow/dags/etl_pipeline.py
[2024-11-21T14:50:41.561+0000] {logging_mixin.py:190} INFO - [2024-11-21T14:50:41.560+0000] {dag.py:3239} INFO - Sync 1 DAGs
[2024-11-21T14:50:41.623+0000] {logging_mixin.py:190} INFO - [2024-11-21T14:50:41.623+0000] {dag.py:4180} INFO - Setting next_dagrun for weather_data_pipeline to 2024-11-21 00:00:00+00:00, run_after=2024-11-22 00:00:00+00:00
[2024-11-21T14:50:41.657+0000] {processor.py:208} INFO - Processing /opt/airflow/dags/etl_pipeline.py took 0.526 seconds
[2024-11-21T14:51:11.848+0000] {processor.py:186} INFO - Started process (PID=310) to work on /opt/airflow/dags/etl_pipeline.py
[2024-11-21T14:51:11.854+0000] {processor.py:914} INFO - Processing file /opt/airflow/dags/etl_pipeline.py for tasks to queue
[2024-11-21T14:51:11.882+0000] {logging_mixin.py:190} INFO - [2024-11-21T14:51:11.881+0000] {dagbag.py:588} INFO - Filling up the DagBag from /opt/airflow/dags/etl_pipeline.py
[2024-11-21T14:51:12.000+0000] {processor.py:925} INFO - DAG(s) 'weather_data_pipeline' retrieved from /opt/airflow/dags/etl_pipeline.py
[2024-11-21T14:51:12.336+0000] {logging_mixin.py:190} INFO - [2024-11-21T14:51:12.334+0000] {dag.py:3239} INFO - Sync 1 DAGs
[2024-11-21T14:51:12.433+0000] {logging_mixin.py:190} INFO - [2024-11-21T14:51:12.432+0000] {dag.py:4180} INFO - Setting next_dagrun for weather_data_pipeline to 2024-11-21 00:00:00+00:00, run_after=2024-11-22 00:00:00+00:00
[2024-11-21T14:51:12.493+0000] {processor.py:208} INFO - Processing /opt/airflow/dags/etl_pipeline.py took 0.688 seconds
[2024-11-21T14:51:42.888+0000] {processor.py:186} INFO - Started process (PID=317) to work on /opt/airflow/dags/etl_pipeline.py
[2024-11-21T14:51:42.891+0000] {processor.py:914} INFO - Processing file /opt/airflow/dags/etl_pipeline.py for tasks to queue
[2024-11-21T14:51:42.909+0000] {logging_mixin.py:190} INFO - [2024-11-21T14:51:42.908+0000] {dagbag.py:588} INFO - Filling up the DagBag from /opt/airflow/dags/etl_pipeline.py
[2024-11-21T14:51:42.997+0000] {processor.py:925} INFO - DAG(s) 'weather_data_pipeline' retrieved from /opt/airflow/dags/etl_pipeline.py
[2024-11-21T14:51:43.088+0000] {logging_mixin.py:190} INFO - [2024-11-21T14:51:43.088+0000] {dag.py:3239} INFO - Sync 1 DAGs
[2024-11-21T14:51:43.159+0000] {logging_mixin.py:190} INFO - [2024-11-21T14:51:43.158+0000] {dag.py:4180} INFO - Setting next_dagrun for weather_data_pipeline to 2024-11-21 00:00:00+00:00, run_after=2024-11-22 00:00:00+00:00
[2024-11-21T14:51:43.209+0000] {processor.py:208} INFO - Processing /opt/airflow/dags/etl_pipeline.py took 0.374 seconds
[2024-11-21T14:52:13.761+0000] {processor.py:186} INFO - Started process (PID=325) to work on /opt/airflow/dags/etl_pipeline.py
[2024-11-21T14:52:13.765+0000] {processor.py:914} INFO - Processing file /opt/airflow/dags/etl_pipeline.py for tasks to queue
[2024-11-21T14:52:13.791+0000] {logging_mixin.py:190} INFO - [2024-11-21T14:52:13.789+0000] {dagbag.py:588} INFO - Filling up the DagBag from /opt/airflow/dags/etl_pipeline.py
[2024-11-21T14:52:13.949+0000] {processor.py:925} INFO - DAG(s) 'weather_data_pipeline' retrieved from /opt/airflow/dags/etl_pipeline.py
[2024-11-21T14:52:14.014+0000] {logging_mixin.py:190} INFO - [2024-11-21T14:52:14.014+0000] {dag.py:3239} INFO - Sync 1 DAGs
[2024-11-21T14:52:14.067+0000] {logging_mixin.py:190} INFO - [2024-11-21T14:52:14.067+0000] {dag.py:4180} INFO - Setting next_dagrun for weather_data_pipeline to 2024-11-21 00:00:00+00:00, run_after=2024-11-22 00:00:00+00:00
[2024-11-21T14:52:14.125+0000] {processor.py:208} INFO - Processing /opt/airflow/dags/etl_pipeline.py took 0.387 seconds
[2024-11-21T14:53:03.682+0000] {processor.py:186} INFO - Started process (PID=326) to work on /opt/airflow/dags/etl_pipeline.py
[2024-11-21T14:53:03.698+0000] {processor.py:914} INFO - Processing file /opt/airflow/dags/etl_pipeline.py for tasks to queue
[2024-11-21T14:53:03.747+0000] {logging_mixin.py:190} INFO - [2024-11-21T14:53:03.725+0000] {dagbag.py:588} INFO - Filling up the DagBag from /opt/airflow/dags/etl_pipeline.py
[2024-11-21T14:53:04.308+0000] {processor.py:925} INFO - DAG(s) 'weather_data_pipeline' retrieved from /opt/airflow/dags/etl_pipeline.py
[2024-11-21T14:53:07.760+0000] {logging_mixin.py:190} INFO - [2024-11-21T14:53:07.759+0000] {dag.py:3239} INFO - Sync 1 DAGs
[2024-11-21T14:53:07.999+0000] {logging_mixin.py:190} INFO - [2024-11-21T14:53:07.998+0000] {dag.py:4180} INFO - Setting next_dagrun for weather_data_pipeline to 2024-11-21 00:00:00+00:00, run_after=2024-11-22 00:00:00+00:00
[2024-11-21T14:53:08.140+0000] {processor.py:208} INFO - Processing /opt/airflow/dags/etl_pipeline.py took 4.659 seconds
[2024-11-21T14:53:38.784+0000] {processor.py:186} INFO - Started process (PID=333) to work on /opt/airflow/dags/etl_pipeline.py
[2024-11-21T14:53:38.786+0000] {processor.py:914} INFO - Processing file /opt/airflow/dags/etl_pipeline.py for tasks to queue
[2024-11-21T14:53:38.796+0000] {logging_mixin.py:190} INFO - [2024-11-21T14:53:38.795+0000] {dagbag.py:588} INFO - Filling up the DagBag from /opt/airflow/dags/etl_pipeline.py
[2024-11-21T14:53:38.860+0000] {processor.py:925} INFO - DAG(s) 'weather_data_pipeline' retrieved from /opt/airflow/dags/etl_pipeline.py
[2024-11-21T14:53:38.931+0000] {logging_mixin.py:190} INFO - [2024-11-21T14:53:38.931+0000] {dag.py:3239} INFO - Sync 1 DAGs
[2024-11-21T14:53:38.989+0000] {logging_mixin.py:190} INFO - [2024-11-21T14:53:38.989+0000] {dag.py:4180} INFO - Setting next_dagrun for weather_data_pipeline to 2024-11-21 00:00:00+00:00, run_after=2024-11-22 00:00:00+00:00
[2024-11-21T14:53:39.030+0000] {processor.py:208} INFO - Processing /opt/airflow/dags/etl_pipeline.py took 0.270 seconds
[2024-11-21T14:54:09.657+0000] {processor.py:186} INFO - Started process (PID=340) to work on /opt/airflow/dags/etl_pipeline.py
[2024-11-21T14:54:09.661+0000] {processor.py:914} INFO - Processing file /opt/airflow/dags/etl_pipeline.py for tasks to queue
[2024-11-21T14:54:09.671+0000] {logging_mixin.py:190} INFO - [2024-11-21T14:54:09.670+0000] {dagbag.py:588} INFO - Filling up the DagBag from /opt/airflow/dags/etl_pipeline.py
[2024-11-21T14:54:09.743+0000] {processor.py:925} INFO - DAG(s) 'weather_data_pipeline' retrieved from /opt/airflow/dags/etl_pipeline.py
[2024-11-21T14:54:09.890+0000] {logging_mixin.py:190} INFO - [2024-11-21T14:54:09.889+0000] {dag.py:3239} INFO - Sync 1 DAGs
[2024-11-21T14:54:09.938+0000] {logging_mixin.py:190} INFO - [2024-11-21T14:54:09.938+0000] {dag.py:4180} INFO - Setting next_dagrun for weather_data_pipeline to 2024-11-21 00:00:00+00:00, run_after=2024-11-22 00:00:00+00:00
[2024-11-21T14:54:09.986+0000] {processor.py:208} INFO - Processing /opt/airflow/dags/etl_pipeline.py took 0.346 seconds
[2024-11-21T14:54:40.295+0000] {processor.py:186} INFO - Started process (PID=347) to work on /opt/airflow/dags/etl_pipeline.py
[2024-11-21T14:54:40.296+0000] {processor.py:914} INFO - Processing file /opt/airflow/dags/etl_pipeline.py for tasks to queue
[2024-11-21T14:54:40.301+0000] {logging_mixin.py:190} INFO - [2024-11-21T14:54:40.300+0000] {dagbag.py:588} INFO - Filling up the DagBag from /opt/airflow/dags/etl_pipeline.py
[2024-11-21T14:54:40.352+0000] {processor.py:925} INFO - DAG(s) 'weather_data_pipeline' retrieved from /opt/airflow/dags/etl_pipeline.py
[2024-11-21T14:54:40.411+0000] {logging_mixin.py:190} INFO - [2024-11-21T14:54:40.410+0000] {dag.py:3239} INFO - Sync 1 DAGs
[2024-11-21T14:54:40.481+0000] {logging_mixin.py:190} INFO - [2024-11-21T14:54:40.480+0000] {dag.py:4180} INFO - Setting next_dagrun for weather_data_pipeline to 2024-11-21 00:00:00+00:00, run_after=2024-11-22 00:00:00+00:00
[2024-11-21T14:54:40.534+0000] {processor.py:208} INFO - Processing /opt/airflow/dags/etl_pipeline.py took 0.255 seconds
[2024-11-21T14:55:11.313+0000] {processor.py:186} INFO - Started process (PID=354) to work on /opt/airflow/dags/etl_pipeline.py
[2024-11-21T14:55:11.319+0000] {processor.py:914} INFO - Processing file /opt/airflow/dags/etl_pipeline.py for tasks to queue
[2024-11-21T14:55:11.331+0000] {logging_mixin.py:190} INFO - [2024-11-21T14:55:11.329+0000] {dagbag.py:588} INFO - Filling up the DagBag from /opt/airflow/dags/etl_pipeline.py
[2024-11-21T14:55:11.837+0000] {processor.py:925} INFO - DAG(s) 'weather_data_pipeline' retrieved from /opt/airflow/dags/etl_pipeline.py
[2024-11-21T14:55:12.268+0000] {logging_mixin.py:190} INFO - [2024-11-21T14:55:12.267+0000] {dag.py:3239} INFO - Sync 1 DAGs
[2024-11-21T14:55:12.533+0000] {logging_mixin.py:190} INFO - [2024-11-21T14:55:12.533+0000] {dag.py:4180} INFO - Setting next_dagrun for weather_data_pipeline to 2024-11-21 00:00:00+00:00, run_after=2024-11-22 00:00:00+00:00
[2024-11-21T14:55:12.863+0000] {processor.py:208} INFO - Processing /opt/airflow/dags/etl_pipeline.py took 1.596 seconds
[2024-11-21T14:55:43.763+0000] {processor.py:186} INFO - Started process (PID=367) to work on /opt/airflow/dags/etl_pipeline.py
[2024-11-21T14:55:43.765+0000] {processor.py:914} INFO - Processing file /opt/airflow/dags/etl_pipeline.py for tasks to queue
[2024-11-21T14:55:43.774+0000] {logging_mixin.py:190} INFO - [2024-11-21T14:55:43.773+0000] {dagbag.py:588} INFO - Filling up the DagBag from /opt/airflow/dags/etl_pipeline.py
[2024-11-21T14:55:43.832+0000] {processor.py:925} INFO - DAG(s) 'weather_data_pipeline' retrieved from /opt/airflow/dags/etl_pipeline.py
[2024-11-21T14:55:43.894+0000] {logging_mixin.py:190} INFO - [2024-11-21T14:55:43.893+0000] {dag.py:3239} INFO - Sync 1 DAGs
[2024-11-21T14:55:43.958+0000] {logging_mixin.py:190} INFO - [2024-11-21T14:55:43.958+0000] {dag.py:4180} INFO - Setting next_dagrun for weather_data_pipeline to 2024-11-21 00:00:00+00:00, run_after=2024-11-22 00:00:00+00:00
[2024-11-21T14:55:44.009+0000] {processor.py:208} INFO - Processing /opt/airflow/dags/etl_pipeline.py took 0.273 seconds
[2024-11-21T14:56:14.723+0000] {processor.py:186} INFO - Started process (PID=374) to work on /opt/airflow/dags/etl_pipeline.py
[2024-11-21T14:56:14.725+0000] {processor.py:914} INFO - Processing file /opt/airflow/dags/etl_pipeline.py for tasks to queue
[2024-11-21T14:56:14.730+0000] {logging_mixin.py:190} INFO - [2024-11-21T14:56:14.730+0000] {dagbag.py:588} INFO - Filling up the DagBag from /opt/airflow/dags/etl_pipeline.py
[2024-11-21T14:56:14.822+0000] {processor.py:925} INFO - DAG(s) 'weather_data_pipeline' retrieved from /opt/airflow/dags/etl_pipeline.py
[2024-11-21T14:56:14.926+0000] {logging_mixin.py:190} INFO - [2024-11-21T14:56:14.925+0000] {dag.py:3239} INFO - Sync 1 DAGs
[2024-11-21T14:56:15.022+0000] {logging_mixin.py:190} INFO - [2024-11-21T14:56:15.021+0000] {dag.py:4180} INFO - Setting next_dagrun for weather_data_pipeline to 2024-11-21 00:00:00+00:00, run_after=2024-11-22 00:00:00+00:00
[2024-11-21T14:56:15.082+0000] {processor.py:208} INFO - Processing /opt/airflow/dags/etl_pipeline.py took 0.372 seconds
[2024-11-21T14:56:45.554+0000] {processor.py:186} INFO - Started process (PID=381) to work on /opt/airflow/dags/etl_pipeline.py
[2024-11-21T14:56:45.560+0000] {processor.py:914} INFO - Processing file /opt/airflow/dags/etl_pipeline.py for tasks to queue
[2024-11-21T14:56:45.580+0000] {logging_mixin.py:190} INFO - [2024-11-21T14:56:45.578+0000] {dagbag.py:588} INFO - Filling up the DagBag from /opt/airflow/dags/etl_pipeline.py
[2024-11-21T14:56:45.774+0000] {processor.py:925} INFO - DAG(s) 'weather_data_pipeline' retrieved from /opt/airflow/dags/etl_pipeline.py
[2024-11-21T14:56:45.866+0000] {logging_mixin.py:190} INFO - [2024-11-21T14:56:45.866+0000] {dag.py:3239} INFO - Sync 1 DAGs
[2024-11-21T14:56:45.930+0000] {logging_mixin.py:190} INFO - [2024-11-21T14:56:45.930+0000] {dag.py:4180} INFO - Setting next_dagrun for weather_data_pipeline to 2024-11-21 00:00:00+00:00, run_after=2024-11-22 00:00:00+00:00
[2024-11-21T14:56:45.996+0000] {processor.py:208} INFO - Processing /opt/airflow/dags/etl_pipeline.py took 0.500 seconds
[2024-11-21T14:57:16.329+0000] {processor.py:186} INFO - Started process (PID=389) to work on /opt/airflow/dags/etl_pipeline.py
[2024-11-21T14:57:16.331+0000] {processor.py:914} INFO - Processing file /opt/airflow/dags/etl_pipeline.py for tasks to queue
[2024-11-21T14:57:16.343+0000] {logging_mixin.py:190} INFO - [2024-11-21T14:57:16.340+0000] {dagbag.py:588} INFO - Filling up the DagBag from /opt/airflow/dags/etl_pipeline.py
[2024-11-21T14:57:16.425+0000] {processor.py:925} INFO - DAG(s) 'weather_data_pipeline' retrieved from /opt/airflow/dags/etl_pipeline.py
[2024-11-21T14:57:16.486+0000] {logging_mixin.py:190} INFO - [2024-11-21T14:57:16.486+0000] {dag.py:3239} INFO - Sync 1 DAGs
[2024-11-21T14:57:16.568+0000] {logging_mixin.py:190} INFO - [2024-11-21T14:57:16.567+0000] {dag.py:4180} INFO - Setting next_dagrun for weather_data_pipeline to 2024-11-21 00:00:00+00:00, run_after=2024-11-22 00:00:00+00:00
[2024-11-21T14:57:16.651+0000] {processor.py:208} INFO - Processing /opt/airflow/dags/etl_pipeline.py took 0.342 seconds
[2024-11-21T15:12:01.519+0000] {processor.py:186} INFO - Started process (PID=79) to work on /opt/airflow/dags/etl_pipeline.py
[2024-11-21T15:12:01.522+0000] {processor.py:914} INFO - Processing file /opt/airflow/dags/etl_pipeline.py for tasks to queue
[2024-11-21T15:12:01.531+0000] {logging_mixin.py:190} INFO - [2024-11-21T15:12:01.531+0000] {dagbag.py:588} INFO - Filling up the DagBag from /opt/airflow/dags/etl_pipeline.py
[2024-11-21T15:12:02.071+0000] {processor.py:925} INFO - DAG(s) 'weather_data_pipeline' retrieved from /opt/airflow/dags/etl_pipeline.py
[2024-11-21T15:12:03.069+0000] {logging_mixin.py:190} INFO - [2024-11-21T15:12:03.068+0000] {override.py:1911} INFO - Created Permission View: can edit on DAG:weather_data_pipeline
[2024-11-21T15:12:03.140+0000] {logging_mixin.py:190} INFO - [2024-11-21T15:12:03.139+0000] {override.py:1911} INFO - Created Permission View: can read on DAG:weather_data_pipeline
[2024-11-21T15:12:03.173+0000] {logging_mixin.py:190} INFO - [2024-11-21T15:12:03.172+0000] {override.py:1911} INFO - Created Permission View: can delete on DAG:weather_data_pipeline
[2024-11-21T15:12:03.192+0000] {logging_mixin.py:190} INFO - [2024-11-21T15:12:03.192+0000] {override.py:1911} INFO - Created Permission View: can create on DAG Run:weather_data_pipeline
[2024-11-21T15:12:03.215+0000] {logging_mixin.py:190} INFO - [2024-11-21T15:12:03.214+0000] {override.py:1911} INFO - Created Permission View: can read on DAG Run:weather_data_pipeline
[2024-11-21T15:12:03.250+0000] {logging_mixin.py:190} INFO - [2024-11-21T15:12:03.249+0000] {override.py:1911} INFO - Created Permission View: can delete on DAG Run:weather_data_pipeline
[2024-11-21T15:12:03.274+0000] {logging_mixin.py:190} INFO - [2024-11-21T15:12:03.274+0000] {override.py:1911} INFO - Created Permission View: menu access on DAG Run:weather_data_pipeline
[2024-11-21T15:12:03.276+0000] {logging_mixin.py:190} INFO - [2024-11-21T15:12:03.275+0000] {dag.py:3239} INFO - Sync 1 DAGs
[2024-11-21T15:12:03.326+0000] {logging_mixin.py:190} INFO - [2024-11-21T15:12:03.326+0000] {dag.py:3262} INFO - Creating ORM DAG for weather_data_pipeline
[2024-11-21T15:12:03.475+0000] {logging_mixin.py:190} INFO - [2024-11-21T15:12:03.474+0000] {dag.py:4180} INFO - Setting next_dagrun for weather_data_pipeline to 2024-11-20 00:00:00+00:00, run_after=2024-11-21 00:00:00+00:00
[2024-11-21T15:12:03.662+0000] {processor.py:208} INFO - Processing /opt/airflow/dags/etl_pipeline.py took 2.217 seconds
[2024-11-21T15:12:34.570+0000] {processor.py:186} INFO - Started process (PID=86) to work on /opt/airflow/dags/etl_pipeline.py
[2024-11-21T15:12:34.587+0000] {processor.py:914} INFO - Processing file /opt/airflow/dags/etl_pipeline.py for tasks to queue
[2024-11-21T15:12:34.599+0000] {logging_mixin.py:190} INFO - [2024-11-21T15:12:34.598+0000] {dagbag.py:588} INFO - Filling up the DagBag from /opt/airflow/dags/etl_pipeline.py
[2024-11-21T15:12:34.746+0000] {processor.py:925} INFO - DAG(s) 'weather_data_pipeline' retrieved from /opt/airflow/dags/etl_pipeline.py
[2024-11-21T15:12:35.304+0000] {logging_mixin.py:190} INFO - [2024-11-21T15:12:35.289+0000] {dag.py:3239} INFO - Sync 1 DAGs
[2024-11-21T15:12:35.564+0000] {logging_mixin.py:190} INFO - [2024-11-21T15:12:35.534+0000] {dag.py:4180} INFO - Setting next_dagrun for weather_data_pipeline to 2024-11-20 00:00:00+00:00, run_after=2024-11-21 00:00:00+00:00
[2024-11-21T15:12:35.887+0000] {processor.py:208} INFO - Processing /opt/airflow/dags/etl_pipeline.py took 1.511 seconds
[2024-11-21T15:13:06.158+0000] {processor.py:186} INFO - Started process (PID=93) to work on /opt/airflow/dags/etl_pipeline.py
[2024-11-21T15:13:06.163+0000] {processor.py:914} INFO - Processing file /opt/airflow/dags/etl_pipeline.py for tasks to queue
[2024-11-21T15:13:06.170+0000] {logging_mixin.py:190} INFO - [2024-11-21T15:13:06.169+0000] {dagbag.py:588} INFO - Filling up the DagBag from /opt/airflow/dags/etl_pipeline.py
[2024-11-21T15:13:06.244+0000] {processor.py:925} INFO - DAG(s) 'weather_data_pipeline' retrieved from /opt/airflow/dags/etl_pipeline.py
[2024-11-21T15:13:06.317+0000] {logging_mixin.py:190} INFO - [2024-11-21T15:13:06.316+0000] {dag.py:3239} INFO - Sync 1 DAGs
[2024-11-21T15:13:06.435+0000] {logging_mixin.py:190} INFO - [2024-11-21T15:13:06.434+0000] {dag.py:4180} INFO - Setting next_dagrun for weather_data_pipeline to 2024-11-20 00:00:00+00:00, run_after=2024-11-21 00:00:00+00:00
[2024-11-21T15:13:06.503+0000] {processor.py:208} INFO - Processing /opt/airflow/dags/etl_pipeline.py took 0.380 seconds
[2024-11-21T15:13:36.726+0000] {processor.py:186} INFO - Started process (PID=100) to work on /opt/airflow/dags/etl_pipeline.py
[2024-11-21T15:13:36.728+0000] {processor.py:914} INFO - Processing file /opt/airflow/dags/etl_pipeline.py for tasks to queue
[2024-11-21T15:13:36.734+0000] {logging_mixin.py:190} INFO - [2024-11-21T15:13:36.733+0000] {dagbag.py:588} INFO - Filling up the DagBag from /opt/airflow/dags/etl_pipeline.py
[2024-11-21T15:13:36.777+0000] {processor.py:925} INFO - DAG(s) 'weather_data_pipeline' retrieved from /opt/airflow/dags/etl_pipeline.py
[2024-11-21T15:13:36.823+0000] {logging_mixin.py:190} INFO - [2024-11-21T15:13:36.822+0000] {dag.py:3239} INFO - Sync 1 DAGs
[2024-11-21T15:13:36.872+0000] {logging_mixin.py:190} INFO - [2024-11-21T15:13:36.872+0000] {dag.py:4180} INFO - Setting next_dagrun for weather_data_pipeline to 2024-11-20 00:00:00+00:00, run_after=2024-11-21 00:00:00+00:00
[2024-11-21T15:13:36.911+0000] {processor.py:208} INFO - Processing /opt/airflow/dags/etl_pipeline.py took 0.209 seconds
[2024-11-21T15:14:07.393+0000] {processor.py:186} INFO - Started process (PID=107) to work on /opt/airflow/dags/etl_pipeline.py
[2024-11-21T15:14:07.400+0000] {processor.py:914} INFO - Processing file /opt/airflow/dags/etl_pipeline.py for tasks to queue
[2024-11-21T15:14:07.413+0000] {logging_mixin.py:190} INFO - [2024-11-21T15:14:07.411+0000] {dagbag.py:588} INFO - Filling up the DagBag from /opt/airflow/dags/etl_pipeline.py
[2024-11-21T15:14:07.457+0000] {processor.py:925} INFO - DAG(s) 'weather_data_pipeline' retrieved from /opt/airflow/dags/etl_pipeline.py
[2024-11-21T15:14:07.569+0000] {logging_mixin.py:190} INFO - [2024-11-21T15:14:07.568+0000] {dag.py:3239} INFO - Sync 1 DAGs
[2024-11-21T15:14:07.660+0000] {logging_mixin.py:190} INFO - [2024-11-21T15:14:07.659+0000] {dag.py:4180} INFO - Setting next_dagrun for weather_data_pipeline to 2024-11-20 00:00:00+00:00, run_after=2024-11-21 00:00:00+00:00
[2024-11-21T15:14:07.818+0000] {processor.py:208} INFO - Processing /opt/airflow/dags/etl_pipeline.py took 0.475 seconds
[2024-11-21T15:14:38.192+0000] {processor.py:186} INFO - Started process (PID=114) to work on /opt/airflow/dags/etl_pipeline.py
[2024-11-21T15:14:38.216+0000] {processor.py:914} INFO - Processing file /opt/airflow/dags/etl_pipeline.py for tasks to queue
[2024-11-21T15:14:38.269+0000] {logging_mixin.py:190} INFO - [2024-11-21T15:14:38.268+0000] {dagbag.py:588} INFO - Filling up the DagBag from /opt/airflow/dags/etl_pipeline.py
[2024-11-21T15:14:38.649+0000] {processor.py:925} INFO - DAG(s) 'weather_data_pipeline' retrieved from /opt/airflow/dags/etl_pipeline.py
[2024-11-21T15:14:39.494+0000] {logging_mixin.py:190} INFO - [2024-11-21T15:14:39.493+0000] {dag.py:3239} INFO - Sync 1 DAGs
[2024-11-21T15:14:40.059+0000] {logging_mixin.py:190} INFO - [2024-11-21T15:14:40.058+0000] {dag.py:4180} INFO - Setting next_dagrun for weather_data_pipeline to 2024-11-20 00:00:00+00:00, run_after=2024-11-21 00:00:00+00:00
[2024-11-21T15:14:40.214+0000] {processor.py:208} INFO - Processing /opt/airflow/dags/etl_pipeline.py took 2.101 seconds
[2024-11-21T15:15:10.922+0000] {processor.py:186} INFO - Started process (PID=126) to work on /opt/airflow/dags/etl_pipeline.py
[2024-11-21T15:15:10.930+0000] {processor.py:914} INFO - Processing file /opt/airflow/dags/etl_pipeline.py for tasks to queue
[2024-11-21T15:15:10.937+0000] {logging_mixin.py:190} INFO - [2024-11-21T15:15:10.936+0000] {dagbag.py:588} INFO - Filling up the DagBag from /opt/airflow/dags/etl_pipeline.py
[2024-11-21T15:15:11.014+0000] {processor.py:925} INFO - DAG(s) 'weather_data_pipeline' retrieved from /opt/airflow/dags/etl_pipeline.py
[2024-11-21T15:15:11.098+0000] {logging_mixin.py:190} INFO - [2024-11-21T15:15:11.097+0000] {dag.py:3239} INFO - Sync 1 DAGs
[2024-11-21T15:15:11.205+0000] {logging_mixin.py:190} INFO - [2024-11-21T15:15:11.205+0000] {dag.py:4180} INFO - Setting next_dagrun for weather_data_pipeline to 2024-11-20 00:00:00+00:00, run_after=2024-11-21 00:00:00+00:00
[2024-11-21T15:15:11.283+0000] {processor.py:208} INFO - Processing /opt/airflow/dags/etl_pipeline.py took 0.391 seconds
[2024-11-21T15:15:41.807+0000] {processor.py:186} INFO - Started process (PID=133) to work on /opt/airflow/dags/etl_pipeline.py
[2024-11-21T15:15:41.812+0000] {processor.py:914} INFO - Processing file /opt/airflow/dags/etl_pipeline.py for tasks to queue
[2024-11-21T15:15:41.825+0000] {logging_mixin.py:190} INFO - [2024-11-21T15:15:41.823+0000] {dagbag.py:588} INFO - Filling up the DagBag from /opt/airflow/dags/etl_pipeline.py
[2024-11-21T15:15:41.946+0000] {processor.py:925} INFO - DAG(s) 'weather_data_pipeline' retrieved from /opt/airflow/dags/etl_pipeline.py
[2024-11-21T15:15:42.066+0000] {logging_mixin.py:190} INFO - [2024-11-21T15:15:42.064+0000] {dag.py:3239} INFO - Sync 1 DAGs
[2024-11-21T15:15:42.269+0000] {logging_mixin.py:190} INFO - [2024-11-21T15:15:42.268+0000] {dag.py:4180} INFO - Setting next_dagrun for weather_data_pipeline to 2024-11-20 00:00:00+00:00, run_after=2024-11-21 00:00:00+00:00
[2024-11-21T15:15:42.408+0000] {processor.py:208} INFO - Processing /opt/airflow/dags/etl_pipeline.py took 0.647 seconds
[2024-11-21T15:16:12.587+0000] {processor.py:186} INFO - Started process (PID=140) to work on /opt/airflow/dags/etl_pipeline.py
[2024-11-21T15:16:12.590+0000] {processor.py:914} INFO - Processing file /opt/airflow/dags/etl_pipeline.py for tasks to queue
[2024-11-21T15:16:12.601+0000] {logging_mixin.py:190} INFO - [2024-11-21T15:16:12.600+0000] {dagbag.py:588} INFO - Filling up the DagBag from /opt/airflow/dags/etl_pipeline.py
[2024-11-21T15:16:12.703+0000] {processor.py:925} INFO - DAG(s) 'weather_data_pipeline' retrieved from /opt/airflow/dags/etl_pipeline.py
[2024-11-21T15:16:12.803+0000] {logging_mixin.py:190} INFO - [2024-11-21T15:16:12.802+0000] {dag.py:3239} INFO - Sync 1 DAGs
[2024-11-21T15:16:12.853+0000] {logging_mixin.py:190} INFO - [2024-11-21T15:16:12.852+0000] {dag.py:4180} INFO - Setting next_dagrun for weather_data_pipeline to 2024-11-20 00:00:00+00:00, run_after=2024-11-21 00:00:00+00:00
[2024-11-21T15:16:12.915+0000] {processor.py:208} INFO - Processing /opt/airflow/dags/etl_pipeline.py took 0.344 seconds
[2024-11-21T15:16:43.287+0000] {processor.py:186} INFO - Started process (PID=146) to work on /opt/airflow/dags/etl_pipeline.py
[2024-11-21T15:16:43.294+0000] {processor.py:914} INFO - Processing file /opt/airflow/dags/etl_pipeline.py for tasks to queue
[2024-11-21T15:16:43.301+0000] {logging_mixin.py:190} INFO - [2024-11-21T15:16:43.300+0000] {dagbag.py:588} INFO - Filling up the DagBag from /opt/airflow/dags/etl_pipeline.py
[2024-11-21T15:16:43.370+0000] {processor.py:925} INFO - DAG(s) 'weather_data_pipeline' retrieved from /opt/airflow/dags/etl_pipeline.py
[2024-11-21T15:16:43.460+0000] {logging_mixin.py:190} INFO - [2024-11-21T15:16:43.449+0000] {dag.py:3239} INFO - Sync 1 DAGs
[2024-11-21T15:16:43.536+0000] {logging_mixin.py:190} INFO - [2024-11-21T15:16:43.536+0000] {dag.py:4180} INFO - Setting next_dagrun for weather_data_pipeline to 2024-11-20 00:00:00+00:00, run_after=2024-11-21 00:00:00+00:00
[2024-11-21T15:16:43.593+0000] {processor.py:208} INFO - Processing /opt/airflow/dags/etl_pipeline.py took 0.335 seconds
[2024-11-21T15:17:14.295+0000] {processor.py:186} INFO - Started process (PID=154) to work on /opt/airflow/dags/etl_pipeline.py
[2024-11-21T15:17:14.297+0000] {processor.py:914} INFO - Processing file /opt/airflow/dags/etl_pipeline.py for tasks to queue
[2024-11-21T15:17:14.304+0000] {logging_mixin.py:190} INFO - [2024-11-21T15:17:14.303+0000] {dagbag.py:588} INFO - Filling up the DagBag from /opt/airflow/dags/etl_pipeline.py
[2024-11-21T15:17:14.380+0000] {processor.py:925} INFO - DAG(s) 'weather_data_pipeline' retrieved from /opt/airflow/dags/etl_pipeline.py
[2024-11-21T15:17:14.448+0000] {logging_mixin.py:190} INFO - [2024-11-21T15:17:14.447+0000] {dag.py:3239} INFO - Sync 1 DAGs
[2024-11-21T15:17:14.567+0000] {logging_mixin.py:190} INFO - [2024-11-21T15:17:14.566+0000] {dag.py:4180} INFO - Setting next_dagrun for weather_data_pipeline to 2024-11-20 00:00:00+00:00, run_after=2024-11-21 00:00:00+00:00
[2024-11-21T15:17:14.628+0000] {processor.py:208} INFO - Processing /opt/airflow/dags/etl_pipeline.py took 0.352 seconds
[2024-11-21T15:17:44.990+0000] {processor.py:186} INFO - Started process (PID=161) to work on /opt/airflow/dags/etl_pipeline.py
[2024-11-21T15:17:44.993+0000] {processor.py:914} INFO - Processing file /opt/airflow/dags/etl_pipeline.py for tasks to queue
[2024-11-21T15:17:45.000+0000] {logging_mixin.py:190} INFO - [2024-11-21T15:17:44.999+0000] {dagbag.py:588} INFO - Filling up the DagBag from /opt/airflow/dags/etl_pipeline.py
[2024-11-21T15:17:45.061+0000] {processor.py:925} INFO - DAG(s) 'weather_data_pipeline' retrieved from /opt/airflow/dags/etl_pipeline.py
[2024-11-21T15:17:45.176+0000] {logging_mixin.py:190} INFO - [2024-11-21T15:17:45.174+0000] {dag.py:3239} INFO - Sync 1 DAGs
[2024-11-21T15:17:45.387+0000] {logging_mixin.py:190} INFO - [2024-11-21T15:17:45.386+0000] {dag.py:4180} INFO - Setting next_dagrun for weather_data_pipeline to 2024-11-20 00:00:00+00:00, run_after=2024-11-21 00:00:00+00:00
[2024-11-21T15:17:45.795+0000] {processor.py:208} INFO - Processing /opt/airflow/dags/etl_pipeline.py took 0.821 seconds
[2024-11-21T15:18:16.483+0000] {processor.py:186} INFO - Started process (PID=167) to work on /opt/airflow/dags/etl_pipeline.py
[2024-11-21T15:18:16.485+0000] {processor.py:914} INFO - Processing file /opt/airflow/dags/etl_pipeline.py for tasks to queue
[2024-11-21T15:18:16.490+0000] {logging_mixin.py:190} INFO - [2024-11-21T15:18:16.489+0000] {dagbag.py:588} INFO - Filling up the DagBag from /opt/airflow/dags/etl_pipeline.py
[2024-11-21T15:18:16.532+0000] {processor.py:925} INFO - DAG(s) 'weather_data_pipeline' retrieved from /opt/airflow/dags/etl_pipeline.py
[2024-11-21T15:18:16.574+0000] {logging_mixin.py:190} INFO - [2024-11-21T15:18:16.573+0000] {dag.py:3239} INFO - Sync 1 DAGs
[2024-11-21T15:18:16.615+0000] {logging_mixin.py:190} INFO - [2024-11-21T15:18:16.615+0000] {dag.py:4180} INFO - Setting next_dagrun for weather_data_pipeline to 2024-11-20 00:00:00+00:00, run_after=2024-11-21 00:00:00+00:00
[2024-11-21T15:18:16.659+0000] {processor.py:208} INFO - Processing /opt/airflow/dags/etl_pipeline.py took 0.191 seconds
[2024-11-21T15:18:47.621+0000] {processor.py:186} INFO - Started process (PID=174) to work on /opt/airflow/dags/etl_pipeline.py
[2024-11-21T15:18:47.625+0000] {processor.py:914} INFO - Processing file /opt/airflow/dags/etl_pipeline.py for tasks to queue
[2024-11-21T15:18:47.634+0000] {logging_mixin.py:190} INFO - [2024-11-21T15:18:47.633+0000] {dagbag.py:588} INFO - Filling up the DagBag from /opt/airflow/dags/etl_pipeline.py
[2024-11-21T15:18:47.702+0000] {processor.py:925} INFO - DAG(s) 'weather_data_pipeline' retrieved from /opt/airflow/dags/etl_pipeline.py
[2024-11-21T15:18:47.772+0000] {logging_mixin.py:190} INFO - [2024-11-21T15:18:47.771+0000] {dag.py:3239} INFO - Sync 1 DAGs
[2024-11-21T15:18:47.869+0000] {logging_mixin.py:190} INFO - [2024-11-21T15:18:47.868+0000] {dag.py:4180} INFO - Setting next_dagrun for weather_data_pipeline to 2024-11-20 00:00:00+00:00, run_after=2024-11-21 00:00:00+00:00
[2024-11-21T15:18:47.936+0000] {processor.py:208} INFO - Processing /opt/airflow/dags/etl_pipeline.py took 0.355 seconds
[2024-11-21T15:19:18.514+0000] {processor.py:186} INFO - Started process (PID=181) to work on /opt/airflow/dags/etl_pipeline.py
[2024-11-21T15:19:18.520+0000] {processor.py:914} INFO - Processing file /opt/airflow/dags/etl_pipeline.py for tasks to queue
[2024-11-21T15:19:18.534+0000] {logging_mixin.py:190} INFO - [2024-11-21T15:19:18.532+0000] {dagbag.py:588} INFO - Filling up the DagBag from /opt/airflow/dags/etl_pipeline.py
[2024-11-21T15:19:18.647+0000] {processor.py:925} INFO - DAG(s) 'weather_data_pipeline' retrieved from /opt/airflow/dags/etl_pipeline.py
[2024-11-21T15:19:18.702+0000] {logging_mixin.py:190} INFO - [2024-11-21T15:19:18.700+0000] {dag.py:3239} INFO - Sync 1 DAGs
[2024-11-21T15:19:18.754+0000] {logging_mixin.py:190} INFO - [2024-11-21T15:19:18.754+0000] {dag.py:4180} INFO - Setting next_dagrun for weather_data_pipeline to 2024-11-20 00:00:00+00:00, run_after=2024-11-21 00:00:00+00:00
[2024-11-21T15:19:18.812+0000] {processor.py:208} INFO - Processing /opt/airflow/dags/etl_pipeline.py took 0.336 seconds
[2024-11-21T15:19:49.653+0000] {processor.py:186} INFO - Started process (PID=188) to work on /opt/airflow/dags/etl_pipeline.py
[2024-11-21T15:19:49.655+0000] {processor.py:914} INFO - Processing file /opt/airflow/dags/etl_pipeline.py for tasks to queue
[2024-11-21T15:19:49.661+0000] {logging_mixin.py:190} INFO - [2024-11-21T15:19:49.660+0000] {dagbag.py:588} INFO - Filling up the DagBag from /opt/airflow/dags/etl_pipeline.py
[2024-11-21T15:19:49.704+0000] {processor.py:925} INFO - DAG(s) 'weather_data_pipeline' retrieved from /opt/airflow/dags/etl_pipeline.py
[2024-11-21T15:19:49.757+0000] {logging_mixin.py:190} INFO - [2024-11-21T15:19:49.756+0000] {dag.py:3239} INFO - Sync 1 DAGs
[2024-11-21T15:19:49.828+0000] {logging_mixin.py:190} INFO - [2024-11-21T15:19:49.827+0000] {dag.py:4180} INFO - Setting next_dagrun for weather_data_pipeline to 2024-11-20 00:00:00+00:00, run_after=2024-11-21 00:00:00+00:00
[2024-11-21T15:19:50.096+0000] {processor.py:208} INFO - Processing /opt/airflow/dags/etl_pipeline.py took 0.471 seconds
[2024-11-21T15:20:20.399+0000] {processor.py:186} INFO - Started process (PID=194) to work on /opt/airflow/dags/etl_pipeline.py
[2024-11-21T15:20:20.401+0000] {processor.py:914} INFO - Processing file /opt/airflow/dags/etl_pipeline.py for tasks to queue
[2024-11-21T15:20:20.407+0000] {logging_mixin.py:190} INFO - [2024-11-21T15:20:20.406+0000] {dagbag.py:588} INFO - Filling up the DagBag from /opt/airflow/dags/etl_pipeline.py
[2024-11-21T15:20:20.457+0000] {processor.py:925} INFO - DAG(s) 'weather_data_pipeline' retrieved from /opt/airflow/dags/etl_pipeline.py
[2024-11-21T15:20:20.519+0000] {logging_mixin.py:190} INFO - [2024-11-21T15:20:20.517+0000] {dag.py:3239} INFO - Sync 1 DAGs
[2024-11-21T15:20:20.573+0000] {logging_mixin.py:190} INFO - [2024-11-21T15:20:20.573+0000] {dag.py:4180} INFO - Setting next_dagrun for weather_data_pipeline to 2024-11-20 00:00:00+00:00, run_after=2024-11-21 00:00:00+00:00
[2024-11-21T15:20:20.628+0000] {processor.py:208} INFO - Processing /opt/airflow/dags/etl_pipeline.py took 0.245 seconds
[2024-11-21T15:20:51.374+0000] {processor.py:186} INFO - Started process (PID=201) to work on /opt/airflow/dags/etl_pipeline.py
[2024-11-21T15:20:51.376+0000] {processor.py:914} INFO - Processing file /opt/airflow/dags/etl_pipeline.py for tasks to queue
[2024-11-21T15:20:51.383+0000] {logging_mixin.py:190} INFO - [2024-11-21T15:20:51.382+0000] {dagbag.py:588} INFO - Filling up the DagBag from /opt/airflow/dags/etl_pipeline.py
[2024-11-21T15:20:51.421+0000] {processor.py:925} INFO - DAG(s) 'weather_data_pipeline' retrieved from /opt/airflow/dags/etl_pipeline.py
[2024-11-21T15:20:51.503+0000] {logging_mixin.py:190} INFO - [2024-11-21T15:20:51.502+0000] {dag.py:3239} INFO - Sync 1 DAGs
[2024-11-21T15:20:51.550+0000] {logging_mixin.py:190} INFO - [2024-11-21T15:20:51.549+0000] {dag.py:4180} INFO - Setting next_dagrun for weather_data_pipeline to 2024-11-20 00:00:00+00:00, run_after=2024-11-21 00:00:00+00:00
[2024-11-21T15:20:51.634+0000] {processor.py:208} INFO - Processing /opt/airflow/dags/etl_pipeline.py took 0.291 seconds
[2024-11-21T15:21:22.388+0000] {processor.py:186} INFO - Started process (PID=208) to work on /opt/airflow/dags/etl_pipeline.py
[2024-11-21T15:21:22.391+0000] {processor.py:914} INFO - Processing file /opt/airflow/dags/etl_pipeline.py for tasks to queue
[2024-11-21T15:21:22.417+0000] {logging_mixin.py:190} INFO - [2024-11-21T15:21:22.406+0000] {dagbag.py:588} INFO - Filling up the DagBag from /opt/airflow/dags/etl_pipeline.py
[2024-11-21T15:21:22.520+0000] {processor.py:925} INFO - DAG(s) 'weather_data_pipeline' retrieved from /opt/airflow/dags/etl_pipeline.py
[2024-11-21T15:21:22.659+0000] {logging_mixin.py:190} INFO - [2024-11-21T15:21:22.658+0000] {dag.py:3239} INFO - Sync 1 DAGs
[2024-11-21T15:21:22.865+0000] {logging_mixin.py:190} INFO - [2024-11-21T15:21:22.864+0000] {dag.py:4180} INFO - Setting next_dagrun for weather_data_pipeline to 2024-11-20 00:00:00+00:00, run_after=2024-11-21 00:00:00+00:00
[2024-11-21T15:21:22.998+0000] {processor.py:208} INFO - Processing /opt/airflow/dags/etl_pipeline.py took 0.648 seconds
[2024-11-21T15:21:53.425+0000] {processor.py:186} INFO - Started process (PID=215) to work on /opt/airflow/dags/etl_pipeline.py
[2024-11-21T15:21:53.429+0000] {processor.py:914} INFO - Processing file /opt/airflow/dags/etl_pipeline.py for tasks to queue
[2024-11-21T15:21:53.434+0000] {logging_mixin.py:190} INFO - [2024-11-21T15:21:53.434+0000] {dagbag.py:588} INFO - Filling up the DagBag from /opt/airflow/dags/etl_pipeline.py
[2024-11-21T15:21:53.477+0000] {processor.py:925} INFO - DAG(s) 'weather_data_pipeline' retrieved from /opt/airflow/dags/etl_pipeline.py
[2024-11-21T15:21:53.522+0000] {logging_mixin.py:190} INFO - [2024-11-21T15:21:53.519+0000] {dag.py:3239} INFO - Sync 1 DAGs
[2024-11-21T15:21:53.573+0000] {logging_mixin.py:190} INFO - [2024-11-21T15:21:53.573+0000] {dag.py:4180} INFO - Setting next_dagrun for weather_data_pipeline to 2024-11-20 00:00:00+00:00, run_after=2024-11-21 00:00:00+00:00
[2024-11-21T15:21:53.676+0000] {processor.py:208} INFO - Processing /opt/airflow/dags/etl_pipeline.py took 0.274 seconds
[2024-11-21T15:22:24.172+0000] {processor.py:186} INFO - Started process (PID=222) to work on /opt/airflow/dags/etl_pipeline.py
[2024-11-21T15:22:24.174+0000] {processor.py:914} INFO - Processing file /opt/airflow/dags/etl_pipeline.py for tasks to queue
[2024-11-21T15:22:24.181+0000] {logging_mixin.py:190} INFO - [2024-11-21T15:22:24.180+0000] {dagbag.py:588} INFO - Filling up the DagBag from /opt/airflow/dags/etl_pipeline.py
[2024-11-21T15:22:24.246+0000] {processor.py:925} INFO - DAG(s) 'weather_data_pipeline' retrieved from /opt/airflow/dags/etl_pipeline.py
[2024-11-21T15:22:24.302+0000] {logging_mixin.py:190} INFO - [2024-11-21T15:22:24.301+0000] {dag.py:3239} INFO - Sync 1 DAGs
[2024-11-21T15:22:24.348+0000] {logging_mixin.py:190} INFO - [2024-11-21T15:22:24.348+0000] {dag.py:4180} INFO - Setting next_dagrun for weather_data_pipeline to 2024-11-20 00:00:00+00:00, run_after=2024-11-21 00:00:00+00:00
[2024-11-21T15:22:24.414+0000] {processor.py:208} INFO - Processing /opt/airflow/dags/etl_pipeline.py took 0.260 seconds
[2024-11-21T15:22:55.083+0000] {processor.py:186} INFO - Started process (PID=228) to work on /opt/airflow/dags/etl_pipeline.py
[2024-11-21T15:22:55.087+0000] {processor.py:914} INFO - Processing file /opt/airflow/dags/etl_pipeline.py for tasks to queue
[2024-11-21T15:22:55.097+0000] {logging_mixin.py:190} INFO - [2024-11-21T15:22:55.096+0000] {dagbag.py:588} INFO - Filling up the DagBag from /opt/airflow/dags/etl_pipeline.py
[2024-11-21T15:22:55.201+0000] {processor.py:925} INFO - DAG(s) 'weather_data_pipeline' retrieved from /opt/airflow/dags/etl_pipeline.py
[2024-11-21T15:22:55.320+0000] {logging_mixin.py:190} INFO - [2024-11-21T15:22:55.318+0000] {dag.py:3239} INFO - Sync 1 DAGs
[2024-11-21T15:22:55.400+0000] {logging_mixin.py:190} INFO - [2024-11-21T15:22:55.400+0000] {dag.py:4180} INFO - Setting next_dagrun for weather_data_pipeline to 2024-11-20 00:00:00+00:00, run_after=2024-11-21 00:00:00+00:00
[2024-11-21T15:22:55.470+0000] {processor.py:208} INFO - Processing /opt/airflow/dags/etl_pipeline.py took 0.414 seconds
[2024-11-21T15:23:26.037+0000] {processor.py:186} INFO - Started process (PID=235) to work on /opt/airflow/dags/etl_pipeline.py
[2024-11-21T15:23:26.039+0000] {processor.py:914} INFO - Processing file /opt/airflow/dags/etl_pipeline.py for tasks to queue
[2024-11-21T15:23:26.044+0000] {logging_mixin.py:190} INFO - [2024-11-21T15:23:26.044+0000] {dagbag.py:588} INFO - Filling up the DagBag from /opt/airflow/dags/etl_pipeline.py
[2024-11-21T15:23:26.094+0000] {processor.py:925} INFO - DAG(s) 'weather_data_pipeline' retrieved from /opt/airflow/dags/etl_pipeline.py
[2024-11-21T15:23:26.141+0000] {logging_mixin.py:190} INFO - [2024-11-21T15:23:26.140+0000] {dag.py:3239} INFO - Sync 1 DAGs
[2024-11-21T15:23:26.196+0000] {logging_mixin.py:190} INFO - [2024-11-21T15:23:26.196+0000] {dag.py:4180} INFO - Setting next_dagrun for weather_data_pipeline to 2024-11-20 00:00:00+00:00, run_after=2024-11-21 00:00:00+00:00
[2024-11-21T15:23:26.245+0000] {processor.py:208} INFO - Processing /opt/airflow/dags/etl_pipeline.py took 0.222 seconds
[2024-11-21T15:23:56.845+0000] {processor.py:186} INFO - Started process (PID=242) to work on /opt/airflow/dags/etl_pipeline.py
[2024-11-21T15:23:56.849+0000] {processor.py:914} INFO - Processing file /opt/airflow/dags/etl_pipeline.py for tasks to queue
[2024-11-21T15:23:56.857+0000] {logging_mixin.py:190} INFO - [2024-11-21T15:23:56.856+0000] {dagbag.py:588} INFO - Filling up the DagBag from /opt/airflow/dags/etl_pipeline.py
[2024-11-21T15:23:56.921+0000] {processor.py:925} INFO - DAG(s) 'weather_data_pipeline' retrieved from /opt/airflow/dags/etl_pipeline.py
[2024-11-21T15:23:57.046+0000] {logging_mixin.py:190} INFO - [2024-11-21T15:23:57.045+0000] {dag.py:3239} INFO - Sync 1 DAGs
[2024-11-21T15:23:57.300+0000] {logging_mixin.py:190} INFO - [2024-11-21T15:23:57.299+0000] {dag.py:4180} INFO - Setting next_dagrun for weather_data_pipeline to 2024-11-20 00:00:00+00:00, run_after=2024-11-21 00:00:00+00:00
[2024-11-21T15:23:57.355+0000] {processor.py:208} INFO - Processing /opt/airflow/dags/etl_pipeline.py took 0.529 seconds
[2024-11-21T15:24:28.171+0000] {processor.py:186} INFO - Started process (PID=249) to work on /opt/airflow/dags/etl_pipeline.py
[2024-11-21T15:24:28.174+0000] {processor.py:914} INFO - Processing file /opt/airflow/dags/etl_pipeline.py for tasks to queue
[2024-11-21T15:24:28.183+0000] {logging_mixin.py:190} INFO - [2024-11-21T15:24:28.182+0000] {dagbag.py:588} INFO - Filling up the DagBag from /opt/airflow/dags/etl_pipeline.py
[2024-11-21T15:24:28.277+0000] {processor.py:925} INFO - DAG(s) 'weather_data_pipeline' retrieved from /opt/airflow/dags/etl_pipeline.py
[2024-11-21T15:24:28.358+0000] {logging_mixin.py:190} INFO - [2024-11-21T15:24:28.357+0000] {dag.py:3239} INFO - Sync 1 DAGs
[2024-11-21T15:24:28.442+0000] {logging_mixin.py:190} INFO - [2024-11-21T15:24:28.441+0000] {dag.py:4180} INFO - Setting next_dagrun for weather_data_pipeline to 2024-11-20 00:00:00+00:00, run_after=2024-11-21 00:00:00+00:00
[2024-11-21T15:24:28.499+0000] {processor.py:208} INFO - Processing /opt/airflow/dags/etl_pipeline.py took 0.357 seconds
[2024-11-21T15:24:59.124+0000] {processor.py:186} INFO - Started process (PID=257) to work on /opt/airflow/dags/etl_pipeline.py
[2024-11-21T15:24:59.129+0000] {processor.py:914} INFO - Processing file /opt/airflow/dags/etl_pipeline.py for tasks to queue
[2024-11-21T15:24:59.142+0000] {logging_mixin.py:190} INFO - [2024-11-21T15:24:59.140+0000] {dagbag.py:588} INFO - Filling up the DagBag from /opt/airflow/dags/etl_pipeline.py
[2024-11-21T15:24:59.266+0000] {processor.py:925} INFO - DAG(s) 'weather_data_pipeline' retrieved from /opt/airflow/dags/etl_pipeline.py
[2024-11-21T15:24:59.380+0000] {logging_mixin.py:190} INFO - [2024-11-21T15:24:59.379+0000] {dag.py:3239} INFO - Sync 1 DAGs
[2024-11-21T15:24:59.432+0000] {logging_mixin.py:190} INFO - [2024-11-21T15:24:59.432+0000] {dag.py:4180} INFO - Setting next_dagrun for weather_data_pipeline to 2024-11-20 00:00:00+00:00, run_after=2024-11-21 00:00:00+00:00
[2024-11-21T15:24:59.479+0000] {processor.py:208} INFO - Processing /opt/airflow/dags/etl_pipeline.py took 0.393 seconds
[2024-11-21T15:25:30.557+0000] {processor.py:186} INFO - Started process (PID=264) to work on /opt/airflow/dags/etl_pipeline.py
[2024-11-21T15:25:30.559+0000] {processor.py:914} INFO - Processing file /opt/airflow/dags/etl_pipeline.py for tasks to queue
[2024-11-21T15:25:30.571+0000] {logging_mixin.py:190} INFO - [2024-11-21T15:25:30.570+0000] {dagbag.py:588} INFO - Filling up the DagBag from /opt/airflow/dags/etl_pipeline.py
[2024-11-21T15:25:30.633+0000] {processor.py:925} INFO - DAG(s) 'weather_data_pipeline' retrieved from /opt/airflow/dags/etl_pipeline.py
[2024-11-21T15:25:30.690+0000] {logging_mixin.py:190} INFO - [2024-11-21T15:25:30.689+0000] {dag.py:3239} INFO - Sync 1 DAGs
[2024-11-21T15:25:30.757+0000] {logging_mixin.py:190} INFO - [2024-11-21T15:25:30.756+0000] {dag.py:4180} INFO - Setting next_dagrun for weather_data_pipeline to 2024-11-20 00:00:00+00:00, run_after=2024-11-21 00:00:00+00:00
[2024-11-21T15:25:30.980+0000] {processor.py:208} INFO - Processing /opt/airflow/dags/etl_pipeline.py took 0.441 seconds
[2024-11-21T15:26:01.227+0000] {processor.py:186} INFO - Started process (PID=271) to work on /opt/airflow/dags/etl_pipeline.py
[2024-11-21T15:26:01.228+0000] {processor.py:914} INFO - Processing file /opt/airflow/dags/etl_pipeline.py for tasks to queue
[2024-11-21T15:26:01.234+0000] {logging_mixin.py:190} INFO - [2024-11-21T15:26:01.233+0000] {dagbag.py:588} INFO - Filling up the DagBag from /opt/airflow/dags/etl_pipeline.py
[2024-11-21T15:26:01.282+0000] {processor.py:925} INFO - DAG(s) 'weather_data_pipeline' retrieved from /opt/airflow/dags/etl_pipeline.py
[2024-11-21T15:26:01.327+0000] {logging_mixin.py:190} INFO - [2024-11-21T15:26:01.326+0000] {dag.py:3239} INFO - Sync 1 DAGs
[2024-11-21T15:26:01.381+0000] {logging_mixin.py:190} INFO - [2024-11-21T15:26:01.381+0000] {dag.py:4180} INFO - Setting next_dagrun for weather_data_pipeline to 2024-11-20 00:00:00+00:00, run_after=2024-11-21 00:00:00+00:00
[2024-11-21T15:26:01.419+0000] {processor.py:208} INFO - Processing /opt/airflow/dags/etl_pipeline.py took 0.296 seconds
[2024-11-21T15:26:32.220+0000] {processor.py:186} INFO - Started process (PID=279) to work on /opt/airflow/dags/etl_pipeline.py
[2024-11-21T15:26:32.223+0000] {processor.py:914} INFO - Processing file /opt/airflow/dags/etl_pipeline.py for tasks to queue
[2024-11-21T15:26:32.232+0000] {logging_mixin.py:190} INFO - [2024-11-21T15:26:32.231+0000] {dagbag.py:588} INFO - Filling up the DagBag from /opt/airflow/dags/etl_pipeline.py
[2024-11-21T15:26:32.314+0000] {processor.py:925} INFO - DAG(s) 'weather_data_pipeline' retrieved from /opt/airflow/dags/etl_pipeline.py
[2024-11-21T15:26:32.403+0000] {logging_mixin.py:190} INFO - [2024-11-21T15:26:32.401+0000] {dag.py:3239} INFO - Sync 1 DAGs
[2024-11-21T15:26:32.480+0000] {logging_mixin.py:190} INFO - [2024-11-21T15:26:32.479+0000] {dag.py:4180} INFO - Setting next_dagrun for weather_data_pipeline to 2024-11-20 00:00:00+00:00, run_after=2024-11-21 00:00:00+00:00
[2024-11-21T15:26:32.553+0000] {processor.py:208} INFO - Processing /opt/airflow/dags/etl_pipeline.py took 0.355 seconds
[2024-11-21T15:27:02.904+0000] {processor.py:186} INFO - Started process (PID=286) to work on /opt/airflow/dags/etl_pipeline.py
[2024-11-21T15:27:02.907+0000] {processor.py:914} INFO - Processing file /opt/airflow/dags/etl_pipeline.py for tasks to queue
[2024-11-21T15:27:02.913+0000] {logging_mixin.py:190} INFO - [2024-11-21T15:27:02.911+0000] {dagbag.py:588} INFO - Filling up the DagBag from /opt/airflow/dags/etl_pipeline.py
[2024-11-21T15:27:02.976+0000] {processor.py:925} INFO - DAG(s) 'weather_data_pipeline' retrieved from /opt/airflow/dags/etl_pipeline.py
[2024-11-21T15:27:03.053+0000] {logging_mixin.py:190} INFO - [2024-11-21T15:27:03.052+0000] {dag.py:3239} INFO - Sync 1 DAGs
[2024-11-21T15:27:03.126+0000] {logging_mixin.py:190} INFO - [2024-11-21T15:27:03.126+0000] {dag.py:4180} INFO - Setting next_dagrun for weather_data_pipeline to 2024-11-20 00:00:00+00:00, run_after=2024-11-21 00:00:00+00:00
[2024-11-21T15:27:03.191+0000] {processor.py:208} INFO - Processing /opt/airflow/dags/etl_pipeline.py took 0.305 seconds
[2024-11-21T15:27:34.118+0000] {processor.py:186} INFO - Started process (PID=293) to work on /opt/airflow/dags/etl_pipeline.py
[2024-11-21T15:27:34.120+0000] {processor.py:914} INFO - Processing file /opt/airflow/dags/etl_pipeline.py for tasks to queue
[2024-11-21T15:27:34.131+0000] {logging_mixin.py:190} INFO - [2024-11-21T15:27:34.130+0000] {dagbag.py:588} INFO - Filling up the DagBag from /opt/airflow/dags/etl_pipeline.py
[2024-11-21T15:27:34.194+0000] {processor.py:925} INFO - DAG(s) 'weather_data_pipeline' retrieved from /opt/airflow/dags/etl_pipeline.py
[2024-11-21T15:27:34.318+0000] {logging_mixin.py:190} INFO - [2024-11-21T15:27:34.316+0000] {dag.py:3239} INFO - Sync 1 DAGs
[2024-11-21T15:27:34.763+0000] {logging_mixin.py:190} INFO - [2024-11-21T15:27:34.714+0000] {dag.py:4180} INFO - Setting next_dagrun for weather_data_pipeline to 2024-11-20 00:00:00+00:00, run_after=2024-11-21 00:00:00+00:00
[2024-11-21T15:27:34.931+0000] {processor.py:208} INFO - Processing /opt/airflow/dags/etl_pipeline.py took 0.849 seconds
[2024-11-21T15:28:05.628+0000] {processor.py:186} INFO - Started process (PID=300) to work on /opt/airflow/dags/etl_pipeline.py
[2024-11-21T15:28:05.630+0000] {processor.py:914} INFO - Processing file /opt/airflow/dags/etl_pipeline.py for tasks to queue
[2024-11-21T15:28:05.638+0000] {logging_mixin.py:190} INFO - [2024-11-21T15:28:05.637+0000] {dagbag.py:588} INFO - Filling up the DagBag from /opt/airflow/dags/etl_pipeline.py
[2024-11-21T15:28:05.721+0000] {processor.py:925} INFO - DAG(s) 'weather_data_pipeline' retrieved from /opt/airflow/dags/etl_pipeline.py
[2024-11-21T15:28:05.763+0000] {logging_mixin.py:190} INFO - [2024-11-21T15:28:05.762+0000] {dag.py:3239} INFO - Sync 1 DAGs
[2024-11-21T15:28:05.809+0000] {logging_mixin.py:190} INFO - [2024-11-21T15:28:05.809+0000] {dag.py:4180} INFO - Setting next_dagrun for weather_data_pipeline to 2024-11-20 00:00:00+00:00, run_after=2024-11-21 00:00:00+00:00
[2024-11-21T15:28:05.840+0000] {processor.py:208} INFO - Processing /opt/airflow/dags/etl_pipeline.py took 0.239 seconds
[2024-11-21T15:28:36.110+0000] {processor.py:186} INFO - Started process (PID=307) to work on /opt/airflow/dags/etl_pipeline.py
[2024-11-21T15:28:36.112+0000] {processor.py:914} INFO - Processing file /opt/airflow/dags/etl_pipeline.py for tasks to queue
[2024-11-21T15:28:36.118+0000] {logging_mixin.py:190} INFO - [2024-11-21T15:28:36.117+0000] {dagbag.py:588} INFO - Filling up the DagBag from /opt/airflow/dags/etl_pipeline.py
[2024-11-21T15:28:36.186+0000] {processor.py:925} INFO - DAG(s) 'weather_data_pipeline' retrieved from /opt/airflow/dags/etl_pipeline.py
[2024-11-21T15:28:36.277+0000] {logging_mixin.py:190} INFO - [2024-11-21T15:28:36.276+0000] {dag.py:3239} INFO - Sync 1 DAGs
[2024-11-21T15:28:36.386+0000] {logging_mixin.py:190} INFO - [2024-11-21T15:28:36.386+0000] {dag.py:4180} INFO - Setting next_dagrun for weather_data_pipeline to 2024-11-20 00:00:00+00:00, run_after=2024-11-21 00:00:00+00:00
[2024-11-21T15:28:36.452+0000] {processor.py:208} INFO - Processing /opt/airflow/dags/etl_pipeline.py took 0.372 seconds
[2024-11-21T15:29:06.802+0000] {processor.py:186} INFO - Started process (PID=314) to work on /opt/airflow/dags/etl_pipeline.py
[2024-11-21T15:29:06.805+0000] {processor.py:914} INFO - Processing file /opt/airflow/dags/etl_pipeline.py for tasks to queue
[2024-11-21T15:29:06.811+0000] {logging_mixin.py:190} INFO - [2024-11-21T15:29:06.811+0000] {dagbag.py:588} INFO - Filling up the DagBag from /opt/airflow/dags/etl_pipeline.py
[2024-11-21T15:29:06.853+0000] {processor.py:925} INFO - DAG(s) 'weather_data_pipeline' retrieved from /opt/airflow/dags/etl_pipeline.py
[2024-11-21T15:29:06.911+0000] {logging_mixin.py:190} INFO - [2024-11-21T15:29:06.909+0000] {dag.py:3239} INFO - Sync 1 DAGs
[2024-11-21T15:29:07.011+0000] {logging_mixin.py:190} INFO - [2024-11-21T15:29:07.010+0000] {dag.py:4180} INFO - Setting next_dagrun for weather_data_pipeline to 2024-11-20 00:00:00+00:00, run_after=2024-11-21 00:00:00+00:00
[2024-11-21T15:29:07.086+0000] {processor.py:208} INFO - Processing /opt/airflow/dags/etl_pipeline.py took 0.338 seconds
[2024-11-21T15:29:37.927+0000] {processor.py:186} INFO - Started process (PID=321) to work on /opt/airflow/dags/etl_pipeline.py
[2024-11-21T15:29:37.930+0000] {processor.py:914} INFO - Processing file /opt/airflow/dags/etl_pipeline.py for tasks to queue
[2024-11-21T15:29:37.936+0000] {logging_mixin.py:190} INFO - [2024-11-21T15:29:37.935+0000] {dagbag.py:588} INFO - Filling up the DagBag from /opt/airflow/dags/etl_pipeline.py
[2024-11-21T15:29:37.991+0000] {processor.py:925} INFO - DAG(s) 'weather_data_pipeline' retrieved from /opt/airflow/dags/etl_pipeline.py
[2024-11-21T15:29:38.034+0000] {logging_mixin.py:190} INFO - [2024-11-21T15:29:38.033+0000] {dag.py:3239} INFO - Sync 1 DAGs
[2024-11-21T15:29:38.085+0000] {logging_mixin.py:190} INFO - [2024-11-21T15:29:38.084+0000] {dag.py:4180} INFO - Setting next_dagrun for weather_data_pipeline to 2024-11-20 00:00:00+00:00, run_after=2024-11-21 00:00:00+00:00
[2024-11-21T15:29:38.146+0000] {processor.py:208} INFO - Processing /opt/airflow/dags/etl_pipeline.py took 0.235 seconds
[2024-11-21T15:30:08.860+0000] {processor.py:186} INFO - Started process (PID=328) to work on /opt/airflow/dags/etl_pipeline.py
[2024-11-21T15:30:08.867+0000] {processor.py:914} INFO - Processing file /opt/airflow/dags/etl_pipeline.py for tasks to queue
[2024-11-21T15:30:08.882+0000] {logging_mixin.py:190} INFO - [2024-11-21T15:30:08.872+0000] {dagbag.py:588} INFO - Filling up the DagBag from /opt/airflow/dags/etl_pipeline.py
[2024-11-21T15:30:08.947+0000] {processor.py:925} INFO - DAG(s) 'weather_data_pipeline' retrieved from /opt/airflow/dags/etl_pipeline.py
[2024-11-21T15:30:09.028+0000] {logging_mixin.py:190} INFO - [2024-11-21T15:30:09.026+0000] {dag.py:3239} INFO - Sync 1 DAGs
[2024-11-21T15:30:09.109+0000] {logging_mixin.py:190} INFO - [2024-11-21T15:30:09.108+0000] {dag.py:4180} INFO - Setting next_dagrun for weather_data_pipeline to 2024-11-20 00:00:00+00:00, run_after=2024-11-21 00:00:00+00:00
[2024-11-21T15:30:09.185+0000] {processor.py:208} INFO - Processing /opt/airflow/dags/etl_pipeline.py took 0.347 seconds
[2024-11-21T15:30:39.831+0000] {processor.py:186} INFO - Started process (PID=335) to work on /opt/airflow/dags/etl_pipeline.py
[2024-11-21T15:30:39.842+0000] {processor.py:914} INFO - Processing file /opt/airflow/dags/etl_pipeline.py for tasks to queue
[2024-11-21T15:30:39.938+0000] {logging_mixin.py:190} INFO - [2024-11-21T15:30:39.929+0000] {dagbag.py:588} INFO - Filling up the DagBag from /opt/airflow/dags/etl_pipeline.py
[2024-11-21T15:30:40.256+0000] {processor.py:925} INFO - DAG(s) 'weather_data_pipeline' retrieved from /opt/airflow/dags/etl_pipeline.py
[2024-11-21T15:30:40.687+0000] {logging_mixin.py:190} INFO - [2024-11-21T15:30:40.685+0000] {dag.py:3239} INFO - Sync 1 DAGs
[2024-11-21T15:30:40.849+0000] {logging_mixin.py:190} INFO - [2024-11-21T15:30:40.849+0000] {dag.py:4180} INFO - Setting next_dagrun for weather_data_pipeline to 2024-11-20 00:00:00+00:00, run_after=2024-11-21 00:00:00+00:00
[2024-11-21T15:30:40.963+0000] {processor.py:208} INFO - Processing /opt/airflow/dags/etl_pipeline.py took 1.234 seconds
[2024-11-21T15:31:11.637+0000] {processor.py:186} INFO - Started process (PID=342) to work on /opt/airflow/dags/etl_pipeline.py
[2024-11-21T15:31:11.644+0000] {processor.py:914} INFO - Processing file /opt/airflow/dags/etl_pipeline.py for tasks to queue
[2024-11-21T15:31:11.651+0000] {logging_mixin.py:190} INFO - [2024-11-21T15:31:11.650+0000] {dagbag.py:588} INFO - Filling up the DagBag from /opt/airflow/dags/etl_pipeline.py
[2024-11-21T15:31:11.713+0000] {processor.py:925} INFO - DAG(s) 'weather_data_pipeline' retrieved from /opt/airflow/dags/etl_pipeline.py
[2024-11-21T15:31:11.788+0000] {logging_mixin.py:190} INFO - [2024-11-21T15:31:11.787+0000] {dag.py:3239} INFO - Sync 1 DAGs
[2024-11-21T15:31:11.883+0000] {logging_mixin.py:190} INFO - [2024-11-21T15:31:11.882+0000] {dag.py:4180} INFO - Setting next_dagrun for weather_data_pipeline to 2024-11-20 00:00:00+00:00, run_after=2024-11-21 00:00:00+00:00
[2024-11-21T15:31:11.951+0000] {processor.py:208} INFO - Processing /opt/airflow/dags/etl_pipeline.py took 0.331 seconds
