[2024-11-20T03:48:49.172+0000] {processor.py:186} INFO - Started process (PID=122) to work on /home/airflow/.local/lib/python3.12/site-packages/airflow/example_dags/example_sensors.py
[2024-11-20T03:48:49.180+0000] {processor.py:914} INFO - Processing file /home/airflow/.local/lib/python3.12/site-packages/airflow/example_dags/example_sensors.py for tasks to queue
[2024-11-20T03:48:49.185+0000] {logging_mixin.py:190} INFO - [2024-11-20T03:48:49.184+0000] {dagbag.py:588} INFO - Filling up the DagBag from /home/airflow/.local/lib/python3.12/site-packages/airflow/example_dags/example_sensors.py
[2024-11-20T03:48:49.245+0000] {processor.py:925} INFO - DAG(s) 'example_sensors' retrieved from /home/airflow/.local/lib/python3.12/site-packages/airflow/example_dags/example_sensors.py
[2024-11-20T03:48:49.581+0000] {logging_mixin.py:190} INFO - [2024-11-20T03:48:49.580+0000] {override.py:1911} INFO - Created Permission View: can read on DAG:example_sensors
[2024-11-20T03:48:49.606+0000] {logging_mixin.py:190} INFO - [2024-11-20T03:48:49.605+0000] {override.py:1911} INFO - Created Permission View: can edit on DAG:example_sensors
[2024-11-20T03:48:49.627+0000] {logging_mixin.py:190} INFO - [2024-11-20T03:48:49.626+0000] {override.py:1911} INFO - Created Permission View: can delete on DAG:example_sensors
[2024-11-20T03:48:49.648+0000] {logging_mixin.py:190} INFO - [2024-11-20T03:48:49.647+0000] {override.py:1911} INFO - Created Permission View: menu access on DAG Run:example_sensors
[2024-11-20T03:48:49.667+0000] {logging_mixin.py:190} INFO - [2024-11-20T03:48:49.666+0000] {override.py:1911} INFO - Created Permission View: can read on DAG Run:example_sensors
[2024-11-20T03:48:49.687+0000] {logging_mixin.py:190} INFO - [2024-11-20T03:48:49.686+0000] {override.py:1911} INFO - Created Permission View: can delete on DAG Run:example_sensors
[2024-11-20T03:48:49.708+0000] {logging_mixin.py:190} INFO - [2024-11-20T03:48:49.707+0000] {override.py:1911} INFO - Created Permission View: can create on DAG Run:example_sensors
[2024-11-20T03:48:49.710+0000] {logging_mixin.py:190} INFO - [2024-11-20T03:48:49.709+0000] {dag.py:3239} INFO - Sync 1 DAGs
[2024-11-20T03:48:49.747+0000] {logging_mixin.py:190} INFO - [2024-11-20T03:48:49.747+0000] {dag.py:3262} INFO - Creating ORM DAG for example_sensors
[2024-11-20T03:48:49.749+0000] {logging_mixin.py:190} INFO - [2024-11-20T03:48:49.749+0000] {dag.py:4180} INFO - Setting next_dagrun for example_sensors to None, run_after=None
[2024-11-20T03:48:49.831+0000] {processor.py:208} INFO - Processing /home/airflow/.local/lib/python3.12/site-packages/airflow/example_dags/example_sensors.py took 0.699 seconds
[2024-11-20T03:49:20.348+0000] {processor.py:186} INFO - Started process (PID=184) to work on /home/airflow/.local/lib/python3.12/site-packages/airflow/example_dags/example_sensors.py
[2024-11-20T03:49:20.350+0000] {processor.py:914} INFO - Processing file /home/airflow/.local/lib/python3.12/site-packages/airflow/example_dags/example_sensors.py for tasks to queue
[2024-11-20T03:49:20.357+0000] {logging_mixin.py:190} INFO - [2024-11-20T03:49:20.356+0000] {dagbag.py:588} INFO - Filling up the DagBag from /home/airflow/.local/lib/python3.12/site-packages/airflow/example_dags/example_sensors.py
[2024-11-20T03:49:20.398+0000] {processor.py:925} INFO - DAG(s) 'example_sensors' retrieved from /home/airflow/.local/lib/python3.12/site-packages/airflow/example_dags/example_sensors.py
[2024-11-20T03:49:20.515+0000] {logging_mixin.py:190} INFO - [2024-11-20T03:49:20.514+0000] {dag.py:3239} INFO - Sync 1 DAGs
[2024-11-20T03:49:20.596+0000] {logging_mixin.py:190} INFO - [2024-11-20T03:49:20.595+0000] {dag.py:4180} INFO - Setting next_dagrun for example_sensors to None, run_after=None
[2024-11-20T03:49:20.779+0000] {processor.py:208} INFO - Processing /home/airflow/.local/lib/python3.12/site-packages/airflow/example_dags/example_sensors.py took 0.462 seconds
[2024-11-20T03:49:51.723+0000] {processor.py:186} INFO - Started process (PID=248) to work on /home/airflow/.local/lib/python3.12/site-packages/airflow/example_dags/example_sensors.py
[2024-11-20T03:49:51.724+0000] {processor.py:914} INFO - Processing file /home/airflow/.local/lib/python3.12/site-packages/airflow/example_dags/example_sensors.py for tasks to queue
[2024-11-20T03:49:51.731+0000] {logging_mixin.py:190} INFO - [2024-11-20T03:49:51.730+0000] {dagbag.py:588} INFO - Filling up the DagBag from /home/airflow/.local/lib/python3.12/site-packages/airflow/example_dags/example_sensors.py
[2024-11-20T03:49:51.758+0000] {processor.py:925} INFO - DAG(s) 'example_sensors' retrieved from /home/airflow/.local/lib/python3.12/site-packages/airflow/example_dags/example_sensors.py
[2024-11-20T03:49:51.816+0000] {logging_mixin.py:190} INFO - [2024-11-20T03:49:51.816+0000] {dag.py:3239} INFO - Sync 1 DAGs
[2024-11-20T03:49:51.849+0000] {logging_mixin.py:190} INFO - [2024-11-20T03:49:51.848+0000] {dag.py:4180} INFO - Setting next_dagrun for example_sensors to None, run_after=None
[2024-11-20T03:49:51.886+0000] {processor.py:208} INFO - Processing /home/airflow/.local/lib/python3.12/site-packages/airflow/example_dags/example_sensors.py took 0.175 seconds
[2024-11-20T03:50:36.130+0000] {processor.py:186} INFO - Started process (PID=310) to work on /home/airflow/.local/lib/python3.12/site-packages/airflow/example_dags/example_sensors.py
[2024-11-20T03:50:36.132+0000] {processor.py:914} INFO - Processing file /home/airflow/.local/lib/python3.12/site-packages/airflow/example_dags/example_sensors.py for tasks to queue
[2024-11-20T03:50:36.139+0000] {logging_mixin.py:190} INFO - [2024-11-20T03:50:36.139+0000] {dagbag.py:588} INFO - Filling up the DagBag from /home/airflow/.local/lib/python3.12/site-packages/airflow/example_dags/example_sensors.py
[2024-11-20T03:50:36.165+0000] {processor.py:925} INFO - DAG(s) 'example_sensors' retrieved from /home/airflow/.local/lib/python3.12/site-packages/airflow/example_dags/example_sensors.py
[2024-11-20T03:50:36.244+0000] {logging_mixin.py:190} INFO - [2024-11-20T03:50:36.243+0000] {dag.py:3239} INFO - Sync 1 DAGs
[2024-11-20T03:50:36.288+0000] {logging_mixin.py:190} INFO - [2024-11-20T03:50:36.288+0000] {dag.py:4180} INFO - Setting next_dagrun for example_sensors to None, run_after=None
[2024-11-20T03:50:36.326+0000] {processor.py:208} INFO - Processing /home/airflow/.local/lib/python3.12/site-packages/airflow/example_dags/example_sensors.py took 0.208 seconds
[2024-11-20T03:51:09.418+0000] {processor.py:186} INFO - Started process (PID=373) to work on /home/airflow/.local/lib/python3.12/site-packages/airflow/example_dags/example_sensors.py
[2024-11-20T03:51:09.420+0000] {processor.py:914} INFO - Processing file /home/airflow/.local/lib/python3.12/site-packages/airflow/example_dags/example_sensors.py for tasks to queue
[2024-11-20T03:51:09.426+0000] {logging_mixin.py:190} INFO - [2024-11-20T03:51:09.425+0000] {dagbag.py:588} INFO - Filling up the DagBag from /home/airflow/.local/lib/python3.12/site-packages/airflow/example_dags/example_sensors.py
[2024-11-20T03:51:09.489+0000] {processor.py:925} INFO - DAG(s) 'example_sensors' retrieved from /home/airflow/.local/lib/python3.12/site-packages/airflow/example_dags/example_sensors.py
[2024-11-20T03:51:09.608+0000] {logging_mixin.py:190} INFO - [2024-11-20T03:51:09.608+0000] {dag.py:3239} INFO - Sync 1 DAGs
[2024-11-20T03:51:09.662+0000] {logging_mixin.py:190} INFO - [2024-11-20T03:51:09.662+0000] {dag.py:4180} INFO - Setting next_dagrun for example_sensors to None, run_after=None
[2024-11-20T03:51:09.761+0000] {processor.py:208} INFO - Processing /home/airflow/.local/lib/python3.12/site-packages/airflow/example_dags/example_sensors.py took 0.357 seconds
[2024-11-20T03:51:41.119+0000] {processor.py:186} INFO - Started process (PID=437) to work on /home/airflow/.local/lib/python3.12/site-packages/airflow/example_dags/example_sensors.py
[2024-11-20T03:51:41.121+0000] {processor.py:914} INFO - Processing file /home/airflow/.local/lib/python3.12/site-packages/airflow/example_dags/example_sensors.py for tasks to queue
[2024-11-20T03:51:41.125+0000] {logging_mixin.py:190} INFO - [2024-11-20T03:51:41.125+0000] {dagbag.py:588} INFO - Filling up the DagBag from /home/airflow/.local/lib/python3.12/site-packages/airflow/example_dags/example_sensors.py
[2024-11-20T03:51:41.154+0000] {processor.py:925} INFO - DAG(s) 'example_sensors' retrieved from /home/airflow/.local/lib/python3.12/site-packages/airflow/example_dags/example_sensors.py
[2024-11-20T03:51:41.250+0000] {logging_mixin.py:190} INFO - [2024-11-20T03:51:41.249+0000] {dag.py:3239} INFO - Sync 1 DAGs
[2024-11-20T03:51:41.281+0000] {logging_mixin.py:190} INFO - [2024-11-20T03:51:41.280+0000] {dag.py:4180} INFO - Setting next_dagrun for example_sensors to None, run_after=None
[2024-11-20T03:51:41.334+0000] {processor.py:208} INFO - Processing /home/airflow/.local/lib/python3.12/site-packages/airflow/example_dags/example_sensors.py took 0.228 seconds
[2024-11-20T03:52:13.373+0000] {processor.py:186} INFO - Started process (PID=499) to work on /home/airflow/.local/lib/python3.12/site-packages/airflow/example_dags/example_sensors.py
[2024-11-20T03:52:13.377+0000] {processor.py:914} INFO - Processing file /home/airflow/.local/lib/python3.12/site-packages/airflow/example_dags/example_sensors.py for tasks to queue
[2024-11-20T03:52:13.389+0000] {logging_mixin.py:190} INFO - [2024-11-20T03:52:13.388+0000] {dagbag.py:588} INFO - Filling up the DagBag from /home/airflow/.local/lib/python3.12/site-packages/airflow/example_dags/example_sensors.py
[2024-11-20T03:52:13.445+0000] {processor.py:925} INFO - DAG(s) 'example_sensors' retrieved from /home/airflow/.local/lib/python3.12/site-packages/airflow/example_dags/example_sensors.py
[2024-11-20T03:52:13.558+0000] {logging_mixin.py:190} INFO - [2024-11-20T03:52:13.557+0000] {dag.py:3239} INFO - Sync 1 DAGs
[2024-11-20T03:52:13.646+0000] {logging_mixin.py:190} INFO - [2024-11-20T03:52:13.646+0000] {dag.py:4180} INFO - Setting next_dagrun for example_sensors to None, run_after=None
[2024-11-20T03:52:13.827+0000] {processor.py:208} INFO - Processing /home/airflow/.local/lib/python3.12/site-packages/airflow/example_dags/example_sensors.py took 0.476 seconds
[2024-11-20T03:52:43.973+0000] {processor.py:186} INFO - Started process (PID=560) to work on /home/airflow/.local/lib/python3.12/site-packages/airflow/example_dags/example_sensors.py
[2024-11-20T03:52:43.974+0000] {processor.py:914} INFO - Processing file /home/airflow/.local/lib/python3.12/site-packages/airflow/example_dags/example_sensors.py for tasks to queue
[2024-11-20T03:52:43.978+0000] {logging_mixin.py:190} INFO - [2024-11-20T03:52:43.978+0000] {dagbag.py:588} INFO - Filling up the DagBag from /home/airflow/.local/lib/python3.12/site-packages/airflow/example_dags/example_sensors.py
[2024-11-20T03:52:44.001+0000] {processor.py:925} INFO - DAG(s) 'example_sensors' retrieved from /home/airflow/.local/lib/python3.12/site-packages/airflow/example_dags/example_sensors.py
[2024-11-20T03:52:44.053+0000] {logging_mixin.py:190} INFO - [2024-11-20T03:52:44.052+0000] {dag.py:3239} INFO - Sync 1 DAGs
[2024-11-20T03:52:44.079+0000] {logging_mixin.py:190} INFO - [2024-11-20T03:52:44.079+0000] {dag.py:4180} INFO - Setting next_dagrun for example_sensors to None, run_after=None
[2024-11-20T03:52:44.114+0000] {processor.py:208} INFO - Processing /home/airflow/.local/lib/python3.12/site-packages/airflow/example_dags/example_sensors.py took 0.152 seconds
[2024-11-20T03:53:16.446+0000] {processor.py:186} INFO - Started process (PID=624) to work on /home/airflow/.local/lib/python3.12/site-packages/airflow/example_dags/example_sensors.py
[2024-11-20T03:53:16.447+0000] {processor.py:914} INFO - Processing file /home/airflow/.local/lib/python3.12/site-packages/airflow/example_dags/example_sensors.py for tasks to queue
[2024-11-20T03:53:16.452+0000] {logging_mixin.py:190} INFO - [2024-11-20T03:53:16.451+0000] {dagbag.py:588} INFO - Filling up the DagBag from /home/airflow/.local/lib/python3.12/site-packages/airflow/example_dags/example_sensors.py
[2024-11-20T03:53:16.469+0000] {processor.py:925} INFO - DAG(s) 'example_sensors' retrieved from /home/airflow/.local/lib/python3.12/site-packages/airflow/example_dags/example_sensors.py
[2024-11-20T03:53:16.508+0000] {logging_mixin.py:190} INFO - [2024-11-20T03:53:16.508+0000] {dag.py:3239} INFO - Sync 1 DAGs
[2024-11-20T03:53:16.535+0000] {logging_mixin.py:190} INFO - [2024-11-20T03:53:16.534+0000] {dag.py:4180} INFO - Setting next_dagrun for example_sensors to None, run_after=None
[2024-11-20T03:53:16.749+0000] {processor.py:208} INFO - Processing /home/airflow/.local/lib/python3.12/site-packages/airflow/example_dags/example_sensors.py took 0.311 seconds
[2024-11-20T03:53:49.543+0000] {processor.py:186} INFO - Started process (PID=693) to work on /home/airflow/.local/lib/python3.12/site-packages/airflow/example_dags/example_sensors.py
[2024-11-20T03:53:49.547+0000] {processor.py:914} INFO - Processing file /home/airflow/.local/lib/python3.12/site-packages/airflow/example_dags/example_sensors.py for tasks to queue
[2024-11-20T03:53:49.553+0000] {logging_mixin.py:190} INFO - [2024-11-20T03:53:49.552+0000] {dagbag.py:588} INFO - Filling up the DagBag from /home/airflow/.local/lib/python3.12/site-packages/airflow/example_dags/example_sensors.py
[2024-11-20T03:53:49.582+0000] {processor.py:925} INFO - DAG(s) 'example_sensors' retrieved from /home/airflow/.local/lib/python3.12/site-packages/airflow/example_dags/example_sensors.py
[2024-11-20T03:53:49.639+0000] {logging_mixin.py:190} INFO - [2024-11-20T03:53:49.639+0000] {dag.py:3239} INFO - Sync 1 DAGs
[2024-11-20T03:53:49.672+0000] {logging_mixin.py:190} INFO - [2024-11-20T03:53:49.672+0000] {dag.py:4180} INFO - Setting next_dagrun for example_sensors to None, run_after=None
[2024-11-20T03:53:49.717+0000] {processor.py:208} INFO - Processing /home/airflow/.local/lib/python3.12/site-packages/airflow/example_dags/example_sensors.py took 0.184 seconds
[2024-11-20T03:54:22.083+0000] {processor.py:186} INFO - Started process (PID=756) to work on /home/airflow/.local/lib/python3.12/site-packages/airflow/example_dags/example_sensors.py
[2024-11-20T03:54:22.086+0000] {processor.py:914} INFO - Processing file /home/airflow/.local/lib/python3.12/site-packages/airflow/example_dags/example_sensors.py for tasks to queue
[2024-11-20T03:54:22.091+0000] {logging_mixin.py:190} INFO - [2024-11-20T03:54:22.090+0000] {dagbag.py:588} INFO - Filling up the DagBag from /home/airflow/.local/lib/python3.12/site-packages/airflow/example_dags/example_sensors.py
[2024-11-20T03:54:22.148+0000] {processor.py:925} INFO - DAG(s) 'example_sensors' retrieved from /home/airflow/.local/lib/python3.12/site-packages/airflow/example_dags/example_sensors.py
[2024-11-20T03:54:22.322+0000] {logging_mixin.py:190} INFO - [2024-11-20T03:54:22.321+0000] {dag.py:3239} INFO - Sync 1 DAGs
[2024-11-20T03:54:22.378+0000] {logging_mixin.py:190} INFO - [2024-11-20T03:54:22.378+0000] {dag.py:4180} INFO - Setting next_dagrun for example_sensors to None, run_after=None
[2024-11-20T03:54:22.458+0000] {processor.py:208} INFO - Processing /home/airflow/.local/lib/python3.12/site-packages/airflow/example_dags/example_sensors.py took 0.398 seconds
[2024-11-20T03:54:54.434+0000] {processor.py:186} INFO - Started process (PID=818) to work on /home/airflow/.local/lib/python3.12/site-packages/airflow/example_dags/example_sensors.py
[2024-11-20T03:54:54.436+0000] {processor.py:914} INFO - Processing file /home/airflow/.local/lib/python3.12/site-packages/airflow/example_dags/example_sensors.py for tasks to queue
[2024-11-20T03:54:54.442+0000] {logging_mixin.py:190} INFO - [2024-11-20T03:54:54.441+0000] {dagbag.py:588} INFO - Filling up the DagBag from /home/airflow/.local/lib/python3.12/site-packages/airflow/example_dags/example_sensors.py
[2024-11-20T03:54:54.475+0000] {processor.py:925} INFO - DAG(s) 'example_sensors' retrieved from /home/airflow/.local/lib/python3.12/site-packages/airflow/example_dags/example_sensors.py
[2024-11-20T03:54:54.536+0000] {logging_mixin.py:190} INFO - [2024-11-20T03:54:54.536+0000] {dag.py:3239} INFO - Sync 1 DAGs
[2024-11-20T03:54:54.560+0000] {logging_mixin.py:190} INFO - [2024-11-20T03:54:54.559+0000] {dag.py:4180} INFO - Setting next_dagrun for example_sensors to None, run_after=None
[2024-11-20T03:54:54.590+0000] {processor.py:208} INFO - Processing /home/airflow/.local/lib/python3.12/site-packages/airflow/example_dags/example_sensors.py took 0.170 seconds
[2024-11-20T03:55:25.292+0000] {processor.py:186} INFO - Started process (PID=880) to work on /home/airflow/.local/lib/python3.12/site-packages/airflow/example_dags/example_sensors.py
[2024-11-20T03:55:25.295+0000] {processor.py:914} INFO - Processing file /home/airflow/.local/lib/python3.12/site-packages/airflow/example_dags/example_sensors.py for tasks to queue
[2024-11-20T03:55:25.301+0000] {logging_mixin.py:190} INFO - [2024-11-20T03:55:25.300+0000] {dagbag.py:588} INFO - Filling up the DagBag from /home/airflow/.local/lib/python3.12/site-packages/airflow/example_dags/example_sensors.py
[2024-11-20T03:55:25.332+0000] {processor.py:925} INFO - DAG(s) 'example_sensors' retrieved from /home/airflow/.local/lib/python3.12/site-packages/airflow/example_dags/example_sensors.py
[2024-11-20T03:55:25.396+0000] {logging_mixin.py:190} INFO - [2024-11-20T03:55:25.396+0000] {dag.py:3239} INFO - Sync 1 DAGs
[2024-11-20T03:55:25.428+0000] {logging_mixin.py:190} INFO - [2024-11-20T03:55:25.428+0000] {dag.py:4180} INFO - Setting next_dagrun for example_sensors to None, run_after=None
[2024-11-20T03:55:25.470+0000] {processor.py:208} INFO - Processing /home/airflow/.local/lib/python3.12/site-packages/airflow/example_dags/example_sensors.py took 0.191 seconds
[2024-11-20T03:55:55.808+0000] {processor.py:186} INFO - Started process (PID=943) to work on /home/airflow/.local/lib/python3.12/site-packages/airflow/example_dags/example_sensors.py
[2024-11-20T03:55:55.809+0000] {processor.py:914} INFO - Processing file /home/airflow/.local/lib/python3.12/site-packages/airflow/example_dags/example_sensors.py for tasks to queue
[2024-11-20T03:55:55.813+0000] {logging_mixin.py:190} INFO - [2024-11-20T03:55:55.813+0000] {dagbag.py:588} INFO - Filling up the DagBag from /home/airflow/.local/lib/python3.12/site-packages/airflow/example_dags/example_sensors.py
[2024-11-20T03:55:55.836+0000] {processor.py:925} INFO - DAG(s) 'example_sensors' retrieved from /home/airflow/.local/lib/python3.12/site-packages/airflow/example_dags/example_sensors.py
[2024-11-20T03:55:55.880+0000] {logging_mixin.py:190} INFO - [2024-11-20T03:55:55.880+0000] {dag.py:3239} INFO - Sync 1 DAGs
[2024-11-20T03:55:55.910+0000] {logging_mixin.py:190} INFO - [2024-11-20T03:55:55.909+0000] {dag.py:4180} INFO - Setting next_dagrun for example_sensors to None, run_after=None
[2024-11-20T03:55:55.944+0000] {processor.py:208} INFO - Processing /home/airflow/.local/lib/python3.12/site-packages/airflow/example_dags/example_sensors.py took 0.146 seconds
[2024-11-20T03:56:26.533+0000] {processor.py:186} INFO - Started process (PID=1005) to work on /home/airflow/.local/lib/python3.12/site-packages/airflow/example_dags/example_sensors.py
[2024-11-20T03:56:26.539+0000] {processor.py:914} INFO - Processing file /home/airflow/.local/lib/python3.12/site-packages/airflow/example_dags/example_sensors.py for tasks to queue
[2024-11-20T03:56:26.545+0000] {logging_mixin.py:190} INFO - [2024-11-20T03:56:26.544+0000] {dagbag.py:588} INFO - Filling up the DagBag from /home/airflow/.local/lib/python3.12/site-packages/airflow/example_dags/example_sensors.py
[2024-11-20T03:56:26.594+0000] {processor.py:925} INFO - DAG(s) 'example_sensors' retrieved from /home/airflow/.local/lib/python3.12/site-packages/airflow/example_dags/example_sensors.py
[2024-11-20T03:56:26.671+0000] {logging_mixin.py:190} INFO - [2024-11-20T03:56:26.671+0000] {dag.py:3239} INFO - Sync 1 DAGs
[2024-11-20T03:56:26.706+0000] {logging_mixin.py:190} INFO - [2024-11-20T03:56:26.706+0000] {dag.py:4180} INFO - Setting next_dagrun for example_sensors to None, run_after=None
[2024-11-20T03:56:26.750+0000] {processor.py:208} INFO - Processing /home/airflow/.local/lib/python3.12/site-packages/airflow/example_dags/example_sensors.py took 0.230 seconds
[2024-11-20T03:56:57.899+0000] {processor.py:186} INFO - Started process (PID=1068) to work on /home/airflow/.local/lib/python3.12/site-packages/airflow/example_dags/example_sensors.py
[2024-11-20T03:56:57.907+0000] {processor.py:914} INFO - Processing file /home/airflow/.local/lib/python3.12/site-packages/airflow/example_dags/example_sensors.py for tasks to queue
[2024-11-20T03:56:57.914+0000] {logging_mixin.py:190} INFO - [2024-11-20T03:56:57.914+0000] {dagbag.py:588} INFO - Filling up the DagBag from /home/airflow/.local/lib/python3.12/site-packages/airflow/example_dags/example_sensors.py
[2024-11-20T03:56:57.939+0000] {processor.py:925} INFO - DAG(s) 'example_sensors' retrieved from /home/airflow/.local/lib/python3.12/site-packages/airflow/example_dags/example_sensors.py
[2024-11-20T03:56:58.060+0000] {logging_mixin.py:190} INFO - [2024-11-20T03:56:58.059+0000] {dag.py:3239} INFO - Sync 1 DAGs
[2024-11-20T03:56:58.114+0000] {logging_mixin.py:190} INFO - [2024-11-20T03:56:58.113+0000] {dag.py:4180} INFO - Setting next_dagrun for example_sensors to None, run_after=None
[2024-11-20T03:56:58.183+0000] {processor.py:208} INFO - Processing /home/airflow/.local/lib/python3.12/site-packages/airflow/example_dags/example_sensors.py took 0.305 seconds
[2024-11-20T03:57:28.976+0000] {processor.py:186} INFO - Started process (PID=1131) to work on /home/airflow/.local/lib/python3.12/site-packages/airflow/example_dags/example_sensors.py
[2024-11-20T03:57:28.978+0000] {processor.py:914} INFO - Processing file /home/airflow/.local/lib/python3.12/site-packages/airflow/example_dags/example_sensors.py for tasks to queue
[2024-11-20T03:57:28.986+0000] {logging_mixin.py:190} INFO - [2024-11-20T03:57:28.985+0000] {dagbag.py:588} INFO - Filling up the DagBag from /home/airflow/.local/lib/python3.12/site-packages/airflow/example_dags/example_sensors.py
[2024-11-20T03:57:29.007+0000] {processor.py:925} INFO - DAG(s) 'example_sensors' retrieved from /home/airflow/.local/lib/python3.12/site-packages/airflow/example_dags/example_sensors.py
[2024-11-20T03:57:29.077+0000] {logging_mixin.py:190} INFO - [2024-11-20T03:57:29.077+0000] {dag.py:3239} INFO - Sync 1 DAGs
[2024-11-20T03:57:29.115+0000] {logging_mixin.py:190} INFO - [2024-11-20T03:57:29.114+0000] {dag.py:4180} INFO - Setting next_dagrun for example_sensors to None, run_after=None
[2024-11-20T03:57:29.157+0000] {processor.py:208} INFO - Processing /home/airflow/.local/lib/python3.12/site-packages/airflow/example_dags/example_sensors.py took 0.197 seconds
[2024-11-20T03:57:59.236+0000] {processor.py:186} INFO - Started process (PID=1188) to work on /home/airflow/.local/lib/python3.12/site-packages/airflow/example_dags/example_sensors.py
[2024-11-20T03:57:59.237+0000] {processor.py:914} INFO - Processing file /home/airflow/.local/lib/python3.12/site-packages/airflow/example_dags/example_sensors.py for tasks to queue
[2024-11-20T03:57:59.240+0000] {logging_mixin.py:190} INFO - [2024-11-20T03:57:59.240+0000] {dagbag.py:588} INFO - Filling up the DagBag from /home/airflow/.local/lib/python3.12/site-packages/airflow/example_dags/example_sensors.py
[2024-11-20T03:57:59.261+0000] {processor.py:925} INFO - DAG(s) 'example_sensors' retrieved from /home/airflow/.local/lib/python3.12/site-packages/airflow/example_dags/example_sensors.py
[2024-11-20T03:57:59.300+0000] {logging_mixin.py:190} INFO - [2024-11-20T03:57:59.300+0000] {dag.py:3239} INFO - Sync 1 DAGs
[2024-11-20T03:57:59.321+0000] {logging_mixin.py:190} INFO - [2024-11-20T03:57:59.321+0000] {dag.py:4180} INFO - Setting next_dagrun for example_sensors to None, run_after=None
[2024-11-20T03:57:59.353+0000] {processor.py:208} INFO - Processing /home/airflow/.local/lib/python3.12/site-packages/airflow/example_dags/example_sensors.py took 0.126 seconds
[2024-11-20T03:58:29.422+0000] {processor.py:186} INFO - Started process (PID=1251) to work on /home/airflow/.local/lib/python3.12/site-packages/airflow/example_dags/example_sensors.py
[2024-11-20T03:58:29.424+0000] {processor.py:914} INFO - Processing file /home/airflow/.local/lib/python3.12/site-packages/airflow/example_dags/example_sensors.py for tasks to queue
[2024-11-20T03:58:29.431+0000] {logging_mixin.py:190} INFO - [2024-11-20T03:58:29.428+0000] {dagbag.py:588} INFO - Filling up the DagBag from /home/airflow/.local/lib/python3.12/site-packages/airflow/example_dags/example_sensors.py
[2024-11-20T03:58:29.454+0000] {processor.py:925} INFO - DAG(s) 'example_sensors' retrieved from /home/airflow/.local/lib/python3.12/site-packages/airflow/example_dags/example_sensors.py
[2024-11-20T03:58:29.510+0000] {logging_mixin.py:190} INFO - [2024-11-20T03:58:29.510+0000] {dag.py:3239} INFO - Sync 1 DAGs
[2024-11-20T03:58:29.542+0000] {logging_mixin.py:190} INFO - [2024-11-20T03:58:29.541+0000] {dag.py:4180} INFO - Setting next_dagrun for example_sensors to None, run_after=None
[2024-11-20T03:58:29.587+0000] {processor.py:208} INFO - Processing /home/airflow/.local/lib/python3.12/site-packages/airflow/example_dags/example_sensors.py took 0.181 seconds
[2024-11-20T03:59:00.238+0000] {processor.py:186} INFO - Started process (PID=1314) to work on /home/airflow/.local/lib/python3.12/site-packages/airflow/example_dags/example_sensors.py
[2024-11-20T03:59:00.239+0000] {processor.py:914} INFO - Processing file /home/airflow/.local/lib/python3.12/site-packages/airflow/example_dags/example_sensors.py for tasks to queue
[2024-11-20T03:59:00.243+0000] {logging_mixin.py:190} INFO - [2024-11-20T03:59:00.243+0000] {dagbag.py:588} INFO - Filling up the DagBag from /home/airflow/.local/lib/python3.12/site-packages/airflow/example_dags/example_sensors.py
[2024-11-20T03:59:00.264+0000] {processor.py:925} INFO - DAG(s) 'example_sensors' retrieved from /home/airflow/.local/lib/python3.12/site-packages/airflow/example_dags/example_sensors.py
[2024-11-20T03:59:00.363+0000] {logging_mixin.py:190} INFO - [2024-11-20T03:59:00.362+0000] {dag.py:3239} INFO - Sync 1 DAGs
[2024-11-20T03:59:00.403+0000] {logging_mixin.py:190} INFO - [2024-11-20T03:59:00.402+0000] {dag.py:4180} INFO - Setting next_dagrun for example_sensors to None, run_after=None
[2024-11-20T03:59:00.460+0000] {processor.py:208} INFO - Processing /home/airflow/.local/lib/python3.12/site-packages/airflow/example_dags/example_sensors.py took 0.235 seconds
[2024-11-20T03:59:30.911+0000] {processor.py:186} INFO - Started process (PID=1378) to work on /home/airflow/.local/lib/python3.12/site-packages/airflow/example_dags/example_sensors.py
[2024-11-20T03:59:30.913+0000] {processor.py:914} INFO - Processing file /home/airflow/.local/lib/python3.12/site-packages/airflow/example_dags/example_sensors.py for tasks to queue
[2024-11-20T03:59:30.917+0000] {logging_mixin.py:190} INFO - [2024-11-20T03:59:30.917+0000] {dagbag.py:588} INFO - Filling up the DagBag from /home/airflow/.local/lib/python3.12/site-packages/airflow/example_dags/example_sensors.py
[2024-11-20T03:59:30.975+0000] {processor.py:925} INFO - DAG(s) 'example_sensors' retrieved from /home/airflow/.local/lib/python3.12/site-packages/airflow/example_dags/example_sensors.py
[2024-11-20T03:59:31.089+0000] {logging_mixin.py:190} INFO - [2024-11-20T03:59:31.088+0000] {dag.py:3239} INFO - Sync 1 DAGs
[2024-11-20T03:59:31.137+0000] {logging_mixin.py:190} INFO - [2024-11-20T03:59:31.136+0000] {dag.py:4180} INFO - Setting next_dagrun for example_sensors to None, run_after=None
[2024-11-20T03:59:31.187+0000] {processor.py:208} INFO - Processing /home/airflow/.local/lib/python3.12/site-packages/airflow/example_dags/example_sensors.py took 0.289 seconds
