[2024-11-20T03:47:52.660+0000] {processor.py:186} INFO - Started process (PID=85) to work on /home/airflow/.local/lib/python3.12/site-packages/airflow/example_dags/example_subdag_operator.py
[2024-11-20T03:47:52.663+0000] {processor.py:914} INFO - Processing file /home/airflow/.local/lib/python3.12/site-packages/airflow/example_dags/example_subdag_operator.py for tasks to queue
[2024-11-20T03:47:52.668+0000] {logging_mixin.py:190} INFO - [2024-11-20T03:47:52.668+0000] {dagbag.py:588} INFO - Filling up the DagBag from /home/airflow/.local/lib/python3.12/site-packages/airflow/example_dags/example_subdag_operator.py
[2024-11-20T03:47:52.781+0000] {processor.py:925} INFO - DAG(s) 'example_subdag_operator.section-1', 'example_subdag_operator.section-2', 'example_subdag_operator' retrieved from /home/airflow/.local/lib/python3.12/site-packages/airflow/example_dags/example_subdag_operator.py
[2024-11-20T03:47:53.377+0000] {logging_mixin.py:190} INFO - [2024-11-20T03:47:53.373+0000] {override.py:1911} INFO - Created Permission View: can read on DAG:example_subdag_operator
[2024-11-20T03:47:53.425+0000] {logging_mixin.py:190} INFO - [2024-11-20T03:47:53.424+0000] {override.py:1911} INFO - Created Permission View: can edit on DAG:example_subdag_operator
[2024-11-20T03:47:53.457+0000] {logging_mixin.py:190} INFO - [2024-11-20T03:47:53.457+0000] {override.py:1911} INFO - Created Permission View: can delete on DAG:example_subdag_operator
[2024-11-20T03:47:53.493+0000] {logging_mixin.py:190} INFO - [2024-11-20T03:47:53.492+0000] {override.py:1911} INFO - Created Permission View: menu access on DAG Run:example_subdag_operator
[2024-11-20T03:47:53.513+0000] {logging_mixin.py:190} INFO - [2024-11-20T03:47:53.512+0000] {override.py:1911} INFO - Created Permission View: can read on DAG Run:example_subdag_operator
[2024-11-20T03:47:53.538+0000] {logging_mixin.py:190} INFO - [2024-11-20T03:47:53.534+0000] {override.py:1911} INFO - Created Permission View: can delete on DAG Run:example_subdag_operator
[2024-11-20T03:47:53.567+0000] {logging_mixin.py:190} INFO - [2024-11-20T03:47:53.566+0000] {override.py:1911} INFO - Created Permission View: can create on DAG Run:example_subdag_operator
[2024-11-20T03:47:53.569+0000] {logging_mixin.py:190} INFO - [2024-11-20T03:47:53.568+0000] {dag.py:3239} INFO - Sync 3 DAGs
[2024-11-20T03:47:53.624+0000] {logging_mixin.py:190} INFO - [2024-11-20T03:47:53.619+0000] {dag.py:3262} INFO - Creating ORM DAG for example_subdag_operator
[2024-11-20T03:47:53.632+0000] {logging_mixin.py:190} INFO - [2024-11-20T03:47:53.632+0000] {dag.py:3262} INFO - Creating ORM DAG for example_subdag_operator.section-1
[2024-11-20T03:47:53.636+0000] {logging_mixin.py:190} INFO - [2024-11-20T03:47:53.635+0000] {dag.py:3262} INFO - Creating ORM DAG for example_subdag_operator.section-2
[2024-11-20T03:47:53.670+0000] {logging_mixin.py:190} INFO - [2024-11-20T03:47:53.669+0000] {dag.py:4180} INFO - Setting next_dagrun for example_subdag_operator to 2022-01-01 00:00:00+00:00, run_after=2022-01-01 00:00:00+00:00
[2024-11-20T03:47:53.672+0000] {logging_mixin.py:190} INFO - [2024-11-20T03:47:53.671+0000] {dag.py:4180} INFO - Setting next_dagrun for example_subdag_operator.section-1 to None, run_after=None
[2024-11-20T03:47:53.673+0000] {logging_mixin.py:190} INFO - [2024-11-20T03:47:53.673+0000] {dag.py:4180} INFO - Setting next_dagrun for example_subdag_operator.section-2 to None, run_after=None
[2024-11-20T03:47:53.700+0000] {logging_mixin.py:190} INFO - [2024-11-20T03:47:53.699+0000] {dag.py:3239} INFO - Sync 2 DAGs
[2024-11-20T03:47:53.721+0000] {logging_mixin.py:190} INFO - [2024-11-20T03:47:53.721+0000] {dag.py:4180} INFO - Setting next_dagrun for example_subdag_operator.section-1 to None, run_after=None
[2024-11-20T03:47:53.729+0000] {logging_mixin.py:190} INFO - [2024-11-20T03:47:53.728+0000] {dag.py:4180} INFO - Setting next_dagrun for example_subdag_operator.section-2 to None, run_after=None
[2024-11-20T03:47:53.776+0000] {processor.py:208} INFO - Processing /home/airflow/.local/lib/python3.12/site-packages/airflow/example_dags/example_subdag_operator.py took 1.131 seconds
[2024-11-20T03:49:14.226+0000] {processor.py:186} INFO - Started process (PID=161) to work on /home/airflow/.local/lib/python3.12/site-packages/airflow/example_dags/example_subdag_operator.py
[2024-11-20T03:49:14.228+0000] {processor.py:914} INFO - Processing file /home/airflow/.local/lib/python3.12/site-packages/airflow/example_dags/example_subdag_operator.py for tasks to queue
[2024-11-20T03:49:14.233+0000] {logging_mixin.py:190} INFO - [2024-11-20T03:49:14.232+0000] {dagbag.py:588} INFO - Filling up the DagBag from /home/airflow/.local/lib/python3.12/site-packages/airflow/example_dags/example_subdag_operator.py
[2024-11-20T03:49:14.290+0000] {processor.py:925} INFO - DAG(s) 'example_subdag_operator.section-1', 'example_subdag_operator.section-2', 'example_subdag_operator' retrieved from /home/airflow/.local/lib/python3.12/site-packages/airflow/example_dags/example_subdag_operator.py
[2024-11-20T03:49:14.333+0000] {logging_mixin.py:190} INFO - [2024-11-20T03:49:14.333+0000] {dag.py:3239} INFO - Sync 3 DAGs
[2024-11-20T03:49:14.389+0000] {logging_mixin.py:190} INFO - [2024-11-20T03:49:14.388+0000] {dag.py:4180} INFO - Setting next_dagrun for example_subdag_operator to 2022-01-01 00:00:00+00:00, run_after=2022-01-01 00:00:00+00:00
[2024-11-20T03:49:14.398+0000] {logging_mixin.py:190} INFO - [2024-11-20T03:49:14.398+0000] {dag.py:4180} INFO - Setting next_dagrun for example_subdag_operator.section-1 to None, run_after=None
[2024-11-20T03:49:14.401+0000] {logging_mixin.py:190} INFO - [2024-11-20T03:49:14.400+0000] {dag.py:4180} INFO - Setting next_dagrun for example_subdag_operator.section-2 to None, run_after=None
[2024-11-20T03:49:14.416+0000] {logging_mixin.py:190} INFO - [2024-11-20T03:49:14.416+0000] {dag.py:3239} INFO - Sync 2 DAGs
[2024-11-20T03:49:14.430+0000] {logging_mixin.py:190} INFO - [2024-11-20T03:49:14.430+0000] {dag.py:4180} INFO - Setting next_dagrun for example_subdag_operator.section-1 to None, run_after=None
[2024-11-20T03:49:14.431+0000] {logging_mixin.py:190} INFO - [2024-11-20T03:49:14.431+0000] {dag.py:4180} INFO - Setting next_dagrun for example_subdag_operator.section-2 to None, run_after=None
[2024-11-20T03:49:14.457+0000] {processor.py:208} INFO - Processing /home/airflow/.local/lib/python3.12/site-packages/airflow/example_dags/example_subdag_operator.py took 0.242 seconds
[2024-11-20T03:49:45.720+0000] {processor.py:186} INFO - Started process (PID=224) to work on /home/airflow/.local/lib/python3.12/site-packages/airflow/example_dags/example_subdag_operator.py
[2024-11-20T03:49:45.722+0000] {processor.py:914} INFO - Processing file /home/airflow/.local/lib/python3.12/site-packages/airflow/example_dags/example_subdag_operator.py for tasks to queue
[2024-11-20T03:49:45.727+0000] {logging_mixin.py:190} INFO - [2024-11-20T03:49:45.726+0000] {dagbag.py:588} INFO - Filling up the DagBag from /home/airflow/.local/lib/python3.12/site-packages/airflow/example_dags/example_subdag_operator.py
[2024-11-20T03:49:45.782+0000] {processor.py:925} INFO - DAG(s) 'example_subdag_operator.section-1', 'example_subdag_operator.section-2', 'example_subdag_operator' retrieved from /home/airflow/.local/lib/python3.12/site-packages/airflow/example_dags/example_subdag_operator.py
[2024-11-20T03:49:45.821+0000] {logging_mixin.py:190} INFO - [2024-11-20T03:49:45.820+0000] {dag.py:3239} INFO - Sync 3 DAGs
[2024-11-20T03:49:45.869+0000] {logging_mixin.py:190} INFO - [2024-11-20T03:49:45.868+0000] {dag.py:4180} INFO - Setting next_dagrun for example_subdag_operator to 2022-01-01 00:00:00+00:00, run_after=2022-01-01 00:00:00+00:00
[2024-11-20T03:49:45.876+0000] {logging_mixin.py:190} INFO - [2024-11-20T03:49:45.876+0000] {dag.py:4180} INFO - Setting next_dagrun for example_subdag_operator.section-1 to None, run_after=None
[2024-11-20T03:49:45.879+0000] {logging_mixin.py:190} INFO - [2024-11-20T03:49:45.878+0000] {dag.py:4180} INFO - Setting next_dagrun for example_subdag_operator.section-2 to None, run_after=None
[2024-11-20T03:49:45.908+0000] {logging_mixin.py:190} INFO - [2024-11-20T03:49:45.902+0000] {dag.py:3239} INFO - Sync 2 DAGs
[2024-11-20T03:49:45.922+0000] {logging_mixin.py:190} INFO - [2024-11-20T03:49:45.922+0000] {dag.py:4180} INFO - Setting next_dagrun for example_subdag_operator.section-1 to None, run_after=None
[2024-11-20T03:49:45.924+0000] {logging_mixin.py:190} INFO - [2024-11-20T03:49:45.923+0000] {dag.py:4180} INFO - Setting next_dagrun for example_subdag_operator.section-2 to None, run_after=None
[2024-11-20T03:49:45.949+0000] {processor.py:208} INFO - Processing /home/airflow/.local/lib/python3.12/site-packages/airflow/example_dags/example_subdag_operator.py took 0.246 seconds
[2024-11-20T03:50:27.390+0000] {processor.py:186} INFO - Started process (PID=287) to work on /home/airflow/.local/lib/python3.12/site-packages/airflow/example_dags/example_subdag_operator.py
[2024-11-20T03:50:27.392+0000] {processor.py:914} INFO - Processing file /home/airflow/.local/lib/python3.12/site-packages/airflow/example_dags/example_subdag_operator.py for tasks to queue
[2024-11-20T03:50:27.399+0000] {logging_mixin.py:190} INFO - [2024-11-20T03:50:27.398+0000] {dagbag.py:588} INFO - Filling up the DagBag from /home/airflow/.local/lib/python3.12/site-packages/airflow/example_dags/example_subdag_operator.py
[2024-11-20T03:50:27.480+0000] {processor.py:925} INFO - DAG(s) 'example_subdag_operator.section-1', 'example_subdag_operator.section-2', 'example_subdag_operator' retrieved from /home/airflow/.local/lib/python3.12/site-packages/airflow/example_dags/example_subdag_operator.py
[2024-11-20T03:50:27.539+0000] {logging_mixin.py:190} INFO - [2024-11-20T03:50:27.538+0000] {dag.py:3239} INFO - Sync 3 DAGs
[2024-11-20T03:50:27.621+0000] {logging_mixin.py:190} INFO - [2024-11-20T03:50:27.621+0000] {dag.py:4180} INFO - Setting next_dagrun for example_subdag_operator to 2022-01-01 00:00:00+00:00, run_after=2022-01-01 00:00:00+00:00
[2024-11-20T03:50:27.629+0000] {logging_mixin.py:190} INFO - [2024-11-20T03:50:27.628+0000] {dag.py:4180} INFO - Setting next_dagrun for example_subdag_operator.section-1 to None, run_after=None
[2024-11-20T03:50:27.634+0000] {logging_mixin.py:190} INFO - [2024-11-20T03:50:27.632+0000] {dag.py:4180} INFO - Setting next_dagrun for example_subdag_operator.section-2 to None, run_after=None
[2024-11-20T03:50:27.656+0000] {logging_mixin.py:190} INFO - [2024-11-20T03:50:27.656+0000] {dag.py:3239} INFO - Sync 2 DAGs
[2024-11-20T03:50:27.668+0000] {logging_mixin.py:190} INFO - [2024-11-20T03:50:27.668+0000] {dag.py:4180} INFO - Setting next_dagrun for example_subdag_operator.section-1 to None, run_after=None
[2024-11-20T03:50:27.670+0000] {logging_mixin.py:190} INFO - [2024-11-20T03:50:27.669+0000] {dag.py:4180} INFO - Setting next_dagrun for example_subdag_operator.section-2 to None, run_after=None
[2024-11-20T03:50:27.701+0000] {processor.py:208} INFO - Processing /home/airflow/.local/lib/python3.12/site-packages/airflow/example_dags/example_subdag_operator.py took 0.326 seconds
[2024-11-20T03:51:01.049+0000] {processor.py:186} INFO - Started process (PID=349) to work on /home/airflow/.local/lib/python3.12/site-packages/airflow/example_dags/example_subdag_operator.py
[2024-11-20T03:51:01.052+0000] {processor.py:914} INFO - Processing file /home/airflow/.local/lib/python3.12/site-packages/airflow/example_dags/example_subdag_operator.py for tasks to queue
[2024-11-20T03:51:01.057+0000] {logging_mixin.py:190} INFO - [2024-11-20T03:51:01.056+0000] {dagbag.py:588} INFO - Filling up the DagBag from /home/airflow/.local/lib/python3.12/site-packages/airflow/example_dags/example_subdag_operator.py
[2024-11-20T03:51:01.170+0000] {processor.py:925} INFO - DAG(s) 'example_subdag_operator.section-1', 'example_subdag_operator.section-2', 'example_subdag_operator' retrieved from /home/airflow/.local/lib/python3.12/site-packages/airflow/example_dags/example_subdag_operator.py
[2024-11-20T03:51:01.219+0000] {logging_mixin.py:190} INFO - [2024-11-20T03:51:01.219+0000] {dag.py:3239} INFO - Sync 3 DAGs
[2024-11-20T03:51:01.309+0000] {logging_mixin.py:190} INFO - [2024-11-20T03:51:01.309+0000] {dag.py:4180} INFO - Setting next_dagrun for example_subdag_operator to 2022-01-01 00:00:00+00:00, run_after=2022-01-01 00:00:00+00:00
[2024-11-20T03:51:01.323+0000] {logging_mixin.py:190} INFO - [2024-11-20T03:51:01.322+0000] {dag.py:4180} INFO - Setting next_dagrun for example_subdag_operator.section-1 to None, run_after=None
[2024-11-20T03:51:01.326+0000] {logging_mixin.py:190} INFO - [2024-11-20T03:51:01.326+0000] {dag.py:4180} INFO - Setting next_dagrun for example_subdag_operator.section-2 to None, run_after=None
[2024-11-20T03:51:01.347+0000] {logging_mixin.py:190} INFO - [2024-11-20T03:51:01.347+0000] {dag.py:3239} INFO - Sync 2 DAGs
[2024-11-20T03:51:01.364+0000] {logging_mixin.py:190} INFO - [2024-11-20T03:51:01.364+0000] {dag.py:4180} INFO - Setting next_dagrun for example_subdag_operator.section-1 to None, run_after=None
[2024-11-20T03:51:01.365+0000] {logging_mixin.py:190} INFO - [2024-11-20T03:51:01.365+0000] {dag.py:4180} INFO - Setting next_dagrun for example_subdag_operator.section-2 to None, run_after=None
[2024-11-20T03:51:01.472+0000] {processor.py:208} INFO - Processing /home/airflow/.local/lib/python3.12/site-packages/airflow/example_dags/example_subdag_operator.py took 0.435 seconds
[2024-11-20T03:51:31.971+0000] {processor.py:186} INFO - Started process (PID=413) to work on /home/airflow/.local/lib/python3.12/site-packages/airflow/example_dags/example_subdag_operator.py
[2024-11-20T03:51:31.972+0000] {processor.py:914} INFO - Processing file /home/airflow/.local/lib/python3.12/site-packages/airflow/example_dags/example_subdag_operator.py for tasks to queue
[2024-11-20T03:51:31.976+0000] {logging_mixin.py:190} INFO - [2024-11-20T03:51:31.975+0000] {dagbag.py:588} INFO - Filling up the DagBag from /home/airflow/.local/lib/python3.12/site-packages/airflow/example_dags/example_subdag_operator.py
[2024-11-20T03:51:32.025+0000] {processor.py:925} INFO - DAG(s) 'example_subdag_operator.section-1', 'example_subdag_operator.section-2', 'example_subdag_operator' retrieved from /home/airflow/.local/lib/python3.12/site-packages/airflow/example_dags/example_subdag_operator.py
[2024-11-20T03:51:32.093+0000] {logging_mixin.py:190} INFO - [2024-11-20T03:51:32.092+0000] {dag.py:3239} INFO - Sync 3 DAGs
[2024-11-20T03:51:32.160+0000] {logging_mixin.py:190} INFO - [2024-11-20T03:51:32.160+0000] {dag.py:4180} INFO - Setting next_dagrun for example_subdag_operator to 2022-01-01 00:00:00+00:00, run_after=2022-01-01 00:00:00+00:00
[2024-11-20T03:51:32.166+0000] {logging_mixin.py:190} INFO - [2024-11-20T03:51:32.166+0000] {dag.py:4180} INFO - Setting next_dagrun for example_subdag_operator.section-1 to None, run_after=None
[2024-11-20T03:51:32.169+0000] {logging_mixin.py:190} INFO - [2024-11-20T03:51:32.169+0000] {dag.py:4180} INFO - Setting next_dagrun for example_subdag_operator.section-2 to None, run_after=None
[2024-11-20T03:51:32.183+0000] {logging_mixin.py:190} INFO - [2024-11-20T03:51:32.183+0000] {dag.py:3239} INFO - Sync 2 DAGs
[2024-11-20T03:51:32.193+0000] {logging_mixin.py:190} INFO - [2024-11-20T03:51:32.193+0000] {dag.py:4180} INFO - Setting next_dagrun for example_subdag_operator.section-1 to None, run_after=None
[2024-11-20T03:51:32.195+0000] {logging_mixin.py:190} INFO - [2024-11-20T03:51:32.194+0000] {dag.py:4180} INFO - Setting next_dagrun for example_subdag_operator.section-2 to None, run_after=None
[2024-11-20T03:51:32.215+0000] {processor.py:208} INFO - Processing /home/airflow/.local/lib/python3.12/site-packages/airflow/example_dags/example_subdag_operator.py took 0.253 seconds
[2024-11-20T03:52:03.039+0000] {processor.py:186} INFO - Started process (PID=475) to work on /home/airflow/.local/lib/python3.12/site-packages/airflow/example_dags/example_subdag_operator.py
[2024-11-20T03:52:03.041+0000] {processor.py:914} INFO - Processing file /home/airflow/.local/lib/python3.12/site-packages/airflow/example_dags/example_subdag_operator.py for tasks to queue
[2024-11-20T03:52:03.045+0000] {logging_mixin.py:190} INFO - [2024-11-20T03:52:03.045+0000] {dagbag.py:588} INFO - Filling up the DagBag from /home/airflow/.local/lib/python3.12/site-packages/airflow/example_dags/example_subdag_operator.py
[2024-11-20T03:52:03.093+0000] {processor.py:925} INFO - DAG(s) 'example_subdag_operator.section-1', 'example_subdag_operator.section-2', 'example_subdag_operator' retrieved from /home/airflow/.local/lib/python3.12/site-packages/airflow/example_dags/example_subdag_operator.py
[2024-11-20T03:52:03.119+0000] {logging_mixin.py:190} INFO - [2024-11-20T03:52:03.119+0000] {dag.py:3239} INFO - Sync 3 DAGs
[2024-11-20T03:52:03.160+0000] {logging_mixin.py:190} INFO - [2024-11-20T03:52:03.160+0000] {dag.py:4180} INFO - Setting next_dagrun for example_subdag_operator to 2022-01-01 00:00:00+00:00, run_after=2022-01-01 00:00:00+00:00
[2024-11-20T03:52:03.166+0000] {logging_mixin.py:190} INFO - [2024-11-20T03:52:03.166+0000] {dag.py:4180} INFO - Setting next_dagrun for example_subdag_operator.section-1 to None, run_after=None
[2024-11-20T03:52:03.168+0000] {logging_mixin.py:190} INFO - [2024-11-20T03:52:03.168+0000] {dag.py:4180} INFO - Setting next_dagrun for example_subdag_operator.section-2 to None, run_after=None
[2024-11-20T03:52:03.181+0000] {logging_mixin.py:190} INFO - [2024-11-20T03:52:03.181+0000] {dag.py:3239} INFO - Sync 2 DAGs
[2024-11-20T03:52:03.192+0000] {logging_mixin.py:190} INFO - [2024-11-20T03:52:03.192+0000] {dag.py:4180} INFO - Setting next_dagrun for example_subdag_operator.section-1 to None, run_after=None
[2024-11-20T03:52:03.193+0000] {logging_mixin.py:190} INFO - [2024-11-20T03:52:03.193+0000] {dag.py:4180} INFO - Setting next_dagrun for example_subdag_operator.section-2 to None, run_after=None
[2024-11-20T03:52:03.212+0000] {processor.py:208} INFO - Processing /home/airflow/.local/lib/python3.12/site-packages/airflow/example_dags/example_subdag_operator.py took 0.184 seconds
[2024-11-20T03:52:33.393+0000] {processor.py:186} INFO - Started process (PID=536) to work on /home/airflow/.local/lib/python3.12/site-packages/airflow/example_dags/example_subdag_operator.py
[2024-11-20T03:52:33.395+0000] {processor.py:914} INFO - Processing file /home/airflow/.local/lib/python3.12/site-packages/airflow/example_dags/example_subdag_operator.py for tasks to queue
[2024-11-20T03:52:33.399+0000] {logging_mixin.py:190} INFO - [2024-11-20T03:52:33.398+0000] {dagbag.py:588} INFO - Filling up the DagBag from /home/airflow/.local/lib/python3.12/site-packages/airflow/example_dags/example_subdag_operator.py
[2024-11-20T03:52:33.437+0000] {processor.py:925} INFO - DAG(s) 'example_subdag_operator.section-1', 'example_subdag_operator.section-2', 'example_subdag_operator' retrieved from /home/airflow/.local/lib/python3.12/site-packages/airflow/example_dags/example_subdag_operator.py
[2024-11-20T03:52:33.459+0000] {logging_mixin.py:190} INFO - [2024-11-20T03:52:33.459+0000] {dag.py:3239} INFO - Sync 3 DAGs
[2024-11-20T03:52:33.491+0000] {logging_mixin.py:190} INFO - [2024-11-20T03:52:33.491+0000] {dag.py:4180} INFO - Setting next_dagrun for example_subdag_operator to 2022-01-01 00:00:00+00:00, run_after=2022-01-01 00:00:00+00:00
[2024-11-20T03:52:33.497+0000] {logging_mixin.py:190} INFO - [2024-11-20T03:52:33.497+0000] {dag.py:4180} INFO - Setting next_dagrun for example_subdag_operator.section-1 to None, run_after=None
[2024-11-20T03:52:33.499+0000] {logging_mixin.py:190} INFO - [2024-11-20T03:52:33.499+0000] {dag.py:4180} INFO - Setting next_dagrun for example_subdag_operator.section-2 to None, run_after=None
[2024-11-20T03:52:33.510+0000] {logging_mixin.py:190} INFO - [2024-11-20T03:52:33.510+0000] {dag.py:3239} INFO - Sync 2 DAGs
[2024-11-20T03:52:33.519+0000] {logging_mixin.py:190} INFO - [2024-11-20T03:52:33.519+0000] {dag.py:4180} INFO - Setting next_dagrun for example_subdag_operator.section-1 to None, run_after=None
[2024-11-20T03:52:33.520+0000] {logging_mixin.py:190} INFO - [2024-11-20T03:52:33.520+0000] {dag.py:4180} INFO - Setting next_dagrun for example_subdag_operator.section-2 to None, run_after=None
[2024-11-20T03:52:33.549+0000] {processor.py:208} INFO - Processing /home/airflow/.local/lib/python3.12/site-packages/airflow/example_dags/example_subdag_operator.py took 0.164 seconds
[2024-11-20T03:53:09.878+0000] {processor.py:186} INFO - Started process (PID=599) to work on /home/airflow/.local/lib/python3.12/site-packages/airflow/example_dags/example_subdag_operator.py
[2024-11-20T03:53:09.884+0000] {processor.py:914} INFO - Processing file /home/airflow/.local/lib/python3.12/site-packages/airflow/example_dags/example_subdag_operator.py for tasks to queue
[2024-11-20T03:53:09.913+0000] {logging_mixin.py:190} INFO - [2024-11-20T03:53:09.912+0000] {dagbag.py:588} INFO - Filling up the DagBag from /home/airflow/.local/lib/python3.12/site-packages/airflow/example_dags/example_subdag_operator.py
[2024-11-20T03:53:10.171+0000] {processor.py:925} INFO - DAG(s) 'example_subdag_operator.section-1', 'example_subdag_operator.section-2', 'example_subdag_operator' retrieved from /home/airflow/.local/lib/python3.12/site-packages/airflow/example_dags/example_subdag_operator.py
[2024-11-20T03:53:10.259+0000] {logging_mixin.py:190} INFO - [2024-11-20T03:53:10.258+0000] {dag.py:3239} INFO - Sync 3 DAGs
[2024-11-20T03:53:10.433+0000] {logging_mixin.py:190} INFO - [2024-11-20T03:53:10.433+0000] {dag.py:4180} INFO - Setting next_dagrun for example_subdag_operator to 2022-01-01 00:00:00+00:00, run_after=2022-01-01 00:00:00+00:00
[2024-11-20T03:53:10.464+0000] {logging_mixin.py:190} INFO - [2024-11-20T03:53:10.464+0000] {dag.py:4180} INFO - Setting next_dagrun for example_subdag_operator.section-1 to None, run_after=None
[2024-11-20T03:53:10.470+0000] {logging_mixin.py:190} INFO - [2024-11-20T03:53:10.470+0000] {dag.py:4180} INFO - Setting next_dagrun for example_subdag_operator.section-2 to None, run_after=None
[2024-11-20T03:53:10.504+0000] {logging_mixin.py:190} INFO - [2024-11-20T03:53:10.503+0000] {dag.py:3239} INFO - Sync 2 DAGs
[2024-11-20T03:53:10.525+0000] {logging_mixin.py:190} INFO - [2024-11-20T03:53:10.525+0000] {dag.py:4180} INFO - Setting next_dagrun for example_subdag_operator.section-1 to None, run_after=None
[2024-11-20T03:53:10.526+0000] {logging_mixin.py:190} INFO - [2024-11-20T03:53:10.526+0000] {dag.py:4180} INFO - Setting next_dagrun for example_subdag_operator.section-2 to None, run_after=None
[2024-11-20T03:53:10.560+0000] {processor.py:208} INFO - Processing /home/airflow/.local/lib/python3.12/site-packages/airflow/example_dags/example_subdag_operator.py took 0.801 seconds
[2024-11-20T03:53:41.273+0000] {processor.py:186} INFO - Started process (PID=662) to work on /home/airflow/.local/lib/python3.12/site-packages/airflow/example_dags/example_subdag_operator.py
[2024-11-20T03:53:41.275+0000] {processor.py:914} INFO - Processing file /home/airflow/.local/lib/python3.12/site-packages/airflow/example_dags/example_subdag_operator.py for tasks to queue
[2024-11-20T03:53:41.279+0000] {logging_mixin.py:190} INFO - [2024-11-20T03:53:41.279+0000] {dagbag.py:588} INFO - Filling up the DagBag from /home/airflow/.local/lib/python3.12/site-packages/airflow/example_dags/example_subdag_operator.py
[2024-11-20T03:53:41.343+0000] {processor.py:925} INFO - DAG(s) 'example_subdag_operator.section-1', 'example_subdag_operator.section-2', 'example_subdag_operator' retrieved from /home/airflow/.local/lib/python3.12/site-packages/airflow/example_dags/example_subdag_operator.py
[2024-11-20T03:53:41.406+0000] {logging_mixin.py:190} INFO - [2024-11-20T03:53:41.400+0000] {dag.py:3239} INFO - Sync 3 DAGs
[2024-11-20T03:53:41.498+0000] {logging_mixin.py:190} INFO - [2024-11-20T03:53:41.497+0000] {dag.py:4180} INFO - Setting next_dagrun for example_subdag_operator to 2022-01-01 00:00:00+00:00, run_after=2022-01-01 00:00:00+00:00
[2024-11-20T03:53:41.506+0000] {logging_mixin.py:190} INFO - [2024-11-20T03:53:41.505+0000] {dag.py:4180} INFO - Setting next_dagrun for example_subdag_operator.section-1 to None, run_after=None
[2024-11-20T03:53:41.514+0000] {logging_mixin.py:190} INFO - [2024-11-20T03:53:41.514+0000] {dag.py:4180} INFO - Setting next_dagrun for example_subdag_operator.section-2 to None, run_after=None
[2024-11-20T03:53:41.600+0000] {logging_mixin.py:190} INFO - [2024-11-20T03:53:41.596+0000] {dag.py:3239} INFO - Sync 2 DAGs
[2024-11-20T03:53:41.651+0000] {logging_mixin.py:190} INFO - [2024-11-20T03:53:41.650+0000] {dag.py:4180} INFO - Setting next_dagrun for example_subdag_operator.section-1 to None, run_after=None
[2024-11-20T03:53:41.660+0000] {logging_mixin.py:190} INFO - [2024-11-20T03:53:41.658+0000] {dag.py:4180} INFO - Setting next_dagrun for example_subdag_operator.section-2 to None, run_after=None
[2024-11-20T03:53:41.759+0000] {processor.py:208} INFO - Processing /home/airflow/.local/lib/python3.12/site-packages/airflow/example_dags/example_subdag_operator.py took 0.506 seconds
[2024-11-20T03:54:11.902+0000] {processor.py:186} INFO - Started process (PID=726) to work on /home/airflow/.local/lib/python3.12/site-packages/airflow/example_dags/example_subdag_operator.py
[2024-11-20T03:54:11.904+0000] {processor.py:914} INFO - Processing file /home/airflow/.local/lib/python3.12/site-packages/airflow/example_dags/example_subdag_operator.py for tasks to queue
[2024-11-20T03:54:11.909+0000] {logging_mixin.py:190} INFO - [2024-11-20T03:54:11.908+0000] {dagbag.py:588} INFO - Filling up the DagBag from /home/airflow/.local/lib/python3.12/site-packages/airflow/example_dags/example_subdag_operator.py
[2024-11-20T03:54:11.980+0000] {processor.py:925} INFO - DAG(s) 'example_subdag_operator.section-1', 'example_subdag_operator.section-2', 'example_subdag_operator' retrieved from /home/airflow/.local/lib/python3.12/site-packages/airflow/example_dags/example_subdag_operator.py
[2024-11-20T03:54:12.028+0000] {logging_mixin.py:190} INFO - [2024-11-20T03:54:12.027+0000] {dag.py:3239} INFO - Sync 3 DAGs
[2024-11-20T03:54:12.114+0000] {logging_mixin.py:190} INFO - [2024-11-20T03:54:12.113+0000] {dag.py:4180} INFO - Setting next_dagrun for example_subdag_operator to 2022-01-01 00:00:00+00:00, run_after=2022-01-01 00:00:00+00:00
[2024-11-20T03:54:12.128+0000] {logging_mixin.py:190} INFO - [2024-11-20T03:54:12.127+0000] {dag.py:4180} INFO - Setting next_dagrun for example_subdag_operator.section-1 to None, run_after=None
[2024-11-20T03:54:12.134+0000] {logging_mixin.py:190} INFO - [2024-11-20T03:54:12.134+0000] {dag.py:4180} INFO - Setting next_dagrun for example_subdag_operator.section-2 to None, run_after=None
[2024-11-20T03:54:12.152+0000] {logging_mixin.py:190} INFO - [2024-11-20T03:54:12.152+0000] {dag.py:3239} INFO - Sync 2 DAGs
[2024-11-20T03:54:12.165+0000] {logging_mixin.py:190} INFO - [2024-11-20T03:54:12.165+0000] {dag.py:4180} INFO - Setting next_dagrun for example_subdag_operator.section-1 to None, run_after=None
[2024-11-20T03:54:12.172+0000] {logging_mixin.py:190} INFO - [2024-11-20T03:54:12.171+0000] {dag.py:4180} INFO - Setting next_dagrun for example_subdag_operator.section-2 to None, run_after=None
[2024-11-20T03:54:12.214+0000] {processor.py:208} INFO - Processing /home/airflow/.local/lib/python3.12/site-packages/airflow/example_dags/example_subdag_operator.py took 0.322 seconds
[2024-11-20T03:54:42.310+0000] {processor.py:186} INFO - Started process (PID=786) to work on /home/airflow/.local/lib/python3.12/site-packages/airflow/example_dags/example_subdag_operator.py
[2024-11-20T03:54:42.312+0000] {processor.py:914} INFO - Processing file /home/airflow/.local/lib/python3.12/site-packages/airflow/example_dags/example_subdag_operator.py for tasks to queue
[2024-11-20T03:54:42.316+0000] {logging_mixin.py:190} INFO - [2024-11-20T03:54:42.315+0000] {dagbag.py:588} INFO - Filling up the DagBag from /home/airflow/.local/lib/python3.12/site-packages/airflow/example_dags/example_subdag_operator.py
[2024-11-20T03:54:42.363+0000] {processor.py:925} INFO - DAG(s) 'example_subdag_operator.section-1', 'example_subdag_operator.section-2', 'example_subdag_operator' retrieved from /home/airflow/.local/lib/python3.12/site-packages/airflow/example_dags/example_subdag_operator.py
[2024-11-20T03:54:42.391+0000] {logging_mixin.py:190} INFO - [2024-11-20T03:54:42.390+0000] {dag.py:3239} INFO - Sync 3 DAGs
[2024-11-20T03:54:42.453+0000] {logging_mixin.py:190} INFO - [2024-11-20T03:54:42.452+0000] {dag.py:4180} INFO - Setting next_dagrun for example_subdag_operator to 2022-01-01 00:00:00+00:00, run_after=2022-01-01 00:00:00+00:00
[2024-11-20T03:54:42.464+0000] {logging_mixin.py:190} INFO - [2024-11-20T03:54:42.464+0000] {dag.py:4180} INFO - Setting next_dagrun for example_subdag_operator.section-1 to None, run_after=None
[2024-11-20T03:54:42.468+0000] {logging_mixin.py:190} INFO - [2024-11-20T03:54:42.468+0000] {dag.py:4180} INFO - Setting next_dagrun for example_subdag_operator.section-2 to None, run_after=None
[2024-11-20T03:54:42.486+0000] {logging_mixin.py:190} INFO - [2024-11-20T03:54:42.485+0000] {dag.py:3239} INFO - Sync 2 DAGs
[2024-11-20T03:54:42.503+0000] {logging_mixin.py:190} INFO - [2024-11-20T03:54:42.502+0000] {dag.py:4180} INFO - Setting next_dagrun for example_subdag_operator.section-1 to None, run_after=None
[2024-11-20T03:54:42.504+0000] {logging_mixin.py:190} INFO - [2024-11-20T03:54:42.504+0000] {dag.py:4180} INFO - Setting next_dagrun for example_subdag_operator.section-2 to None, run_after=None
[2024-11-20T03:54:42.551+0000] {processor.py:208} INFO - Processing /home/airflow/.local/lib/python3.12/site-packages/airflow/example_dags/example_subdag_operator.py took 0.251 seconds
[2024-11-20T03:55:12.995+0000] {processor.py:186} INFO - Started process (PID=849) to work on /home/airflow/.local/lib/python3.12/site-packages/airflow/example_dags/example_subdag_operator.py
[2024-11-20T03:55:12.997+0000] {processor.py:914} INFO - Processing file /home/airflow/.local/lib/python3.12/site-packages/airflow/example_dags/example_subdag_operator.py for tasks to queue
[2024-11-20T03:55:13.003+0000] {logging_mixin.py:190} INFO - [2024-11-20T03:55:13.002+0000] {dagbag.py:588} INFO - Filling up the DagBag from /home/airflow/.local/lib/python3.12/site-packages/airflow/example_dags/example_subdag_operator.py
[2024-11-20T03:55:13.059+0000] {processor.py:925} INFO - DAG(s) 'example_subdag_operator.section-1', 'example_subdag_operator.section-2', 'example_subdag_operator' retrieved from /home/airflow/.local/lib/python3.12/site-packages/airflow/example_dags/example_subdag_operator.py
[2024-11-20T03:55:13.087+0000] {logging_mixin.py:190} INFO - [2024-11-20T03:55:13.086+0000] {dag.py:3239} INFO - Sync 3 DAGs
[2024-11-20T03:55:13.142+0000] {logging_mixin.py:190} INFO - [2024-11-20T03:55:13.141+0000] {dag.py:4180} INFO - Setting next_dagrun for example_subdag_operator to 2022-01-01 00:00:00+00:00, run_after=2022-01-01 00:00:00+00:00
[2024-11-20T03:55:13.149+0000] {logging_mixin.py:190} INFO - [2024-11-20T03:55:13.149+0000] {dag.py:4180} INFO - Setting next_dagrun for example_subdag_operator.section-1 to None, run_after=None
[2024-11-20T03:55:13.152+0000] {logging_mixin.py:190} INFO - [2024-11-20T03:55:13.152+0000] {dag.py:4180} INFO - Setting next_dagrun for example_subdag_operator.section-2 to None, run_after=None
[2024-11-20T03:55:13.165+0000] {logging_mixin.py:190} INFO - [2024-11-20T03:55:13.164+0000] {dag.py:3239} INFO - Sync 2 DAGs
[2024-11-20T03:55:13.178+0000] {logging_mixin.py:190} INFO - [2024-11-20T03:55:13.178+0000] {dag.py:4180} INFO - Setting next_dagrun for example_subdag_operator.section-1 to None, run_after=None
[2024-11-20T03:55:13.181+0000] {logging_mixin.py:190} INFO - [2024-11-20T03:55:13.179+0000] {dag.py:4180} INFO - Setting next_dagrun for example_subdag_operator.section-2 to None, run_after=None
[2024-11-20T03:55:13.212+0000] {processor.py:208} INFO - Processing /home/airflow/.local/lib/python3.12/site-packages/airflow/example_dags/example_subdag_operator.py took 0.234 seconds
[2024-11-20T03:55:43.955+0000] {processor.py:186} INFO - Started process (PID=912) to work on /home/airflow/.local/lib/python3.12/site-packages/airflow/example_dags/example_subdag_operator.py
[2024-11-20T03:55:43.957+0000] {processor.py:914} INFO - Processing file /home/airflow/.local/lib/python3.12/site-packages/airflow/example_dags/example_subdag_operator.py for tasks to queue
[2024-11-20T03:55:43.971+0000] {logging_mixin.py:190} INFO - [2024-11-20T03:55:43.971+0000] {dagbag.py:588} INFO - Filling up the DagBag from /home/airflow/.local/lib/python3.12/site-packages/airflow/example_dags/example_subdag_operator.py
[2024-11-20T03:55:44.069+0000] {processor.py:925} INFO - DAG(s) 'example_subdag_operator.section-1', 'example_subdag_operator.section-2', 'example_subdag_operator' retrieved from /home/airflow/.local/lib/python3.12/site-packages/airflow/example_dags/example_subdag_operator.py
[2024-11-20T03:55:44.120+0000] {logging_mixin.py:190} INFO - [2024-11-20T03:55:44.120+0000] {dag.py:3239} INFO - Sync 3 DAGs
[2024-11-20T03:55:44.168+0000] {logging_mixin.py:190} INFO - [2024-11-20T03:55:44.168+0000] {dag.py:4180} INFO - Setting next_dagrun for example_subdag_operator to 2022-01-01 00:00:00+00:00, run_after=2022-01-01 00:00:00+00:00
[2024-11-20T03:55:44.177+0000] {logging_mixin.py:190} INFO - [2024-11-20T03:55:44.176+0000] {dag.py:4180} INFO - Setting next_dagrun for example_subdag_operator.section-1 to None, run_after=None
[2024-11-20T03:55:44.180+0000] {logging_mixin.py:190} INFO - [2024-11-20T03:55:44.180+0000] {dag.py:4180} INFO - Setting next_dagrun for example_subdag_operator.section-2 to None, run_after=None
[2024-11-20T03:55:44.193+0000] {logging_mixin.py:190} INFO - [2024-11-20T03:55:44.193+0000] {dag.py:3239} INFO - Sync 2 DAGs
[2024-11-20T03:55:44.207+0000] {logging_mixin.py:190} INFO - [2024-11-20T03:55:44.206+0000] {dag.py:4180} INFO - Setting next_dagrun for example_subdag_operator.section-1 to None, run_after=None
[2024-11-20T03:55:44.208+0000] {logging_mixin.py:190} INFO - [2024-11-20T03:55:44.208+0000] {dag.py:4180} INFO - Setting next_dagrun for example_subdag_operator.section-2 to None, run_after=None
[2024-11-20T03:55:44.246+0000] {processor.py:208} INFO - Processing /home/airflow/.local/lib/python3.12/site-packages/airflow/example_dags/example_subdag_operator.py took 0.306 seconds
[2024-11-20T03:56:14.373+0000] {processor.py:186} INFO - Started process (PID=975) to work on /home/airflow/.local/lib/python3.12/site-packages/airflow/example_dags/example_subdag_operator.py
[2024-11-20T03:56:14.375+0000] {processor.py:914} INFO - Processing file /home/airflow/.local/lib/python3.12/site-packages/airflow/example_dags/example_subdag_operator.py for tasks to queue
[2024-11-20T03:56:14.379+0000] {logging_mixin.py:190} INFO - [2024-11-20T03:56:14.378+0000] {dagbag.py:588} INFO - Filling up the DagBag from /home/airflow/.local/lib/python3.12/site-packages/airflow/example_dags/example_subdag_operator.py
[2024-11-20T03:56:14.441+0000] {processor.py:925} INFO - DAG(s) 'example_subdag_operator.section-1', 'example_subdag_operator.section-2', 'example_subdag_operator' retrieved from /home/airflow/.local/lib/python3.12/site-packages/airflow/example_dags/example_subdag_operator.py
[2024-11-20T03:56:14.480+0000] {logging_mixin.py:190} INFO - [2024-11-20T03:56:14.479+0000] {dag.py:3239} INFO - Sync 3 DAGs
[2024-11-20T03:56:14.529+0000] {logging_mixin.py:190} INFO - [2024-11-20T03:56:14.529+0000] {dag.py:4180} INFO - Setting next_dagrun for example_subdag_operator to 2022-01-01 00:00:00+00:00, run_after=2022-01-01 00:00:00+00:00
[2024-11-20T03:56:14.536+0000] {logging_mixin.py:190} INFO - [2024-11-20T03:56:14.536+0000] {dag.py:4180} INFO - Setting next_dagrun for example_subdag_operator.section-1 to None, run_after=None
[2024-11-20T03:56:14.541+0000] {logging_mixin.py:190} INFO - [2024-11-20T03:56:14.541+0000] {dag.py:4180} INFO - Setting next_dagrun for example_subdag_operator.section-2 to None, run_after=None
[2024-11-20T03:56:14.556+0000] {logging_mixin.py:190} INFO - [2024-11-20T03:56:14.556+0000] {dag.py:3239} INFO - Sync 2 DAGs
[2024-11-20T03:56:14.568+0000] {logging_mixin.py:190} INFO - [2024-11-20T03:56:14.567+0000] {dag.py:4180} INFO - Setting next_dagrun for example_subdag_operator.section-1 to None, run_after=None
[2024-11-20T03:56:14.569+0000] {logging_mixin.py:190} INFO - [2024-11-20T03:56:14.568+0000] {dag.py:4180} INFO - Setting next_dagrun for example_subdag_operator.section-2 to None, run_after=None
[2024-11-20T03:56:14.596+0000] {processor.py:208} INFO - Processing /home/airflow/.local/lib/python3.12/site-packages/airflow/example_dags/example_subdag_operator.py took 0.236 seconds
[2024-11-20T03:56:44.927+0000] {processor.py:186} INFO - Started process (PID=1036) to work on /home/airflow/.local/lib/python3.12/site-packages/airflow/example_dags/example_subdag_operator.py
[2024-11-20T03:56:44.934+0000] {processor.py:914} INFO - Processing file /home/airflow/.local/lib/python3.12/site-packages/airflow/example_dags/example_subdag_operator.py for tasks to queue
[2024-11-20T03:56:44.939+0000] {logging_mixin.py:190} INFO - [2024-11-20T03:56:44.938+0000] {dagbag.py:588} INFO - Filling up the DagBag from /home/airflow/.local/lib/python3.12/site-packages/airflow/example_dags/example_subdag_operator.py
[2024-11-20T03:56:45.028+0000] {processor.py:925} INFO - DAG(s) 'example_subdag_operator.section-1', 'example_subdag_operator.section-2', 'example_subdag_operator' retrieved from /home/airflow/.local/lib/python3.12/site-packages/airflow/example_dags/example_subdag_operator.py
[2024-11-20T03:56:45.069+0000] {logging_mixin.py:190} INFO - [2024-11-20T03:56:45.068+0000] {dag.py:3239} INFO - Sync 3 DAGs
[2024-11-20T03:56:45.127+0000] {logging_mixin.py:190} INFO - [2024-11-20T03:56:45.127+0000] {dag.py:4180} INFO - Setting next_dagrun for example_subdag_operator to 2022-01-01 00:00:00+00:00, run_after=2022-01-01 00:00:00+00:00
[2024-11-20T03:56:45.134+0000] {logging_mixin.py:190} INFO - [2024-11-20T03:56:45.133+0000] {dag.py:4180} INFO - Setting next_dagrun for example_subdag_operator.section-1 to None, run_after=None
[2024-11-20T03:56:45.138+0000] {logging_mixin.py:190} INFO - [2024-11-20T03:56:45.138+0000] {dag.py:4180} INFO - Setting next_dagrun for example_subdag_operator.section-2 to None, run_after=None
[2024-11-20T03:56:45.167+0000] {logging_mixin.py:190} INFO - [2024-11-20T03:56:45.166+0000] {dag.py:3239} INFO - Sync 2 DAGs
[2024-11-20T03:56:45.188+0000] {logging_mixin.py:190} INFO - [2024-11-20T03:56:45.184+0000] {dag.py:4180} INFO - Setting next_dagrun for example_subdag_operator.section-1 to None, run_after=None
[2024-11-20T03:56:45.190+0000] {logging_mixin.py:190} INFO - [2024-11-20T03:56:45.189+0000] {dag.py:4180} INFO - Setting next_dagrun for example_subdag_operator.section-2 to None, run_after=None
[2024-11-20T03:56:45.221+0000] {processor.py:208} INFO - Processing /home/airflow/.local/lib/python3.12/site-packages/airflow/example_dags/example_subdag_operator.py took 0.309 seconds
[2024-11-20T03:57:15.488+0000] {processor.py:186} INFO - Started process (PID=1099) to work on /home/airflow/.local/lib/python3.12/site-packages/airflow/example_dags/example_subdag_operator.py
[2024-11-20T03:57:15.490+0000] {processor.py:914} INFO - Processing file /home/airflow/.local/lib/python3.12/site-packages/airflow/example_dags/example_subdag_operator.py for tasks to queue
[2024-11-20T03:57:15.494+0000] {logging_mixin.py:190} INFO - [2024-11-20T03:57:15.493+0000] {dagbag.py:588} INFO - Filling up the DagBag from /home/airflow/.local/lib/python3.12/site-packages/airflow/example_dags/example_subdag_operator.py
[2024-11-20T03:57:15.615+0000] {processor.py:925} INFO - DAG(s) 'example_subdag_operator.section-1', 'example_subdag_operator.section-2', 'example_subdag_operator' retrieved from /home/airflow/.local/lib/python3.12/site-packages/airflow/example_dags/example_subdag_operator.py
[2024-11-20T03:57:15.660+0000] {logging_mixin.py:190} INFO - [2024-11-20T03:57:15.660+0000] {dag.py:3239} INFO - Sync 3 DAGs
[2024-11-20T03:57:15.774+0000] {logging_mixin.py:190} INFO - [2024-11-20T03:57:15.772+0000] {dag.py:4180} INFO - Setting next_dagrun for example_subdag_operator to 2022-01-01 00:00:00+00:00, run_after=2022-01-01 00:00:00+00:00
[2024-11-20T03:57:15.824+0000] {logging_mixin.py:190} INFO - [2024-11-20T03:57:15.823+0000] {dag.py:4180} INFO - Setting next_dagrun for example_subdag_operator.section-1 to None, run_after=None
[2024-11-20T03:57:15.829+0000] {logging_mixin.py:190} INFO - [2024-11-20T03:57:15.829+0000] {dag.py:4180} INFO - Setting next_dagrun for example_subdag_operator.section-2 to None, run_after=None
[2024-11-20T03:57:15.847+0000] {logging_mixin.py:190} INFO - [2024-11-20T03:57:15.847+0000] {dag.py:3239} INFO - Sync 2 DAGs
[2024-11-20T03:57:15.874+0000] {logging_mixin.py:190} INFO - [2024-11-20T03:57:15.872+0000] {dag.py:4180} INFO - Setting next_dagrun for example_subdag_operator.section-1 to None, run_after=None
[2024-11-20T03:57:15.877+0000] {logging_mixin.py:190} INFO - [2024-11-20T03:57:15.876+0000] {dag.py:4180} INFO - Setting next_dagrun for example_subdag_operator.section-2 to None, run_after=None
[2024-11-20T03:57:15.913+0000] {processor.py:208} INFO - Processing /home/airflow/.local/lib/python3.12/site-packages/airflow/example_dags/example_subdag_operator.py took 0.441 seconds
[2024-11-20T03:57:46.201+0000] {processor.py:186} INFO - Started process (PID=1159) to work on /home/airflow/.local/lib/python3.12/site-packages/airflow/example_dags/example_subdag_operator.py
[2024-11-20T03:57:46.203+0000] {processor.py:914} INFO - Processing file /home/airflow/.local/lib/python3.12/site-packages/airflow/example_dags/example_subdag_operator.py for tasks to queue
[2024-11-20T03:57:46.211+0000] {logging_mixin.py:190} INFO - [2024-11-20T03:57:46.211+0000] {dagbag.py:588} INFO - Filling up the DagBag from /home/airflow/.local/lib/python3.12/site-packages/airflow/example_dags/example_subdag_operator.py
[2024-11-20T03:57:46.295+0000] {processor.py:925} INFO - DAG(s) 'example_subdag_operator.section-1', 'example_subdag_operator.section-2', 'example_subdag_operator' retrieved from /home/airflow/.local/lib/python3.12/site-packages/airflow/example_dags/example_subdag_operator.py
[2024-11-20T03:57:46.356+0000] {logging_mixin.py:190} INFO - [2024-11-20T03:57:46.355+0000] {dag.py:3239} INFO - Sync 3 DAGs
[2024-11-20T03:57:46.467+0000] {logging_mixin.py:190} INFO - [2024-11-20T03:57:46.466+0000] {dag.py:4180} INFO - Setting next_dagrun for example_subdag_operator to 2022-01-01 00:00:00+00:00, run_after=2022-01-01 00:00:00+00:00
[2024-11-20T03:57:46.489+0000] {logging_mixin.py:190} INFO - [2024-11-20T03:57:46.488+0000] {dag.py:4180} INFO - Setting next_dagrun for example_subdag_operator.section-1 to None, run_after=None
[2024-11-20T03:57:46.503+0000] {logging_mixin.py:190} INFO - [2024-11-20T03:57:46.503+0000] {dag.py:4180} INFO - Setting next_dagrun for example_subdag_operator.section-2 to None, run_after=None
[2024-11-20T03:57:46.526+0000] {logging_mixin.py:190} INFO - [2024-11-20T03:57:46.525+0000] {dag.py:3239} INFO - Sync 2 DAGs
[2024-11-20T03:57:46.542+0000] {logging_mixin.py:190} INFO - [2024-11-20T03:57:46.542+0000] {dag.py:4180} INFO - Setting next_dagrun for example_subdag_operator.section-1 to None, run_after=None
[2024-11-20T03:57:46.544+0000] {logging_mixin.py:190} INFO - [2024-11-20T03:57:46.543+0000] {dag.py:4180} INFO - Setting next_dagrun for example_subdag_operator.section-2 to None, run_after=None
[2024-11-20T03:57:46.578+0000] {processor.py:208} INFO - Processing /home/airflow/.local/lib/python3.12/site-packages/airflow/example_dags/example_subdag_operator.py took 0.390 seconds
[2024-11-20T03:58:17.149+0000] {processor.py:186} INFO - Started process (PID=1222) to work on /home/airflow/.local/lib/python3.12/site-packages/airflow/example_dags/example_subdag_operator.py
[2024-11-20T03:58:17.150+0000] {processor.py:914} INFO - Processing file /home/airflow/.local/lib/python3.12/site-packages/airflow/example_dags/example_subdag_operator.py for tasks to queue
[2024-11-20T03:58:17.154+0000] {logging_mixin.py:190} INFO - [2024-11-20T03:58:17.154+0000] {dagbag.py:588} INFO - Filling up the DagBag from /home/airflow/.local/lib/python3.12/site-packages/airflow/example_dags/example_subdag_operator.py
[2024-11-20T03:58:17.207+0000] {processor.py:925} INFO - DAG(s) 'example_subdag_operator.section-1', 'example_subdag_operator.section-2', 'example_subdag_operator' retrieved from /home/airflow/.local/lib/python3.12/site-packages/airflow/example_dags/example_subdag_operator.py
[2024-11-20T03:58:17.236+0000] {logging_mixin.py:190} INFO - [2024-11-20T03:58:17.236+0000] {dag.py:3239} INFO - Sync 3 DAGs
[2024-11-20T03:58:17.283+0000] {logging_mixin.py:190} INFO - [2024-11-20T03:58:17.282+0000] {dag.py:4180} INFO - Setting next_dagrun for example_subdag_operator to 2022-01-01 00:00:00+00:00, run_after=2022-01-01 00:00:00+00:00
[2024-11-20T03:58:17.289+0000] {logging_mixin.py:190} INFO - [2024-11-20T03:58:17.288+0000] {dag.py:4180} INFO - Setting next_dagrun for example_subdag_operator.section-1 to None, run_after=None
[2024-11-20T03:58:17.292+0000] {logging_mixin.py:190} INFO - [2024-11-20T03:58:17.291+0000] {dag.py:4180} INFO - Setting next_dagrun for example_subdag_operator.section-2 to None, run_after=None
[2024-11-20T03:58:17.309+0000] {logging_mixin.py:190} INFO - [2024-11-20T03:58:17.309+0000] {dag.py:3239} INFO - Sync 2 DAGs
[2024-11-20T03:58:17.320+0000] {logging_mixin.py:190} INFO - [2024-11-20T03:58:17.320+0000] {dag.py:4180} INFO - Setting next_dagrun for example_subdag_operator.section-1 to None, run_after=None
[2024-11-20T03:58:17.321+0000] {logging_mixin.py:190} INFO - [2024-11-20T03:58:17.321+0000] {dag.py:4180} INFO - Setting next_dagrun for example_subdag_operator.section-2 to None, run_after=None
[2024-11-20T03:58:17.349+0000] {processor.py:208} INFO - Processing /home/airflow/.local/lib/python3.12/site-packages/airflow/example_dags/example_subdag_operator.py took 0.209 seconds
[2024-11-20T03:58:49.030+0000] {processor.py:186} INFO - Started process (PID=1285) to work on /home/airflow/.local/lib/python3.12/site-packages/airflow/example_dags/example_subdag_operator.py
[2024-11-20T03:58:49.032+0000] {processor.py:914} INFO - Processing file /home/airflow/.local/lib/python3.12/site-packages/airflow/example_dags/example_subdag_operator.py for tasks to queue
[2024-11-20T03:58:49.035+0000] {logging_mixin.py:190} INFO - [2024-11-20T03:58:49.034+0000] {dagbag.py:588} INFO - Filling up the DagBag from /home/airflow/.local/lib/python3.12/site-packages/airflow/example_dags/example_subdag_operator.py
[2024-11-20T03:58:49.078+0000] {processor.py:925} INFO - DAG(s) 'example_subdag_operator.section-1', 'example_subdag_operator.section-2', 'example_subdag_operator' retrieved from /home/airflow/.local/lib/python3.12/site-packages/airflow/example_dags/example_subdag_operator.py
[2024-11-20T03:58:49.109+0000] {logging_mixin.py:190} INFO - [2024-11-20T03:58:49.109+0000] {dag.py:3239} INFO - Sync 3 DAGs
[2024-11-20T03:58:49.148+0000] {logging_mixin.py:190} INFO - [2024-11-20T03:58:49.148+0000] {dag.py:4180} INFO - Setting next_dagrun for example_subdag_operator to 2022-01-01 00:00:00+00:00, run_after=2022-01-01 00:00:00+00:00
[2024-11-20T03:58:49.153+0000] {logging_mixin.py:190} INFO - [2024-11-20T03:58:49.152+0000] {dag.py:4180} INFO - Setting next_dagrun for example_subdag_operator.section-1 to None, run_after=None
[2024-11-20T03:58:49.157+0000] {logging_mixin.py:190} INFO - [2024-11-20T03:58:49.156+0000] {dag.py:4180} INFO - Setting next_dagrun for example_subdag_operator.section-2 to None, run_after=None
[2024-11-20T03:58:49.167+0000] {logging_mixin.py:190} INFO - [2024-11-20T03:58:49.167+0000] {dag.py:3239} INFO - Sync 2 DAGs
[2024-11-20T03:58:49.178+0000] {logging_mixin.py:190} INFO - [2024-11-20T03:58:49.178+0000] {dag.py:4180} INFO - Setting next_dagrun for example_subdag_operator.section-1 to None, run_after=None
[2024-11-20T03:58:49.179+0000] {logging_mixin.py:190} INFO - [2024-11-20T03:58:49.179+0000] {dag.py:4180} INFO - Setting next_dagrun for example_subdag_operator.section-2 to None, run_after=None
[2024-11-20T03:58:49.238+0000] {processor.py:208} INFO - Processing /home/airflow/.local/lib/python3.12/site-packages/airflow/example_dags/example_subdag_operator.py took 0.218 seconds
[2024-11-20T03:59:20.419+0000] {processor.py:186} INFO - Started process (PID=1348) to work on /home/airflow/.local/lib/python3.12/site-packages/airflow/example_dags/example_subdag_operator.py
[2024-11-20T03:59:20.421+0000] {processor.py:914} INFO - Processing file /home/airflow/.local/lib/python3.12/site-packages/airflow/example_dags/example_subdag_operator.py for tasks to queue
[2024-11-20T03:59:20.426+0000] {logging_mixin.py:190} INFO - [2024-11-20T03:59:20.425+0000] {dagbag.py:588} INFO - Filling up the DagBag from /home/airflow/.local/lib/python3.12/site-packages/airflow/example_dags/example_subdag_operator.py
[2024-11-20T03:59:20.492+0000] {processor.py:925} INFO - DAG(s) 'example_subdag_operator.section-1', 'example_subdag_operator.section-2', 'example_subdag_operator' retrieved from /home/airflow/.local/lib/python3.12/site-packages/airflow/example_dags/example_subdag_operator.py
[2024-11-20T03:59:20.520+0000] {logging_mixin.py:190} INFO - [2024-11-20T03:59:20.519+0000] {dag.py:3239} INFO - Sync 3 DAGs
[2024-11-20T03:59:20.563+0000] {logging_mixin.py:190} INFO - [2024-11-20T03:59:20.562+0000] {dag.py:4180} INFO - Setting next_dagrun for example_subdag_operator to 2022-01-01 00:00:00+00:00, run_after=2022-01-01 00:00:00+00:00
[2024-11-20T03:59:20.573+0000] {logging_mixin.py:190} INFO - [2024-11-20T03:59:20.572+0000] {dag.py:4180} INFO - Setting next_dagrun for example_subdag_operator.section-1 to None, run_after=None
[2024-11-20T03:59:20.579+0000] {logging_mixin.py:190} INFO - [2024-11-20T03:59:20.578+0000] {dag.py:4180} INFO - Setting next_dagrun for example_subdag_operator.section-2 to None, run_after=None
[2024-11-20T03:59:20.594+0000] {logging_mixin.py:190} INFO - [2024-11-20T03:59:20.594+0000] {dag.py:3239} INFO - Sync 2 DAGs
[2024-11-20T03:59:20.607+0000] {logging_mixin.py:190} INFO - [2024-11-20T03:59:20.607+0000] {dag.py:4180} INFO - Setting next_dagrun for example_subdag_operator.section-1 to None, run_after=None
[2024-11-20T03:59:20.608+0000] {logging_mixin.py:190} INFO - [2024-11-20T03:59:20.608+0000] {dag.py:4180} INFO - Setting next_dagrun for example_subdag_operator.section-2 to None, run_after=None
[2024-11-20T03:59:20.626+0000] {processor.py:208} INFO - Processing /home/airflow/.local/lib/python3.12/site-packages/airflow/example_dags/example_subdag_operator.py took 0.216 seconds
