[2024-11-20T03:48:46.863+0000] {processor.py:186} INFO - Started process (PID=120) to work on /home/airflow/.local/lib/python3.12/site-packages/airflow/example_dags/example_latest_only_with_trigger.py
[2024-11-20T03:48:46.865+0000] {processor.py:914} INFO - Processing file /home/airflow/.local/lib/python3.12/site-packages/airflow/example_dags/example_latest_only_with_trigger.py for tasks to queue
[2024-11-20T03:48:46.871+0000] {logging_mixin.py:190} INFO - [2024-11-20T03:48:46.870+0000] {dagbag.py:588} INFO - Filling up the DagBag from /home/airflow/.local/lib/python3.12/site-packages/airflow/example_dags/example_latest_only_with_trigger.py
[2024-11-20T03:48:46.894+0000] {processor.py:925} INFO - DAG(s) 'latest_only_with_trigger' retrieved from /home/airflow/.local/lib/python3.12/site-packages/airflow/example_dags/example_latest_only_with_trigger.py
[2024-11-20T03:48:47.199+0000] {logging_mixin.py:190} INFO - [2024-11-20T03:48:47.197+0000] {override.py:1911} INFO - Created Permission View: can read on DAG:latest_only_with_trigger
[2024-11-20T03:48:47.241+0000] {logging_mixin.py:190} INFO - [2024-11-20T03:48:47.241+0000] {override.py:1911} INFO - Created Permission View: can edit on DAG:latest_only_with_trigger
[2024-11-20T03:48:47.263+0000] {logging_mixin.py:190} INFO - [2024-11-20T03:48:47.263+0000] {override.py:1911} INFO - Created Permission View: can delete on DAG:latest_only_with_trigger
[2024-11-20T03:48:47.288+0000] {logging_mixin.py:190} INFO - [2024-11-20T03:48:47.287+0000] {override.py:1911} INFO - Created Permission View: menu access on DAG Run:latest_only_with_trigger
[2024-11-20T03:48:47.305+0000] {logging_mixin.py:190} INFO - [2024-11-20T03:48:47.305+0000] {override.py:1911} INFO - Created Permission View: can read on DAG Run:latest_only_with_trigger
[2024-11-20T03:48:47.329+0000] {logging_mixin.py:190} INFO - [2024-11-20T03:48:47.328+0000] {override.py:1911} INFO - Created Permission View: can delete on DAG Run:latest_only_with_trigger
[2024-11-20T03:48:47.355+0000] {logging_mixin.py:190} INFO - [2024-11-20T03:48:47.354+0000] {override.py:1911} INFO - Created Permission View: can create on DAG Run:latest_only_with_trigger
[2024-11-20T03:48:47.357+0000] {logging_mixin.py:190} INFO - [2024-11-20T03:48:47.356+0000] {dag.py:3239} INFO - Sync 1 DAGs
[2024-11-20T03:48:47.415+0000] {logging_mixin.py:190} INFO - [2024-11-20T03:48:47.414+0000] {dag.py:3262} INFO - Creating ORM DAG for latest_only_with_trigger
[2024-11-20T03:48:47.488+0000] {logging_mixin.py:190} INFO - [2024-11-20T03:48:47.468+0000] {dag.py:4180} INFO - Setting next_dagrun for latest_only_with_trigger to 2024-11-19 20:00:00+00:00, run_after=2024-11-20 00:00:00+00:00
[2024-11-20T03:48:47.608+0000] {processor.py:208} INFO - Processing /home/airflow/.local/lib/python3.12/site-packages/airflow/example_dags/example_latest_only_with_trigger.py took 0.762 seconds
[2024-11-20T03:49:19.469+0000] {processor.py:186} INFO - Started process (PID=182) to work on /home/airflow/.local/lib/python3.12/site-packages/airflow/example_dags/example_latest_only_with_trigger.py
[2024-11-20T03:49:19.473+0000] {processor.py:914} INFO - Processing file /home/airflow/.local/lib/python3.12/site-packages/airflow/example_dags/example_latest_only_with_trigger.py for tasks to queue
[2024-11-20T03:49:19.504+0000] {logging_mixin.py:190} INFO - [2024-11-20T03:49:19.503+0000] {dagbag.py:588} INFO - Filling up the DagBag from /home/airflow/.local/lib/python3.12/site-packages/airflow/example_dags/example_latest_only_with_trigger.py
[2024-11-20T03:49:19.569+0000] {processor.py:925} INFO - DAG(s) 'latest_only_with_trigger' retrieved from /home/airflow/.local/lib/python3.12/site-packages/airflow/example_dags/example_latest_only_with_trigger.py
[2024-11-20T03:49:19.820+0000] {logging_mixin.py:190} INFO - [2024-11-20T03:49:19.819+0000] {dag.py:3239} INFO - Sync 1 DAGs
[2024-11-20T03:49:19.960+0000] {logging_mixin.py:190} INFO - [2024-11-20T03:49:19.960+0000] {dag.py:4180} INFO - Setting next_dagrun for latest_only_with_trigger to 2024-11-19 20:00:00+00:00, run_after=2024-11-20 00:00:00+00:00
[2024-11-20T03:49:20.083+0000] {processor.py:208} INFO - Processing /home/airflow/.local/lib/python3.12/site-packages/airflow/example_dags/example_latest_only_with_trigger.py took 0.669 seconds
[2024-11-20T03:49:50.416+0000] {processor.py:186} INFO - Started process (PID=246) to work on /home/airflow/.local/lib/python3.12/site-packages/airflow/example_dags/example_latest_only_with_trigger.py
[2024-11-20T03:49:50.419+0000] {processor.py:914} INFO - Processing file /home/airflow/.local/lib/python3.12/site-packages/airflow/example_dags/example_latest_only_with_trigger.py for tasks to queue
[2024-11-20T03:49:50.424+0000] {logging_mixin.py:190} INFO - [2024-11-20T03:49:50.423+0000] {dagbag.py:588} INFO - Filling up the DagBag from /home/airflow/.local/lib/python3.12/site-packages/airflow/example_dags/example_latest_only_with_trigger.py
[2024-11-20T03:49:50.440+0000] {processor.py:925} INFO - DAG(s) 'latest_only_with_trigger' retrieved from /home/airflow/.local/lib/python3.12/site-packages/airflow/example_dags/example_latest_only_with_trigger.py
[2024-11-20T03:49:50.485+0000] {logging_mixin.py:190} INFO - [2024-11-20T03:49:50.484+0000] {dag.py:3239} INFO - Sync 1 DAGs
[2024-11-20T03:49:50.576+0000] {logging_mixin.py:190} INFO - [2024-11-20T03:49:50.575+0000] {dag.py:4180} INFO - Setting next_dagrun for latest_only_with_trigger to 2024-11-19 20:00:00+00:00, run_after=2024-11-20 00:00:00+00:00
[2024-11-20T03:49:50.639+0000] {processor.py:208} INFO - Processing /home/airflow/.local/lib/python3.12/site-packages/airflow/example_dags/example_latest_only_with_trigger.py took 0.235 seconds
[2024-11-20T03:50:35.852+0000] {processor.py:186} INFO - Started process (PID=308) to work on /home/airflow/.local/lib/python3.12/site-packages/airflow/example_dags/example_latest_only_with_trigger.py
[2024-11-20T03:50:35.854+0000] {processor.py:914} INFO - Processing file /home/airflow/.local/lib/python3.12/site-packages/airflow/example_dags/example_latest_only_with_trigger.py for tasks to queue
[2024-11-20T03:50:35.857+0000] {logging_mixin.py:190} INFO - [2024-11-20T03:50:35.857+0000] {dagbag.py:588} INFO - Filling up the DagBag from /home/airflow/.local/lib/python3.12/site-packages/airflow/example_dags/example_latest_only_with_trigger.py
[2024-11-20T03:50:35.871+0000] {processor.py:925} INFO - DAG(s) 'latest_only_with_trigger' retrieved from /home/airflow/.local/lib/python3.12/site-packages/airflow/example_dags/example_latest_only_with_trigger.py
[2024-11-20T03:50:35.909+0000] {logging_mixin.py:190} INFO - [2024-11-20T03:50:35.908+0000] {dag.py:3239} INFO - Sync 1 DAGs
[2024-11-20T03:50:35.987+0000] {logging_mixin.py:190} INFO - [2024-11-20T03:50:35.986+0000] {dag.py:4180} INFO - Setting next_dagrun for latest_only_with_trigger to 2024-11-19 20:00:00+00:00, run_after=2024-11-20 00:00:00+00:00
[2024-11-20T03:50:36.035+0000] {processor.py:208} INFO - Processing /home/airflow/.local/lib/python3.12/site-packages/airflow/example_dags/example_latest_only_with_trigger.py took 0.194 seconds
[2024-11-20T03:51:08.972+0000] {processor.py:186} INFO - Started process (PID=371) to work on /home/airflow/.local/lib/python3.12/site-packages/airflow/example_dags/example_latest_only_with_trigger.py
[2024-11-20T03:51:08.974+0000] {processor.py:914} INFO - Processing file /home/airflow/.local/lib/python3.12/site-packages/airflow/example_dags/example_latest_only_with_trigger.py for tasks to queue
[2024-11-20T03:51:08.978+0000] {logging_mixin.py:190} INFO - [2024-11-20T03:51:08.978+0000] {dagbag.py:588} INFO - Filling up the DagBag from /home/airflow/.local/lib/python3.12/site-packages/airflow/example_dags/example_latest_only_with_trigger.py
[2024-11-20T03:51:08.994+0000] {processor.py:925} INFO - DAG(s) 'latest_only_with_trigger' retrieved from /home/airflow/.local/lib/python3.12/site-packages/airflow/example_dags/example_latest_only_with_trigger.py
[2024-11-20T03:51:09.034+0000] {logging_mixin.py:190} INFO - [2024-11-20T03:51:09.033+0000] {dag.py:3239} INFO - Sync 1 DAGs
[2024-11-20T03:51:09.094+0000] {logging_mixin.py:190} INFO - [2024-11-20T03:51:09.093+0000] {dag.py:4180} INFO - Setting next_dagrun for latest_only_with_trigger to 2024-11-19 20:00:00+00:00, run_after=2024-11-20 00:00:00+00:00
[2024-11-20T03:51:09.189+0000] {processor.py:208} INFO - Processing /home/airflow/.local/lib/python3.12/site-packages/airflow/example_dags/example_latest_only_with_trigger.py took 0.228 seconds
[2024-11-20T03:51:40.719+0000] {processor.py:186} INFO - Started process (PID=435) to work on /home/airflow/.local/lib/python3.12/site-packages/airflow/example_dags/example_latest_only_with_trigger.py
[2024-11-20T03:51:40.723+0000] {processor.py:914} INFO - Processing file /home/airflow/.local/lib/python3.12/site-packages/airflow/example_dags/example_latest_only_with_trigger.py for tasks to queue
[2024-11-20T03:51:40.728+0000] {logging_mixin.py:190} INFO - [2024-11-20T03:51:40.727+0000] {dagbag.py:588} INFO - Filling up the DagBag from /home/airflow/.local/lib/python3.12/site-packages/airflow/example_dags/example_latest_only_with_trigger.py
[2024-11-20T03:51:40.751+0000] {processor.py:925} INFO - DAG(s) 'latest_only_with_trigger' retrieved from /home/airflow/.local/lib/python3.12/site-packages/airflow/example_dags/example_latest_only_with_trigger.py
[2024-11-20T03:51:40.800+0000] {logging_mixin.py:190} INFO - [2024-11-20T03:51:40.799+0000] {dag.py:3239} INFO - Sync 1 DAGs
[2024-11-20T03:51:40.898+0000] {logging_mixin.py:190} INFO - [2024-11-20T03:51:40.897+0000] {dag.py:4180} INFO - Setting next_dagrun for latest_only_with_trigger to 2024-11-19 20:00:00+00:00, run_after=2024-11-20 00:00:00+00:00
[2024-11-20T03:51:40.964+0000] {processor.py:208} INFO - Processing /home/airflow/.local/lib/python3.12/site-packages/airflow/example_dags/example_latest_only_with_trigger.py took 0.264 seconds
[2024-11-20T03:52:12.303+0000] {processor.py:186} INFO - Started process (PID=497) to work on /home/airflow/.local/lib/python3.12/site-packages/airflow/example_dags/example_latest_only_with_trigger.py
[2024-11-20T03:52:12.308+0000] {processor.py:914} INFO - Processing file /home/airflow/.local/lib/python3.12/site-packages/airflow/example_dags/example_latest_only_with_trigger.py for tasks to queue
[2024-11-20T03:52:12.319+0000] {logging_mixin.py:190} INFO - [2024-11-20T03:52:12.318+0000] {dagbag.py:588} INFO - Filling up the DagBag from /home/airflow/.local/lib/python3.12/site-packages/airflow/example_dags/example_latest_only_with_trigger.py
[2024-11-20T03:52:12.357+0000] {processor.py:925} INFO - DAG(s) 'latest_only_with_trigger' retrieved from /home/airflow/.local/lib/python3.12/site-packages/airflow/example_dags/example_latest_only_with_trigger.py
[2024-11-20T03:52:12.446+0000] {logging_mixin.py:190} INFO - [2024-11-20T03:52:12.445+0000] {dag.py:3239} INFO - Sync 1 DAGs
[2024-11-20T03:52:12.551+0000] {logging_mixin.py:190} INFO - [2024-11-20T03:52:12.547+0000] {dag.py:4180} INFO - Setting next_dagrun for latest_only_with_trigger to 2024-11-19 20:00:00+00:00, run_after=2024-11-20 00:00:00+00:00
[2024-11-20T03:52:12.632+0000] {processor.py:208} INFO - Processing /home/airflow/.local/lib/python3.12/site-packages/airflow/example_dags/example_latest_only_with_trigger.py took 0.361 seconds
[2024-11-20T03:52:42.883+0000] {processor.py:186} INFO - Started process (PID=558) to work on /home/airflow/.local/lib/python3.12/site-packages/airflow/example_dags/example_latest_only_with_trigger.py
[2024-11-20T03:52:42.885+0000] {processor.py:914} INFO - Processing file /home/airflow/.local/lib/python3.12/site-packages/airflow/example_dags/example_latest_only_with_trigger.py for tasks to queue
[2024-11-20T03:52:42.890+0000] {logging_mixin.py:190} INFO - [2024-11-20T03:52:42.889+0000] {dagbag.py:588} INFO - Filling up the DagBag from /home/airflow/.local/lib/python3.12/site-packages/airflow/example_dags/example_latest_only_with_trigger.py
[2024-11-20T03:52:42.909+0000] {processor.py:925} INFO - DAG(s) 'latest_only_with_trigger' retrieved from /home/airflow/.local/lib/python3.12/site-packages/airflow/example_dags/example_latest_only_with_trigger.py
[2024-11-20T03:52:42.951+0000] {logging_mixin.py:190} INFO - [2024-11-20T03:52:42.951+0000] {dag.py:3239} INFO - Sync 1 DAGs
[2024-11-20T03:52:43.001+0000] {logging_mixin.py:190} INFO - [2024-11-20T03:52:43.001+0000] {dag.py:4180} INFO - Setting next_dagrun for latest_only_with_trigger to 2024-11-19 20:00:00+00:00, run_after=2024-11-20 00:00:00+00:00
[2024-11-20T03:52:43.032+0000] {processor.py:208} INFO - Processing /home/airflow/.local/lib/python3.12/site-packages/airflow/example_dags/example_latest_only_with_trigger.py took 0.161 seconds
[2024-11-20T03:53:15.793+0000] {processor.py:186} INFO - Started process (PID=621) to work on /home/airflow/.local/lib/python3.12/site-packages/airflow/example_dags/example_latest_only_with_trigger.py
[2024-11-20T03:53:15.796+0000] {processor.py:914} INFO - Processing file /home/airflow/.local/lib/python3.12/site-packages/airflow/example_dags/example_latest_only_with_trigger.py for tasks to queue
[2024-11-20T03:53:15.800+0000] {logging_mixin.py:190} INFO - [2024-11-20T03:53:15.800+0000] {dagbag.py:588} INFO - Filling up the DagBag from /home/airflow/.local/lib/python3.12/site-packages/airflow/example_dags/example_latest_only_with_trigger.py
[2024-11-20T03:53:15.814+0000] {processor.py:925} INFO - DAG(s) 'latest_only_with_trigger' retrieved from /home/airflow/.local/lib/python3.12/site-packages/airflow/example_dags/example_latest_only_with_trigger.py
[2024-11-20T03:53:15.845+0000] {logging_mixin.py:190} INFO - [2024-11-20T03:53:15.845+0000] {dag.py:3239} INFO - Sync 1 DAGs
[2024-11-20T03:53:15.878+0000] {logging_mixin.py:190} INFO - [2024-11-20T03:53:15.877+0000] {dag.py:4180} INFO - Setting next_dagrun for latest_only_with_trigger to 2024-11-19 20:00:00+00:00, run_after=2024-11-20 00:00:00+00:00
[2024-11-20T03:53:16.049+0000] {processor.py:208} INFO - Processing /home/airflow/.local/lib/python3.12/site-packages/airflow/example_dags/example_latest_only_with_trigger.py took 0.263 seconds
[2024-11-20T03:53:48.979+0000] {processor.py:186} INFO - Started process (PID=690) to work on /home/airflow/.local/lib/python3.12/site-packages/airflow/example_dags/example_latest_only_with_trigger.py
[2024-11-20T03:53:48.981+0000] {processor.py:914} INFO - Processing file /home/airflow/.local/lib/python3.12/site-packages/airflow/example_dags/example_latest_only_with_trigger.py for tasks to queue
[2024-11-20T03:53:48.986+0000] {logging_mixin.py:190} INFO - [2024-11-20T03:53:48.985+0000] {dagbag.py:588} INFO - Filling up the DagBag from /home/airflow/.local/lib/python3.12/site-packages/airflow/example_dags/example_latest_only_with_trigger.py
[2024-11-20T03:53:49.008+0000] {processor.py:925} INFO - DAG(s) 'latest_only_with_trigger' retrieved from /home/airflow/.local/lib/python3.12/site-packages/airflow/example_dags/example_latest_only_with_trigger.py
[2024-11-20T03:53:49.053+0000] {logging_mixin.py:190} INFO - [2024-11-20T03:53:49.053+0000] {dag.py:3239} INFO - Sync 1 DAGs
[2024-11-20T03:53:49.098+0000] {logging_mixin.py:190} INFO - [2024-11-20T03:53:49.097+0000] {dag.py:4180} INFO - Setting next_dagrun for latest_only_with_trigger to 2024-11-19 20:00:00+00:00, run_after=2024-11-20 00:00:00+00:00
[2024-11-20T03:53:49.146+0000] {processor.py:208} INFO - Processing /home/airflow/.local/lib/python3.12/site-packages/airflow/example_dags/example_latest_only_with_trigger.py took 0.178 seconds
[2024-11-20T03:54:21.232+0000] {processor.py:186} INFO - Started process (PID=753) to work on /home/airflow/.local/lib/python3.12/site-packages/airflow/example_dags/example_latest_only_with_trigger.py
[2024-11-20T03:54:21.237+0000] {processor.py:914} INFO - Processing file /home/airflow/.local/lib/python3.12/site-packages/airflow/example_dags/example_latest_only_with_trigger.py for tasks to queue
[2024-11-20T03:54:21.242+0000] {logging_mixin.py:190} INFO - [2024-11-20T03:54:21.241+0000] {dagbag.py:588} INFO - Filling up the DagBag from /home/airflow/.local/lib/python3.12/site-packages/airflow/example_dags/example_latest_only_with_trigger.py
[2024-11-20T03:54:21.270+0000] {processor.py:925} INFO - DAG(s) 'latest_only_with_trigger' retrieved from /home/airflow/.local/lib/python3.12/site-packages/airflow/example_dags/example_latest_only_with_trigger.py
[2024-11-20T03:54:21.334+0000] {logging_mixin.py:190} INFO - [2024-11-20T03:54:21.333+0000] {dag.py:3239} INFO - Sync 1 DAGs
[2024-11-20T03:54:21.454+0000] {logging_mixin.py:190} INFO - [2024-11-20T03:54:21.454+0000] {dag.py:4180} INFO - Setting next_dagrun for latest_only_with_trigger to 2024-11-19 20:00:00+00:00, run_after=2024-11-20 00:00:00+00:00
[2024-11-20T03:54:21.502+0000] {processor.py:208} INFO - Processing /home/airflow/.local/lib/python3.12/site-packages/airflow/example_dags/example_latest_only_with_trigger.py took 0.283 seconds
[2024-11-20T03:54:53.595+0000] {processor.py:186} INFO - Started process (PID=816) to work on /home/airflow/.local/lib/python3.12/site-packages/airflow/example_dags/example_latest_only_with_trigger.py
[2024-11-20T03:54:53.597+0000] {processor.py:914} INFO - Processing file /home/airflow/.local/lib/python3.12/site-packages/airflow/example_dags/example_latest_only_with_trigger.py for tasks to queue
[2024-11-20T03:54:53.611+0000] {logging_mixin.py:190} INFO - [2024-11-20T03:54:53.610+0000] {dagbag.py:588} INFO - Filling up the DagBag from /home/airflow/.local/lib/python3.12/site-packages/airflow/example_dags/example_latest_only_with_trigger.py
[2024-11-20T03:54:53.656+0000] {processor.py:925} INFO - DAG(s) 'latest_only_with_trigger' retrieved from /home/airflow/.local/lib/python3.12/site-packages/airflow/example_dags/example_latest_only_with_trigger.py
[2024-11-20T03:54:53.764+0000] {logging_mixin.py:190} INFO - [2024-11-20T03:54:53.764+0000] {dag.py:3239} INFO - Sync 1 DAGs
[2024-11-20T03:54:53.899+0000] {logging_mixin.py:190} INFO - [2024-11-20T03:54:53.898+0000] {dag.py:4180} INFO - Setting next_dagrun for latest_only_with_trigger to 2024-11-19 20:00:00+00:00, run_after=2024-11-20 00:00:00+00:00
[2024-11-20T03:54:54.000+0000] {processor.py:208} INFO - Processing /home/airflow/.local/lib/python3.12/site-packages/airflow/example_dags/example_latest_only_with_trigger.py took 0.441 seconds
[2024-11-20T03:55:24.101+0000] {processor.py:186} INFO - Started process (PID=878) to work on /home/airflow/.local/lib/python3.12/site-packages/airflow/example_dags/example_latest_only_with_trigger.py
[2024-11-20T03:55:24.103+0000] {processor.py:914} INFO - Processing file /home/airflow/.local/lib/python3.12/site-packages/airflow/example_dags/example_latest_only_with_trigger.py for tasks to queue
[2024-11-20T03:55:24.107+0000] {logging_mixin.py:190} INFO - [2024-11-20T03:55:24.106+0000] {dagbag.py:588} INFO - Filling up the DagBag from /home/airflow/.local/lib/python3.12/site-packages/airflow/example_dags/example_latest_only_with_trigger.py
[2024-11-20T03:55:24.120+0000] {processor.py:925} INFO - DAG(s) 'latest_only_with_trigger' retrieved from /home/airflow/.local/lib/python3.12/site-packages/airflow/example_dags/example_latest_only_with_trigger.py
[2024-11-20T03:55:24.166+0000] {logging_mixin.py:190} INFO - [2024-11-20T03:55:24.166+0000] {dag.py:3239} INFO - Sync 1 DAGs
[2024-11-20T03:55:24.228+0000] {logging_mixin.py:190} INFO - [2024-11-20T03:55:24.228+0000] {dag.py:4180} INFO - Setting next_dagrun for latest_only_with_trigger to 2024-11-19 20:00:00+00:00, run_after=2024-11-20 00:00:00+00:00
[2024-11-20T03:55:24.278+0000] {processor.py:208} INFO - Processing /home/airflow/.local/lib/python3.12/site-packages/airflow/example_dags/example_latest_only_with_trigger.py took 0.188 seconds
[2024-11-20T03:55:55.429+0000] {processor.py:186} INFO - Started process (PID=941) to work on /home/airflow/.local/lib/python3.12/site-packages/airflow/example_dags/example_latest_only_with_trigger.py
[2024-11-20T03:55:55.431+0000] {processor.py:914} INFO - Processing file /home/airflow/.local/lib/python3.12/site-packages/airflow/example_dags/example_latest_only_with_trigger.py for tasks to queue
[2024-11-20T03:55:55.435+0000] {logging_mixin.py:190} INFO - [2024-11-20T03:55:55.434+0000] {dagbag.py:588} INFO - Filling up the DagBag from /home/airflow/.local/lib/python3.12/site-packages/airflow/example_dags/example_latest_only_with_trigger.py
[2024-11-20T03:55:55.448+0000] {processor.py:925} INFO - DAG(s) 'latest_only_with_trigger' retrieved from /home/airflow/.local/lib/python3.12/site-packages/airflow/example_dags/example_latest_only_with_trigger.py
[2024-11-20T03:55:55.481+0000] {logging_mixin.py:190} INFO - [2024-11-20T03:55:55.480+0000] {dag.py:3239} INFO - Sync 1 DAGs
[2024-11-20T03:55:55.527+0000] {logging_mixin.py:190} INFO - [2024-11-20T03:55:55.526+0000] {dag.py:4180} INFO - Setting next_dagrun for latest_only_with_trigger to 2024-11-19 20:00:00+00:00, run_after=2024-11-20 00:00:00+00:00
[2024-11-20T03:55:55.568+0000] {processor.py:208} INFO - Processing /home/airflow/.local/lib/python3.12/site-packages/airflow/example_dags/example_latest_only_with_trigger.py took 0.150 seconds
[2024-11-20T03:56:26.230+0000] {processor.py:186} INFO - Started process (PID=1003) to work on /home/airflow/.local/lib/python3.12/site-packages/airflow/example_dags/example_latest_only_with_trigger.py
[2024-11-20T03:56:26.232+0000] {processor.py:914} INFO - Processing file /home/airflow/.local/lib/python3.12/site-packages/airflow/example_dags/example_latest_only_with_trigger.py for tasks to queue
[2024-11-20T03:56:26.239+0000] {logging_mixin.py:190} INFO - [2024-11-20T03:56:26.238+0000] {dagbag.py:588} INFO - Filling up the DagBag from /home/airflow/.local/lib/python3.12/site-packages/airflow/example_dags/example_latest_only_with_trigger.py
[2024-11-20T03:56:26.257+0000] {processor.py:925} INFO - DAG(s) 'latest_only_with_trigger' retrieved from /home/airflow/.local/lib/python3.12/site-packages/airflow/example_dags/example_latest_only_with_trigger.py
[2024-11-20T03:56:26.307+0000] {logging_mixin.py:190} INFO - [2024-11-20T03:56:26.306+0000] {dag.py:3239} INFO - Sync 1 DAGs
[2024-11-20T03:56:26.374+0000] {logging_mixin.py:190} INFO - [2024-11-20T03:56:26.373+0000] {dag.py:4180} INFO - Setting next_dagrun for latest_only_with_trigger to 2024-11-19 20:00:00+00:00, run_after=2024-11-20 00:00:00+00:00
[2024-11-20T03:56:26.429+0000] {processor.py:208} INFO - Processing /home/airflow/.local/lib/python3.12/site-packages/airflow/example_dags/example_latest_only_with_trigger.py took 0.215 seconds
[2024-11-20T03:56:57.537+0000] {processor.py:186} INFO - Started process (PID=1066) to work on /home/airflow/.local/lib/python3.12/site-packages/airflow/example_dags/example_latest_only_with_trigger.py
[2024-11-20T03:56:57.540+0000] {processor.py:914} INFO - Processing file /home/airflow/.local/lib/python3.12/site-packages/airflow/example_dags/example_latest_only_with_trigger.py for tasks to queue
[2024-11-20T03:56:57.549+0000] {logging_mixin.py:190} INFO - [2024-11-20T03:56:57.548+0000] {dagbag.py:588} INFO - Filling up the DagBag from /home/airflow/.local/lib/python3.12/site-packages/airflow/example_dags/example_latest_only_with_trigger.py
[2024-11-20T03:56:57.577+0000] {processor.py:925} INFO - DAG(s) 'latest_only_with_trigger' retrieved from /home/airflow/.local/lib/python3.12/site-packages/airflow/example_dags/example_latest_only_with_trigger.py
[2024-11-20T03:56:57.620+0000] {logging_mixin.py:190} INFO - [2024-11-20T03:56:57.620+0000] {dag.py:3239} INFO - Sync 1 DAGs
[2024-11-20T03:56:57.673+0000] {logging_mixin.py:190} INFO - [2024-11-20T03:56:57.673+0000] {dag.py:4180} INFO - Setting next_dagrun for latest_only_with_trigger to 2024-11-19 20:00:00+00:00, run_after=2024-11-20 00:00:00+00:00
[2024-11-20T03:56:57.718+0000] {processor.py:208} INFO - Processing /home/airflow/.local/lib/python3.12/site-packages/airflow/example_dags/example_latest_only_with_trigger.py took 0.197 seconds
[2024-11-20T03:57:27.929+0000] {processor.py:186} INFO - Started process (PID=1123) to work on /home/airflow/.local/lib/python3.12/site-packages/airflow/example_dags/example_latest_only_with_trigger.py
[2024-11-20T03:57:27.931+0000] {processor.py:914} INFO - Processing file /home/airflow/.local/lib/python3.12/site-packages/airflow/example_dags/example_latest_only_with_trigger.py for tasks to queue
[2024-11-20T03:57:27.935+0000] {logging_mixin.py:190} INFO - [2024-11-20T03:57:27.934+0000] {dagbag.py:588} INFO - Filling up the DagBag from /home/airflow/.local/lib/python3.12/site-packages/airflow/example_dags/example_latest_only_with_trigger.py
[2024-11-20T03:57:27.947+0000] {processor.py:925} INFO - DAG(s) 'latest_only_with_trigger' retrieved from /home/airflow/.local/lib/python3.12/site-packages/airflow/example_dags/example_latest_only_with_trigger.py
[2024-11-20T03:57:27.983+0000] {logging_mixin.py:190} INFO - [2024-11-20T03:57:27.983+0000] {dag.py:3239} INFO - Sync 1 DAGs
[2024-11-20T03:57:28.028+0000] {logging_mixin.py:190} INFO - [2024-11-20T03:57:28.028+0000] {dag.py:4180} INFO - Setting next_dagrun for latest_only_with_trigger to 2024-11-19 20:00:00+00:00, run_after=2024-11-20 00:00:00+00:00
[2024-11-20T03:57:28.058+0000] {processor.py:208} INFO - Processing /home/airflow/.local/lib/python3.12/site-packages/airflow/example_dags/example_latest_only_with_trigger.py took 0.140 seconds
[2024-11-20T03:57:58.185+0000] {processor.py:186} INFO - Started process (PID=1186) to work on /home/airflow/.local/lib/python3.12/site-packages/airflow/example_dags/example_latest_only_with_trigger.py
[2024-11-20T03:57:58.187+0000] {processor.py:914} INFO - Processing file /home/airflow/.local/lib/python3.12/site-packages/airflow/example_dags/example_latest_only_with_trigger.py for tasks to queue
[2024-11-20T03:57:58.191+0000] {logging_mixin.py:190} INFO - [2024-11-20T03:57:58.190+0000] {dagbag.py:588} INFO - Filling up the DagBag from /home/airflow/.local/lib/python3.12/site-packages/airflow/example_dags/example_latest_only_with_trigger.py
[2024-11-20T03:57:58.212+0000] {processor.py:925} INFO - DAG(s) 'latest_only_with_trigger' retrieved from /home/airflow/.local/lib/python3.12/site-packages/airflow/example_dags/example_latest_only_with_trigger.py
[2024-11-20T03:57:58.258+0000] {logging_mixin.py:190} INFO - [2024-11-20T03:57:58.257+0000] {dag.py:3239} INFO - Sync 1 DAGs
[2024-11-20T03:57:58.303+0000] {logging_mixin.py:190} INFO - [2024-11-20T03:57:58.303+0000] {dag.py:4180} INFO - Setting next_dagrun for latest_only_with_trigger to 2024-11-19 20:00:00+00:00, run_after=2024-11-20 00:00:00+00:00
[2024-11-20T03:57:58.343+0000] {processor.py:208} INFO - Processing /home/airflow/.local/lib/python3.12/site-packages/airflow/example_dags/example_latest_only_with_trigger.py took 0.168 seconds
[2024-11-20T03:58:29.038+0000] {processor.py:186} INFO - Started process (PID=1249) to work on /home/airflow/.local/lib/python3.12/site-packages/airflow/example_dags/example_latest_only_with_trigger.py
[2024-11-20T03:58:29.040+0000] {processor.py:914} INFO - Processing file /home/airflow/.local/lib/python3.12/site-packages/airflow/example_dags/example_latest_only_with_trigger.py for tasks to queue
[2024-11-20T03:58:29.045+0000] {logging_mixin.py:190} INFO - [2024-11-20T03:58:29.044+0000] {dagbag.py:588} INFO - Filling up the DagBag from /home/airflow/.local/lib/python3.12/site-packages/airflow/example_dags/example_latest_only_with_trigger.py
[2024-11-20T03:58:29.069+0000] {processor.py:925} INFO - DAG(s) 'latest_only_with_trigger' retrieved from /home/airflow/.local/lib/python3.12/site-packages/airflow/example_dags/example_latest_only_with_trigger.py
[2024-11-20T03:58:29.138+0000] {logging_mixin.py:190} INFO - [2024-11-20T03:58:29.138+0000] {dag.py:3239} INFO - Sync 1 DAGs
[2024-11-20T03:58:29.223+0000] {logging_mixin.py:190} INFO - [2024-11-20T03:58:29.222+0000] {dag.py:4180} INFO - Setting next_dagrun for latest_only_with_trigger to 2024-11-19 20:00:00+00:00, run_after=2024-11-20 00:00:00+00:00
[2024-11-20T03:58:29.274+0000] {processor.py:208} INFO - Processing /home/airflow/.local/lib/python3.12/site-packages/airflow/example_dags/example_latest_only_with_trigger.py took 0.250 seconds
[2024-11-20T03:59:00.007+0000] {processor.py:186} INFO - Started process (PID=1312) to work on /home/airflow/.local/lib/python3.12/site-packages/airflow/example_dags/example_latest_only_with_trigger.py
[2024-11-20T03:59:00.009+0000] {processor.py:914} INFO - Processing file /home/airflow/.local/lib/python3.12/site-packages/airflow/example_dags/example_latest_only_with_trigger.py for tasks to queue
[2024-11-20T03:59:00.015+0000] {logging_mixin.py:190} INFO - [2024-11-20T03:59:00.013+0000] {dagbag.py:588} INFO - Filling up the DagBag from /home/airflow/.local/lib/python3.12/site-packages/airflow/example_dags/example_latest_only_with_trigger.py
[2024-11-20T03:59:00.032+0000] {processor.py:925} INFO - DAG(s) 'latest_only_with_trigger' retrieved from /home/airflow/.local/lib/python3.12/site-packages/airflow/example_dags/example_latest_only_with_trigger.py
[2024-11-20T03:59:00.069+0000] {logging_mixin.py:190} INFO - [2024-11-20T03:59:00.068+0000] {dag.py:3239} INFO - Sync 1 DAGs
[2024-11-20T03:59:00.114+0000] {logging_mixin.py:190} INFO - [2024-11-20T03:59:00.114+0000] {dag.py:4180} INFO - Setting next_dagrun for latest_only_with_trigger to 2024-11-19 20:00:00+00:00, run_after=2024-11-20 00:00:00+00:00
[2024-11-20T03:59:00.166+0000] {processor.py:208} INFO - Processing /home/airflow/.local/lib/python3.12/site-packages/airflow/example_dags/example_latest_only_with_trigger.py took 0.169 seconds
[2024-11-20T03:59:30.645+0000] {processor.py:186} INFO - Started process (PID=1375) to work on /home/airflow/.local/lib/python3.12/site-packages/airflow/example_dags/example_latest_only_with_trigger.py
[2024-11-20T03:59:30.647+0000] {processor.py:914} INFO - Processing file /home/airflow/.local/lib/python3.12/site-packages/airflow/example_dags/example_latest_only_with_trigger.py for tasks to queue
[2024-11-20T03:59:30.652+0000] {logging_mixin.py:190} INFO - [2024-11-20T03:59:30.652+0000] {dagbag.py:588} INFO - Filling up the DagBag from /home/airflow/.local/lib/python3.12/site-packages/airflow/example_dags/example_latest_only_with_trigger.py
[2024-11-20T03:59:30.668+0000] {processor.py:925} INFO - DAG(s) 'latest_only_with_trigger' retrieved from /home/airflow/.local/lib/python3.12/site-packages/airflow/example_dags/example_latest_only_with_trigger.py
[2024-11-20T03:59:30.715+0000] {logging_mixin.py:190} INFO - [2024-11-20T03:59:30.714+0000] {dag.py:3239} INFO - Sync 1 DAGs
[2024-11-20T03:59:30.760+0000] {logging_mixin.py:190} INFO - [2024-11-20T03:59:30.759+0000] {dag.py:4180} INFO - Setting next_dagrun for latest_only_with_trigger to 2024-11-19 20:00:00+00:00, run_after=2024-11-20 00:00:00+00:00
[2024-11-20T03:59:30.799+0000] {processor.py:208} INFO - Processing /home/airflow/.local/lib/python3.12/site-packages/airflow/example_dags/example_latest_only_with_trigger.py took 0.164 seconds
