[2024-11-20T03:49:07.674+0000] {processor.py:186} INFO - Started process (PID=138) to work on /home/airflow/.local/lib/python3.12/site-packages/airflow/example_dags/example_kubernetes_executor.py
[2024-11-20T03:49:07.683+0000] {processor.py:914} INFO - Processing file /home/airflow/.local/lib/python3.12/site-packages/airflow/example_dags/example_kubernetes_executor.py for tasks to queue
[2024-11-20T03:49:07.698+0000] {logging_mixin.py:190} INFO - [2024-11-20T03:49:07.697+0000] {dagbag.py:588} INFO - Filling up the DagBag from /home/airflow/.local/lib/python3.12/site-packages/airflow/example_dags/example_kubernetes_executor.py
[2024-11-20T03:49:07.808+0000] {processor.py:925} INFO - DAG(s) 'example_kubernetes_executor' retrieved from /home/airflow/.local/lib/python3.12/site-packages/airflow/example_dags/example_kubernetes_executor.py
[2024-11-20T03:49:08.173+0000] {logging_mixin.py:190} INFO - [2024-11-20T03:49:08.172+0000] {override.py:1911} INFO - Created Permission View: can read on DAG:example_kubernetes_executor
[2024-11-20T03:49:08.227+0000] {logging_mixin.py:190} INFO - [2024-11-20T03:49:08.226+0000] {override.py:1911} INFO - Created Permission View: can edit on DAG:example_kubernetes_executor
[2024-11-20T03:49:08.246+0000] {logging_mixin.py:190} INFO - [2024-11-20T03:49:08.245+0000] {override.py:1911} INFO - Created Permission View: can delete on DAG:example_kubernetes_executor
[2024-11-20T03:49:08.266+0000] {logging_mixin.py:190} INFO - [2024-11-20T03:49:08.264+0000] {override.py:1911} INFO - Created Permission View: menu access on DAG Run:example_kubernetes_executor
[2024-11-20T03:49:08.284+0000] {logging_mixin.py:190} INFO - [2024-11-20T03:49:08.283+0000] {override.py:1911} INFO - Created Permission View: can read on DAG Run:example_kubernetes_executor
[2024-11-20T03:49:08.300+0000] {logging_mixin.py:190} INFO - [2024-11-20T03:49:08.299+0000] {override.py:1911} INFO - Created Permission View: can delete on DAG Run:example_kubernetes_executor
[2024-11-20T03:49:08.315+0000] {logging_mixin.py:190} INFO - [2024-11-20T03:49:08.314+0000] {override.py:1911} INFO - Created Permission View: can create on DAG Run:example_kubernetes_executor
[2024-11-20T03:49:08.317+0000] {logging_mixin.py:190} INFO - [2024-11-20T03:49:08.316+0000] {dag.py:3239} INFO - Sync 1 DAGs
[2024-11-20T03:49:08.355+0000] {logging_mixin.py:190} INFO - [2024-11-20T03:49:08.354+0000] {dag.py:3262} INFO - Creating ORM DAG for example_kubernetes_executor
[2024-11-20T03:49:08.357+0000] {logging_mixin.py:190} INFO - [2024-11-20T03:49:08.356+0000] {dag.py:4180} INFO - Setting next_dagrun for example_kubernetes_executor to None, run_after=None
[2024-11-20T03:49:08.404+0000] {processor.py:208} INFO - Processing /home/airflow/.local/lib/python3.12/site-packages/airflow/example_dags/example_kubernetes_executor.py took 0.743 seconds
[2024-11-20T03:49:38.726+0000] {processor.py:186} INFO - Started process (PID=202) to work on /home/airflow/.local/lib/python3.12/site-packages/airflow/example_dags/example_kubernetes_executor.py
[2024-11-20T03:49:38.742+0000] {processor.py:914} INFO - Processing file /home/airflow/.local/lib/python3.12/site-packages/airflow/example_dags/example_kubernetes_executor.py for tasks to queue
[2024-11-20T03:49:38.764+0000] {logging_mixin.py:190} INFO - [2024-11-20T03:49:38.763+0000] {dagbag.py:588} INFO - Filling up the DagBag from /home/airflow/.local/lib/python3.12/site-packages/airflow/example_dags/example_kubernetes_executor.py
[2024-11-20T03:49:38.922+0000] {processor.py:925} INFO - DAG(s) 'example_kubernetes_executor' retrieved from /home/airflow/.local/lib/python3.12/site-packages/airflow/example_dags/example_kubernetes_executor.py
[2024-11-20T03:49:39.086+0000] {logging_mixin.py:190} INFO - [2024-11-20T03:49:39.086+0000] {dag.py:3239} INFO - Sync 1 DAGs
[2024-11-20T03:49:39.150+0000] {logging_mixin.py:190} INFO - [2024-11-20T03:49:39.150+0000] {dag.py:4180} INFO - Setting next_dagrun for example_kubernetes_executor to None, run_after=None
[2024-11-20T03:49:39.247+0000] {processor.py:208} INFO - Processing /home/airflow/.local/lib/python3.12/site-packages/airflow/example_dags/example_kubernetes_executor.py took 0.541 seconds
[2024-11-20T03:50:11.301+0000] {processor.py:186} INFO - Started process (PID=265) to work on /home/airflow/.local/lib/python3.12/site-packages/airflow/example_dags/example_kubernetes_executor.py
[2024-11-20T03:50:11.303+0000] {processor.py:914} INFO - Processing file /home/airflow/.local/lib/python3.12/site-packages/airflow/example_dags/example_kubernetes_executor.py for tasks to queue
[2024-11-20T03:50:11.313+0000] {logging_mixin.py:190} INFO - [2024-11-20T03:50:11.312+0000] {dagbag.py:588} INFO - Filling up the DagBag from /home/airflow/.local/lib/python3.12/site-packages/airflow/example_dags/example_kubernetes_executor.py
[2024-11-20T03:50:11.385+0000] {processor.py:925} INFO - DAG(s) 'example_kubernetes_executor' retrieved from /home/airflow/.local/lib/python3.12/site-packages/airflow/example_dags/example_kubernetes_executor.py
[2024-11-20T03:50:11.862+0000] {logging_mixin.py:190} INFO - [2024-11-20T03:50:11.861+0000] {dag.py:3239} INFO - Sync 1 DAGs
[2024-11-20T03:50:12.005+0000] {logging_mixin.py:190} INFO - [2024-11-20T03:50:12.004+0000] {dag.py:4180} INFO - Setting next_dagrun for example_kubernetes_executor to None, run_after=None
[2024-11-20T03:50:12.079+0000] {processor.py:208} INFO - Processing /home/airflow/.local/lib/python3.12/site-packages/airflow/example_dags/example_kubernetes_executor.py took 0.791 seconds
[2024-11-20T03:50:42.778+0000] {processor.py:186} INFO - Started process (PID=327) to work on /home/airflow/.local/lib/python3.12/site-packages/airflow/example_dags/example_kubernetes_executor.py
[2024-11-20T03:50:42.780+0000] {processor.py:914} INFO - Processing file /home/airflow/.local/lib/python3.12/site-packages/airflow/example_dags/example_kubernetes_executor.py for tasks to queue
[2024-11-20T03:50:42.786+0000] {logging_mixin.py:190} INFO - [2024-11-20T03:50:42.785+0000] {dagbag.py:588} INFO - Filling up the DagBag from /home/airflow/.local/lib/python3.12/site-packages/airflow/example_dags/example_kubernetes_executor.py
[2024-11-20T03:50:42.812+0000] {processor.py:925} INFO - DAG(s) 'example_kubernetes_executor' retrieved from /home/airflow/.local/lib/python3.12/site-packages/airflow/example_dags/example_kubernetes_executor.py
[2024-11-20T03:50:42.884+0000] {logging_mixin.py:190} INFO - [2024-11-20T03:50:42.884+0000] {dag.py:3239} INFO - Sync 1 DAGs
[2024-11-20T03:50:42.910+0000] {logging_mixin.py:190} INFO - [2024-11-20T03:50:42.910+0000] {dag.py:4180} INFO - Setting next_dagrun for example_kubernetes_executor to None, run_after=None
[2024-11-20T03:50:42.945+0000] {processor.py:208} INFO - Processing /home/airflow/.local/lib/python3.12/site-packages/airflow/example_dags/example_kubernetes_executor.py took 0.184 seconds
[2024-11-20T03:51:13.377+0000] {processor.py:186} INFO - Started process (PID=391) to work on /home/airflow/.local/lib/python3.12/site-packages/airflow/example_dags/example_kubernetes_executor.py
[2024-11-20T03:51:13.379+0000] {processor.py:914} INFO - Processing file /home/airflow/.local/lib/python3.12/site-packages/airflow/example_dags/example_kubernetes_executor.py for tasks to queue
[2024-11-20T03:51:13.389+0000] {logging_mixin.py:190} INFO - [2024-11-20T03:51:13.386+0000] {dagbag.py:588} INFO - Filling up the DagBag from /home/airflow/.local/lib/python3.12/site-packages/airflow/example_dags/example_kubernetes_executor.py
[2024-11-20T03:51:13.439+0000] {processor.py:925} INFO - DAG(s) 'example_kubernetes_executor' retrieved from /home/airflow/.local/lib/python3.12/site-packages/airflow/example_dags/example_kubernetes_executor.py
[2024-11-20T03:51:13.556+0000] {logging_mixin.py:190} INFO - [2024-11-20T03:51:13.555+0000] {dag.py:3239} INFO - Sync 1 DAGs
[2024-11-20T03:51:13.603+0000] {logging_mixin.py:190} INFO - [2024-11-20T03:51:13.602+0000] {dag.py:4180} INFO - Setting next_dagrun for example_kubernetes_executor to None, run_after=None
[2024-11-20T03:51:13.640+0000] {processor.py:208} INFO - Processing /home/airflow/.local/lib/python3.12/site-packages/airflow/example_dags/example_kubernetes_executor.py took 0.278 seconds
[2024-11-20T03:51:45.821+0000] {processor.py:186} INFO - Started process (PID=453) to work on /home/airflow/.local/lib/python3.12/site-packages/airflow/example_dags/example_kubernetes_executor.py
[2024-11-20T03:51:45.823+0000] {processor.py:914} INFO - Processing file /home/airflow/.local/lib/python3.12/site-packages/airflow/example_dags/example_kubernetes_executor.py for tasks to queue
[2024-11-20T03:51:45.827+0000] {logging_mixin.py:190} INFO - [2024-11-20T03:51:45.826+0000] {dagbag.py:588} INFO - Filling up the DagBag from /home/airflow/.local/lib/python3.12/site-packages/airflow/example_dags/example_kubernetes_executor.py
[2024-11-20T03:51:45.865+0000] {processor.py:925} INFO - DAG(s) 'example_kubernetes_executor' retrieved from /home/airflow/.local/lib/python3.12/site-packages/airflow/example_dags/example_kubernetes_executor.py
[2024-11-20T03:51:45.984+0000] {logging_mixin.py:190} INFO - [2024-11-20T03:51:45.983+0000] {dag.py:3239} INFO - Sync 1 DAGs
[2024-11-20T03:51:46.017+0000] {logging_mixin.py:190} INFO - [2024-11-20T03:51:46.017+0000] {dag.py:4180} INFO - Setting next_dagrun for example_kubernetes_executor to None, run_after=None
[2024-11-20T03:51:46.053+0000] {processor.py:208} INFO - Processing /home/airflow/.local/lib/python3.12/site-packages/airflow/example_dags/example_kubernetes_executor.py took 0.247 seconds
[2024-11-20T03:52:18.283+0000] {processor.py:186} INFO - Started process (PID=515) to work on /home/airflow/.local/lib/python3.12/site-packages/airflow/example_dags/example_kubernetes_executor.py
[2024-11-20T03:52:18.285+0000] {processor.py:914} INFO - Processing file /home/airflow/.local/lib/python3.12/site-packages/airflow/example_dags/example_kubernetes_executor.py for tasks to queue
[2024-11-20T03:52:18.290+0000] {logging_mixin.py:190} INFO - [2024-11-20T03:52:18.289+0000] {dagbag.py:588} INFO - Filling up the DagBag from /home/airflow/.local/lib/python3.12/site-packages/airflow/example_dags/example_kubernetes_executor.py
[2024-11-20T03:52:18.325+0000] {processor.py:925} INFO - DAG(s) 'example_kubernetes_executor' retrieved from /home/airflow/.local/lib/python3.12/site-packages/airflow/example_dags/example_kubernetes_executor.py
[2024-11-20T03:52:18.410+0000] {logging_mixin.py:190} INFO - [2024-11-20T03:52:18.409+0000] {dag.py:3239} INFO - Sync 1 DAGs
[2024-11-20T03:52:18.450+0000] {logging_mixin.py:190} INFO - [2024-11-20T03:52:18.449+0000] {dag.py:4180} INFO - Setting next_dagrun for example_kubernetes_executor to None, run_after=None
[2024-11-20T03:52:18.649+0000] {processor.py:208} INFO - Processing /home/airflow/.local/lib/python3.12/site-packages/airflow/example_dags/example_kubernetes_executor.py took 0.381 seconds
[2024-11-20T03:52:49.836+0000] {processor.py:186} INFO - Started process (PID=578) to work on /home/airflow/.local/lib/python3.12/site-packages/airflow/example_dags/example_kubernetes_executor.py
[2024-11-20T03:52:49.838+0000] {processor.py:914} INFO - Processing file /home/airflow/.local/lib/python3.12/site-packages/airflow/example_dags/example_kubernetes_executor.py for tasks to queue
[2024-11-20T03:52:49.841+0000] {logging_mixin.py:190} INFO - [2024-11-20T03:52:49.841+0000] {dagbag.py:588} INFO - Filling up the DagBag from /home/airflow/.local/lib/python3.12/site-packages/airflow/example_dags/example_kubernetes_executor.py
[2024-11-20T03:52:49.870+0000] {processor.py:925} INFO - DAG(s) 'example_kubernetes_executor' retrieved from /home/airflow/.local/lib/python3.12/site-packages/airflow/example_dags/example_kubernetes_executor.py
[2024-11-20T03:52:49.938+0000] {logging_mixin.py:190} INFO - [2024-11-20T03:52:49.938+0000] {dag.py:3239} INFO - Sync 1 DAGs
[2024-11-20T03:52:49.970+0000] {logging_mixin.py:190} INFO - [2024-11-20T03:52:49.969+0000] {dag.py:4180} INFO - Setting next_dagrun for example_kubernetes_executor to None, run_after=None
[2024-11-20T03:52:50.003+0000] {processor.py:208} INFO - Processing /home/airflow/.local/lib/python3.12/site-packages/airflow/example_dags/example_kubernetes_executor.py took 0.176 seconds
[2024-11-20T03:53:20.609+0000] {processor.py:186} INFO - Started process (PID=639) to work on /home/airflow/.local/lib/python3.12/site-packages/airflow/example_dags/example_kubernetes_executor.py
[2024-11-20T03:53:20.622+0000] {processor.py:914} INFO - Processing file /home/airflow/.local/lib/python3.12/site-packages/airflow/example_dags/example_kubernetes_executor.py for tasks to queue
[2024-11-20T03:53:20.638+0000] {logging_mixin.py:190} INFO - [2024-11-20T03:53:20.636+0000] {dagbag.py:588} INFO - Filling up the DagBag from /home/airflow/.local/lib/python3.12/site-packages/airflow/example_dags/example_kubernetes_executor.py
[2024-11-20T03:53:20.677+0000] {processor.py:925} INFO - DAG(s) 'example_kubernetes_executor' retrieved from /home/airflow/.local/lib/python3.12/site-packages/airflow/example_dags/example_kubernetes_executor.py
[2024-11-20T03:53:20.736+0000] {logging_mixin.py:190} INFO - [2024-11-20T03:53:20.736+0000] {dag.py:3239} INFO - Sync 1 DAGs
[2024-11-20T03:53:20.764+0000] {logging_mixin.py:190} INFO - [2024-11-20T03:53:20.763+0000] {dag.py:4180} INFO - Setting next_dagrun for example_kubernetes_executor to None, run_after=None
[2024-11-20T03:53:20.800+0000] {processor.py:208} INFO - Processing /home/airflow/.local/lib/python3.12/site-packages/airflow/example_dags/example_kubernetes_executor.py took 0.202 seconds
[2024-11-20T03:53:51.534+0000] {processor.py:186} INFO - Started process (PID=703) to work on /home/airflow/.local/lib/python3.12/site-packages/airflow/example_dags/example_kubernetes_executor.py
[2024-11-20T03:53:51.536+0000] {processor.py:914} INFO - Processing file /home/airflow/.local/lib/python3.12/site-packages/airflow/example_dags/example_kubernetes_executor.py for tasks to queue
[2024-11-20T03:53:51.541+0000] {logging_mixin.py:190} INFO - [2024-11-20T03:53:51.540+0000] {dagbag.py:588} INFO - Filling up the DagBag from /home/airflow/.local/lib/python3.12/site-packages/airflow/example_dags/example_kubernetes_executor.py
[2024-11-20T03:53:51.569+0000] {processor.py:925} INFO - DAG(s) 'example_kubernetes_executor' retrieved from /home/airflow/.local/lib/python3.12/site-packages/airflow/example_dags/example_kubernetes_executor.py
[2024-11-20T03:53:51.638+0000] {logging_mixin.py:190} INFO - [2024-11-20T03:53:51.638+0000] {dag.py:3239} INFO - Sync 1 DAGs
[2024-11-20T03:53:51.666+0000] {logging_mixin.py:190} INFO - [2024-11-20T03:53:51.665+0000] {dag.py:4180} INFO - Setting next_dagrun for example_kubernetes_executor to None, run_after=None
[2024-11-20T03:53:51.725+0000] {processor.py:208} INFO - Processing /home/airflow/.local/lib/python3.12/site-packages/airflow/example_dags/example_kubernetes_executor.py took 0.202 seconds
[2024-11-20T03:54:26.827+0000] {processor.py:186} INFO - Started process (PID=768) to work on /home/airflow/.local/lib/python3.12/site-packages/airflow/example_dags/example_kubernetes_executor.py
[2024-11-20T03:54:26.836+0000] {processor.py:914} INFO - Processing file /home/airflow/.local/lib/python3.12/site-packages/airflow/example_dags/example_kubernetes_executor.py for tasks to queue
[2024-11-20T03:54:26.846+0000] {logging_mixin.py:190} INFO - [2024-11-20T03:54:26.845+0000] {dagbag.py:588} INFO - Filling up the DagBag from /home/airflow/.local/lib/python3.12/site-packages/airflow/example_dags/example_kubernetes_executor.py
[2024-11-20T03:54:26.957+0000] {processor.py:925} INFO - DAG(s) 'example_kubernetes_executor' retrieved from /home/airflow/.local/lib/python3.12/site-packages/airflow/example_dags/example_kubernetes_executor.py
[2024-11-20T03:54:27.146+0000] {logging_mixin.py:190} INFO - [2024-11-20T03:54:27.145+0000] {dag.py:3239} INFO - Sync 1 DAGs
[2024-11-20T03:54:27.287+0000] {logging_mixin.py:190} INFO - [2024-11-20T03:54:27.287+0000] {dag.py:4180} INFO - Setting next_dagrun for example_kubernetes_executor to None, run_after=None
[2024-11-20T03:54:27.398+0000] {processor.py:208} INFO - Processing /home/airflow/.local/lib/python3.12/site-packages/airflow/example_dags/example_kubernetes_executor.py took 0.592 seconds
[2024-11-20T03:54:57.684+0000] {processor.py:186} INFO - Started process (PID=830) to work on /home/airflow/.local/lib/python3.12/site-packages/airflow/example_dags/example_kubernetes_executor.py
[2024-11-20T03:54:57.685+0000] {processor.py:914} INFO - Processing file /home/airflow/.local/lib/python3.12/site-packages/airflow/example_dags/example_kubernetes_executor.py for tasks to queue
[2024-11-20T03:54:57.690+0000] {logging_mixin.py:190} INFO - [2024-11-20T03:54:57.689+0000] {dagbag.py:588} INFO - Filling up the DagBag from /home/airflow/.local/lib/python3.12/site-packages/airflow/example_dags/example_kubernetes_executor.py
[2024-11-20T03:54:57.718+0000] {processor.py:925} INFO - DAG(s) 'example_kubernetes_executor' retrieved from /home/airflow/.local/lib/python3.12/site-packages/airflow/example_dags/example_kubernetes_executor.py
[2024-11-20T03:54:57.783+0000] {logging_mixin.py:190} INFO - [2024-11-20T03:54:57.782+0000] {dag.py:3239} INFO - Sync 1 DAGs
[2024-11-20T03:54:57.820+0000] {logging_mixin.py:190} INFO - [2024-11-20T03:54:57.820+0000] {dag.py:4180} INFO - Setting next_dagrun for example_kubernetes_executor to None, run_after=None
[2024-11-20T03:54:57.859+0000] {processor.py:208} INFO - Processing /home/airflow/.local/lib/python3.12/site-packages/airflow/example_dags/example_kubernetes_executor.py took 0.187 seconds
[2024-11-20T03:55:28.873+0000] {processor.py:186} INFO - Started process (PID=893) to work on /home/airflow/.local/lib/python3.12/site-packages/airflow/example_dags/example_kubernetes_executor.py
[2024-11-20T03:55:28.874+0000] {processor.py:914} INFO - Processing file /home/airflow/.local/lib/python3.12/site-packages/airflow/example_dags/example_kubernetes_executor.py for tasks to queue
[2024-11-20T03:55:28.878+0000] {logging_mixin.py:190} INFO - [2024-11-20T03:55:28.878+0000] {dagbag.py:588} INFO - Filling up the DagBag from /home/airflow/.local/lib/python3.12/site-packages/airflow/example_dags/example_kubernetes_executor.py
[2024-11-20T03:55:28.901+0000] {processor.py:925} INFO - DAG(s) 'example_kubernetes_executor' retrieved from /home/airflow/.local/lib/python3.12/site-packages/airflow/example_dags/example_kubernetes_executor.py
[2024-11-20T03:55:28.956+0000] {logging_mixin.py:190} INFO - [2024-11-20T03:55:28.956+0000] {dag.py:3239} INFO - Sync 1 DAGs
[2024-11-20T03:55:28.978+0000] {logging_mixin.py:190} INFO - [2024-11-20T03:55:28.978+0000] {dag.py:4180} INFO - Setting next_dagrun for example_kubernetes_executor to None, run_after=None
[2024-11-20T03:55:29.005+0000] {processor.py:208} INFO - Processing /home/airflow/.local/lib/python3.12/site-packages/airflow/example_dags/example_kubernetes_executor.py took 0.144 seconds
[2024-11-20T03:56:00.314+0000] {processor.py:186} INFO - Started process (PID=956) to work on /home/airflow/.local/lib/python3.12/site-packages/airflow/example_dags/example_kubernetes_executor.py
[2024-11-20T03:56:00.316+0000] {processor.py:914} INFO - Processing file /home/airflow/.local/lib/python3.12/site-packages/airflow/example_dags/example_kubernetes_executor.py for tasks to queue
[2024-11-20T03:56:00.320+0000] {logging_mixin.py:190} INFO - [2024-11-20T03:56:00.319+0000] {dagbag.py:588} INFO - Filling up the DagBag from /home/airflow/.local/lib/python3.12/site-packages/airflow/example_dags/example_kubernetes_executor.py
[2024-11-20T03:56:00.349+0000] {processor.py:925} INFO - DAG(s) 'example_kubernetes_executor' retrieved from /home/airflow/.local/lib/python3.12/site-packages/airflow/example_dags/example_kubernetes_executor.py
[2024-11-20T03:56:00.419+0000] {logging_mixin.py:190} INFO - [2024-11-20T03:56:00.419+0000] {dag.py:3239} INFO - Sync 1 DAGs
[2024-11-20T03:56:00.450+0000] {logging_mixin.py:190} INFO - [2024-11-20T03:56:00.450+0000] {dag.py:4180} INFO - Setting next_dagrun for example_kubernetes_executor to None, run_after=None
[2024-11-20T03:56:00.492+0000] {processor.py:208} INFO - Processing /home/airflow/.local/lib/python3.12/site-packages/airflow/example_dags/example_kubernetes_executor.py took 0.189 seconds
[2024-11-20T03:56:33.068+0000] {processor.py:186} INFO - Started process (PID=1019) to work on /home/airflow/.local/lib/python3.12/site-packages/airflow/example_dags/example_kubernetes_executor.py
[2024-11-20T03:56:33.070+0000] {processor.py:914} INFO - Processing file /home/airflow/.local/lib/python3.12/site-packages/airflow/example_dags/example_kubernetes_executor.py for tasks to queue
[2024-11-20T03:56:33.093+0000] {logging_mixin.py:190} INFO - [2024-11-20T03:56:33.092+0000] {dagbag.py:588} INFO - Filling up the DagBag from /home/airflow/.local/lib/python3.12/site-packages/airflow/example_dags/example_kubernetes_executor.py
[2024-11-20T03:56:33.171+0000] {processor.py:925} INFO - DAG(s) 'example_kubernetes_executor' retrieved from /home/airflow/.local/lib/python3.12/site-packages/airflow/example_dags/example_kubernetes_executor.py
[2024-11-20T03:56:33.307+0000] {logging_mixin.py:190} INFO - [2024-11-20T03:56:33.307+0000] {dag.py:3239} INFO - Sync 1 DAGs
[2024-11-20T03:56:33.335+0000] {logging_mixin.py:190} INFO - [2024-11-20T03:56:33.334+0000] {dag.py:4180} INFO - Setting next_dagrun for example_kubernetes_executor to None, run_after=None
[2024-11-20T03:56:33.370+0000] {processor.py:208} INFO - Processing /home/airflow/.local/lib/python3.12/site-packages/airflow/example_dags/example_kubernetes_executor.py took 0.322 seconds
[2024-11-20T03:57:03.584+0000] {processor.py:186} INFO - Started process (PID=1081) to work on /home/airflow/.local/lib/python3.12/site-packages/airflow/example_dags/example_kubernetes_executor.py
[2024-11-20T03:57:03.585+0000] {processor.py:914} INFO - Processing file /home/airflow/.local/lib/python3.12/site-packages/airflow/example_dags/example_kubernetes_executor.py for tasks to queue
[2024-11-20T03:57:03.590+0000] {logging_mixin.py:190} INFO - [2024-11-20T03:57:03.589+0000] {dagbag.py:588} INFO - Filling up the DagBag from /home/airflow/.local/lib/python3.12/site-packages/airflow/example_dags/example_kubernetes_executor.py
[2024-11-20T03:57:03.632+0000] {processor.py:925} INFO - DAG(s) 'example_kubernetes_executor' retrieved from /home/airflow/.local/lib/python3.12/site-packages/airflow/example_dags/example_kubernetes_executor.py
[2024-11-20T03:57:03.732+0000] {logging_mixin.py:190} INFO - [2024-11-20T03:57:03.732+0000] {dag.py:3239} INFO - Sync 1 DAGs
[2024-11-20T03:57:03.774+0000] {logging_mixin.py:190} INFO - [2024-11-20T03:57:03.774+0000] {dag.py:4180} INFO - Setting next_dagrun for example_kubernetes_executor to None, run_after=None
[2024-11-20T03:57:03.827+0000] {processor.py:208} INFO - Processing /home/airflow/.local/lib/python3.12/site-packages/airflow/example_dags/example_kubernetes_executor.py took 0.263 seconds
[2024-11-20T03:57:34.236+0000] {processor.py:186} INFO - Started process (PID=1143) to work on /home/airflow/.local/lib/python3.12/site-packages/airflow/example_dags/example_kubernetes_executor.py
[2024-11-20T03:57:34.237+0000] {processor.py:914} INFO - Processing file /home/airflow/.local/lib/python3.12/site-packages/airflow/example_dags/example_kubernetes_executor.py for tasks to queue
[2024-11-20T03:57:34.241+0000] {logging_mixin.py:190} INFO - [2024-11-20T03:57:34.240+0000] {dagbag.py:588} INFO - Filling up the DagBag from /home/airflow/.local/lib/python3.12/site-packages/airflow/example_dags/example_kubernetes_executor.py
[2024-11-20T03:57:34.263+0000] {processor.py:925} INFO - DAG(s) 'example_kubernetes_executor' retrieved from /home/airflow/.local/lib/python3.12/site-packages/airflow/example_dags/example_kubernetes_executor.py
[2024-11-20T03:57:34.321+0000] {logging_mixin.py:190} INFO - [2024-11-20T03:57:34.321+0000] {dag.py:3239} INFO - Sync 1 DAGs
[2024-11-20T03:57:34.342+0000] {logging_mixin.py:190} INFO - [2024-11-20T03:57:34.341+0000] {dag.py:4180} INFO - Setting next_dagrun for example_kubernetes_executor to None, run_after=None
[2024-11-20T03:57:34.383+0000] {processor.py:208} INFO - Processing /home/airflow/.local/lib/python3.12/site-packages/airflow/example_dags/example_kubernetes_executor.py took 0.156 seconds
[2024-11-20T03:58:04.736+0000] {processor.py:186} INFO - Started process (PID=1206) to work on /home/airflow/.local/lib/python3.12/site-packages/airflow/example_dags/example_kubernetes_executor.py
[2024-11-20T03:58:04.738+0000] {processor.py:914} INFO - Processing file /home/airflow/.local/lib/python3.12/site-packages/airflow/example_dags/example_kubernetes_executor.py for tasks to queue
[2024-11-20T03:58:04.742+0000] {logging_mixin.py:190} INFO - [2024-11-20T03:58:04.741+0000] {dagbag.py:588} INFO - Filling up the DagBag from /home/airflow/.local/lib/python3.12/site-packages/airflow/example_dags/example_kubernetes_executor.py
[2024-11-20T03:58:04.777+0000] {processor.py:925} INFO - DAG(s) 'example_kubernetes_executor' retrieved from /home/airflow/.local/lib/python3.12/site-packages/airflow/example_dags/example_kubernetes_executor.py
[2024-11-20T03:58:04.848+0000] {logging_mixin.py:190} INFO - [2024-11-20T03:58:04.848+0000] {dag.py:3239} INFO - Sync 1 DAGs
[2024-11-20T03:58:04.883+0000] {logging_mixin.py:190} INFO - [2024-11-20T03:58:04.882+0000] {dag.py:4180} INFO - Setting next_dagrun for example_kubernetes_executor to None, run_after=None
[2024-11-20T03:58:04.919+0000] {processor.py:208} INFO - Processing /home/airflow/.local/lib/python3.12/site-packages/airflow/example_dags/example_kubernetes_executor.py took 0.198 seconds
[2024-11-20T03:58:35.437+0000] {processor.py:186} INFO - Started process (PID=1269) to work on /home/airflow/.local/lib/python3.12/site-packages/airflow/example_dags/example_kubernetes_executor.py
[2024-11-20T03:58:35.439+0000] {processor.py:914} INFO - Processing file /home/airflow/.local/lib/python3.12/site-packages/airflow/example_dags/example_kubernetes_executor.py for tasks to queue
[2024-11-20T03:58:35.443+0000] {logging_mixin.py:190} INFO - [2024-11-20T03:58:35.442+0000] {dagbag.py:588} INFO - Filling up the DagBag from /home/airflow/.local/lib/python3.12/site-packages/airflow/example_dags/example_kubernetes_executor.py
[2024-11-20T03:58:35.467+0000] {processor.py:925} INFO - DAG(s) 'example_kubernetes_executor' retrieved from /home/airflow/.local/lib/python3.12/site-packages/airflow/example_dags/example_kubernetes_executor.py
[2024-11-20T03:58:35.537+0000] {logging_mixin.py:190} INFO - [2024-11-20T03:58:35.537+0000] {dag.py:3239} INFO - Sync 1 DAGs
[2024-11-20T03:58:35.566+0000] {logging_mixin.py:190} INFO - [2024-11-20T03:58:35.565+0000] {dag.py:4180} INFO - Setting next_dagrun for example_kubernetes_executor to None, run_after=None
[2024-11-20T03:58:35.611+0000] {processor.py:208} INFO - Processing /home/airflow/.local/lib/python3.12/site-packages/airflow/example_dags/example_kubernetes_executor.py took 0.185 seconds
[2024-11-20T03:59:05.905+0000] {processor.py:186} INFO - Started process (PID=1331) to work on /home/airflow/.local/lib/python3.12/site-packages/airflow/example_dags/example_kubernetes_executor.py
[2024-11-20T03:59:05.906+0000] {processor.py:914} INFO - Processing file /home/airflow/.local/lib/python3.12/site-packages/airflow/example_dags/example_kubernetes_executor.py for tasks to queue
[2024-11-20T03:59:05.911+0000] {logging_mixin.py:190} INFO - [2024-11-20T03:59:05.911+0000] {dagbag.py:588} INFO - Filling up the DagBag from /home/airflow/.local/lib/python3.12/site-packages/airflow/example_dags/example_kubernetes_executor.py
[2024-11-20T03:59:05.946+0000] {processor.py:925} INFO - DAG(s) 'example_kubernetes_executor' retrieved from /home/airflow/.local/lib/python3.12/site-packages/airflow/example_dags/example_kubernetes_executor.py
[2024-11-20T03:59:06.022+0000] {logging_mixin.py:190} INFO - [2024-11-20T03:59:06.022+0000] {dag.py:3239} INFO - Sync 1 DAGs
[2024-11-20T03:59:06.051+0000] {logging_mixin.py:190} INFO - [2024-11-20T03:59:06.051+0000] {dag.py:4180} INFO - Setting next_dagrun for example_kubernetes_executor to None, run_after=None
[2024-11-20T03:59:06.090+0000] {processor.py:208} INFO - Processing /home/airflow/.local/lib/python3.12/site-packages/airflow/example_dags/example_kubernetes_executor.py took 0.197 seconds
