[2024-11-20T03:48:31.727+0000] {processor.py:186} INFO - Started process (PID=112) to work on /home/airflow/.local/lib/python3.12/site-packages/airflow/example_dags/example_xcom.py
[2024-11-20T03:48:31.729+0000] {processor.py:914} INFO - Processing file /home/airflow/.local/lib/python3.12/site-packages/airflow/example_dags/example_xcom.py for tasks to queue
[2024-11-20T03:48:31.758+0000] {logging_mixin.py:190} INFO - [2024-11-20T03:48:31.757+0000] {dagbag.py:588} INFO - Filling up the DagBag from /home/airflow/.local/lib/python3.12/site-packages/airflow/example_dags/example_xcom.py
[2024-11-20T03:48:31.830+0000] {processor.py:925} INFO - DAG(s) 'example_xcom' retrieved from /home/airflow/.local/lib/python3.12/site-packages/airflow/example_dags/example_xcom.py
[2024-11-20T03:48:33.428+0000] {logging_mixin.py:190} INFO - [2024-11-20T03:48:33.421+0000] {override.py:1911} INFO - Created Permission View: can read on DAG:example_xcom
[2024-11-20T03:48:33.487+0000] {logging_mixin.py:190} INFO - [2024-11-20T03:48:33.486+0000] {override.py:1911} INFO - Created Permission View: can edit on DAG:example_xcom
[2024-11-20T03:48:33.677+0000] {logging_mixin.py:190} INFO - [2024-11-20T03:48:33.676+0000] {override.py:1911} INFO - Created Permission View: can delete on DAG:example_xcom
[2024-11-20T03:48:33.768+0000] {logging_mixin.py:190} INFO - [2024-11-20T03:48:33.768+0000] {override.py:1911} INFO - Created Permission View: menu access on DAG Run:example_xcom
[2024-11-20T03:48:33.917+0000] {logging_mixin.py:190} INFO - [2024-11-20T03:48:33.916+0000] {override.py:1911} INFO - Created Permission View: can read on DAG Run:example_xcom
[2024-11-20T03:48:34.053+0000] {logging_mixin.py:190} INFO - [2024-11-20T03:48:34.053+0000] {override.py:1911} INFO - Created Permission View: can delete on DAG Run:example_xcom
[2024-11-20T03:48:34.196+0000] {logging_mixin.py:190} INFO - [2024-11-20T03:48:34.195+0000] {override.py:1911} INFO - Created Permission View: can create on DAG Run:example_xcom
[2024-11-20T03:48:34.198+0000] {logging_mixin.py:190} INFO - [2024-11-20T03:48:34.197+0000] {dag.py:3239} INFO - Sync 1 DAGs
[2024-11-20T03:48:34.673+0000] {logging_mixin.py:190} INFO - [2024-11-20T03:48:34.672+0000] {dag.py:3262} INFO - Creating ORM DAG for example_xcom
[2024-11-20T03:48:34.995+0000] {logging_mixin.py:190} INFO - [2024-11-20T03:48:34.995+0000] {dag.py:4180} INFO - Setting next_dagrun for example_xcom to 2021-01-01 00:00:00+00:00, run_after=2021-01-01 00:00:00+00:00
[2024-11-20T03:48:35.130+0000] {processor.py:208} INFO - Processing /home/airflow/.local/lib/python3.12/site-packages/airflow/example_dags/example_xcom.py took 3.426 seconds
[2024-11-20T03:49:18.109+0000] {processor.py:186} INFO - Started process (PID=175) to work on /home/airflow/.local/lib/python3.12/site-packages/airflow/example_dags/example_xcom.py
[2024-11-20T03:49:18.111+0000] {processor.py:914} INFO - Processing file /home/airflow/.local/lib/python3.12/site-packages/airflow/example_dags/example_xcom.py for tasks to queue
[2024-11-20T03:49:18.122+0000] {logging_mixin.py:190} INFO - [2024-11-20T03:49:18.121+0000] {dagbag.py:588} INFO - Filling up the DagBag from /home/airflow/.local/lib/python3.12/site-packages/airflow/example_dags/example_xcom.py
[2024-11-20T03:49:18.160+0000] {processor.py:925} INFO - DAG(s) 'example_xcom' retrieved from /home/airflow/.local/lib/python3.12/site-packages/airflow/example_dags/example_xcom.py
[2024-11-20T03:49:18.257+0000] {logging_mixin.py:190} INFO - [2024-11-20T03:49:18.257+0000] {dag.py:3239} INFO - Sync 1 DAGs
[2024-11-20T03:49:18.347+0000] {logging_mixin.py:190} INFO - [2024-11-20T03:49:18.347+0000] {dag.py:4180} INFO - Setting next_dagrun for example_xcom to 2021-01-01 00:00:00+00:00, run_after=2021-01-01 00:00:00+00:00
[2024-11-20T03:49:18.474+0000] {processor.py:208} INFO - Processing /home/airflow/.local/lib/python3.12/site-packages/airflow/example_dags/example_xcom.py took 0.385 seconds
[2024-11-20T03:49:48.619+0000] {processor.py:186} INFO - Started process (PID=239) to work on /home/airflow/.local/lib/python3.12/site-packages/airflow/example_dags/example_xcom.py
[2024-11-20T03:49:48.621+0000] {processor.py:914} INFO - Processing file /home/airflow/.local/lib/python3.12/site-packages/airflow/example_dags/example_xcom.py for tasks to queue
[2024-11-20T03:49:48.625+0000] {logging_mixin.py:190} INFO - [2024-11-20T03:49:48.625+0000] {dagbag.py:588} INFO - Filling up the DagBag from /home/airflow/.local/lib/python3.12/site-packages/airflow/example_dags/example_xcom.py
[2024-11-20T03:49:48.650+0000] {processor.py:925} INFO - DAG(s) 'example_xcom' retrieved from /home/airflow/.local/lib/python3.12/site-packages/airflow/example_dags/example_xcom.py
[2024-11-20T03:49:48.715+0000] {logging_mixin.py:190} INFO - [2024-11-20T03:49:48.715+0000] {dag.py:3239} INFO - Sync 1 DAGs
[2024-11-20T03:49:48.779+0000] {logging_mixin.py:190} INFO - [2024-11-20T03:49:48.779+0000] {dag.py:4180} INFO - Setting next_dagrun for example_xcom to 2021-01-01 00:00:00+00:00, run_after=2021-01-01 00:00:00+00:00
[2024-11-20T03:49:48.831+0000] {processor.py:208} INFO - Processing /home/airflow/.local/lib/python3.12/site-packages/airflow/example_dags/example_xcom.py took 0.228 seconds
[2024-11-20T03:50:34.594+0000] {processor.py:186} INFO - Started process (PID=301) to work on /home/airflow/.local/lib/python3.12/site-packages/airflow/example_dags/example_xcom.py
[2024-11-20T03:50:34.601+0000] {processor.py:914} INFO - Processing file /home/airflow/.local/lib/python3.12/site-packages/airflow/example_dags/example_xcom.py for tasks to queue
[2024-11-20T03:50:34.614+0000] {logging_mixin.py:190} INFO - [2024-11-20T03:50:34.612+0000] {dagbag.py:588} INFO - Filling up the DagBag from /home/airflow/.local/lib/python3.12/site-packages/airflow/example_dags/example_xcom.py
[2024-11-20T03:50:34.675+0000] {processor.py:925} INFO - DAG(s) 'example_xcom' retrieved from /home/airflow/.local/lib/python3.12/site-packages/airflow/example_dags/example_xcom.py
[2024-11-20T03:50:34.755+0000] {logging_mixin.py:190} INFO - [2024-11-20T03:50:34.755+0000] {dag.py:3239} INFO - Sync 1 DAGs
[2024-11-20T03:50:34.887+0000] {logging_mixin.py:190} INFO - [2024-11-20T03:50:34.886+0000] {dag.py:4180} INFO - Setting next_dagrun for example_xcom to 2021-01-01 00:00:00+00:00, run_after=2021-01-01 00:00:00+00:00
[2024-11-20T03:50:34.983+0000] {processor.py:208} INFO - Processing /home/airflow/.local/lib/python3.12/site-packages/airflow/example_dags/example_xcom.py took 0.461 seconds
[2024-11-20T03:51:06.959+0000] {processor.py:186} INFO - Started process (PID=364) to work on /home/airflow/.local/lib/python3.12/site-packages/airflow/example_dags/example_xcom.py
[2024-11-20T03:51:06.962+0000] {processor.py:914} INFO - Processing file /home/airflow/.local/lib/python3.12/site-packages/airflow/example_dags/example_xcom.py for tasks to queue
[2024-11-20T03:51:06.974+0000] {logging_mixin.py:190} INFO - [2024-11-20T03:51:06.971+0000] {dagbag.py:588} INFO - Filling up the DagBag from /home/airflow/.local/lib/python3.12/site-packages/airflow/example_dags/example_xcom.py
[2024-11-20T03:51:07.012+0000] {processor.py:925} INFO - DAG(s) 'example_xcom' retrieved from /home/airflow/.local/lib/python3.12/site-packages/airflow/example_dags/example_xcom.py
[2024-11-20T03:51:07.146+0000] {logging_mixin.py:190} INFO - [2024-11-20T03:51:07.146+0000] {dag.py:3239} INFO - Sync 1 DAGs
[2024-11-20T03:51:07.326+0000] {logging_mixin.py:190} INFO - [2024-11-20T03:51:07.325+0000] {dag.py:4180} INFO - Setting next_dagrun for example_xcom to 2021-01-01 00:00:00+00:00, run_after=2021-01-01 00:00:00+00:00
[2024-11-20T03:51:07.506+0000] {processor.py:208} INFO - Processing /home/airflow/.local/lib/python3.12/site-packages/airflow/example_dags/example_xcom.py took 0.568 seconds
[2024-11-20T03:51:37.846+0000] {processor.py:186} INFO - Started process (PID=427) to work on /home/airflow/.local/lib/python3.12/site-packages/airflow/example_dags/example_xcom.py
[2024-11-20T03:51:37.849+0000] {processor.py:914} INFO - Processing file /home/airflow/.local/lib/python3.12/site-packages/airflow/example_dags/example_xcom.py for tasks to queue
[2024-11-20T03:51:37.855+0000] {logging_mixin.py:190} INFO - [2024-11-20T03:51:37.854+0000] {dagbag.py:588} INFO - Filling up the DagBag from /home/airflow/.local/lib/python3.12/site-packages/airflow/example_dags/example_xcom.py
[2024-11-20T03:51:37.879+0000] {processor.py:925} INFO - DAG(s) 'example_xcom' retrieved from /home/airflow/.local/lib/python3.12/site-packages/airflow/example_dags/example_xcom.py
[2024-11-20T03:51:37.932+0000] {logging_mixin.py:190} INFO - [2024-11-20T03:51:37.931+0000] {dag.py:3239} INFO - Sync 1 DAGs
[2024-11-20T03:51:37.990+0000] {logging_mixin.py:190} INFO - [2024-11-20T03:51:37.990+0000] {dag.py:4180} INFO - Setting next_dagrun for example_xcom to 2021-01-01 00:00:00+00:00, run_after=2021-01-01 00:00:00+00:00
[2024-11-20T03:51:38.076+0000] {processor.py:208} INFO - Processing /home/airflow/.local/lib/python3.12/site-packages/airflow/example_dags/example_xcom.py took 0.246 seconds
[2024-11-20T03:52:08.557+0000] {processor.py:186} INFO - Started process (PID=489) to work on /home/airflow/.local/lib/python3.12/site-packages/airflow/example_dags/example_xcom.py
[2024-11-20T03:52:08.560+0000] {processor.py:914} INFO - Processing file /home/airflow/.local/lib/python3.12/site-packages/airflow/example_dags/example_xcom.py for tasks to queue
[2024-11-20T03:52:08.564+0000] {logging_mixin.py:190} INFO - [2024-11-20T03:52:08.563+0000] {dagbag.py:588} INFO - Filling up the DagBag from /home/airflow/.local/lib/python3.12/site-packages/airflow/example_dags/example_xcom.py
[2024-11-20T03:52:08.581+0000] {processor.py:925} INFO - DAG(s) 'example_xcom' retrieved from /home/airflow/.local/lib/python3.12/site-packages/airflow/example_dags/example_xcom.py
[2024-11-20T03:52:08.622+0000] {logging_mixin.py:190} INFO - [2024-11-20T03:52:08.622+0000] {dag.py:3239} INFO - Sync 1 DAGs
[2024-11-20T03:52:08.672+0000] {logging_mixin.py:190} INFO - [2024-11-20T03:52:08.671+0000] {dag.py:4180} INFO - Setting next_dagrun for example_xcom to 2021-01-01 00:00:00+00:00, run_after=2021-01-01 00:00:00+00:00
[2024-11-20T03:52:08.716+0000] {processor.py:208} INFO - Processing /home/airflow/.local/lib/python3.12/site-packages/airflow/example_dags/example_xcom.py took 0.170 seconds
[2024-11-20T03:52:38.992+0000] {processor.py:186} INFO - Started process (PID=551) to work on /home/airflow/.local/lib/python3.12/site-packages/airflow/example_dags/example_xcom.py
[2024-11-20T03:52:38.993+0000] {processor.py:914} INFO - Processing file /home/airflow/.local/lib/python3.12/site-packages/airflow/example_dags/example_xcom.py for tasks to queue
[2024-11-20T03:52:38.997+0000] {logging_mixin.py:190} INFO - [2024-11-20T03:52:38.997+0000] {dagbag.py:588} INFO - Filling up the DagBag from /home/airflow/.local/lib/python3.12/site-packages/airflow/example_dags/example_xcom.py
[2024-11-20T03:52:39.015+0000] {processor.py:925} INFO - DAG(s) 'example_xcom' retrieved from /home/airflow/.local/lib/python3.12/site-packages/airflow/example_dags/example_xcom.py
[2024-11-20T03:52:39.050+0000] {logging_mixin.py:190} INFO - [2024-11-20T03:52:39.050+0000] {dag.py:3239} INFO - Sync 1 DAGs
[2024-11-20T03:52:39.095+0000] {logging_mixin.py:190} INFO - [2024-11-20T03:52:39.095+0000] {dag.py:4180} INFO - Setting next_dagrun for example_xcom to 2021-01-01 00:00:00+00:00, run_after=2021-01-01 00:00:00+00:00
[2024-11-20T03:52:39.130+0000] {processor.py:208} INFO - Processing /home/airflow/.local/lib/python3.12/site-packages/airflow/example_dags/example_xcom.py took 0.148 seconds
[2024-11-20T03:53:13.152+0000] {processor.py:186} INFO - Started process (PID=612) to work on /home/airflow/.local/lib/python3.12/site-packages/airflow/example_dags/example_xcom.py
[2024-11-20T03:53:13.155+0000] {processor.py:914} INFO - Processing file /home/airflow/.local/lib/python3.12/site-packages/airflow/example_dags/example_xcom.py for tasks to queue
[2024-11-20T03:53:13.162+0000] {logging_mixin.py:190} INFO - [2024-11-20T03:53:13.162+0000] {dagbag.py:588} INFO - Filling up the DagBag from /home/airflow/.local/lib/python3.12/site-packages/airflow/example_dags/example_xcom.py
[2024-11-20T03:53:13.185+0000] {processor.py:925} INFO - DAG(s) 'example_xcom' retrieved from /home/airflow/.local/lib/python3.12/site-packages/airflow/example_dags/example_xcom.py
[2024-11-20T03:53:13.274+0000] {logging_mixin.py:190} INFO - [2024-11-20T03:53:13.273+0000] {dag.py:3239} INFO - Sync 1 DAGs
[2024-11-20T03:53:13.332+0000] {logging_mixin.py:190} INFO - [2024-11-20T03:53:13.331+0000] {dag.py:4180} INFO - Setting next_dagrun for example_xcom to 2021-01-01 00:00:00+00:00, run_after=2021-01-01 00:00:00+00:00
[2024-11-20T03:53:13.481+0000] {processor.py:208} INFO - Processing /home/airflow/.local/lib/python3.12/site-packages/airflow/example_dags/example_xcom.py took 0.341 seconds
[2024-11-20T03:53:43.738+0000] {processor.py:186} INFO - Started process (PID=675) to work on /home/airflow/.local/lib/python3.12/site-packages/airflow/example_dags/example_xcom.py
[2024-11-20T03:53:43.741+0000] {processor.py:914} INFO - Processing file /home/airflow/.local/lib/python3.12/site-packages/airflow/example_dags/example_xcom.py for tasks to queue
[2024-11-20T03:53:43.747+0000] {logging_mixin.py:190} INFO - [2024-11-20T03:53:43.746+0000] {dagbag.py:588} INFO - Filling up the DagBag from /home/airflow/.local/lib/python3.12/site-packages/airflow/example_dags/example_xcom.py
[2024-11-20T03:53:43.782+0000] {processor.py:925} INFO - DAG(s) 'example_xcom' retrieved from /home/airflow/.local/lib/python3.12/site-packages/airflow/example_dags/example_xcom.py
[2024-11-20T03:53:43.856+0000] {logging_mixin.py:190} INFO - [2024-11-20T03:53:43.855+0000] {dag.py:3239} INFO - Sync 1 DAGs
[2024-11-20T03:53:43.959+0000] {logging_mixin.py:190} INFO - [2024-11-20T03:53:43.959+0000] {dag.py:4180} INFO - Setting next_dagrun for example_xcom to 2021-01-01 00:00:00+00:00, run_after=2021-01-01 00:00:00+00:00
[2024-11-20T03:53:44.015+0000] {processor.py:208} INFO - Processing /home/airflow/.local/lib/python3.12/site-packages/airflow/example_dags/example_xcom.py took 0.295 seconds
[2024-11-20T03:54:14.787+0000] {processor.py:186} INFO - Started process (PID=738) to work on /home/airflow/.local/lib/python3.12/site-packages/airflow/example_dags/example_xcom.py
[2024-11-20T03:54:14.790+0000] {processor.py:914} INFO - Processing file /home/airflow/.local/lib/python3.12/site-packages/airflow/example_dags/example_xcom.py for tasks to queue
[2024-11-20T03:54:14.820+0000] {logging_mixin.py:190} INFO - [2024-11-20T03:54:14.819+0000] {dagbag.py:588} INFO - Filling up the DagBag from /home/airflow/.local/lib/python3.12/site-packages/airflow/example_dags/example_xcom.py
[2024-11-20T03:54:14.857+0000] {processor.py:925} INFO - DAG(s) 'example_xcom' retrieved from /home/airflow/.local/lib/python3.12/site-packages/airflow/example_dags/example_xcom.py
[2024-11-20T03:54:14.935+0000] {logging_mixin.py:190} INFO - [2024-11-20T03:54:14.934+0000] {dag.py:3239} INFO - Sync 1 DAGs
[2024-11-20T03:54:14.995+0000] {logging_mixin.py:190} INFO - [2024-11-20T03:54:14.994+0000] {dag.py:4180} INFO - Setting next_dagrun for example_xcom to 2021-01-01 00:00:00+00:00, run_after=2021-01-01 00:00:00+00:00
[2024-11-20T03:54:15.040+0000] {processor.py:208} INFO - Processing /home/airflow/.local/lib/python3.12/site-packages/airflow/example_dags/example_xcom.py took 0.269 seconds
[2024-11-20T03:54:45.313+0000] {processor.py:186} INFO - Started process (PID=801) to work on /home/airflow/.local/lib/python3.12/site-packages/airflow/example_dags/example_xcom.py
[2024-11-20T03:54:45.315+0000] {processor.py:914} INFO - Processing file /home/airflow/.local/lib/python3.12/site-packages/airflow/example_dags/example_xcom.py for tasks to queue
[2024-11-20T03:54:45.328+0000] {logging_mixin.py:190} INFO - [2024-11-20T03:54:45.327+0000] {dagbag.py:588} INFO - Filling up the DagBag from /home/airflow/.local/lib/python3.12/site-packages/airflow/example_dags/example_xcom.py
[2024-11-20T03:54:45.364+0000] {processor.py:925} INFO - DAG(s) 'example_xcom' retrieved from /home/airflow/.local/lib/python3.12/site-packages/airflow/example_dags/example_xcom.py
[2024-11-20T03:54:45.421+0000] {logging_mixin.py:190} INFO - [2024-11-20T03:54:45.420+0000] {dag.py:3239} INFO - Sync 1 DAGs
[2024-11-20T03:54:45.543+0000] {logging_mixin.py:190} INFO - [2024-11-20T03:54:45.543+0000] {dag.py:4180} INFO - Setting next_dagrun for example_xcom to 2021-01-01 00:00:00+00:00, run_after=2021-01-01 00:00:00+00:00
[2024-11-20T03:54:45.669+0000] {processor.py:208} INFO - Processing /home/airflow/.local/lib/python3.12/site-packages/airflow/example_dags/example_xcom.py took 0.376 seconds
[2024-11-20T03:55:16.256+0000] {processor.py:186} INFO - Started process (PID=864) to work on /home/airflow/.local/lib/python3.12/site-packages/airflow/example_dags/example_xcom.py
[2024-11-20T03:55:16.260+0000] {processor.py:914} INFO - Processing file /home/airflow/.local/lib/python3.12/site-packages/airflow/example_dags/example_xcom.py for tasks to queue
[2024-11-20T03:55:16.264+0000] {logging_mixin.py:190} INFO - [2024-11-20T03:55:16.263+0000] {dagbag.py:588} INFO - Filling up the DagBag from /home/airflow/.local/lib/python3.12/site-packages/airflow/example_dags/example_xcom.py
[2024-11-20T03:55:16.287+0000] {processor.py:925} INFO - DAG(s) 'example_xcom' retrieved from /home/airflow/.local/lib/python3.12/site-packages/airflow/example_dags/example_xcom.py
[2024-11-20T03:55:16.342+0000] {logging_mixin.py:190} INFO - [2024-11-20T03:55:16.342+0000] {dag.py:3239} INFO - Sync 1 DAGs
[2024-11-20T03:55:16.390+0000] {logging_mixin.py:190} INFO - [2024-11-20T03:55:16.390+0000] {dag.py:4180} INFO - Setting next_dagrun for example_xcom to 2021-01-01 00:00:00+00:00, run_after=2021-01-01 00:00:00+00:00
[2024-11-20T03:55:16.436+0000] {processor.py:208} INFO - Processing /home/airflow/.local/lib/python3.12/site-packages/airflow/example_dags/example_xcom.py took 0.196 seconds
[2024-11-20T03:55:47.031+0000] {processor.py:186} INFO - Started process (PID=927) to work on /home/airflow/.local/lib/python3.12/site-packages/airflow/example_dags/example_xcom.py
[2024-11-20T03:55:47.033+0000] {processor.py:914} INFO - Processing file /home/airflow/.local/lib/python3.12/site-packages/airflow/example_dags/example_xcom.py for tasks to queue
[2024-11-20T03:55:47.043+0000] {logging_mixin.py:190} INFO - [2024-11-20T03:55:47.042+0000] {dagbag.py:588} INFO - Filling up the DagBag from /home/airflow/.local/lib/python3.12/site-packages/airflow/example_dags/example_xcom.py
[2024-11-20T03:55:47.073+0000] {processor.py:925} INFO - DAG(s) 'example_xcom' retrieved from /home/airflow/.local/lib/python3.12/site-packages/airflow/example_dags/example_xcom.py
[2024-11-20T03:55:47.170+0000] {logging_mixin.py:190} INFO - [2024-11-20T03:55:47.169+0000] {dag.py:3239} INFO - Sync 1 DAGs
[2024-11-20T03:55:47.289+0000] {logging_mixin.py:190} INFO - [2024-11-20T03:55:47.288+0000] {dag.py:4180} INFO - Setting next_dagrun for example_xcom to 2021-01-01 00:00:00+00:00, run_after=2021-01-01 00:00:00+00:00
[2024-11-20T03:55:47.333+0000] {processor.py:208} INFO - Processing /home/airflow/.local/lib/python3.12/site-packages/airflow/example_dags/example_xcom.py took 0.329 seconds
[2024-11-20T03:56:18.121+0000] {processor.py:186} INFO - Started process (PID=990) to work on /home/airflow/.local/lib/python3.12/site-packages/airflow/example_dags/example_xcom.py
[2024-11-20T03:56:18.125+0000] {processor.py:914} INFO - Processing file /home/airflow/.local/lib/python3.12/site-packages/airflow/example_dags/example_xcom.py for tasks to queue
[2024-11-20T03:56:18.129+0000] {logging_mixin.py:190} INFO - [2024-11-20T03:56:18.129+0000] {dagbag.py:588} INFO - Filling up the DagBag from /home/airflow/.local/lib/python3.12/site-packages/airflow/example_dags/example_xcom.py
[2024-11-20T03:56:18.152+0000] {processor.py:925} INFO - DAG(s) 'example_xcom' retrieved from /home/airflow/.local/lib/python3.12/site-packages/airflow/example_dags/example_xcom.py
[2024-11-20T03:56:18.204+0000] {logging_mixin.py:190} INFO - [2024-11-20T03:56:18.203+0000] {dag.py:3239} INFO - Sync 1 DAGs
[2024-11-20T03:56:18.256+0000] {logging_mixin.py:190} INFO - [2024-11-20T03:56:18.256+0000] {dag.py:4180} INFO - Setting next_dagrun for example_xcom to 2021-01-01 00:00:00+00:00, run_after=2021-01-01 00:00:00+00:00
[2024-11-20T03:56:18.303+0000] {processor.py:208} INFO - Processing /home/airflow/.local/lib/python3.12/site-packages/airflow/example_dags/example_xcom.py took 0.201 seconds
[2024-11-20T03:56:48.474+0000] {processor.py:186} INFO - Started process (PID=1053) to work on /home/airflow/.local/lib/python3.12/site-packages/airflow/example_dags/example_xcom.py
[2024-11-20T03:56:48.479+0000] {processor.py:914} INFO - Processing file /home/airflow/.local/lib/python3.12/site-packages/airflow/example_dags/example_xcom.py for tasks to queue
[2024-11-20T03:56:48.484+0000] {logging_mixin.py:190} INFO - [2024-11-20T03:56:48.484+0000] {dagbag.py:588} INFO - Filling up the DagBag from /home/airflow/.local/lib/python3.12/site-packages/airflow/example_dags/example_xcom.py
[2024-11-20T03:56:48.510+0000] {processor.py:925} INFO - DAG(s) 'example_xcom' retrieved from /home/airflow/.local/lib/python3.12/site-packages/airflow/example_dags/example_xcom.py
[2024-11-20T03:56:48.580+0000] {logging_mixin.py:190} INFO - [2024-11-20T03:56:48.579+0000] {dag.py:3239} INFO - Sync 1 DAGs
[2024-11-20T03:56:48.629+0000] {logging_mixin.py:190} INFO - [2024-11-20T03:56:48.628+0000] {dag.py:4180} INFO - Setting next_dagrun for example_xcom to 2021-01-01 00:00:00+00:00, run_after=2021-01-01 00:00:00+00:00
[2024-11-20T03:56:48.669+0000] {processor.py:208} INFO - Processing /home/airflow/.local/lib/python3.12/site-packages/airflow/example_dags/example_xcom.py took 0.211 seconds
[2024-11-20T03:57:18.732+0000] {processor.py:186} INFO - Started process (PID=1115) to work on /home/airflow/.local/lib/python3.12/site-packages/airflow/example_dags/example_xcom.py
[2024-11-20T03:57:18.733+0000] {processor.py:914} INFO - Processing file /home/airflow/.local/lib/python3.12/site-packages/airflow/example_dags/example_xcom.py for tasks to queue
[2024-11-20T03:57:18.736+0000] {logging_mixin.py:190} INFO - [2024-11-20T03:57:18.736+0000] {dagbag.py:588} INFO - Filling up the DagBag from /home/airflow/.local/lib/python3.12/site-packages/airflow/example_dags/example_xcom.py
[2024-11-20T03:57:18.751+0000] {processor.py:925} INFO - DAG(s) 'example_xcom' retrieved from /home/airflow/.local/lib/python3.12/site-packages/airflow/example_dags/example_xcom.py
[2024-11-20T03:57:18.782+0000] {logging_mixin.py:190} INFO - [2024-11-20T03:57:18.782+0000] {dag.py:3239} INFO - Sync 1 DAGs
[2024-11-20T03:57:18.817+0000] {logging_mixin.py:190} INFO - [2024-11-20T03:57:18.817+0000] {dag.py:4180} INFO - Setting next_dagrun for example_xcom to 2021-01-01 00:00:00+00:00, run_after=2021-01-01 00:00:00+00:00
[2024-11-20T03:57:18.847+0000] {processor.py:208} INFO - Processing /home/airflow/.local/lib/python3.12/site-packages/airflow/example_dags/example_xcom.py took 0.123 seconds
[2024-11-20T03:57:49.538+0000] {processor.py:186} INFO - Started process (PID=1179) to work on /home/airflow/.local/lib/python3.12/site-packages/airflow/example_dags/example_xcom.py
[2024-11-20T03:57:49.540+0000] {processor.py:914} INFO - Processing file /home/airflow/.local/lib/python3.12/site-packages/airflow/example_dags/example_xcom.py for tasks to queue
[2024-11-20T03:57:49.545+0000] {logging_mixin.py:190} INFO - [2024-11-20T03:57:49.544+0000] {dagbag.py:588} INFO - Filling up the DagBag from /home/airflow/.local/lib/python3.12/site-packages/airflow/example_dags/example_xcom.py
[2024-11-20T03:57:49.572+0000] {processor.py:925} INFO - DAG(s) 'example_xcom' retrieved from /home/airflow/.local/lib/python3.12/site-packages/airflow/example_dags/example_xcom.py
[2024-11-20T03:57:49.638+0000] {logging_mixin.py:190} INFO - [2024-11-20T03:57:49.638+0000] {dag.py:3239} INFO - Sync 1 DAGs
[2024-11-20T03:57:49.722+0000] {logging_mixin.py:190} INFO - [2024-11-20T03:57:49.715+0000] {dag.py:4180} INFO - Setting next_dagrun for example_xcom to 2021-01-01 00:00:00+00:00, run_after=2021-01-01 00:00:00+00:00
[2024-11-20T03:57:49.778+0000] {processor.py:208} INFO - Processing /home/airflow/.local/lib/python3.12/site-packages/airflow/example_dags/example_xcom.py took 0.254 seconds
[2024-11-20T03:58:19.916+0000] {processor.py:186} INFO - Started process (PID=1242) to work on /home/airflow/.local/lib/python3.12/site-packages/airflow/example_dags/example_xcom.py
[2024-11-20T03:58:19.918+0000] {processor.py:914} INFO - Processing file /home/airflow/.local/lib/python3.12/site-packages/airflow/example_dags/example_xcom.py for tasks to queue
[2024-11-20T03:58:19.922+0000] {logging_mixin.py:190} INFO - [2024-11-20T03:58:19.922+0000] {dagbag.py:588} INFO - Filling up the DagBag from /home/airflow/.local/lib/python3.12/site-packages/airflow/example_dags/example_xcom.py
[2024-11-20T03:58:19.942+0000] {processor.py:925} INFO - DAG(s) 'example_xcom' retrieved from /home/airflow/.local/lib/python3.12/site-packages/airflow/example_dags/example_xcom.py
[2024-11-20T03:58:19.982+0000] {logging_mixin.py:190} INFO - [2024-11-20T03:58:19.981+0000] {dag.py:3239} INFO - Sync 1 DAGs
[2024-11-20T03:58:20.022+0000] {logging_mixin.py:190} INFO - [2024-11-20T03:58:20.021+0000] {dag.py:4180} INFO - Setting next_dagrun for example_xcom to 2021-01-01 00:00:00+00:00, run_after=2021-01-01 00:00:00+00:00
[2024-11-20T03:58:20.068+0000] {processor.py:208} INFO - Processing /home/airflow/.local/lib/python3.12/site-packages/airflow/example_dags/example_xcom.py took 0.160 seconds
[2024-11-20T03:58:52.081+0000] {processor.py:186} INFO - Started process (PID=1305) to work on /home/airflow/.local/lib/python3.12/site-packages/airflow/example_dags/example_xcom.py
[2024-11-20T03:58:52.083+0000] {processor.py:914} INFO - Processing file /home/airflow/.local/lib/python3.12/site-packages/airflow/example_dags/example_xcom.py for tasks to queue
[2024-11-20T03:58:52.088+0000] {logging_mixin.py:190} INFO - [2024-11-20T03:58:52.088+0000] {dagbag.py:588} INFO - Filling up the DagBag from /home/airflow/.local/lib/python3.12/site-packages/airflow/example_dags/example_xcom.py
[2024-11-20T03:58:52.110+0000] {processor.py:925} INFO - DAG(s) 'example_xcom' retrieved from /home/airflow/.local/lib/python3.12/site-packages/airflow/example_dags/example_xcom.py
[2024-11-20T03:58:52.150+0000] {logging_mixin.py:190} INFO - [2024-11-20T03:58:52.150+0000] {dag.py:3239} INFO - Sync 1 DAGs
[2024-11-20T03:58:52.204+0000] {logging_mixin.py:190} INFO - [2024-11-20T03:58:52.204+0000] {dag.py:4180} INFO - Setting next_dagrun for example_xcom to 2021-01-01 00:00:00+00:00, run_after=2021-01-01 00:00:00+00:00
[2024-11-20T03:58:52.248+0000] {processor.py:208} INFO - Processing /home/airflow/.local/lib/python3.12/site-packages/airflow/example_dags/example_xcom.py took 0.178 seconds
[2024-11-20T03:59:22.684+0000] {processor.py:186} INFO - Started process (PID=1368) to work on /home/airflow/.local/lib/python3.12/site-packages/airflow/example_dags/example_xcom.py
[2024-11-20T03:59:22.685+0000] {processor.py:914} INFO - Processing file /home/airflow/.local/lib/python3.12/site-packages/airflow/example_dags/example_xcom.py for tasks to queue
[2024-11-20T03:59:22.688+0000] {logging_mixin.py:190} INFO - [2024-11-20T03:59:22.688+0000] {dagbag.py:588} INFO - Filling up the DagBag from /home/airflow/.local/lib/python3.12/site-packages/airflow/example_dags/example_xcom.py
[2024-11-20T03:59:22.712+0000] {processor.py:925} INFO - DAG(s) 'example_xcom' retrieved from /home/airflow/.local/lib/python3.12/site-packages/airflow/example_dags/example_xcom.py
[2024-11-20T03:59:22.757+0000] {logging_mixin.py:190} INFO - [2024-11-20T03:59:22.757+0000] {dag.py:3239} INFO - Sync 1 DAGs
[2024-11-20T03:59:22.823+0000] {logging_mixin.py:190} INFO - [2024-11-20T03:59:22.823+0000] {dag.py:4180} INFO - Setting next_dagrun for example_xcom to 2021-01-01 00:00:00+00:00, run_after=2021-01-01 00:00:00+00:00
[2024-11-20T03:59:22.882+0000] {processor.py:208} INFO - Processing /home/airflow/.local/lib/python3.12/site-packages/airflow/example_dags/example_xcom.py took 0.210 seconds
