[2024-11-20T03:49:09.094+0000] {processor.py:186} INFO - Started process (PID=143) to work on /home/airflow/.local/lib/python3.12/site-packages/airflow/example_dags/example_latest_only.py
[2024-11-20T03:49:09.096+0000] {processor.py:914} INFO - Processing file /home/airflow/.local/lib/python3.12/site-packages/airflow/example_dags/example_latest_only.py for tasks to queue
[2024-11-20T03:49:09.100+0000] {logging_mixin.py:190} INFO - [2024-11-20T03:49:09.100+0000] {dagbag.py:588} INFO - Filling up the DagBag from /home/airflow/.local/lib/python3.12/site-packages/airflow/example_dags/example_latest_only.py
[2024-11-20T03:49:09.116+0000] {processor.py:925} INFO - DAG(s) 'latest_only' retrieved from /home/airflow/.local/lib/python3.12/site-packages/airflow/example_dags/example_latest_only.py
[2024-11-20T03:49:09.460+0000] {logging_mixin.py:190} INFO - [2024-11-20T03:49:09.458+0000] {override.py:1911} INFO - Created Permission View: can read on DAG:latest_only
[2024-11-20T03:49:09.498+0000] {logging_mixin.py:190} INFO - [2024-11-20T03:49:09.497+0000] {override.py:1911} INFO - Created Permission View: can edit on DAG:latest_only
[2024-11-20T03:49:09.521+0000] {logging_mixin.py:190} INFO - [2024-11-20T03:49:09.519+0000] {override.py:1911} INFO - Created Permission View: can delete on DAG:latest_only
[2024-11-20T03:49:09.544+0000] {logging_mixin.py:190} INFO - [2024-11-20T03:49:09.544+0000] {override.py:1911} INFO - Created Permission View: menu access on DAG Run:latest_only
[2024-11-20T03:49:09.572+0000] {logging_mixin.py:190} INFO - [2024-11-20T03:49:09.571+0000] {override.py:1911} INFO - Created Permission View: can read on DAG Run:latest_only
[2024-11-20T03:49:09.594+0000] {logging_mixin.py:190} INFO - [2024-11-20T03:49:09.594+0000] {override.py:1911} INFO - Created Permission View: can delete on DAG Run:latest_only
[2024-11-20T03:49:09.756+0000] {logging_mixin.py:190} INFO - [2024-11-20T03:49:09.755+0000] {override.py:1911} INFO - Created Permission View: can create on DAG Run:latest_only
[2024-11-20T03:49:09.803+0000] {logging_mixin.py:190} INFO - [2024-11-20T03:49:09.800+0000] {dag.py:3239} INFO - Sync 1 DAGs
[2024-11-20T03:49:09.861+0000] {logging_mixin.py:190} INFO - [2024-11-20T03:49:09.860+0000] {dag.py:3262} INFO - Creating ORM DAG for latest_only
[2024-11-20T03:49:09.894+0000] {logging_mixin.py:190} INFO - [2024-11-20T03:49:09.893+0000] {dag.py:4180} INFO - Setting next_dagrun for latest_only to 2024-11-19 20:00:00+00:00, run_after=2024-11-20 00:00:00+00:00
[2024-11-20T03:49:09.950+0000] {processor.py:208} INFO - Processing /home/airflow/.local/lib/python3.12/site-packages/airflow/example_dags/example_latest_only.py took 0.870 seconds
[2024-11-20T03:49:40.183+0000] {processor.py:186} INFO - Started process (PID=206) to work on /home/airflow/.local/lib/python3.12/site-packages/airflow/example_dags/example_latest_only.py
[2024-11-20T03:49:40.185+0000] {processor.py:914} INFO - Processing file /home/airflow/.local/lib/python3.12/site-packages/airflow/example_dags/example_latest_only.py for tasks to queue
[2024-11-20T03:49:40.189+0000] {logging_mixin.py:190} INFO - [2024-11-20T03:49:40.189+0000] {dagbag.py:588} INFO - Filling up the DagBag from /home/airflow/.local/lib/python3.12/site-packages/airflow/example_dags/example_latest_only.py
[2024-11-20T03:49:40.204+0000] {processor.py:925} INFO - DAG(s) 'latest_only' retrieved from /home/airflow/.local/lib/python3.12/site-packages/airflow/example_dags/example_latest_only.py
[2024-11-20T03:49:40.250+0000] {logging_mixin.py:190} INFO - [2024-11-20T03:49:40.250+0000] {dag.py:3239} INFO - Sync 1 DAGs
[2024-11-20T03:49:40.376+0000] {logging_mixin.py:190} INFO - [2024-11-20T03:49:40.376+0000] {dag.py:4180} INFO - Setting next_dagrun for latest_only to 2024-11-19 20:00:00+00:00, run_after=2024-11-20 00:00:00+00:00
[2024-11-20T03:49:40.494+0000] {processor.py:208} INFO - Processing /home/airflow/.local/lib/python3.12/site-packages/airflow/example_dags/example_latest_only.py took 0.324 seconds
[2024-11-20T03:50:14.000+0000] {processor.py:186} INFO - Started process (PID=269) to work on /home/airflow/.local/lib/python3.12/site-packages/airflow/example_dags/example_latest_only.py
[2024-11-20T03:50:14.011+0000] {processor.py:914} INFO - Processing file /home/airflow/.local/lib/python3.12/site-packages/airflow/example_dags/example_latest_only.py for tasks to queue
[2024-11-20T03:50:14.031+0000] {logging_mixin.py:190} INFO - [2024-11-20T03:50:14.030+0000] {dagbag.py:588} INFO - Filling up the DagBag from /home/airflow/.local/lib/python3.12/site-packages/airflow/example_dags/example_latest_only.py
[2024-11-20T03:50:14.069+0000] {processor.py:925} INFO - DAG(s) 'latest_only' retrieved from /home/airflow/.local/lib/python3.12/site-packages/airflow/example_dags/example_latest_only.py
[2024-11-20T03:50:14.395+0000] {logging_mixin.py:190} INFO - [2024-11-20T03:50:14.394+0000] {dag.py:3239} INFO - Sync 1 DAGs
[2024-11-20T03:50:14.579+0000] {logging_mixin.py:190} INFO - [2024-11-20T03:50:14.578+0000] {dag.py:4180} INFO - Setting next_dagrun for latest_only to 2024-11-19 20:00:00+00:00, run_after=2024-11-20 00:00:00+00:00
[2024-11-20T03:50:14.827+0000] {processor.py:208} INFO - Processing /home/airflow/.local/lib/python3.12/site-packages/airflow/example_dags/example_latest_only.py took 0.851 seconds
[2024-11-20T03:50:45.147+0000] {processor.py:186} INFO - Started process (PID=331) to work on /home/airflow/.local/lib/python3.12/site-packages/airflow/example_dags/example_latest_only.py
[2024-11-20T03:50:45.158+0000] {processor.py:914} INFO - Processing file /home/airflow/.local/lib/python3.12/site-packages/airflow/example_dags/example_latest_only.py for tasks to queue
[2024-11-20T03:50:45.164+0000] {logging_mixin.py:190} INFO - [2024-11-20T03:50:45.163+0000] {dagbag.py:588} INFO - Filling up the DagBag from /home/airflow/.local/lib/python3.12/site-packages/airflow/example_dags/example_latest_only.py
[2024-11-20T03:50:45.184+0000] {processor.py:925} INFO - DAG(s) 'latest_only' retrieved from /home/airflow/.local/lib/python3.12/site-packages/airflow/example_dags/example_latest_only.py
[2024-11-20T03:50:45.250+0000] {logging_mixin.py:190} INFO - [2024-11-20T03:50:45.248+0000] {dag.py:3239} INFO - Sync 1 DAGs
[2024-11-20T03:50:45.302+0000] {logging_mixin.py:190} INFO - [2024-11-20T03:50:45.302+0000] {dag.py:4180} INFO - Setting next_dagrun for latest_only to 2024-11-19 20:00:00+00:00, run_after=2024-11-20 00:00:00+00:00
[2024-11-20T03:50:45.343+0000] {processor.py:208} INFO - Processing /home/airflow/.local/lib/python3.12/site-packages/airflow/example_dags/example_latest_only.py took 0.217 seconds
[2024-11-20T03:51:15.941+0000] {processor.py:186} INFO - Started process (PID=395) to work on /home/airflow/.local/lib/python3.12/site-packages/airflow/example_dags/example_latest_only.py
[2024-11-20T03:51:15.947+0000] {processor.py:914} INFO - Processing file /home/airflow/.local/lib/python3.12/site-packages/airflow/example_dags/example_latest_only.py for tasks to queue
[2024-11-20T03:51:15.952+0000] {logging_mixin.py:190} INFO - [2024-11-20T03:51:15.951+0000] {dagbag.py:588} INFO - Filling up the DagBag from /home/airflow/.local/lib/python3.12/site-packages/airflow/example_dags/example_latest_only.py
[2024-11-20T03:51:15.962+0000] {processor.py:925} INFO - DAG(s) 'latest_only' retrieved from /home/airflow/.local/lib/python3.12/site-packages/airflow/example_dags/example_latest_only.py
[2024-11-20T03:51:15.989+0000] {logging_mixin.py:190} INFO - [2024-11-20T03:51:15.989+0000] {dag.py:3239} INFO - Sync 1 DAGs
[2024-11-20T03:51:16.024+0000] {logging_mixin.py:190} INFO - [2024-11-20T03:51:16.024+0000] {dag.py:4180} INFO - Setting next_dagrun for latest_only to 2024-11-19 20:00:00+00:00, run_after=2024-11-20 00:00:00+00:00
[2024-11-20T03:51:16.063+0000] {processor.py:208} INFO - Processing /home/airflow/.local/lib/python3.12/site-packages/airflow/example_dags/example_latest_only.py took 0.131 seconds
[2024-11-20T03:51:46.427+0000] {processor.py:186} INFO - Started process (PID=457) to work on /home/airflow/.local/lib/python3.12/site-packages/airflow/example_dags/example_latest_only.py
[2024-11-20T03:51:46.429+0000] {processor.py:914} INFO - Processing file /home/airflow/.local/lib/python3.12/site-packages/airflow/example_dags/example_latest_only.py for tasks to queue
[2024-11-20T03:51:46.435+0000] {logging_mixin.py:190} INFO - [2024-11-20T03:51:46.434+0000] {dagbag.py:588} INFO - Filling up the DagBag from /home/airflow/.local/lib/python3.12/site-packages/airflow/example_dags/example_latest_only.py
[2024-11-20T03:51:46.463+0000] {processor.py:925} INFO - DAG(s) 'latest_only' retrieved from /home/airflow/.local/lib/python3.12/site-packages/airflow/example_dags/example_latest_only.py
[2024-11-20T03:51:46.540+0000] {logging_mixin.py:190} INFO - [2024-11-20T03:51:46.540+0000] {dag.py:3239} INFO - Sync 1 DAGs
[2024-11-20T03:51:46.639+0000] {logging_mixin.py:190} INFO - [2024-11-20T03:51:46.639+0000] {dag.py:4180} INFO - Setting next_dagrun for latest_only to 2024-11-19 20:00:00+00:00, run_after=2024-11-20 00:00:00+00:00
[2024-11-20T03:51:46.680+0000] {processor.py:208} INFO - Processing /home/airflow/.local/lib/python3.12/site-packages/airflow/example_dags/example_latest_only.py took 0.265 seconds
[2024-11-20T03:52:19.652+0000] {processor.py:186} INFO - Started process (PID=519) to work on /home/airflow/.local/lib/python3.12/site-packages/airflow/example_dags/example_latest_only.py
[2024-11-20T03:52:19.656+0000] {processor.py:914} INFO - Processing file /home/airflow/.local/lib/python3.12/site-packages/airflow/example_dags/example_latest_only.py for tasks to queue
[2024-11-20T03:52:19.660+0000] {logging_mixin.py:190} INFO - [2024-11-20T03:52:19.659+0000] {dagbag.py:588} INFO - Filling up the DagBag from /home/airflow/.local/lib/python3.12/site-packages/airflow/example_dags/example_latest_only.py
[2024-11-20T03:52:19.673+0000] {processor.py:925} INFO - DAG(s) 'latest_only' retrieved from /home/airflow/.local/lib/python3.12/site-packages/airflow/example_dags/example_latest_only.py
[2024-11-20T03:52:19.715+0000] {logging_mixin.py:190} INFO - [2024-11-20T03:52:19.715+0000] {dag.py:3239} INFO - Sync 1 DAGs
[2024-11-20T03:52:19.787+0000] {logging_mixin.py:190} INFO - [2024-11-20T03:52:19.775+0000] {dag.py:4180} INFO - Setting next_dagrun for latest_only to 2024-11-19 20:00:00+00:00, run_after=2024-11-20 00:00:00+00:00
[2024-11-20T03:52:19.962+0000] {processor.py:208} INFO - Processing /home/airflow/.local/lib/python3.12/site-packages/airflow/example_dags/example_latest_only.py took 0.322 seconds
[2024-11-20T03:52:50.588+0000] {processor.py:186} INFO - Started process (PID=582) to work on /home/airflow/.local/lib/python3.12/site-packages/airflow/example_dags/example_latest_only.py
[2024-11-20T03:52:50.589+0000] {processor.py:914} INFO - Processing file /home/airflow/.local/lib/python3.12/site-packages/airflow/example_dags/example_latest_only.py for tasks to queue
[2024-11-20T03:52:50.593+0000] {logging_mixin.py:190} INFO - [2024-11-20T03:52:50.593+0000] {dagbag.py:588} INFO - Filling up the DagBag from /home/airflow/.local/lib/python3.12/site-packages/airflow/example_dags/example_latest_only.py
[2024-11-20T03:52:50.608+0000] {processor.py:925} INFO - DAG(s) 'latest_only' retrieved from /home/airflow/.local/lib/python3.12/site-packages/airflow/example_dags/example_latest_only.py
[2024-11-20T03:52:50.638+0000] {logging_mixin.py:190} INFO - [2024-11-20T03:52:50.638+0000] {dag.py:3239} INFO - Sync 1 DAGs
[2024-11-20T03:52:50.680+0000] {logging_mixin.py:190} INFO - [2024-11-20T03:52:50.679+0000] {dag.py:4180} INFO - Setting next_dagrun for latest_only to 2024-11-19 20:00:00+00:00, run_after=2024-11-20 00:00:00+00:00
[2024-11-20T03:52:50.725+0000] {processor.py:208} INFO - Processing /home/airflow/.local/lib/python3.12/site-packages/airflow/example_dags/example_latest_only.py took 0.149 seconds
[2024-11-20T03:53:22.245+0000] {processor.py:186} INFO - Started process (PID=646) to work on /home/airflow/.local/lib/python3.12/site-packages/airflow/example_dags/example_latest_only.py
[2024-11-20T03:53:22.246+0000] {processor.py:914} INFO - Processing file /home/airflow/.local/lib/python3.12/site-packages/airflow/example_dags/example_latest_only.py for tasks to queue
[2024-11-20T03:53:22.250+0000] {logging_mixin.py:190} INFO - [2024-11-20T03:53:22.250+0000] {dagbag.py:588} INFO - Filling up the DagBag from /home/airflow/.local/lib/python3.12/site-packages/airflow/example_dags/example_latest_only.py
[2024-11-20T03:53:22.261+0000] {processor.py:925} INFO - DAG(s) 'latest_only' retrieved from /home/airflow/.local/lib/python3.12/site-packages/airflow/example_dags/example_latest_only.py
[2024-11-20T03:53:22.291+0000] {logging_mixin.py:190} INFO - [2024-11-20T03:53:22.291+0000] {dag.py:3239} INFO - Sync 1 DAGs
[2024-11-20T03:53:22.328+0000] {logging_mixin.py:190} INFO - [2024-11-20T03:53:22.327+0000] {dag.py:4180} INFO - Setting next_dagrun for latest_only to 2024-11-19 20:00:00+00:00, run_after=2024-11-20 00:00:00+00:00
[2024-11-20T03:53:22.366+0000] {processor.py:208} INFO - Processing /home/airflow/.local/lib/python3.12/site-packages/airflow/example_dags/example_latest_only.py took 0.132 seconds
[2024-11-20T03:53:53.745+0000] {processor.py:186} INFO - Started process (PID=709) to work on /home/airflow/.local/lib/python3.12/site-packages/airflow/example_dags/example_latest_only.py
[2024-11-20T03:53:53.746+0000] {processor.py:914} INFO - Processing file /home/airflow/.local/lib/python3.12/site-packages/airflow/example_dags/example_latest_only.py for tasks to queue
[2024-11-20T03:53:53.750+0000] {logging_mixin.py:190} INFO - [2024-11-20T03:53:53.750+0000] {dagbag.py:588} INFO - Filling up the DagBag from /home/airflow/.local/lib/python3.12/site-packages/airflow/example_dags/example_latest_only.py
[2024-11-20T03:53:53.762+0000] {processor.py:925} INFO - DAG(s) 'latest_only' retrieved from /home/airflow/.local/lib/python3.12/site-packages/airflow/example_dags/example_latest_only.py
[2024-11-20T03:53:53.810+0000] {logging_mixin.py:190} INFO - [2024-11-20T03:53:53.810+0000] {dag.py:3239} INFO - Sync 1 DAGs
[2024-11-20T03:53:53.858+0000] {logging_mixin.py:190} INFO - [2024-11-20T03:53:53.858+0000] {dag.py:4180} INFO - Setting next_dagrun for latest_only to 2024-11-19 20:00:00+00:00, run_after=2024-11-20 00:00:00+00:00
[2024-11-20T03:53:53.890+0000] {processor.py:208} INFO - Processing /home/airflow/.local/lib/python3.12/site-packages/airflow/example_dags/example_latest_only.py took 0.155 seconds
[2024-11-20T03:54:29.385+0000] {processor.py:186} INFO - Started process (PID=773) to work on /home/airflow/.local/lib/python3.12/site-packages/airflow/example_dags/example_latest_only.py
[2024-11-20T03:54:29.387+0000] {processor.py:914} INFO - Processing file /home/airflow/.local/lib/python3.12/site-packages/airflow/example_dags/example_latest_only.py for tasks to queue
[2024-11-20T03:54:29.393+0000] {logging_mixin.py:190} INFO - [2024-11-20T03:54:29.392+0000] {dagbag.py:588} INFO - Filling up the DagBag from /home/airflow/.local/lib/python3.12/site-packages/airflow/example_dags/example_latest_only.py
[2024-11-20T03:54:29.420+0000] {processor.py:925} INFO - DAG(s) 'latest_only' retrieved from /home/airflow/.local/lib/python3.12/site-packages/airflow/example_dags/example_latest_only.py
[2024-11-20T03:54:29.497+0000] {logging_mixin.py:190} INFO - [2024-11-20T03:54:29.496+0000] {dag.py:3239} INFO - Sync 1 DAGs
[2024-11-20T03:54:29.588+0000] {logging_mixin.py:190} INFO - [2024-11-20T03:54:29.587+0000] {dag.py:4180} INFO - Setting next_dagrun for latest_only to 2024-11-19 20:00:00+00:00, run_after=2024-11-20 00:00:00+00:00
[2024-11-20T03:54:29.651+0000] {processor.py:208} INFO - Processing /home/airflow/.local/lib/python3.12/site-packages/airflow/example_dags/example_latest_only.py took 0.284 seconds
[2024-11-20T03:55:00.235+0000] {processor.py:186} INFO - Started process (PID=835) to work on /home/airflow/.local/lib/python3.12/site-packages/airflow/example_dags/example_latest_only.py
[2024-11-20T03:55:00.236+0000] {processor.py:914} INFO - Processing file /home/airflow/.local/lib/python3.12/site-packages/airflow/example_dags/example_latest_only.py for tasks to queue
[2024-11-20T03:55:00.240+0000] {logging_mixin.py:190} INFO - [2024-11-20T03:55:00.240+0000] {dagbag.py:588} INFO - Filling up the DagBag from /home/airflow/.local/lib/python3.12/site-packages/airflow/example_dags/example_latest_only.py
[2024-11-20T03:55:00.254+0000] {processor.py:925} INFO - DAG(s) 'latest_only' retrieved from /home/airflow/.local/lib/python3.12/site-packages/airflow/example_dags/example_latest_only.py
[2024-11-20T03:55:00.312+0000] {logging_mixin.py:190} INFO - [2024-11-20T03:55:00.312+0000] {dag.py:3239} INFO - Sync 1 DAGs
[2024-11-20T03:55:00.356+0000] {logging_mixin.py:190} INFO - [2024-11-20T03:55:00.355+0000] {dag.py:4180} INFO - Setting next_dagrun for latest_only to 2024-11-19 20:00:00+00:00, run_after=2024-11-20 00:00:00+00:00
[2024-11-20T03:55:00.403+0000] {processor.py:208} INFO - Processing /home/airflow/.local/lib/python3.12/site-packages/airflow/example_dags/example_latest_only.py took 0.179 seconds
[2024-11-20T03:55:30.696+0000] {processor.py:186} INFO - Started process (PID=897) to work on /home/airflow/.local/lib/python3.12/site-packages/airflow/example_dags/example_latest_only.py
[2024-11-20T03:55:30.697+0000] {processor.py:914} INFO - Processing file /home/airflow/.local/lib/python3.12/site-packages/airflow/example_dags/example_latest_only.py for tasks to queue
[2024-11-20T03:55:30.701+0000] {logging_mixin.py:190} INFO - [2024-11-20T03:55:30.700+0000] {dagbag.py:588} INFO - Filling up the DagBag from /home/airflow/.local/lib/python3.12/site-packages/airflow/example_dags/example_latest_only.py
[2024-11-20T03:55:30.716+0000] {processor.py:925} INFO - DAG(s) 'latest_only' retrieved from /home/airflow/.local/lib/python3.12/site-packages/airflow/example_dags/example_latest_only.py
[2024-11-20T03:55:30.759+0000] {logging_mixin.py:190} INFO - [2024-11-20T03:55:30.758+0000] {dag.py:3239} INFO - Sync 1 DAGs
[2024-11-20T03:55:30.807+0000] {logging_mixin.py:190} INFO - [2024-11-20T03:55:30.806+0000] {dag.py:4180} INFO - Setting next_dagrun for latest_only to 2024-11-19 20:00:00+00:00, run_after=2024-11-20 00:00:00+00:00
[2024-11-20T03:55:30.868+0000] {processor.py:208} INFO - Processing /home/airflow/.local/lib/python3.12/site-packages/airflow/example_dags/example_latest_only.py took 0.188 seconds
[2024-11-20T03:56:01.005+0000] {processor.py:186} INFO - Started process (PID=960) to work on /home/airflow/.local/lib/python3.12/site-packages/airflow/example_dags/example_latest_only.py
[2024-11-20T03:56:01.009+0000] {processor.py:914} INFO - Processing file /home/airflow/.local/lib/python3.12/site-packages/airflow/example_dags/example_latest_only.py for tasks to queue
[2024-11-20T03:56:01.014+0000] {logging_mixin.py:190} INFO - [2024-11-20T03:56:01.013+0000] {dagbag.py:588} INFO - Filling up the DagBag from /home/airflow/.local/lib/python3.12/site-packages/airflow/example_dags/example_latest_only.py
[2024-11-20T03:56:01.030+0000] {processor.py:925} INFO - DAG(s) 'latest_only' retrieved from /home/airflow/.local/lib/python3.12/site-packages/airflow/example_dags/example_latest_only.py
[2024-11-20T03:56:01.066+0000] {logging_mixin.py:190} INFO - [2024-11-20T03:56:01.066+0000] {dag.py:3239} INFO - Sync 1 DAGs
[2024-11-20T03:56:01.125+0000] {logging_mixin.py:190} INFO - [2024-11-20T03:56:01.125+0000] {dag.py:4180} INFO - Setting next_dagrun for latest_only to 2024-11-19 20:00:00+00:00, run_after=2024-11-20 00:00:00+00:00
[2024-11-20T03:56:01.158+0000] {processor.py:208} INFO - Processing /home/airflow/.local/lib/python3.12/site-packages/airflow/example_dags/example_latest_only.py took 0.163 seconds
[2024-11-20T03:56:33.794+0000] {processor.py:186} INFO - Started process (PID=1023) to work on /home/airflow/.local/lib/python3.12/site-packages/airflow/example_dags/example_latest_only.py
[2024-11-20T03:56:33.796+0000] {processor.py:914} INFO - Processing file /home/airflow/.local/lib/python3.12/site-packages/airflow/example_dags/example_latest_only.py for tasks to queue
[2024-11-20T03:56:33.800+0000] {logging_mixin.py:190} INFO - [2024-11-20T03:56:33.800+0000] {dagbag.py:588} INFO - Filling up the DagBag from /home/airflow/.local/lib/python3.12/site-packages/airflow/example_dags/example_latest_only.py
[2024-11-20T03:56:33.819+0000] {processor.py:925} INFO - DAG(s) 'latest_only' retrieved from /home/airflow/.local/lib/python3.12/site-packages/airflow/example_dags/example_latest_only.py
[2024-11-20T03:56:33.889+0000] {logging_mixin.py:190} INFO - [2024-11-20T03:56:33.888+0000] {dag.py:3239} INFO - Sync 1 DAGs
[2024-11-20T03:56:33.971+0000] {logging_mixin.py:190} INFO - [2024-11-20T03:56:33.970+0000] {dag.py:4180} INFO - Setting next_dagrun for latest_only to 2024-11-19 20:00:00+00:00, run_after=2024-11-20 00:00:00+00:00
[2024-11-20T03:56:34.059+0000] {processor.py:208} INFO - Processing /home/airflow/.local/lib/python3.12/site-packages/airflow/example_dags/example_latest_only.py took 0.275 seconds
[2024-11-20T03:57:07.398+0000] {processor.py:186} INFO - Started process (PID=1087) to work on /home/airflow/.local/lib/python3.12/site-packages/airflow/example_dags/example_latest_only.py
[2024-11-20T03:57:07.400+0000] {processor.py:914} INFO - Processing file /home/airflow/.local/lib/python3.12/site-packages/airflow/example_dags/example_latest_only.py for tasks to queue
[2024-11-20T03:57:07.406+0000] {logging_mixin.py:190} INFO - [2024-11-20T03:57:07.406+0000] {dagbag.py:588} INFO - Filling up the DagBag from /home/airflow/.local/lib/python3.12/site-packages/airflow/example_dags/example_latest_only.py
[2024-11-20T03:57:07.428+0000] {processor.py:925} INFO - DAG(s) 'latest_only' retrieved from /home/airflow/.local/lib/python3.12/site-packages/airflow/example_dags/example_latest_only.py
[2024-11-20T03:57:07.485+0000] {logging_mixin.py:190} INFO - [2024-11-20T03:57:07.484+0000] {dag.py:3239} INFO - Sync 1 DAGs
[2024-11-20T03:57:07.562+0000] {logging_mixin.py:190} INFO - [2024-11-20T03:57:07.562+0000] {dag.py:4180} INFO - Setting next_dagrun for latest_only to 2024-11-19 20:00:00+00:00, run_after=2024-11-20 00:00:00+00:00
[2024-11-20T03:57:07.614+0000] {processor.py:208} INFO - Processing /home/airflow/.local/lib/python3.12/site-packages/airflow/example_dags/example_latest_only.py took 0.232 seconds
[2024-11-20T03:57:38.155+0000] {processor.py:186} INFO - Started process (PID=1149) to work on /home/airflow/.local/lib/python3.12/site-packages/airflow/example_dags/example_latest_only.py
[2024-11-20T03:57:38.156+0000] {processor.py:914} INFO - Processing file /home/airflow/.local/lib/python3.12/site-packages/airflow/example_dags/example_latest_only.py for tasks to queue
[2024-11-20T03:57:38.160+0000] {logging_mixin.py:190} INFO - [2024-11-20T03:57:38.159+0000] {dagbag.py:588} INFO - Filling up the DagBag from /home/airflow/.local/lib/python3.12/site-packages/airflow/example_dags/example_latest_only.py
[2024-11-20T03:57:38.172+0000] {processor.py:925} INFO - DAG(s) 'latest_only' retrieved from /home/airflow/.local/lib/python3.12/site-packages/airflow/example_dags/example_latest_only.py
[2024-11-20T03:57:38.202+0000] {logging_mixin.py:190} INFO - [2024-11-20T03:57:38.202+0000] {dag.py:3239} INFO - Sync 1 DAGs
[2024-11-20T03:57:38.251+0000] {logging_mixin.py:190} INFO - [2024-11-20T03:57:38.251+0000] {dag.py:4180} INFO - Setting next_dagrun for latest_only to 2024-11-19 20:00:00+00:00, run_after=2024-11-20 00:00:00+00:00
[2024-11-20T03:57:38.294+0000] {processor.py:208} INFO - Processing /home/airflow/.local/lib/python3.12/site-packages/airflow/example_dags/example_latest_only.py took 0.149 seconds
[2024-11-20T03:58:08.971+0000] {processor.py:186} INFO - Started process (PID=1211) to work on /home/airflow/.local/lib/python3.12/site-packages/airflow/example_dags/example_latest_only.py
[2024-11-20T03:58:08.973+0000] {processor.py:914} INFO - Processing file /home/airflow/.local/lib/python3.12/site-packages/airflow/example_dags/example_latest_only.py for tasks to queue
[2024-11-20T03:58:08.977+0000] {logging_mixin.py:190} INFO - [2024-11-20T03:58:08.976+0000] {dagbag.py:588} INFO - Filling up the DagBag from /home/airflow/.local/lib/python3.12/site-packages/airflow/example_dags/example_latest_only.py
[2024-11-20T03:58:08.990+0000] {processor.py:925} INFO - DAG(s) 'latest_only' retrieved from /home/airflow/.local/lib/python3.12/site-packages/airflow/example_dags/example_latest_only.py
[2024-11-20T03:58:09.031+0000] {logging_mixin.py:190} INFO - [2024-11-20T03:58:09.030+0000] {dag.py:3239} INFO - Sync 1 DAGs
[2024-11-20T03:58:09.074+0000] {logging_mixin.py:190} INFO - [2024-11-20T03:58:09.074+0000] {dag.py:4180} INFO - Setting next_dagrun for latest_only to 2024-11-19 20:00:00+00:00, run_after=2024-11-20 00:00:00+00:00
[2024-11-20T03:58:09.245+0000] {processor.py:208} INFO - Processing /home/airflow/.local/lib/python3.12/site-packages/airflow/example_dags/example_latest_only.py took 0.297 seconds
[2024-11-20T03:58:40.088+0000] {processor.py:186} INFO - Started process (PID=1274) to work on /home/airflow/.local/lib/python3.12/site-packages/airflow/example_dags/example_latest_only.py
[2024-11-20T03:58:40.091+0000] {processor.py:914} INFO - Processing file /home/airflow/.local/lib/python3.12/site-packages/airflow/example_dags/example_latest_only.py for tasks to queue
[2024-11-20T03:58:40.095+0000] {logging_mixin.py:190} INFO - [2024-11-20T03:58:40.094+0000] {dagbag.py:588} INFO - Filling up the DagBag from /home/airflow/.local/lib/python3.12/site-packages/airflow/example_dags/example_latest_only.py
[2024-11-20T03:58:40.109+0000] {processor.py:925} INFO - DAG(s) 'latest_only' retrieved from /home/airflow/.local/lib/python3.12/site-packages/airflow/example_dags/example_latest_only.py
[2024-11-20T03:58:40.145+0000] {logging_mixin.py:190} INFO - [2024-11-20T03:58:40.144+0000] {dag.py:3239} INFO - Sync 1 DAGs
[2024-11-20T03:58:40.202+0000] {logging_mixin.py:190} INFO - [2024-11-20T03:58:40.201+0000] {dag.py:4180} INFO - Setting next_dagrun for latest_only to 2024-11-19 20:00:00+00:00, run_after=2024-11-20 00:00:00+00:00
[2024-11-20T03:58:40.245+0000] {processor.py:208} INFO - Processing /home/airflow/.local/lib/python3.12/site-packages/airflow/example_dags/example_latest_only.py took 0.172 seconds
[2024-11-20T03:59:10.417+0000] {processor.py:186} INFO - Started process (PID=1336) to work on /home/airflow/.local/lib/python3.12/site-packages/airflow/example_dags/example_latest_only.py
[2024-11-20T03:59:10.419+0000] {processor.py:914} INFO - Processing file /home/airflow/.local/lib/python3.12/site-packages/airflow/example_dags/example_latest_only.py for tasks to queue
[2024-11-20T03:59:10.425+0000] {logging_mixin.py:190} INFO - [2024-11-20T03:59:10.423+0000] {dagbag.py:588} INFO - Filling up the DagBag from /home/airflow/.local/lib/python3.12/site-packages/airflow/example_dags/example_latest_only.py
[2024-11-20T03:59:10.439+0000] {processor.py:925} INFO - DAG(s) 'latest_only' retrieved from /home/airflow/.local/lib/python3.12/site-packages/airflow/example_dags/example_latest_only.py
[2024-11-20T03:59:10.488+0000] {logging_mixin.py:190} INFO - [2024-11-20T03:59:10.486+0000] {dag.py:3239} INFO - Sync 1 DAGs
[2024-11-20T03:59:10.564+0000] {logging_mixin.py:190} INFO - [2024-11-20T03:59:10.563+0000] {dag.py:4180} INFO - Setting next_dagrun for latest_only to 2024-11-19 20:00:00+00:00, run_after=2024-11-20 00:00:00+00:00
[2024-11-20T03:59:10.596+0000] {processor.py:208} INFO - Processing /home/airflow/.local/lib/python3.12/site-packages/airflow/example_dags/example_latest_only.py took 0.190 seconds
