[2024-11-20T03:49:06.945+0000] {processor.py:186} INFO - Started process (PID=137) to work on /home/airflow/.local/lib/python3.12/site-packages/airflow/example_dags/example_python_operator.py
[2024-11-20T03:49:06.947+0000] {processor.py:914} INFO - Processing file /home/airflow/.local/lib/python3.12/site-packages/airflow/example_dags/example_python_operator.py for tasks to queue
[2024-11-20T03:49:06.952+0000] {logging_mixin.py:190} INFO - [2024-11-20T03:49:06.951+0000] {dagbag.py:588} INFO - Filling up the DagBag from /home/airflow/.local/lib/python3.12/site-packages/airflow/example_dags/example_python_operator.py
[2024-11-20T03:49:06.989+0000] {processor.py:925} INFO - DAG(s) 'example_python_operator' retrieved from /home/airflow/.local/lib/python3.12/site-packages/airflow/example_dags/example_python_operator.py
[2024-11-20T03:49:07.356+0000] {logging_mixin.py:190} INFO - [2024-11-20T03:49:07.354+0000] {override.py:1911} INFO - Created Permission View: can read on DAG:example_python_operator
[2024-11-20T03:49:07.393+0000] {logging_mixin.py:190} INFO - [2024-11-20T03:49:07.392+0000] {override.py:1911} INFO - Created Permission View: can edit on DAG:example_python_operator
[2024-11-20T03:49:07.412+0000] {logging_mixin.py:190} INFO - [2024-11-20T03:49:07.411+0000] {override.py:1911} INFO - Created Permission View: can delete on DAG:example_python_operator
[2024-11-20T03:49:07.429+0000] {logging_mixin.py:190} INFO - [2024-11-20T03:49:07.428+0000] {override.py:1911} INFO - Created Permission View: menu access on DAG Run:example_python_operator
[2024-11-20T03:49:07.450+0000] {logging_mixin.py:190} INFO - [2024-11-20T03:49:07.450+0000] {override.py:1911} INFO - Created Permission View: can read on DAG Run:example_python_operator
[2024-11-20T03:49:07.467+0000] {logging_mixin.py:190} INFO - [2024-11-20T03:49:07.466+0000] {override.py:1911} INFO - Created Permission View: can delete on DAG Run:example_python_operator
[2024-11-20T03:49:07.486+0000] {logging_mixin.py:190} INFO - [2024-11-20T03:49:07.485+0000] {override.py:1911} INFO - Created Permission View: can create on DAG Run:example_python_operator
[2024-11-20T03:49:07.488+0000] {logging_mixin.py:190} INFO - [2024-11-20T03:49:07.487+0000] {dag.py:3239} INFO - Sync 1 DAGs
[2024-11-20T03:49:07.522+0000] {logging_mixin.py:190} INFO - [2024-11-20T03:49:07.521+0000] {dag.py:3262} INFO - Creating ORM DAG for example_python_operator
[2024-11-20T03:49:07.523+0000] {logging_mixin.py:190} INFO - [2024-11-20T03:49:07.523+0000] {dag.py:4180} INFO - Setting next_dagrun for example_python_operator to None, run_after=None
[2024-11-20T03:49:07.561+0000] {processor.py:208} INFO - Processing /home/airflow/.local/lib/python3.12/site-packages/airflow/example_dags/example_python_operator.py took 0.630 seconds
[2024-11-20T03:49:38.691+0000] {processor.py:186} INFO - Started process (PID=201) to work on /home/airflow/.local/lib/python3.12/site-packages/airflow/example_dags/example_python_operator.py
[2024-11-20T03:49:38.693+0000] {processor.py:914} INFO - Processing file /home/airflow/.local/lib/python3.12/site-packages/airflow/example_dags/example_python_operator.py for tasks to queue
[2024-11-20T03:49:38.741+0000] {logging_mixin.py:190} INFO - [2024-11-20T03:49:38.732+0000] {dagbag.py:588} INFO - Filling up the DagBag from /home/airflow/.local/lib/python3.12/site-packages/airflow/example_dags/example_python_operator.py
[2024-11-20T03:49:38.843+0000] {processor.py:925} INFO - DAG(s) 'example_python_operator' retrieved from /home/airflow/.local/lib/python3.12/site-packages/airflow/example_dags/example_python_operator.py
[2024-11-20T03:49:39.049+0000] {logging_mixin.py:190} INFO - [2024-11-20T03:49:39.049+0000] {dag.py:3239} INFO - Sync 1 DAGs
[2024-11-20T03:49:39.132+0000] {logging_mixin.py:190} INFO - [2024-11-20T03:49:39.132+0000] {dag.py:4180} INFO - Setting next_dagrun for example_python_operator to None, run_after=None
[2024-11-20T03:49:39.216+0000] {processor.py:208} INFO - Processing /home/airflow/.local/lib/python3.12/site-packages/airflow/example_dags/example_python_operator.py took 0.541 seconds
[2024-11-20T03:50:10.699+0000] {processor.py:186} INFO - Started process (PID=264) to work on /home/airflow/.local/lib/python3.12/site-packages/airflow/example_dags/example_python_operator.py
[2024-11-20T03:50:10.703+0000] {processor.py:914} INFO - Processing file /home/airflow/.local/lib/python3.12/site-packages/airflow/example_dags/example_python_operator.py for tasks to queue
[2024-11-20T03:50:10.708+0000] {logging_mixin.py:190} INFO - [2024-11-20T03:50:10.707+0000] {dagbag.py:588} INFO - Filling up the DagBag from /home/airflow/.local/lib/python3.12/site-packages/airflow/example_dags/example_python_operator.py
[2024-11-20T03:50:10.743+0000] {processor.py:925} INFO - DAG(s) 'example_python_operator' retrieved from /home/airflow/.local/lib/python3.12/site-packages/airflow/example_dags/example_python_operator.py
[2024-11-20T03:50:10.822+0000] {logging_mixin.py:190} INFO - [2024-11-20T03:50:10.821+0000] {dag.py:3239} INFO - Sync 1 DAGs
[2024-11-20T03:50:11.046+0000] {logging_mixin.py:190} INFO - [2024-11-20T03:50:11.046+0000] {dag.py:4180} INFO - Setting next_dagrun for example_python_operator to None, run_after=None
[2024-11-20T03:50:11.217+0000] {processor.py:208} INFO - Processing /home/airflow/.local/lib/python3.12/site-packages/airflow/example_dags/example_python_operator.py took 0.533 seconds
[2024-11-20T03:50:41.572+0000] {processor.py:186} INFO - Started process (PID=326) to work on /home/airflow/.local/lib/python3.12/site-packages/airflow/example_dags/example_python_operator.py
[2024-11-20T03:50:41.573+0000] {processor.py:914} INFO - Processing file /home/airflow/.local/lib/python3.12/site-packages/airflow/example_dags/example_python_operator.py for tasks to queue
[2024-11-20T03:50:41.576+0000] {logging_mixin.py:190} INFO - [2024-11-20T03:50:41.576+0000] {dagbag.py:588} INFO - Filling up the DagBag from /home/airflow/.local/lib/python3.12/site-packages/airflow/example_dags/example_python_operator.py
[2024-11-20T03:50:41.595+0000] {processor.py:925} INFO - DAG(s) 'example_python_operator' retrieved from /home/airflow/.local/lib/python3.12/site-packages/airflow/example_dags/example_python_operator.py
[2024-11-20T03:50:41.628+0000] {logging_mixin.py:190} INFO - [2024-11-20T03:50:41.627+0000] {dag.py:3239} INFO - Sync 1 DAGs
[2024-11-20T03:50:41.649+0000] {logging_mixin.py:190} INFO - [2024-11-20T03:50:41.649+0000] {dag.py:4180} INFO - Setting next_dagrun for example_python_operator to None, run_after=None
[2024-11-20T03:50:41.691+0000] {processor.py:208} INFO - Processing /home/airflow/.local/lib/python3.12/site-packages/airflow/example_dags/example_python_operator.py took 0.129 seconds
[2024-11-20T03:51:12.143+0000] {processor.py:186} INFO - Started process (PID=390) to work on /home/airflow/.local/lib/python3.12/site-packages/airflow/example_dags/example_python_operator.py
[2024-11-20T03:51:12.145+0000] {processor.py:914} INFO - Processing file /home/airflow/.local/lib/python3.12/site-packages/airflow/example_dags/example_python_operator.py for tasks to queue
[2024-11-20T03:51:12.150+0000] {logging_mixin.py:190} INFO - [2024-11-20T03:51:12.149+0000] {dagbag.py:588} INFO - Filling up the DagBag from /home/airflow/.local/lib/python3.12/site-packages/airflow/example_dags/example_python_operator.py
[2024-11-20T03:51:12.173+0000] {processor.py:925} INFO - DAG(s) 'example_python_operator' retrieved from /home/airflow/.local/lib/python3.12/site-packages/airflow/example_dags/example_python_operator.py
[2024-11-20T03:51:12.213+0000] {logging_mixin.py:190} INFO - [2024-11-20T03:51:12.212+0000] {dag.py:3239} INFO - Sync 1 DAGs
[2024-11-20T03:51:12.247+0000] {logging_mixin.py:190} INFO - [2024-11-20T03:51:12.246+0000] {dag.py:4180} INFO - Setting next_dagrun for example_python_operator to None, run_after=None
[2024-11-20T03:51:12.280+0000] {processor.py:208} INFO - Processing /home/airflow/.local/lib/python3.12/site-packages/airflow/example_dags/example_python_operator.py took 0.146 seconds
[2024-11-20T03:51:42.971+0000] {processor.py:186} INFO - Started process (PID=450) to work on /home/airflow/.local/lib/python3.12/site-packages/airflow/example_dags/example_python_operator.py
[2024-11-20T03:51:42.973+0000] {processor.py:914} INFO - Processing file /home/airflow/.local/lib/python3.12/site-packages/airflow/example_dags/example_python_operator.py for tasks to queue
[2024-11-20T03:51:42.981+0000] {logging_mixin.py:190} INFO - [2024-11-20T03:51:42.977+0000] {dagbag.py:588} INFO - Filling up the DagBag from /home/airflow/.local/lib/python3.12/site-packages/airflow/example_dags/example_python_operator.py
[2024-11-20T03:51:43.018+0000] {processor.py:925} INFO - DAG(s) 'example_python_operator' retrieved from /home/airflow/.local/lib/python3.12/site-packages/airflow/example_dags/example_python_operator.py
[2024-11-20T03:51:43.089+0000] {logging_mixin.py:190} INFO - [2024-11-20T03:51:43.089+0000] {dag.py:3239} INFO - Sync 1 DAGs
[2024-11-20T03:51:43.121+0000] {logging_mixin.py:190} INFO - [2024-11-20T03:51:43.121+0000] {dag.py:4180} INFO - Setting next_dagrun for example_python_operator to None, run_after=None
[2024-11-20T03:51:43.161+0000] {processor.py:208} INFO - Processing /home/airflow/.local/lib/python3.12/site-packages/airflow/example_dags/example_python_operator.py took 0.203 seconds
[2024-11-20T03:52:16.205+0000] {processor.py:186} INFO - Started process (PID=512) to work on /home/airflow/.local/lib/python3.12/site-packages/airflow/example_dags/example_python_operator.py
[2024-11-20T03:52:16.228+0000] {processor.py:914} INFO - Processing file /home/airflow/.local/lib/python3.12/site-packages/airflow/example_dags/example_python_operator.py for tasks to queue
[2024-11-20T03:52:16.238+0000] {logging_mixin.py:190} INFO - [2024-11-20T03:52:16.237+0000] {dagbag.py:588} INFO - Filling up the DagBag from /home/airflow/.local/lib/python3.12/site-packages/airflow/example_dags/example_python_operator.py
[2024-11-20T03:52:16.296+0000] {processor.py:925} INFO - DAG(s) 'example_python_operator' retrieved from /home/airflow/.local/lib/python3.12/site-packages/airflow/example_dags/example_python_operator.py
[2024-11-20T03:52:16.343+0000] {logging_mixin.py:190} INFO - [2024-11-20T03:52:16.343+0000] {dag.py:3239} INFO - Sync 1 DAGs
[2024-11-20T03:52:16.373+0000] {logging_mixin.py:190} INFO - [2024-11-20T03:52:16.373+0000] {dag.py:4180} INFO - Setting next_dagrun for example_python_operator to None, run_after=None
[2024-11-20T03:52:16.511+0000] {processor.py:208} INFO - Processing /home/airflow/.local/lib/python3.12/site-packages/airflow/example_dags/example_python_operator.py took 0.316 seconds
[2024-11-20T03:52:47.261+0000] {processor.py:186} INFO - Started process (PID=575) to work on /home/airflow/.local/lib/python3.12/site-packages/airflow/example_dags/example_python_operator.py
[2024-11-20T03:52:47.263+0000] {processor.py:914} INFO - Processing file /home/airflow/.local/lib/python3.12/site-packages/airflow/example_dags/example_python_operator.py for tasks to queue
[2024-11-20T03:52:47.267+0000] {logging_mixin.py:190} INFO - [2024-11-20T03:52:47.266+0000] {dagbag.py:588} INFO - Filling up the DagBag from /home/airflow/.local/lib/python3.12/site-packages/airflow/example_dags/example_python_operator.py
[2024-11-20T03:52:47.287+0000] {processor.py:925} INFO - DAG(s) 'example_python_operator' retrieved from /home/airflow/.local/lib/python3.12/site-packages/airflow/example_dags/example_python_operator.py
[2024-11-20T03:52:47.322+0000] {logging_mixin.py:190} INFO - [2024-11-20T03:52:47.321+0000] {dag.py:3239} INFO - Sync 1 DAGs
[2024-11-20T03:52:47.346+0000] {logging_mixin.py:190} INFO - [2024-11-20T03:52:47.346+0000] {dag.py:4180} INFO - Setting next_dagrun for example_python_operator to None, run_after=None
[2024-11-20T03:52:47.454+0000] {processor.py:208} INFO - Processing /home/airflow/.local/lib/python3.12/site-packages/airflow/example_dags/example_python_operator.py took 0.203 seconds
[2024-11-20T03:53:18.197+0000] {processor.py:186} INFO - Started process (PID=638) to work on /home/airflow/.local/lib/python3.12/site-packages/airflow/example_dags/example_python_operator.py
[2024-11-20T03:53:18.199+0000] {processor.py:914} INFO - Processing file /home/airflow/.local/lib/python3.12/site-packages/airflow/example_dags/example_python_operator.py for tasks to queue
[2024-11-20T03:53:18.204+0000] {logging_mixin.py:190} INFO - [2024-11-20T03:53:18.203+0000] {dagbag.py:588} INFO - Filling up the DagBag from /home/airflow/.local/lib/python3.12/site-packages/airflow/example_dags/example_python_operator.py
[2024-11-20T03:53:18.227+0000] {processor.py:925} INFO - DAG(s) 'example_python_operator' retrieved from /home/airflow/.local/lib/python3.12/site-packages/airflow/example_dags/example_python_operator.py
[2024-11-20T03:53:18.258+0000] {logging_mixin.py:190} INFO - [2024-11-20T03:53:18.258+0000] {dag.py:3239} INFO - Sync 1 DAGs
[2024-11-20T03:53:18.284+0000] {logging_mixin.py:190} INFO - [2024-11-20T03:53:18.284+0000] {dag.py:4180} INFO - Setting next_dagrun for example_python_operator to None, run_after=None
[2024-11-20T03:53:18.451+0000] {processor.py:208} INFO - Processing /home/airflow/.local/lib/python3.12/site-packages/airflow/example_dags/example_python_operator.py took 0.265 seconds
[2024-11-20T03:53:51.288+0000] {processor.py:186} INFO - Started process (PID=701) to work on /home/airflow/.local/lib/python3.12/site-packages/airflow/example_dags/example_python_operator.py
[2024-11-20T03:53:51.290+0000] {processor.py:914} INFO - Processing file /home/airflow/.local/lib/python3.12/site-packages/airflow/example_dags/example_python_operator.py for tasks to queue
[2024-11-20T03:53:51.295+0000] {logging_mixin.py:190} INFO - [2024-11-20T03:53:51.295+0000] {dagbag.py:588} INFO - Filling up the DagBag from /home/airflow/.local/lib/python3.12/site-packages/airflow/example_dags/example_python_operator.py
[2024-11-20T03:53:51.320+0000] {processor.py:925} INFO - DAG(s) 'example_python_operator' retrieved from /home/airflow/.local/lib/python3.12/site-packages/airflow/example_dags/example_python_operator.py
[2024-11-20T03:53:51.375+0000] {logging_mixin.py:190} INFO - [2024-11-20T03:53:51.375+0000] {dag.py:3239} INFO - Sync 1 DAGs
[2024-11-20T03:53:51.414+0000] {logging_mixin.py:190} INFO - [2024-11-20T03:53:51.412+0000] {dag.py:4180} INFO - Setting next_dagrun for example_python_operator to None, run_after=None
[2024-11-20T03:53:51.474+0000] {processor.py:208} INFO - Processing /home/airflow/.local/lib/python3.12/site-packages/airflow/example_dags/example_python_operator.py took 0.194 seconds
[2024-11-20T03:54:26.260+0000] {processor.py:186} INFO - Started process (PID=767) to work on /home/airflow/.local/lib/python3.12/site-packages/airflow/example_dags/example_python_operator.py
[2024-11-20T03:54:26.272+0000] {processor.py:914} INFO - Processing file /home/airflow/.local/lib/python3.12/site-packages/airflow/example_dags/example_python_operator.py for tasks to queue
[2024-11-20T03:54:26.308+0000] {logging_mixin.py:190} INFO - [2024-11-20T03:54:26.307+0000] {dagbag.py:588} INFO - Filling up the DagBag from /home/airflow/.local/lib/python3.12/site-packages/airflow/example_dags/example_python_operator.py
[2024-11-20T03:54:26.364+0000] {processor.py:925} INFO - DAG(s) 'example_python_operator' retrieved from /home/airflow/.local/lib/python3.12/site-packages/airflow/example_dags/example_python_operator.py
[2024-11-20T03:54:26.474+0000] {logging_mixin.py:190} INFO - [2024-11-20T03:54:26.473+0000] {dag.py:3239} INFO - Sync 1 DAGs
[2024-11-20T03:54:26.562+0000] {logging_mixin.py:190} INFO - [2024-11-20T03:54:26.555+0000] {dag.py:4180} INFO - Setting next_dagrun for example_python_operator to None, run_after=None
[2024-11-20T03:54:26.656+0000] {processor.py:208} INFO - Processing /home/airflow/.local/lib/python3.12/site-packages/airflow/example_dags/example_python_operator.py took 0.417 seconds
[2024-11-20T03:54:57.681+0000] {processor.py:186} INFO - Started process (PID=829) to work on /home/airflow/.local/lib/python3.12/site-packages/airflow/example_dags/example_python_operator.py
[2024-11-20T03:54:57.683+0000] {processor.py:914} INFO - Processing file /home/airflow/.local/lib/python3.12/site-packages/airflow/example_dags/example_python_operator.py for tasks to queue
[2024-11-20T03:54:57.686+0000] {logging_mixin.py:190} INFO - [2024-11-20T03:54:57.686+0000] {dagbag.py:588} INFO - Filling up the DagBag from /home/airflow/.local/lib/python3.12/site-packages/airflow/example_dags/example_python_operator.py
[2024-11-20T03:54:57.707+0000] {processor.py:925} INFO - DAG(s) 'example_python_operator' retrieved from /home/airflow/.local/lib/python3.12/site-packages/airflow/example_dags/example_python_operator.py
[2024-11-20T03:54:57.745+0000] {logging_mixin.py:190} INFO - [2024-11-20T03:54:57.745+0000] {dag.py:3239} INFO - Sync 1 DAGs
[2024-11-20T03:54:57.773+0000] {logging_mixin.py:190} INFO - [2024-11-20T03:54:57.773+0000] {dag.py:4180} INFO - Setting next_dagrun for example_python_operator to None, run_after=None
[2024-11-20T03:54:57.812+0000] {processor.py:208} INFO - Processing /home/airflow/.local/lib/python3.12/site-packages/airflow/example_dags/example_python_operator.py took 0.144 seconds
[2024-11-20T03:55:28.672+0000] {processor.py:186} INFO - Started process (PID=892) to work on /home/airflow/.local/lib/python3.12/site-packages/airflow/example_dags/example_python_operator.py
[2024-11-20T03:55:28.673+0000] {processor.py:914} INFO - Processing file /home/airflow/.local/lib/python3.12/site-packages/airflow/example_dags/example_python_operator.py for tasks to queue
[2024-11-20T03:55:28.677+0000] {logging_mixin.py:190} INFO - [2024-11-20T03:55:28.677+0000] {dagbag.py:588} INFO - Filling up the DagBag from /home/airflow/.local/lib/python3.12/site-packages/airflow/example_dags/example_python_operator.py
[2024-11-20T03:55:28.702+0000] {processor.py:925} INFO - DAG(s) 'example_python_operator' retrieved from /home/airflow/.local/lib/python3.12/site-packages/airflow/example_dags/example_python_operator.py
[2024-11-20T03:55:28.750+0000] {logging_mixin.py:190} INFO - [2024-11-20T03:55:28.750+0000] {dag.py:3239} INFO - Sync 1 DAGs
[2024-11-20T03:55:28.778+0000] {logging_mixin.py:190} INFO - [2024-11-20T03:55:28.777+0000] {dag.py:4180} INFO - Setting next_dagrun for example_python_operator to None, run_after=None
[2024-11-20T03:55:28.817+0000] {processor.py:208} INFO - Processing /home/airflow/.local/lib/python3.12/site-packages/airflow/example_dags/example_python_operator.py took 0.158 seconds
[2024-11-20T03:56:00.057+0000] {processor.py:186} INFO - Started process (PID=955) to work on /home/airflow/.local/lib/python3.12/site-packages/airflow/example_dags/example_python_operator.py
[2024-11-20T03:56:00.059+0000] {processor.py:914} INFO - Processing file /home/airflow/.local/lib/python3.12/site-packages/airflow/example_dags/example_python_operator.py for tasks to queue
[2024-11-20T03:56:00.063+0000] {logging_mixin.py:190} INFO - [2024-11-20T03:56:00.063+0000] {dagbag.py:588} INFO - Filling up the DagBag from /home/airflow/.local/lib/python3.12/site-packages/airflow/example_dags/example_python_operator.py
[2024-11-20T03:56:00.107+0000] {processor.py:925} INFO - DAG(s) 'example_python_operator' retrieved from /home/airflow/.local/lib/python3.12/site-packages/airflow/example_dags/example_python_operator.py
[2024-11-20T03:56:00.174+0000] {logging_mixin.py:190} INFO - [2024-11-20T03:56:00.173+0000] {dag.py:3239} INFO - Sync 1 DAGs
[2024-11-20T03:56:00.212+0000] {logging_mixin.py:190} INFO - [2024-11-20T03:56:00.207+0000] {dag.py:4180} INFO - Setting next_dagrun for example_python_operator to None, run_after=None
[2024-11-20T03:56:00.265+0000] {processor.py:208} INFO - Processing /home/airflow/.local/lib/python3.12/site-packages/airflow/example_dags/example_python_operator.py took 0.234 seconds
[2024-11-20T03:56:30.941+0000] {processor.py:186} INFO - Started process (PID=1017) to work on /home/airflow/.local/lib/python3.12/site-packages/airflow/example_dags/example_python_operator.py
[2024-11-20T03:56:30.946+0000] {processor.py:914} INFO - Processing file /home/airflow/.local/lib/python3.12/site-packages/airflow/example_dags/example_python_operator.py for tasks to queue
[2024-11-20T03:56:30.951+0000] {logging_mixin.py:190} INFO - [2024-11-20T03:56:30.951+0000] {dagbag.py:588} INFO - Filling up the DagBag from /home/airflow/.local/lib/python3.12/site-packages/airflow/example_dags/example_python_operator.py
[2024-11-20T03:56:30.996+0000] {processor.py:925} INFO - DAG(s) 'example_python_operator' retrieved from /home/airflow/.local/lib/python3.12/site-packages/airflow/example_dags/example_python_operator.py
[2024-11-20T03:56:31.094+0000] {logging_mixin.py:190} INFO - [2024-11-20T03:56:31.093+0000] {dag.py:3239} INFO - Sync 1 DAGs
[2024-11-20T03:56:31.131+0000] {logging_mixin.py:190} INFO - [2024-11-20T03:56:31.130+0000] {dag.py:4180} INFO - Setting next_dagrun for example_python_operator to None, run_after=None
[2024-11-20T03:56:31.174+0000] {processor.py:208} INFO - Processing /home/airflow/.local/lib/python3.12/site-packages/airflow/example_dags/example_python_operator.py took 0.251 seconds
[2024-11-20T03:57:01.292+0000] {processor.py:186} INFO - Started process (PID=1079) to work on /home/airflow/.local/lib/python3.12/site-packages/airflow/example_dags/example_python_operator.py
[2024-11-20T03:57:01.294+0000] {processor.py:914} INFO - Processing file /home/airflow/.local/lib/python3.12/site-packages/airflow/example_dags/example_python_operator.py for tasks to queue
[2024-11-20T03:57:01.299+0000] {logging_mixin.py:190} INFO - [2024-11-20T03:57:01.298+0000] {dagbag.py:588} INFO - Filling up the DagBag from /home/airflow/.local/lib/python3.12/site-packages/airflow/example_dags/example_python_operator.py
[2024-11-20T03:57:01.330+0000] {processor.py:925} INFO - DAG(s) 'example_python_operator' retrieved from /home/airflow/.local/lib/python3.12/site-packages/airflow/example_dags/example_python_operator.py
[2024-11-20T03:57:01.377+0000] {logging_mixin.py:190} INFO - [2024-11-20T03:57:01.376+0000] {dag.py:3239} INFO - Sync 1 DAGs
[2024-11-20T03:57:01.414+0000] {logging_mixin.py:190} INFO - [2024-11-20T03:57:01.413+0000] {dag.py:4180} INFO - Setting next_dagrun for example_python_operator to None, run_after=None
[2024-11-20T03:57:01.457+0000] {processor.py:208} INFO - Processing /home/airflow/.local/lib/python3.12/site-packages/airflow/example_dags/example_python_operator.py took 0.180 seconds
[2024-11-20T03:57:32.040+0000] {processor.py:186} INFO - Started process (PID=1141) to work on /home/airflow/.local/lib/python3.12/site-packages/airflow/example_dags/example_python_operator.py
[2024-11-20T03:57:32.042+0000] {processor.py:914} INFO - Processing file /home/airflow/.local/lib/python3.12/site-packages/airflow/example_dags/example_python_operator.py for tasks to queue
[2024-11-20T03:57:32.046+0000] {logging_mixin.py:190} INFO - [2024-11-20T03:57:32.045+0000] {dagbag.py:588} INFO - Filling up the DagBag from /home/airflow/.local/lib/python3.12/site-packages/airflow/example_dags/example_python_operator.py
[2024-11-20T03:57:32.066+0000] {processor.py:925} INFO - DAG(s) 'example_python_operator' retrieved from /home/airflow/.local/lib/python3.12/site-packages/airflow/example_dags/example_python_operator.py
[2024-11-20T03:57:32.098+0000] {logging_mixin.py:190} INFO - [2024-11-20T03:57:32.097+0000] {dag.py:3239} INFO - Sync 1 DAGs
[2024-11-20T03:57:32.119+0000] {logging_mixin.py:190} INFO - [2024-11-20T03:57:32.119+0000] {dag.py:4180} INFO - Setting next_dagrun for example_python_operator to None, run_after=None
[2024-11-20T03:57:32.156+0000] {processor.py:208} INFO - Processing /home/airflow/.local/lib/python3.12/site-packages/airflow/example_dags/example_python_operator.py took 0.128 seconds
[2024-11-20T03:58:02.666+0000] {processor.py:186} INFO - Started process (PID=1204) to work on /home/airflow/.local/lib/python3.12/site-packages/airflow/example_dags/example_python_operator.py
[2024-11-20T03:58:02.668+0000] {processor.py:914} INFO - Processing file /home/airflow/.local/lib/python3.12/site-packages/airflow/example_dags/example_python_operator.py for tasks to queue
[2024-11-20T03:58:02.674+0000] {logging_mixin.py:190} INFO - [2024-11-20T03:58:02.673+0000] {dagbag.py:588} INFO - Filling up the DagBag from /home/airflow/.local/lib/python3.12/site-packages/airflow/example_dags/example_python_operator.py
[2024-11-20T03:58:02.692+0000] {processor.py:925} INFO - DAG(s) 'example_python_operator' retrieved from /home/airflow/.local/lib/python3.12/site-packages/airflow/example_dags/example_python_operator.py
[2024-11-20T03:58:02.727+0000] {logging_mixin.py:190} INFO - [2024-11-20T03:58:02.727+0000] {dag.py:3239} INFO - Sync 1 DAGs
[2024-11-20T03:58:02.751+0000] {logging_mixin.py:190} INFO - [2024-11-20T03:58:02.751+0000] {dag.py:4180} INFO - Setting next_dagrun for example_python_operator to None, run_after=None
[2024-11-20T03:58:02.790+0000] {processor.py:208} INFO - Processing /home/airflow/.local/lib/python3.12/site-packages/airflow/example_dags/example_python_operator.py took 0.135 seconds
[2024-11-20T03:58:33.356+0000] {processor.py:186} INFO - Started process (PID=1267) to work on /home/airflow/.local/lib/python3.12/site-packages/airflow/example_dags/example_python_operator.py
[2024-11-20T03:58:33.358+0000] {processor.py:914} INFO - Processing file /home/airflow/.local/lib/python3.12/site-packages/airflow/example_dags/example_python_operator.py for tasks to queue
[2024-11-20T03:58:33.362+0000] {logging_mixin.py:190} INFO - [2024-11-20T03:58:33.361+0000] {dagbag.py:588} INFO - Filling up the DagBag from /home/airflow/.local/lib/python3.12/site-packages/airflow/example_dags/example_python_operator.py
[2024-11-20T03:58:33.381+0000] {processor.py:925} INFO - DAG(s) 'example_python_operator' retrieved from /home/airflow/.local/lib/python3.12/site-packages/airflow/example_dags/example_python_operator.py
[2024-11-20T03:58:33.412+0000] {logging_mixin.py:190} INFO - [2024-11-20T03:58:33.412+0000] {dag.py:3239} INFO - Sync 1 DAGs
[2024-11-20T03:58:33.434+0000] {logging_mixin.py:190} INFO - [2024-11-20T03:58:33.434+0000] {dag.py:4180} INFO - Setting next_dagrun for example_python_operator to None, run_after=None
[2024-11-20T03:58:33.471+0000] {processor.py:208} INFO - Processing /home/airflow/.local/lib/python3.12/site-packages/airflow/example_dags/example_python_operator.py took 0.128 seconds
[2024-11-20T03:59:03.718+0000] {processor.py:186} INFO - Started process (PID=1330) to work on /home/airflow/.local/lib/python3.12/site-packages/airflow/example_dags/example_python_operator.py
[2024-11-20T03:59:03.721+0000] {processor.py:914} INFO - Processing file /home/airflow/.local/lib/python3.12/site-packages/airflow/example_dags/example_python_operator.py for tasks to queue
[2024-11-20T03:59:03.726+0000] {logging_mixin.py:190} INFO - [2024-11-20T03:59:03.725+0000] {dagbag.py:588} INFO - Filling up the DagBag from /home/airflow/.local/lib/python3.12/site-packages/airflow/example_dags/example_python_operator.py
[2024-11-20T03:59:03.750+0000] {processor.py:925} INFO - DAG(s) 'example_python_operator' retrieved from /home/airflow/.local/lib/python3.12/site-packages/airflow/example_dags/example_python_operator.py
[2024-11-20T03:59:03.818+0000] {logging_mixin.py:190} INFO - [2024-11-20T03:59:03.817+0000] {dag.py:3239} INFO - Sync 1 DAGs
[2024-11-20T03:59:03.856+0000] {logging_mixin.py:190} INFO - [2024-11-20T03:59:03.856+0000] {dag.py:4180} INFO - Setting next_dagrun for example_python_operator to None, run_after=None
[2024-11-20T03:59:03.895+0000] {processor.py:208} INFO - Processing /home/airflow/.local/lib/python3.12/site-packages/airflow/example_dags/example_python_operator.py took 0.189 seconds
