[2024-11-20T03:47:50.428+0000] {processor.py:186} INFO - Started process (PID=82) to work on /home/airflow/.local/lib/python3.12/site-packages/airflow/example_dags/example_nested_branch_dag.py
[2024-11-20T03:47:50.430+0000] {processor.py:914} INFO - Processing file /home/airflow/.local/lib/python3.12/site-packages/airflow/example_dags/example_nested_branch_dag.py for tasks to queue
[2024-11-20T03:47:50.437+0000] {logging_mixin.py:190} INFO - [2024-11-20T03:47:50.437+0000] {dagbag.py:588} INFO - Filling up the DagBag from /home/airflow/.local/lib/python3.12/site-packages/airflow/example_dags/example_nested_branch_dag.py
[2024-11-20T03:47:50.480+0000] {processor.py:925} INFO - DAG(s) 'example_nested_branch_dag' retrieved from /home/airflow/.local/lib/python3.12/site-packages/airflow/example_dags/example_nested_branch_dag.py
[2024-11-20T03:47:51.002+0000] {logging_mixin.py:190} INFO - [2024-11-20T03:47:51.000+0000] {override.py:1911} INFO - Created Permission View: can read on DAG:example_nested_branch_dag
[2024-11-20T03:47:51.052+0000] {logging_mixin.py:190} INFO - [2024-11-20T03:47:51.051+0000] {override.py:1911} INFO - Created Permission View: can edit on DAG:example_nested_branch_dag
[2024-11-20T03:47:51.075+0000] {logging_mixin.py:190} INFO - [2024-11-20T03:47:51.074+0000] {override.py:1911} INFO - Created Permission View: can delete on DAG:example_nested_branch_dag
[2024-11-20T03:47:51.097+0000] {logging_mixin.py:190} INFO - [2024-11-20T03:47:51.097+0000] {override.py:1911} INFO - Created Permission View: menu access on DAG Run:example_nested_branch_dag
[2024-11-20T03:47:51.118+0000] {logging_mixin.py:190} INFO - [2024-11-20T03:47:51.118+0000] {override.py:1911} INFO - Created Permission View: can read on DAG Run:example_nested_branch_dag
[2024-11-20T03:47:51.150+0000] {logging_mixin.py:190} INFO - [2024-11-20T03:47:51.149+0000] {override.py:1911} INFO - Created Permission View: can delete on DAG Run:example_nested_branch_dag
[2024-11-20T03:47:51.168+0000] {logging_mixin.py:190} INFO - [2024-11-20T03:47:51.168+0000] {override.py:1911} INFO - Created Permission View: can create on DAG Run:example_nested_branch_dag
[2024-11-20T03:47:51.173+0000] {logging_mixin.py:190} INFO - [2024-11-20T03:47:51.172+0000] {dag.py:3239} INFO - Sync 1 DAGs
[2024-11-20T03:47:51.240+0000] {logging_mixin.py:190} INFO - [2024-11-20T03:47:51.239+0000] {dag.py:3262} INFO - Creating ORM DAG for example_nested_branch_dag
[2024-11-20T03:47:51.287+0000] {logging_mixin.py:190} INFO - [2024-11-20T03:47:51.287+0000] {dag.py:4180} INFO - Setting next_dagrun for example_nested_branch_dag to 2024-11-19 00:00:00+00:00, run_after=2024-11-20 00:00:00+00:00
[2024-11-20T03:47:51.502+0000] {processor.py:208} INFO - Processing /home/airflow/.local/lib/python3.12/site-packages/airflow/example_dags/example_nested_branch_dag.py took 1.090 seconds
[2024-11-20T03:49:13.720+0000] {processor.py:186} INFO - Started process (PID=158) to work on /home/airflow/.local/lib/python3.12/site-packages/airflow/example_dags/example_nested_branch_dag.py
[2024-11-20T03:49:13.722+0000] {processor.py:914} INFO - Processing file /home/airflow/.local/lib/python3.12/site-packages/airflow/example_dags/example_nested_branch_dag.py for tasks to queue
[2024-11-20T03:49:13.726+0000] {logging_mixin.py:190} INFO - [2024-11-20T03:49:13.726+0000] {dagbag.py:588} INFO - Filling up the DagBag from /home/airflow/.local/lib/python3.12/site-packages/airflow/example_dags/example_nested_branch_dag.py
[2024-11-20T03:49:13.761+0000] {processor.py:925} INFO - DAG(s) 'example_nested_branch_dag' retrieved from /home/airflow/.local/lib/python3.12/site-packages/airflow/example_dags/example_nested_branch_dag.py
[2024-11-20T03:49:13.830+0000] {logging_mixin.py:190} INFO - [2024-11-20T03:49:13.829+0000] {dag.py:3239} INFO - Sync 1 DAGs
[2024-11-20T03:49:13.898+0000] {logging_mixin.py:190} INFO - [2024-11-20T03:49:13.898+0000] {dag.py:4180} INFO - Setting next_dagrun for example_nested_branch_dag to 2024-11-19 00:00:00+00:00, run_after=2024-11-20 00:00:00+00:00
[2024-11-20T03:49:13.941+0000] {processor.py:208} INFO - Processing /home/airflow/.local/lib/python3.12/site-packages/airflow/example_dags/example_nested_branch_dag.py took 0.234 seconds
[2024-11-20T03:49:45.469+0000] {processor.py:186} INFO - Started process (PID=222) to work on /home/airflow/.local/lib/python3.12/site-packages/airflow/example_dags/example_nested_branch_dag.py
[2024-11-20T03:49:45.471+0000] {processor.py:914} INFO - Processing file /home/airflow/.local/lib/python3.12/site-packages/airflow/example_dags/example_nested_branch_dag.py for tasks to queue
[2024-11-20T03:49:45.476+0000] {logging_mixin.py:190} INFO - [2024-11-20T03:49:45.475+0000] {dagbag.py:588} INFO - Filling up the DagBag from /home/airflow/.local/lib/python3.12/site-packages/airflow/example_dags/example_nested_branch_dag.py
[2024-11-20T03:49:45.503+0000] {processor.py:925} INFO - DAG(s) 'example_nested_branch_dag' retrieved from /home/airflow/.local/lib/python3.12/site-packages/airflow/example_dags/example_nested_branch_dag.py
[2024-11-20T03:49:45.582+0000] {logging_mixin.py:190} INFO - [2024-11-20T03:49:45.581+0000] {dag.py:3239} INFO - Sync 1 DAGs
[2024-11-20T03:49:45.647+0000] {logging_mixin.py:190} INFO - [2024-11-20T03:49:45.645+0000] {dag.py:4180} INFO - Setting next_dagrun for example_nested_branch_dag to 2024-11-19 00:00:00+00:00, run_after=2024-11-20 00:00:00+00:00
[2024-11-20T03:49:45.695+0000] {processor.py:208} INFO - Processing /home/airflow/.local/lib/python3.12/site-packages/airflow/example_dags/example_nested_branch_dag.py took 0.238 seconds
[2024-11-20T03:50:26.677+0000] {processor.py:186} INFO - Started process (PID=284) to work on /home/airflow/.local/lib/python3.12/site-packages/airflow/example_dags/example_nested_branch_dag.py
[2024-11-20T03:50:26.681+0000] {processor.py:914} INFO - Processing file /home/airflow/.local/lib/python3.12/site-packages/airflow/example_dags/example_nested_branch_dag.py for tasks to queue
[2024-11-20T03:50:26.685+0000] {logging_mixin.py:190} INFO - [2024-11-20T03:50:26.685+0000] {dagbag.py:588} INFO - Filling up the DagBag from /home/airflow/.local/lib/python3.12/site-packages/airflow/example_dags/example_nested_branch_dag.py
[2024-11-20T03:50:26.713+0000] {processor.py:925} INFO - DAG(s) 'example_nested_branch_dag' retrieved from /home/airflow/.local/lib/python3.12/site-packages/airflow/example_dags/example_nested_branch_dag.py
[2024-11-20T03:50:26.787+0000] {logging_mixin.py:190} INFO - [2024-11-20T03:50:26.786+0000] {dag.py:3239} INFO - Sync 1 DAGs
[2024-11-20T03:50:26.854+0000] {logging_mixin.py:190} INFO - [2024-11-20T03:50:26.853+0000] {dag.py:4180} INFO - Setting next_dagrun for example_nested_branch_dag to 2024-11-19 00:00:00+00:00, run_after=2024-11-20 00:00:00+00:00
[2024-11-20T03:50:26.913+0000] {processor.py:208} INFO - Processing /home/airflow/.local/lib/python3.12/site-packages/airflow/example_dags/example_nested_branch_dag.py took 0.250 seconds
[2024-11-20T03:51:00.448+0000] {processor.py:186} INFO - Started process (PID=347) to work on /home/airflow/.local/lib/python3.12/site-packages/airflow/example_dags/example_nested_branch_dag.py
[2024-11-20T03:51:00.450+0000] {processor.py:914} INFO - Processing file /home/airflow/.local/lib/python3.12/site-packages/airflow/example_dags/example_nested_branch_dag.py for tasks to queue
[2024-11-20T03:51:00.456+0000] {logging_mixin.py:190} INFO - [2024-11-20T03:51:00.455+0000] {dagbag.py:588} INFO - Filling up the DagBag from /home/airflow/.local/lib/python3.12/site-packages/airflow/example_dags/example_nested_branch_dag.py
[2024-11-20T03:51:00.489+0000] {processor.py:925} INFO - DAG(s) 'example_nested_branch_dag' retrieved from /home/airflow/.local/lib/python3.12/site-packages/airflow/example_dags/example_nested_branch_dag.py
[2024-11-20T03:51:00.566+0000] {logging_mixin.py:190} INFO - [2024-11-20T03:51:00.566+0000] {dag.py:3239} INFO - Sync 1 DAGs
[2024-11-20T03:51:00.822+0000] {logging_mixin.py:190} INFO - [2024-11-20T03:51:00.821+0000] {dag.py:4180} INFO - Setting next_dagrun for example_nested_branch_dag to 2024-11-19 00:00:00+00:00, run_after=2024-11-20 00:00:00+00:00
[2024-11-20T03:51:00.984+0000] {processor.py:208} INFO - Processing /home/airflow/.local/lib/python3.12/site-packages/airflow/example_dags/example_nested_branch_dag.py took 0.548 seconds
[2024-11-20T03:51:31.509+0000] {processor.py:186} INFO - Started process (PID=411) to work on /home/airflow/.local/lib/python3.12/site-packages/airflow/example_dags/example_nested_branch_dag.py
[2024-11-20T03:51:31.511+0000] {processor.py:914} INFO - Processing file /home/airflow/.local/lib/python3.12/site-packages/airflow/example_dags/example_nested_branch_dag.py for tasks to queue
[2024-11-20T03:51:31.515+0000] {logging_mixin.py:190} INFO - [2024-11-20T03:51:31.515+0000] {dagbag.py:588} INFO - Filling up the DagBag from /home/airflow/.local/lib/python3.12/site-packages/airflow/example_dags/example_nested_branch_dag.py
[2024-11-20T03:51:31.534+0000] {processor.py:925} INFO - DAG(s) 'example_nested_branch_dag' retrieved from /home/airflow/.local/lib/python3.12/site-packages/airflow/example_dags/example_nested_branch_dag.py
[2024-11-20T03:51:31.584+0000] {logging_mixin.py:190} INFO - [2024-11-20T03:51:31.583+0000] {dag.py:3239} INFO - Sync 1 DAGs
[2024-11-20T03:51:31.624+0000] {logging_mixin.py:190} INFO - [2024-11-20T03:51:31.623+0000] {dag.py:4180} INFO - Setting next_dagrun for example_nested_branch_dag to 2024-11-19 00:00:00+00:00, run_after=2024-11-20 00:00:00+00:00
[2024-11-20T03:51:31.664+0000] {processor.py:208} INFO - Processing /home/airflow/.local/lib/python3.12/site-packages/airflow/example_dags/example_nested_branch_dag.py took 0.164 seconds
[2024-11-20T03:52:01.764+0000] {processor.py:186} INFO - Started process (PID=472) to work on /home/airflow/.local/lib/python3.12/site-packages/airflow/example_dags/example_nested_branch_dag.py
[2024-11-20T03:52:01.766+0000] {processor.py:914} INFO - Processing file /home/airflow/.local/lib/python3.12/site-packages/airflow/example_dags/example_nested_branch_dag.py for tasks to queue
[2024-11-20T03:52:01.770+0000] {logging_mixin.py:190} INFO - [2024-11-20T03:52:01.770+0000] {dagbag.py:588} INFO - Filling up the DagBag from /home/airflow/.local/lib/python3.12/site-packages/airflow/example_dags/example_nested_branch_dag.py
[2024-11-20T03:52:01.794+0000] {processor.py:925} INFO - DAG(s) 'example_nested_branch_dag' retrieved from /home/airflow/.local/lib/python3.12/site-packages/airflow/example_dags/example_nested_branch_dag.py
[2024-11-20T03:52:01.831+0000] {logging_mixin.py:190} INFO - [2024-11-20T03:52:01.830+0000] {dag.py:3239} INFO - Sync 1 DAGs
[2024-11-20T03:52:01.886+0000] {logging_mixin.py:190} INFO - [2024-11-20T03:52:01.886+0000] {dag.py:4180} INFO - Setting next_dagrun for example_nested_branch_dag to 2024-11-19 00:00:00+00:00, run_after=2024-11-20 00:00:00+00:00
[2024-11-20T03:52:01.933+0000] {processor.py:208} INFO - Processing /home/airflow/.local/lib/python3.12/site-packages/airflow/example_dags/example_nested_branch_dag.py took 0.178 seconds
[2024-11-20T03:52:32.997+0000] {processor.py:186} INFO - Started process (PID=534) to work on /home/airflow/.local/lib/python3.12/site-packages/airflow/example_dags/example_nested_branch_dag.py
[2024-11-20T03:52:32.999+0000] {processor.py:914} INFO - Processing file /home/airflow/.local/lib/python3.12/site-packages/airflow/example_dags/example_nested_branch_dag.py for tasks to queue
[2024-11-20T03:52:33.003+0000] {logging_mixin.py:190} INFO - [2024-11-20T03:52:33.002+0000] {dagbag.py:588} INFO - Filling up the DagBag from /home/airflow/.local/lib/python3.12/site-packages/airflow/example_dags/example_nested_branch_dag.py
[2024-11-20T03:52:33.024+0000] {processor.py:925} INFO - DAG(s) 'example_nested_branch_dag' retrieved from /home/airflow/.local/lib/python3.12/site-packages/airflow/example_dags/example_nested_branch_dag.py
[2024-11-20T03:52:33.078+0000] {logging_mixin.py:190} INFO - [2024-11-20T03:52:33.077+0000] {dag.py:3239} INFO - Sync 1 DAGs
[2024-11-20T03:52:33.128+0000] {logging_mixin.py:190} INFO - [2024-11-20T03:52:33.128+0000] {dag.py:4180} INFO - Setting next_dagrun for example_nested_branch_dag to 2024-11-19 00:00:00+00:00, run_after=2024-11-20 00:00:00+00:00
[2024-11-20T03:52:33.181+0000] {processor.py:208} INFO - Processing /home/airflow/.local/lib/python3.12/site-packages/airflow/example_dags/example_nested_branch_dag.py took 0.199 seconds
[2024-11-20T03:53:06.631+0000] {processor.py:186} INFO - Started process (PID=590) to work on /home/airflow/.local/lib/python3.12/site-packages/airflow/example_dags/example_nested_branch_dag.py
[2024-11-20T03:53:06.648+0000] {processor.py:914} INFO - Processing file /home/airflow/.local/lib/python3.12/site-packages/airflow/example_dags/example_nested_branch_dag.py for tasks to queue
[2024-11-20T03:53:06.676+0000] {logging_mixin.py:190} INFO - [2024-11-20T03:53:06.676+0000] {dagbag.py:588} INFO - Filling up the DagBag from /home/airflow/.local/lib/python3.12/site-packages/airflow/example_dags/example_nested_branch_dag.py
[2024-11-20T03:53:06.733+0000] {processor.py:925} INFO - DAG(s) 'example_nested_branch_dag' retrieved from /home/airflow/.local/lib/python3.12/site-packages/airflow/example_dags/example_nested_branch_dag.py
[2024-11-20T03:53:06.929+0000] {logging_mixin.py:190} INFO - [2024-11-20T03:53:06.929+0000] {dag.py:3239} INFO - Sync 1 DAGs
[2024-11-20T03:53:07.051+0000] {logging_mixin.py:190} INFO - [2024-11-20T03:53:07.039+0000] {dag.py:4180} INFO - Setting next_dagrun for example_nested_branch_dag to 2024-11-19 00:00:00+00:00, run_after=2024-11-20 00:00:00+00:00
[2024-11-20T03:53:07.212+0000] {processor.py:208} INFO - Processing /home/airflow/.local/lib/python3.12/site-packages/airflow/example_dags/example_nested_branch_dag.py took 0.601 seconds
[2024-11-20T03:53:38.228+0000] {processor.py:186} INFO - Started process (PID=653) to work on /home/airflow/.local/lib/python3.12/site-packages/airflow/example_dags/example_nested_branch_dag.py
[2024-11-20T03:53:38.230+0000] {processor.py:914} INFO - Processing file /home/airflow/.local/lib/python3.12/site-packages/airflow/example_dags/example_nested_branch_dag.py for tasks to queue
[2024-11-20T03:53:38.235+0000] {logging_mixin.py:190} INFO - [2024-11-20T03:53:38.234+0000] {dagbag.py:588} INFO - Filling up the DagBag from /home/airflow/.local/lib/python3.12/site-packages/airflow/example_dags/example_nested_branch_dag.py
[2024-11-20T03:53:38.255+0000] {processor.py:925} INFO - DAG(s) 'example_nested_branch_dag' retrieved from /home/airflow/.local/lib/python3.12/site-packages/airflow/example_dags/example_nested_branch_dag.py
[2024-11-20T03:53:38.313+0000] {logging_mixin.py:190} INFO - [2024-11-20T03:53:38.312+0000] {dag.py:3239} INFO - Sync 1 DAGs
[2024-11-20T03:53:38.353+0000] {logging_mixin.py:190} INFO - [2024-11-20T03:53:38.353+0000] {dag.py:4180} INFO - Setting next_dagrun for example_nested_branch_dag to 2024-11-19 00:00:00+00:00, run_after=2024-11-20 00:00:00+00:00
[2024-11-20T03:53:38.389+0000] {processor.py:208} INFO - Processing /home/airflow/.local/lib/python3.12/site-packages/airflow/example_dags/example_nested_branch_dag.py took 0.172 seconds
[2024-11-20T03:54:08.777+0000] {processor.py:186} INFO - Started process (PID=716) to work on /home/airflow/.local/lib/python3.12/site-packages/airflow/example_dags/example_nested_branch_dag.py
[2024-11-20T03:54:08.778+0000] {processor.py:914} INFO - Processing file /home/airflow/.local/lib/python3.12/site-packages/airflow/example_dags/example_nested_branch_dag.py for tasks to queue
[2024-11-20T03:54:08.783+0000] {logging_mixin.py:190} INFO - [2024-11-20T03:54:08.783+0000] {dagbag.py:588} INFO - Filling up the DagBag from /home/airflow/.local/lib/python3.12/site-packages/airflow/example_dags/example_nested_branch_dag.py
[2024-11-20T03:54:08.811+0000] {processor.py:925} INFO - DAG(s) 'example_nested_branch_dag' retrieved from /home/airflow/.local/lib/python3.12/site-packages/airflow/example_dags/example_nested_branch_dag.py
[2024-11-20T03:54:08.851+0000] {logging_mixin.py:190} INFO - [2024-11-20T03:54:08.850+0000] {dag.py:3239} INFO - Sync 1 DAGs
[2024-11-20T03:54:08.919+0000] {logging_mixin.py:190} INFO - [2024-11-20T03:54:08.918+0000] {dag.py:4180} INFO - Setting next_dagrun for example_nested_branch_dag to 2024-11-19 00:00:00+00:00, run_after=2024-11-20 00:00:00+00:00
[2024-11-20T03:54:09.252+0000] {processor.py:208} INFO - Processing /home/airflow/.local/lib/python3.12/site-packages/airflow/example_dags/example_nested_branch_dag.py took 0.488 seconds
[2024-11-20T03:54:39.477+0000] {processor.py:186} INFO - Started process (PID=780) to work on /home/airflow/.local/lib/python3.12/site-packages/airflow/example_dags/example_nested_branch_dag.py
[2024-11-20T03:54:39.480+0000] {processor.py:914} INFO - Processing file /home/airflow/.local/lib/python3.12/site-packages/airflow/example_dags/example_nested_branch_dag.py for tasks to queue
[2024-11-20T03:54:39.484+0000] {logging_mixin.py:190} INFO - [2024-11-20T03:54:39.483+0000] {dagbag.py:588} INFO - Filling up the DagBag from /home/airflow/.local/lib/python3.12/site-packages/airflow/example_dags/example_nested_branch_dag.py
[2024-11-20T03:54:39.504+0000] {processor.py:925} INFO - DAG(s) 'example_nested_branch_dag' retrieved from /home/airflow/.local/lib/python3.12/site-packages/airflow/example_dags/example_nested_branch_dag.py
[2024-11-20T03:54:39.543+0000] {logging_mixin.py:190} INFO - [2024-11-20T03:54:39.543+0000] {dag.py:3239} INFO - Sync 1 DAGs
[2024-11-20T03:54:39.588+0000] {logging_mixin.py:190} INFO - [2024-11-20T03:54:39.587+0000] {dag.py:4180} INFO - Setting next_dagrun for example_nested_branch_dag to 2024-11-19 00:00:00+00:00, run_after=2024-11-20 00:00:00+00:00
[2024-11-20T03:54:39.624+0000] {processor.py:208} INFO - Processing /home/airflow/.local/lib/python3.12/site-packages/airflow/example_dags/example_nested_branch_dag.py took 0.157 seconds
[2024-11-20T03:55:09.980+0000] {processor.py:186} INFO - Started process (PID=842) to work on /home/airflow/.local/lib/python3.12/site-packages/airflow/example_dags/example_nested_branch_dag.py
[2024-11-20T03:55:10.008+0000] {processor.py:914} INFO - Processing file /home/airflow/.local/lib/python3.12/site-packages/airflow/example_dags/example_nested_branch_dag.py for tasks to queue
[2024-11-20T03:55:10.013+0000] {logging_mixin.py:190} INFO - [2024-11-20T03:55:10.012+0000] {dagbag.py:588} INFO - Filling up the DagBag from /home/airflow/.local/lib/python3.12/site-packages/airflow/example_dags/example_nested_branch_dag.py
[2024-11-20T03:55:10.080+0000] {processor.py:925} INFO - DAG(s) 'example_nested_branch_dag' retrieved from /home/airflow/.local/lib/python3.12/site-packages/airflow/example_dags/example_nested_branch_dag.py
[2024-11-20T03:55:10.253+0000] {logging_mixin.py:190} INFO - [2024-11-20T03:55:10.252+0000] {dag.py:3239} INFO - Sync 1 DAGs
[2024-11-20T03:55:10.360+0000] {logging_mixin.py:190} INFO - [2024-11-20T03:55:10.360+0000] {dag.py:4180} INFO - Setting next_dagrun for example_nested_branch_dag to 2024-11-19 00:00:00+00:00, run_after=2024-11-20 00:00:00+00:00
[2024-11-20T03:55:10.457+0000] {processor.py:208} INFO - Processing /home/airflow/.local/lib/python3.12/site-packages/airflow/example_dags/example_nested_branch_dag.py took 0.513 seconds
[2024-11-20T03:55:40.837+0000] {processor.py:186} INFO - Started process (PID=905) to work on /home/airflow/.local/lib/python3.12/site-packages/airflow/example_dags/example_nested_branch_dag.py
[2024-11-20T03:55:40.839+0000] {processor.py:914} INFO - Processing file /home/airflow/.local/lib/python3.12/site-packages/airflow/example_dags/example_nested_branch_dag.py for tasks to queue
[2024-11-20T03:55:40.844+0000] {logging_mixin.py:190} INFO - [2024-11-20T03:55:40.844+0000] {dagbag.py:588} INFO - Filling up the DagBag from /home/airflow/.local/lib/python3.12/site-packages/airflow/example_dags/example_nested_branch_dag.py
[2024-11-20T03:55:40.869+0000] {processor.py:925} INFO - DAG(s) 'example_nested_branch_dag' retrieved from /home/airflow/.local/lib/python3.12/site-packages/airflow/example_dags/example_nested_branch_dag.py
[2024-11-20T03:55:40.918+0000] {logging_mixin.py:190} INFO - [2024-11-20T03:55:40.917+0000] {dag.py:3239} INFO - Sync 1 DAGs
[2024-11-20T03:55:40.987+0000] {logging_mixin.py:190} INFO - [2024-11-20T03:55:40.986+0000] {dag.py:4180} INFO - Setting next_dagrun for example_nested_branch_dag to 2024-11-19 00:00:00+00:00, run_after=2024-11-20 00:00:00+00:00
[2024-11-20T03:55:41.067+0000] {processor.py:208} INFO - Processing /home/airflow/.local/lib/python3.12/site-packages/airflow/example_dags/example_nested_branch_dag.py took 0.241 seconds
[2024-11-20T03:56:11.344+0000] {processor.py:186} INFO - Started process (PID=968) to work on /home/airflow/.local/lib/python3.12/site-packages/airflow/example_dags/example_nested_branch_dag.py
[2024-11-20T03:56:11.346+0000] {processor.py:914} INFO - Processing file /home/airflow/.local/lib/python3.12/site-packages/airflow/example_dags/example_nested_branch_dag.py for tasks to queue
[2024-11-20T03:56:11.349+0000] {logging_mixin.py:190} INFO - [2024-11-20T03:56:11.348+0000] {dagbag.py:588} INFO - Filling up the DagBag from /home/airflow/.local/lib/python3.12/site-packages/airflow/example_dags/example_nested_branch_dag.py
[2024-11-20T03:56:11.366+0000] {processor.py:925} INFO - DAG(s) 'example_nested_branch_dag' retrieved from /home/airflow/.local/lib/python3.12/site-packages/airflow/example_dags/example_nested_branch_dag.py
[2024-11-20T03:56:11.419+0000] {logging_mixin.py:190} INFO - [2024-11-20T03:56:11.419+0000] {dag.py:3239} INFO - Sync 1 DAGs
[2024-11-20T03:56:11.505+0000] {logging_mixin.py:190} INFO - [2024-11-20T03:56:11.505+0000] {dag.py:4180} INFO - Setting next_dagrun for example_nested_branch_dag to 2024-11-19 00:00:00+00:00, run_after=2024-11-20 00:00:00+00:00
[2024-11-20T03:56:11.552+0000] {processor.py:208} INFO - Processing /home/airflow/.local/lib/python3.12/site-packages/airflow/example_dags/example_nested_branch_dag.py took 0.218 seconds
[2024-11-20T03:56:44.101+0000] {processor.py:186} INFO - Started process (PID=1031) to work on /home/airflow/.local/lib/python3.12/site-packages/airflow/example_dags/example_nested_branch_dag.py
[2024-11-20T03:56:44.106+0000] {processor.py:914} INFO - Processing file /home/airflow/.local/lib/python3.12/site-packages/airflow/example_dags/example_nested_branch_dag.py for tasks to queue
[2024-11-20T03:56:44.130+0000] {logging_mixin.py:190} INFO - [2024-11-20T03:56:44.129+0000] {dagbag.py:588} INFO - Filling up the DagBag from /home/airflow/.local/lib/python3.12/site-packages/airflow/example_dags/example_nested_branch_dag.py
[2024-11-20T03:56:44.207+0000] {processor.py:925} INFO - DAG(s) 'example_nested_branch_dag' retrieved from /home/airflow/.local/lib/python3.12/site-packages/airflow/example_dags/example_nested_branch_dag.py
[2024-11-20T03:56:44.291+0000] {logging_mixin.py:190} INFO - [2024-11-20T03:56:44.291+0000] {dag.py:3239} INFO - Sync 1 DAGs
[2024-11-20T03:56:44.380+0000] {logging_mixin.py:190} INFO - [2024-11-20T03:56:44.377+0000] {dag.py:4180} INFO - Setting next_dagrun for example_nested_branch_dag to 2024-11-19 00:00:00+00:00, run_after=2024-11-20 00:00:00+00:00
[2024-11-20T03:56:44.427+0000] {processor.py:208} INFO - Processing /home/airflow/.local/lib/python3.12/site-packages/airflow/example_dags/example_nested_branch_dag.py took 0.347 seconds
[2024-11-20T03:57:14.576+0000] {processor.py:186} INFO - Started process (PID=1094) to work on /home/airflow/.local/lib/python3.12/site-packages/airflow/example_dags/example_nested_branch_dag.py
[2024-11-20T03:57:14.577+0000] {processor.py:914} INFO - Processing file /home/airflow/.local/lib/python3.12/site-packages/airflow/example_dags/example_nested_branch_dag.py for tasks to queue
[2024-11-20T03:57:14.581+0000] {logging_mixin.py:190} INFO - [2024-11-20T03:57:14.580+0000] {dagbag.py:588} INFO - Filling up the DagBag from /home/airflow/.local/lib/python3.12/site-packages/airflow/example_dags/example_nested_branch_dag.py
[2024-11-20T03:57:14.607+0000] {processor.py:925} INFO - DAG(s) 'example_nested_branch_dag' retrieved from /home/airflow/.local/lib/python3.12/site-packages/airflow/example_dags/example_nested_branch_dag.py
[2024-11-20T03:57:14.670+0000] {logging_mixin.py:190} INFO - [2024-11-20T03:57:14.669+0000] {dag.py:3239} INFO - Sync 1 DAGs
[2024-11-20T03:57:14.742+0000] {logging_mixin.py:190} INFO - [2024-11-20T03:57:14.742+0000] {dag.py:4180} INFO - Setting next_dagrun for example_nested_branch_dag to 2024-11-19 00:00:00+00:00, run_after=2024-11-20 00:00:00+00:00
[2024-11-20T03:57:14.818+0000] {processor.py:208} INFO - Processing /home/airflow/.local/lib/python3.12/site-packages/airflow/example_dags/example_nested_branch_dag.py took 0.252 seconds
[2024-11-20T03:57:45.800+0000] {processor.py:186} INFO - Started process (PID=1157) to work on /home/airflow/.local/lib/python3.12/site-packages/airflow/example_dags/example_nested_branch_dag.py
[2024-11-20T03:57:45.802+0000] {processor.py:914} INFO - Processing file /home/airflow/.local/lib/python3.12/site-packages/airflow/example_dags/example_nested_branch_dag.py for tasks to queue
[2024-11-20T03:57:45.806+0000] {logging_mixin.py:190} INFO - [2024-11-20T03:57:45.806+0000] {dagbag.py:588} INFO - Filling up the DagBag from /home/airflow/.local/lib/python3.12/site-packages/airflow/example_dags/example_nested_branch_dag.py
[2024-11-20T03:57:45.828+0000] {processor.py:925} INFO - DAG(s) 'example_nested_branch_dag' retrieved from /home/airflow/.local/lib/python3.12/site-packages/airflow/example_dags/example_nested_branch_dag.py
[2024-11-20T03:57:45.882+0000] {logging_mixin.py:190} INFO - [2024-11-20T03:57:45.882+0000] {dag.py:3239} INFO - Sync 1 DAGs
[2024-11-20T03:57:46.014+0000] {logging_mixin.py:190} INFO - [2024-11-20T03:57:46.013+0000] {dag.py:4180} INFO - Setting next_dagrun for example_nested_branch_dag to 2024-11-19 00:00:00+00:00, run_after=2024-11-20 00:00:00+00:00
[2024-11-20T03:57:46.106+0000] {processor.py:208} INFO - Processing /home/airflow/.local/lib/python3.12/site-packages/airflow/example_dags/example_nested_branch_dag.py took 0.319 seconds
[2024-11-20T03:58:16.742+0000] {processor.py:186} INFO - Started process (PID=1220) to work on /home/airflow/.local/lib/python3.12/site-packages/airflow/example_dags/example_nested_branch_dag.py
[2024-11-20T03:58:16.744+0000] {processor.py:914} INFO - Processing file /home/airflow/.local/lib/python3.12/site-packages/airflow/example_dags/example_nested_branch_dag.py for tasks to queue
[2024-11-20T03:58:16.748+0000] {logging_mixin.py:190} INFO - [2024-11-20T03:58:16.747+0000] {dagbag.py:588} INFO - Filling up the DagBag from /home/airflow/.local/lib/python3.12/site-packages/airflow/example_dags/example_nested_branch_dag.py
[2024-11-20T03:58:16.777+0000] {processor.py:925} INFO - DAG(s) 'example_nested_branch_dag' retrieved from /home/airflow/.local/lib/python3.12/site-packages/airflow/example_dags/example_nested_branch_dag.py
[2024-11-20T03:58:16.824+0000] {logging_mixin.py:190} INFO - [2024-11-20T03:58:16.824+0000] {dag.py:3239} INFO - Sync 1 DAGs
[2024-11-20T03:58:16.872+0000] {logging_mixin.py:190} INFO - [2024-11-20T03:58:16.872+0000] {dag.py:4180} INFO - Setting next_dagrun for example_nested_branch_dag to 2024-11-19 00:00:00+00:00, run_after=2024-11-20 00:00:00+00:00
[2024-11-20T03:58:16.920+0000] {processor.py:208} INFO - Processing /home/airflow/.local/lib/python3.12/site-packages/airflow/example_dags/example_nested_branch_dag.py took 0.194 seconds
[2024-11-20T03:58:48.797+0000] {processor.py:186} INFO - Started process (PID=1283) to work on /home/airflow/.local/lib/python3.12/site-packages/airflow/example_dags/example_nested_branch_dag.py
[2024-11-20T03:58:48.799+0000] {processor.py:914} INFO - Processing file /home/airflow/.local/lib/python3.12/site-packages/airflow/example_dags/example_nested_branch_dag.py for tasks to queue
[2024-11-20T03:58:48.803+0000] {logging_mixin.py:190} INFO - [2024-11-20T03:58:48.802+0000] {dagbag.py:588} INFO - Filling up the DagBag from /home/airflow/.local/lib/python3.12/site-packages/airflow/example_dags/example_nested_branch_dag.py
[2024-11-20T03:58:48.843+0000] {processor.py:925} INFO - DAG(s) 'example_nested_branch_dag' retrieved from /home/airflow/.local/lib/python3.12/site-packages/airflow/example_dags/example_nested_branch_dag.py
[2024-11-20T03:58:48.893+0000] {logging_mixin.py:190} INFO - [2024-11-20T03:58:48.892+0000] {dag.py:3239} INFO - Sync 1 DAGs
[2024-11-20T03:58:48.950+0000] {logging_mixin.py:190} INFO - [2024-11-20T03:58:48.949+0000] {dag.py:4180} INFO - Setting next_dagrun for example_nested_branch_dag to 2024-11-19 00:00:00+00:00, run_after=2024-11-20 00:00:00+00:00
[2024-11-20T03:58:48.985+0000] {processor.py:208} INFO - Processing /home/airflow/.local/lib/python3.12/site-packages/airflow/example_dags/example_nested_branch_dag.py took 0.202 seconds
[2024-11-20T03:59:20.180+0000] {processor.py:186} INFO - Started process (PID=1346) to work on /home/airflow/.local/lib/python3.12/site-packages/airflow/example_dags/example_nested_branch_dag.py
[2024-11-20T03:59:20.182+0000] {processor.py:914} INFO - Processing file /home/airflow/.local/lib/python3.12/site-packages/airflow/example_dags/example_nested_branch_dag.py for tasks to queue
[2024-11-20T03:59:20.187+0000] {logging_mixin.py:190} INFO - [2024-11-20T03:59:20.186+0000] {dagbag.py:588} INFO - Filling up the DagBag from /home/airflow/.local/lib/python3.12/site-packages/airflow/example_dags/example_nested_branch_dag.py
[2024-11-20T03:59:20.204+0000] {processor.py:925} INFO - DAG(s) 'example_nested_branch_dag' retrieved from /home/airflow/.local/lib/python3.12/site-packages/airflow/example_dags/example_nested_branch_dag.py
[2024-11-20T03:59:20.247+0000] {logging_mixin.py:190} INFO - [2024-11-20T03:59:20.245+0000] {dag.py:3239} INFO - Sync 1 DAGs
[2024-11-20T03:59:20.285+0000] {logging_mixin.py:190} INFO - [2024-11-20T03:59:20.285+0000] {dag.py:4180} INFO - Setting next_dagrun for example_nested_branch_dag to 2024-11-19 00:00:00+00:00, run_after=2024-11-20 00:00:00+00:00
[2024-11-20T03:59:20.332+0000] {processor.py:208} INFO - Processing /home/airflow/.local/lib/python3.12/site-packages/airflow/example_dags/example_nested_branch_dag.py took 0.160 seconds
