[2024-11-20T03:48:42.079+0000] {processor.py:186} INFO - Started process (PID=117) to work on /home/airflow/.local/lib/python3.12/site-packages/airflow/example_dags/example_datasets.py
[2024-11-20T03:48:42.081+0000] {processor.py:914} INFO - Processing file /home/airflow/.local/lib/python3.12/site-packages/airflow/example_dags/example_datasets.py for tasks to queue
[2024-11-20T03:48:42.099+0000] {logging_mixin.py:190} INFO - [2024-11-20T03:48:42.096+0000] {dagbag.py:588} INFO - Filling up the DagBag from /home/airflow/.local/lib/python3.12/site-packages/airflow/example_dags/example_datasets.py
[2024-11-20T03:48:52.382+0000] {processor.py:925} INFO - DAG(s) 'dataset_consumes_1', 'consume_1_and_2_with_dataset_expressions', 'dataset_produces_1', 'dataset_consumes_1_and_2', 'consume_1_or_both_2_and_3_with_dataset_expressions', 'dataset_produces_2', 'conditional_dataset_and_time_based_timetable', 'consume_1_or_2_with_dataset_expressions', 'dataset_consumes_1_never_scheduled', 'dataset_consumes_unknown_never_scheduled' retrieved from /home/airflow/.local/lib/python3.12/site-packages/airflow/example_dags/example_datasets.py
[2024-11-20T03:48:52.789+0000] {logging_mixin.py:190} INFO - [2024-11-20T03:48:52.787+0000] {override.py:1911} INFO - Created Permission View: can read on DAG:dataset_consumes_1
[2024-11-20T03:48:52.830+0000] {logging_mixin.py:190} INFO - [2024-11-20T03:48:52.829+0000] {override.py:1911} INFO - Created Permission View: can edit on DAG:dataset_consumes_1
[2024-11-20T03:48:52.851+0000] {logging_mixin.py:190} INFO - [2024-11-20T03:48:52.850+0000] {override.py:1911} INFO - Created Permission View: can delete on DAG:dataset_consumes_1
[2024-11-20T03:48:52.872+0000] {logging_mixin.py:190} INFO - [2024-11-20T03:48:52.872+0000] {override.py:1911} INFO - Created Permission View: menu access on DAG Run:dataset_consumes_1
[2024-11-20T03:48:52.910+0000] {logging_mixin.py:190} INFO - [2024-11-20T03:48:52.910+0000] {override.py:1911} INFO - Created Permission View: can read on DAG Run:dataset_consumes_1
[2024-11-20T03:48:52.937+0000] {logging_mixin.py:190} INFO - [2024-11-20T03:48:52.937+0000] {override.py:1911} INFO - Created Permission View: can delete on DAG Run:dataset_consumes_1
[2024-11-20T03:48:52.957+0000] {logging_mixin.py:190} INFO - [2024-11-20T03:48:52.957+0000] {override.py:1911} INFO - Created Permission View: can create on DAG Run:dataset_consumes_1
[2024-11-20T03:48:53.009+0000] {logging_mixin.py:190} INFO - [2024-11-20T03:48:53.008+0000] {override.py:1911} INFO - Created Permission View: can read on DAG:consume_1_and_2_with_dataset_expressions
[2024-11-20T03:48:53.042+0000] {logging_mixin.py:190} INFO - [2024-11-20T03:48:53.033+0000] {override.py:1911} INFO - Created Permission View: can edit on DAG:consume_1_and_2_with_dataset_expressions
[2024-11-20T03:48:53.078+0000] {logging_mixin.py:190} INFO - [2024-11-20T03:48:53.077+0000] {override.py:1911} INFO - Created Permission View: can delete on DAG:consume_1_and_2_with_dataset_expressions
[2024-11-20T03:48:53.098+0000] {logging_mixin.py:190} INFO - [2024-11-20T03:48:53.098+0000] {override.py:1911} INFO - Created Permission View: menu access on DAG Run:consume_1_and_2_with_dataset_expressions
[2024-11-20T03:48:53.123+0000] {logging_mixin.py:190} INFO - [2024-11-20T03:48:53.123+0000] {override.py:1911} INFO - Created Permission View: can read on DAG Run:consume_1_and_2_with_dataset_expressions
[2024-11-20T03:48:53.151+0000] {logging_mixin.py:190} INFO - [2024-11-20T03:48:53.150+0000] {override.py:1911} INFO - Created Permission View: can delete on DAG Run:consume_1_and_2_with_dataset_expressions
[2024-11-20T03:48:53.170+0000] {logging_mixin.py:190} INFO - [2024-11-20T03:48:53.169+0000] {override.py:1911} INFO - Created Permission View: can create on DAG Run:consume_1_and_2_with_dataset_expressions
[2024-11-20T03:48:53.203+0000] {logging_mixin.py:190} INFO - [2024-11-20T03:48:53.202+0000] {override.py:1911} INFO - Created Permission View: can read on DAG:dataset_produces_1
[2024-11-20T03:48:53.235+0000] {logging_mixin.py:190} INFO - [2024-11-20T03:48:53.235+0000] {override.py:1911} INFO - Created Permission View: can edit on DAG:dataset_produces_1
[2024-11-20T03:48:53.271+0000] {logging_mixin.py:190} INFO - [2024-11-20T03:48:53.270+0000] {override.py:1911} INFO - Created Permission View: can delete on DAG:dataset_produces_1
[2024-11-20T03:48:53.297+0000] {logging_mixin.py:190} INFO - [2024-11-20T03:48:53.297+0000] {override.py:1911} INFO - Created Permission View: menu access on DAG Run:dataset_produces_1
[2024-11-20T03:48:53.320+0000] {logging_mixin.py:190} INFO - [2024-11-20T03:48:53.319+0000] {override.py:1911} INFO - Created Permission View: can read on DAG Run:dataset_produces_1
[2024-11-20T03:48:53.337+0000] {logging_mixin.py:190} INFO - [2024-11-20T03:48:53.336+0000] {override.py:1911} INFO - Created Permission View: can delete on DAG Run:dataset_produces_1
[2024-11-20T03:48:53.361+0000] {logging_mixin.py:190} INFO - [2024-11-20T03:48:53.360+0000] {override.py:1911} INFO - Created Permission View: can create on DAG Run:dataset_produces_1
[2024-11-20T03:48:53.498+0000] {logging_mixin.py:190} INFO - [2024-11-20T03:48:53.498+0000] {override.py:1911} INFO - Created Permission View: can read on DAG:dataset_consumes_1_and_2
[2024-11-20T03:48:53.519+0000] {logging_mixin.py:190} INFO - [2024-11-20T03:48:53.519+0000] {override.py:1911} INFO - Created Permission View: can edit on DAG:dataset_consumes_1_and_2
[2024-11-20T03:48:53.539+0000] {logging_mixin.py:190} INFO - [2024-11-20T03:48:53.538+0000] {override.py:1911} INFO - Created Permission View: can delete on DAG:dataset_consumes_1_and_2
[2024-11-20T03:48:53.568+0000] {logging_mixin.py:190} INFO - [2024-11-20T03:48:53.568+0000] {override.py:1911} INFO - Created Permission View: menu access on DAG Run:dataset_consumes_1_and_2
[2024-11-20T03:48:53.619+0000] {logging_mixin.py:190} INFO - [2024-11-20T03:48:53.617+0000] {override.py:1911} INFO - Created Permission View: can read on DAG Run:dataset_consumes_1_and_2
[2024-11-20T03:48:53.669+0000] {logging_mixin.py:190} INFO - [2024-11-20T03:48:53.669+0000] {override.py:1911} INFO - Created Permission View: can delete on DAG Run:dataset_consumes_1_and_2
[2024-11-20T03:48:53.741+0000] {logging_mixin.py:190} INFO - [2024-11-20T03:48:53.737+0000] {override.py:1911} INFO - Created Permission View: can create on DAG Run:dataset_consumes_1_and_2
[2024-11-20T03:48:54.109+0000] {logging_mixin.py:190} INFO - [2024-11-20T03:48:54.108+0000] {override.py:1911} INFO - Created Permission View: can read on DAG:consume_1_or_both_2_and_3_with_dataset_expressions
[2024-11-20T03:48:54.288+0000] {logging_mixin.py:190} INFO - [2024-11-20T03:48:54.287+0000] {override.py:1911} INFO - Created Permission View: can edit on DAG:consume_1_or_both_2_and_3_with_dataset_expressions
[2024-11-20T03:48:54.995+0000] {logging_mixin.py:190} INFO - [2024-11-20T03:48:54.994+0000] {override.py:1911} INFO - Created Permission View: can delete on DAG:consume_1_or_both_2_and_3_with_dataset_expressions
[2024-11-20T03:48:55.035+0000] {logging_mixin.py:190} INFO - [2024-11-20T03:48:55.035+0000] {override.py:1911} INFO - Created Permission View: menu access on DAG Run:consume_1_or_both_2_and_3_with_dataset_expressions
[2024-11-20T03:48:55.068+0000] {logging_mixin.py:190} INFO - [2024-11-20T03:48:55.068+0000] {override.py:1911} INFO - Created Permission View: can read on DAG Run:consume_1_or_both_2_and_3_with_dataset_expressions
[2024-11-20T03:48:55.089+0000] {logging_mixin.py:190} INFO - [2024-11-20T03:48:55.089+0000] {override.py:1911} INFO - Created Permission View: can delete on DAG Run:consume_1_or_both_2_and_3_with_dataset_expressions
[2024-11-20T03:48:55.174+0000] {logging_mixin.py:190} INFO - [2024-11-20T03:48:55.173+0000] {override.py:1911} INFO - Created Permission View: can create on DAG Run:consume_1_or_both_2_and_3_with_dataset_expressions
[2024-11-20T03:48:55.369+0000] {logging_mixin.py:190} INFO - [2024-11-20T03:48:55.368+0000] {override.py:1911} INFO - Created Permission View: can read on DAG:dataset_produces_2
[2024-11-20T03:48:55.426+0000] {logging_mixin.py:190} INFO - [2024-11-20T03:48:55.426+0000] {override.py:1911} INFO - Created Permission View: can edit on DAG:dataset_produces_2
[2024-11-20T03:48:55.505+0000] {logging_mixin.py:190} INFO - [2024-11-20T03:48:55.504+0000] {override.py:1911} INFO - Created Permission View: can delete on DAG:dataset_produces_2
[2024-11-20T03:48:55.668+0000] {logging_mixin.py:190} INFO - [2024-11-20T03:48:55.668+0000] {override.py:1911} INFO - Created Permission View: menu access on DAG Run:dataset_produces_2
[2024-11-20T03:48:56.101+0000] {logging_mixin.py:190} INFO - [2024-11-20T03:48:56.101+0000] {override.py:1911} INFO - Created Permission View: can read on DAG Run:dataset_produces_2
[2024-11-20T03:48:56.163+0000] {logging_mixin.py:190} INFO - [2024-11-20T03:48:56.158+0000] {override.py:1911} INFO - Created Permission View: can delete on DAG Run:dataset_produces_2
[2024-11-20T03:48:56.417+0000] {logging_mixin.py:190} INFO - [2024-11-20T03:48:56.416+0000] {override.py:1911} INFO - Created Permission View: can create on DAG Run:dataset_produces_2
[2024-11-20T03:48:56.451+0000] {logging_mixin.py:190} INFO - [2024-11-20T03:48:56.450+0000] {override.py:1911} INFO - Created Permission View: can read on DAG:conditional_dataset_and_time_based_timetable
[2024-11-20T03:48:56.478+0000] {logging_mixin.py:190} INFO - [2024-11-20T03:48:56.477+0000] {override.py:1911} INFO - Created Permission View: can edit on DAG:conditional_dataset_and_time_based_timetable
[2024-11-20T03:48:56.516+0000] {logging_mixin.py:190} INFO - [2024-11-20T03:48:56.515+0000] {override.py:1911} INFO - Created Permission View: can delete on DAG:conditional_dataset_and_time_based_timetable
[2024-11-20T03:48:56.566+0000] {logging_mixin.py:190} INFO - [2024-11-20T03:48:56.564+0000] {override.py:1911} INFO - Created Permission View: menu access on DAG Run:conditional_dataset_and_time_based_timetable
[2024-11-20T03:48:56.602+0000] {logging_mixin.py:190} INFO - [2024-11-20T03:48:56.602+0000] {override.py:1911} INFO - Created Permission View: can read on DAG Run:conditional_dataset_and_time_based_timetable
[2024-11-20T03:48:56.625+0000] {logging_mixin.py:190} INFO - [2024-11-20T03:48:56.625+0000] {override.py:1911} INFO - Created Permission View: can delete on DAG Run:conditional_dataset_and_time_based_timetable
[2024-11-20T03:48:56.643+0000] {logging_mixin.py:190} INFO - [2024-11-20T03:48:56.642+0000] {override.py:1911} INFO - Created Permission View: can create on DAG Run:conditional_dataset_and_time_based_timetable
[2024-11-20T03:48:56.679+0000] {logging_mixin.py:190} INFO - [2024-11-20T03:48:56.678+0000] {override.py:1911} INFO - Created Permission View: can read on DAG:consume_1_or_2_with_dataset_expressions
[2024-11-20T03:48:56.702+0000] {logging_mixin.py:190} INFO - [2024-11-20T03:48:56.701+0000] {override.py:1911} INFO - Created Permission View: can edit on DAG:consume_1_or_2_with_dataset_expressions
[2024-11-20T03:48:56.725+0000] {logging_mixin.py:190} INFO - [2024-11-20T03:48:56.725+0000] {override.py:1911} INFO - Created Permission View: can delete on DAG:consume_1_or_2_with_dataset_expressions
[2024-11-20T03:48:56.750+0000] {logging_mixin.py:190} INFO - [2024-11-20T03:48:56.749+0000] {override.py:1911} INFO - Created Permission View: menu access on DAG Run:consume_1_or_2_with_dataset_expressions
[2024-11-20T03:48:56.769+0000] {logging_mixin.py:190} INFO - [2024-11-20T03:48:56.769+0000] {override.py:1911} INFO - Created Permission View: can read on DAG Run:consume_1_or_2_with_dataset_expressions
[2024-11-20T03:48:56.791+0000] {logging_mixin.py:190} INFO - [2024-11-20T03:48:56.791+0000] {override.py:1911} INFO - Created Permission View: can delete on DAG Run:consume_1_or_2_with_dataset_expressions
[2024-11-20T03:48:56.825+0000] {logging_mixin.py:190} INFO - [2024-11-20T03:48:56.825+0000] {override.py:1911} INFO - Created Permission View: can create on DAG Run:consume_1_or_2_with_dataset_expressions
[2024-11-20T03:48:57.012+0000] {logging_mixin.py:190} INFO - [2024-11-20T03:48:57.011+0000] {override.py:1911} INFO - Created Permission View: can read on DAG:dataset_consumes_1_never_scheduled
[2024-11-20T03:48:57.035+0000] {logging_mixin.py:190} INFO - [2024-11-20T03:48:57.033+0000] {override.py:1911} INFO - Created Permission View: can edit on DAG:dataset_consumes_1_never_scheduled
[2024-11-20T03:48:57.058+0000] {logging_mixin.py:190} INFO - [2024-11-20T03:48:57.058+0000] {override.py:1911} INFO - Created Permission View: can delete on DAG:dataset_consumes_1_never_scheduled
[2024-11-20T03:48:57.080+0000] {logging_mixin.py:190} INFO - [2024-11-20T03:48:57.079+0000] {override.py:1911} INFO - Created Permission View: menu access on DAG Run:dataset_consumes_1_never_scheduled
[2024-11-20T03:48:57.182+0000] {logging_mixin.py:190} INFO - [2024-11-20T03:48:57.182+0000] {override.py:1911} INFO - Created Permission View: can read on DAG Run:dataset_consumes_1_never_scheduled
[2024-11-20T03:48:57.208+0000] {logging_mixin.py:190} INFO - [2024-11-20T03:48:57.206+0000] {override.py:1911} INFO - Created Permission View: can delete on DAG Run:dataset_consumes_1_never_scheduled
[2024-11-20T03:48:57.239+0000] {logging_mixin.py:190} INFO - [2024-11-20T03:48:57.239+0000] {override.py:1911} INFO - Created Permission View: can create on DAG Run:dataset_consumes_1_never_scheduled
[2024-11-20T03:48:57.293+0000] {logging_mixin.py:190} INFO - [2024-11-20T03:48:57.289+0000] {override.py:1911} INFO - Created Permission View: can read on DAG:dataset_consumes_unknown_never_scheduled
[2024-11-20T03:48:57.336+0000] {logging_mixin.py:190} INFO - [2024-11-20T03:48:57.336+0000] {override.py:1911} INFO - Created Permission View: can edit on DAG:dataset_consumes_unknown_never_scheduled
[2024-11-20T03:48:57.374+0000] {logging_mixin.py:190} INFO - [2024-11-20T03:48:57.373+0000] {override.py:1911} INFO - Created Permission View: can delete on DAG:dataset_consumes_unknown_never_scheduled
[2024-11-20T03:48:57.395+0000] {logging_mixin.py:190} INFO - [2024-11-20T03:48:57.394+0000] {override.py:1911} INFO - Created Permission View: menu access on DAG Run:dataset_consumes_unknown_never_scheduled
[2024-11-20T03:48:57.424+0000] {logging_mixin.py:190} INFO - [2024-11-20T03:48:57.423+0000] {override.py:1911} INFO - Created Permission View: can read on DAG Run:dataset_consumes_unknown_never_scheduled
[2024-11-20T03:48:57.567+0000] {logging_mixin.py:190} INFO - [2024-11-20T03:48:57.566+0000] {override.py:1911} INFO - Created Permission View: can delete on DAG Run:dataset_consumes_unknown_never_scheduled
[2024-11-20T03:48:57.598+0000] {logging_mixin.py:190} INFO - [2024-11-20T03:48:57.597+0000] {override.py:1911} INFO - Created Permission View: can create on DAG Run:dataset_consumes_unknown_never_scheduled
[2024-11-20T03:48:57.600+0000] {logging_mixin.py:190} INFO - [2024-11-20T03:48:57.600+0000] {dag.py:3239} INFO - Sync 10 DAGs
[2024-11-20T03:48:57.681+0000] {logging_mixin.py:190} INFO - [2024-11-20T03:48:57.680+0000] {dag.py:3262} INFO - Creating ORM DAG for dataset_consumes_1
[2024-11-20T03:48:57.696+0000] {logging_mixin.py:190} INFO - [2024-11-20T03:48:57.696+0000] {dag.py:3262} INFO - Creating ORM DAG for consume_1_or_2_with_dataset_expressions
[2024-11-20T03:48:57.702+0000] {logging_mixin.py:190} INFO - [2024-11-20T03:48:57.701+0000] {dag.py:3262} INFO - Creating ORM DAG for dataset_produces_1
[2024-11-20T03:48:57.711+0000] {logging_mixin.py:190} INFO - [2024-11-20T03:48:57.705+0000] {dag.py:3262} INFO - Creating ORM DAG for consume_1_or_both_2_and_3_with_dataset_expressions
[2024-11-20T03:48:57.731+0000] {logging_mixin.py:190} INFO - [2024-11-20T03:48:57.727+0000] {dag.py:3262} INFO - Creating ORM DAG for conditional_dataset_and_time_based_timetable
[2024-11-20T03:48:57.749+0000] {logging_mixin.py:190} INFO - [2024-11-20T03:48:57.748+0000] {dag.py:3262} INFO - Creating ORM DAG for dataset_consumes_unknown_never_scheduled
[2024-11-20T03:48:57.756+0000] {logging_mixin.py:190} INFO - [2024-11-20T03:48:57.756+0000] {dag.py:3262} INFO - Creating ORM DAG for consume_1_and_2_with_dataset_expressions
[2024-11-20T03:48:57.765+0000] {logging_mixin.py:190} INFO - [2024-11-20T03:48:57.764+0000] {dag.py:3262} INFO - Creating ORM DAG for dataset_consumes_1_and_2
[2024-11-20T03:48:57.768+0000] {logging_mixin.py:190} INFO - [2024-11-20T03:48:57.768+0000] {dag.py:3262} INFO - Creating ORM DAG for dataset_consumes_1_never_scheduled
[2024-11-20T03:48:57.772+0000] {logging_mixin.py:190} INFO - [2024-11-20T03:48:57.771+0000] {dag.py:3262} INFO - Creating ORM DAG for dataset_produces_2
[2024-11-20T03:48:57.812+0000] {logging_mixin.py:190} INFO - [2024-11-20T03:48:57.811+0000] {dag.py:4180} INFO - Setting next_dagrun for conditional_dataset_and_time_based_timetable to 2024-11-20 01:00:00+00:00, run_after=2024-11-20 01:00:00+00:00
[2024-11-20T03:48:57.814+0000] {logging_mixin.py:190} INFO - [2024-11-20T03:48:57.813+0000] {dag.py:4180} INFO - Setting next_dagrun for consume_1_and_2_with_dataset_expressions to None, run_after=None
[2024-11-20T03:48:57.819+0000] {logging_mixin.py:190} INFO - [2024-11-20T03:48:57.816+0000] {dag.py:4180} INFO - Setting next_dagrun for consume_1_or_2_with_dataset_expressions to None, run_after=None
[2024-11-20T03:48:57.822+0000] {logging_mixin.py:190} INFO - [2024-11-20T03:48:57.822+0000] {dag.py:4180} INFO - Setting next_dagrun for consume_1_or_both_2_and_3_with_dataset_expressions to None, run_after=None
[2024-11-20T03:48:57.823+0000] {logging_mixin.py:190} INFO - [2024-11-20T03:48:57.823+0000] {dag.py:4180} INFO - Setting next_dagrun for dataset_consumes_1 to None, run_after=None
[2024-11-20T03:48:57.825+0000] {logging_mixin.py:190} INFO - [2024-11-20T03:48:57.824+0000] {dag.py:4180} INFO - Setting next_dagrun for dataset_consumes_1_and_2 to None, run_after=None
[2024-11-20T03:48:57.827+0000] {logging_mixin.py:190} INFO - [2024-11-20T03:48:57.826+0000] {dag.py:4180} INFO - Setting next_dagrun for dataset_consumes_1_never_scheduled to None, run_after=None
[2024-11-20T03:48:57.829+0000] {logging_mixin.py:190} INFO - [2024-11-20T03:48:57.829+0000] {dag.py:4180} INFO - Setting next_dagrun for dataset_consumes_unknown_never_scheduled to None, run_after=None
[2024-11-20T03:48:57.838+0000] {logging_mixin.py:190} INFO - [2024-11-20T03:48:57.837+0000] {dag.py:4180} INFO - Setting next_dagrun for dataset_produces_1 to 2024-11-19 00:00:00+00:00, run_after=2024-11-20 00:00:00+00:00
[2024-11-20T03:48:57.841+0000] {logging_mixin.py:190} INFO - [2024-11-20T03:48:57.840+0000] {dag.py:4180} INFO - Setting next_dagrun for dataset_produces_2 to None, run_after=None
[2024-11-20T03:48:58.155+0000] {processor.py:208} INFO - Processing /home/airflow/.local/lib/python3.12/site-packages/airflow/example_dags/example_datasets.py took 14.742 seconds
[2024-11-20T03:49:28.538+0000] {processor.py:186} INFO - Started process (PID=187) to work on /home/airflow/.local/lib/python3.12/site-packages/airflow/example_dags/example_datasets.py
[2024-11-20T03:49:28.541+0000] {processor.py:914} INFO - Processing file /home/airflow/.local/lib/python3.12/site-packages/airflow/example_dags/example_datasets.py for tasks to queue
[2024-11-20T03:49:28.558+0000] {logging_mixin.py:190} INFO - [2024-11-20T03:49:28.555+0000] {dagbag.py:588} INFO - Filling up the DagBag from /home/airflow/.local/lib/python3.12/site-packages/airflow/example_dags/example_datasets.py
[2024-11-20T03:49:29.744+0000] {processor.py:925} INFO - DAG(s) 'consume_1_or_both_2_and_3_with_dataset_expressions', 'dataset_produces_1', 'conditional_dataset_and_time_based_timetable', 'dataset_consumes_unknown_never_scheduled', 'dataset_consumes_1_never_scheduled', 'consume_1_and_2_with_dataset_expressions', 'dataset_produces_2', 'dataset_consumes_1_and_2', 'consume_1_or_2_with_dataset_expressions', 'dataset_consumes_1' retrieved from /home/airflow/.local/lib/python3.12/site-packages/airflow/example_dags/example_datasets.py
[2024-11-20T03:49:29.836+0000] {logging_mixin.py:190} INFO - [2024-11-20T03:49:29.836+0000] {dag.py:3239} INFO - Sync 10 DAGs
[2024-11-20T03:49:29.880+0000] {logging_mixin.py:190} INFO - [2024-11-20T03:49:29.880+0000] {dag.py:4180} INFO - Setting next_dagrun for conditional_dataset_and_time_based_timetable to 2024-11-20 01:00:00+00:00, run_after=2024-11-20 01:00:00+00:00
[2024-11-20T03:49:29.890+0000] {logging_mixin.py:190} INFO - [2024-11-20T03:49:29.890+0000] {dag.py:4180} INFO - Setting next_dagrun for consume_1_and_2_with_dataset_expressions to None, run_after=None
[2024-11-20T03:49:29.893+0000] {logging_mixin.py:190} INFO - [2024-11-20T03:49:29.892+0000] {dag.py:4180} INFO - Setting next_dagrun for consume_1_or_2_with_dataset_expressions to None, run_after=None
[2024-11-20T03:49:29.895+0000] {logging_mixin.py:190} INFO - [2024-11-20T03:49:29.895+0000] {dag.py:4180} INFO - Setting next_dagrun for consume_1_or_both_2_and_3_with_dataset_expressions to None, run_after=None
[2024-11-20T03:49:29.898+0000] {logging_mixin.py:190} INFO - [2024-11-20T03:49:29.898+0000] {dag.py:4180} INFO - Setting next_dagrun for dataset_consumes_1 to None, run_after=None
[2024-11-20T03:49:29.901+0000] {logging_mixin.py:190} INFO - [2024-11-20T03:49:29.900+0000] {dag.py:4180} INFO - Setting next_dagrun for dataset_consumes_1_and_2 to None, run_after=None
[2024-11-20T03:49:29.904+0000] {logging_mixin.py:190} INFO - [2024-11-20T03:49:29.903+0000] {dag.py:4180} INFO - Setting next_dagrun for dataset_consumes_1_never_scheduled to None, run_after=None
[2024-11-20T03:49:29.906+0000] {logging_mixin.py:190} INFO - [2024-11-20T03:49:29.906+0000] {dag.py:4180} INFO - Setting next_dagrun for dataset_consumes_unknown_never_scheduled to None, run_after=None
[2024-11-20T03:49:29.910+0000] {logging_mixin.py:190} INFO - [2024-11-20T03:49:29.910+0000] {dag.py:4180} INFO - Setting next_dagrun for dataset_produces_1 to 2024-11-19 00:00:00+00:00, run_after=2024-11-20 00:00:00+00:00
[2024-11-20T03:49:29.913+0000] {logging_mixin.py:190} INFO - [2024-11-20T03:49:29.912+0000] {dag.py:4180} INFO - Setting next_dagrun for dataset_produces_2 to None, run_after=None
[2024-11-20T03:49:29.989+0000] {processor.py:208} INFO - Processing /home/airflow/.local/lib/python3.12/site-packages/airflow/example_dags/example_datasets.py took 1.486 seconds
[2024-11-20T03:50:00.590+0000] {processor.py:186} INFO - Started process (PID=251) to work on /home/airflow/.local/lib/python3.12/site-packages/airflow/example_dags/example_datasets.py
[2024-11-20T03:50:00.602+0000] {processor.py:914} INFO - Processing file /home/airflow/.local/lib/python3.12/site-packages/airflow/example_dags/example_datasets.py for tasks to queue
[2024-11-20T03:50:00.620+0000] {logging_mixin.py:190} INFO - [2024-11-20T03:50:00.619+0000] {dagbag.py:588} INFO - Filling up the DagBag from /home/airflow/.local/lib/python3.12/site-packages/airflow/example_dags/example_datasets.py
[2024-11-20T03:50:07.505+0000] {processor.py:925} INFO - DAG(s) 'dataset_consumes_1', 'dataset_consumes_unknown_never_scheduled', 'consume_1_and_2_with_dataset_expressions', 'dataset_consumes_1_never_scheduled', 'consume_1_or_2_with_dataset_expressions', 'consume_1_or_both_2_and_3_with_dataset_expressions', 'conditional_dataset_and_time_based_timetable', 'dataset_produces_2', 'dataset_consumes_1_and_2', 'dataset_produces_1' retrieved from /home/airflow/.local/lib/python3.12/site-packages/airflow/example_dags/example_datasets.py
[2024-11-20T03:50:07.631+0000] {logging_mixin.py:190} INFO - [2024-11-20T03:50:07.631+0000] {dag.py:3239} INFO - Sync 10 DAGs
[2024-11-20T03:50:07.749+0000] {logging_mixin.py:190} INFO - [2024-11-20T03:50:07.748+0000] {dag.py:4180} INFO - Setting next_dagrun for conditional_dataset_and_time_based_timetable to 2024-11-20 01:00:00+00:00, run_after=2024-11-20 01:00:00+00:00
[2024-11-20T03:50:07.758+0000] {logging_mixin.py:190} INFO - [2024-11-20T03:50:07.757+0000] {dag.py:4180} INFO - Setting next_dagrun for consume_1_and_2_with_dataset_expressions to None, run_after=None
[2024-11-20T03:50:07.762+0000] {logging_mixin.py:190} INFO - [2024-11-20T03:50:07.761+0000] {dag.py:4180} INFO - Setting next_dagrun for consume_1_or_2_with_dataset_expressions to None, run_after=None
[2024-11-20T03:50:07.764+0000] {logging_mixin.py:190} INFO - [2024-11-20T03:50:07.764+0000] {dag.py:4180} INFO - Setting next_dagrun for consume_1_or_both_2_and_3_with_dataset_expressions to None, run_after=None
[2024-11-20T03:50:07.768+0000] {logging_mixin.py:190} INFO - [2024-11-20T03:50:07.767+0000] {dag.py:4180} INFO - Setting next_dagrun for dataset_consumes_1 to None, run_after=None
[2024-11-20T03:50:07.772+0000] {logging_mixin.py:190} INFO - [2024-11-20T03:50:07.771+0000] {dag.py:4180} INFO - Setting next_dagrun for dataset_consumes_1_and_2 to None, run_after=None
[2024-11-20T03:50:07.774+0000] {logging_mixin.py:190} INFO - [2024-11-20T03:50:07.774+0000] {dag.py:4180} INFO - Setting next_dagrun for dataset_consumes_1_never_scheduled to None, run_after=None
[2024-11-20T03:50:07.777+0000] {logging_mixin.py:190} INFO - [2024-11-20T03:50:07.777+0000] {dag.py:4180} INFO - Setting next_dagrun for dataset_consumes_unknown_never_scheduled to None, run_after=None
[2024-11-20T03:50:07.782+0000] {logging_mixin.py:190} INFO - [2024-11-20T03:50:07.781+0000] {dag.py:4180} INFO - Setting next_dagrun for dataset_produces_1 to 2024-11-19 00:00:00+00:00, run_after=2024-11-20 00:00:00+00:00
[2024-11-20T03:50:07.788+0000] {logging_mixin.py:190} INFO - [2024-11-20T03:50:07.787+0000] {dag.py:4180} INFO - Setting next_dagrun for dataset_produces_2 to None, run_after=None
[2024-11-20T03:50:08.146+0000] {processor.py:208} INFO - Processing /home/airflow/.local/lib/python3.12/site-packages/airflow/example_dags/example_datasets.py took 7.636 seconds
[2024-11-20T03:50:39.119+0000] {processor.py:186} INFO - Started process (PID=316) to work on /home/airflow/.local/lib/python3.12/site-packages/airflow/example_dags/example_datasets.py
[2024-11-20T03:50:39.121+0000] {processor.py:914} INFO - Processing file /home/airflow/.local/lib/python3.12/site-packages/airflow/example_dags/example_datasets.py for tasks to queue
[2024-11-20T03:50:39.126+0000] {logging_mixin.py:190} INFO - [2024-11-20T03:50:39.125+0000] {dagbag.py:588} INFO - Filling up the DagBag from /home/airflow/.local/lib/python3.12/site-packages/airflow/example_dags/example_datasets.py
[2024-11-20T03:50:40.279+0000] {processor.py:925} INFO - DAG(s) 'consume_1_or_2_with_dataset_expressions', 'consume_1_and_2_with_dataset_expressions', 'dataset_consumes_1_and_2', 'dataset_consumes_unknown_never_scheduled', 'dataset_produces_1', 'dataset_produces_2', 'dataset_consumes_1', 'dataset_consumes_1_never_scheduled', 'conditional_dataset_and_time_based_timetable', 'consume_1_or_both_2_and_3_with_dataset_expressions' retrieved from /home/airflow/.local/lib/python3.12/site-packages/airflow/example_dags/example_datasets.py
[2024-11-20T03:50:40.364+0000] {logging_mixin.py:190} INFO - [2024-11-20T03:50:40.363+0000] {dag.py:3239} INFO - Sync 10 DAGs
[2024-11-20T03:50:40.412+0000] {logging_mixin.py:190} INFO - [2024-11-20T03:50:40.412+0000] {dag.py:4180} INFO - Setting next_dagrun for conditional_dataset_and_time_based_timetable to 2024-11-20 01:00:00+00:00, run_after=2024-11-20 01:00:00+00:00
[2024-11-20T03:50:40.420+0000] {logging_mixin.py:190} INFO - [2024-11-20T03:50:40.420+0000] {dag.py:4180} INFO - Setting next_dagrun for consume_1_and_2_with_dataset_expressions to None, run_after=None
[2024-11-20T03:50:40.423+0000] {logging_mixin.py:190} INFO - [2024-11-20T03:50:40.423+0000] {dag.py:4180} INFO - Setting next_dagrun for consume_1_or_2_with_dataset_expressions to None, run_after=None
[2024-11-20T03:50:40.425+0000] {logging_mixin.py:190} INFO - [2024-11-20T03:50:40.425+0000] {dag.py:4180} INFO - Setting next_dagrun for consume_1_or_both_2_and_3_with_dataset_expressions to None, run_after=None
[2024-11-20T03:50:40.428+0000] {logging_mixin.py:190} INFO - [2024-11-20T03:50:40.427+0000] {dag.py:4180} INFO - Setting next_dagrun for dataset_consumes_1 to None, run_after=None
[2024-11-20T03:50:40.430+0000] {logging_mixin.py:190} INFO - [2024-11-20T03:50:40.430+0000] {dag.py:4180} INFO - Setting next_dagrun for dataset_consumes_1_and_2 to None, run_after=None
[2024-11-20T03:50:40.434+0000] {logging_mixin.py:190} INFO - [2024-11-20T03:50:40.433+0000] {dag.py:4180} INFO - Setting next_dagrun for dataset_consumes_1_never_scheduled to None, run_after=None
[2024-11-20T03:50:40.437+0000] {logging_mixin.py:190} INFO - [2024-11-20T03:50:40.436+0000] {dag.py:4180} INFO - Setting next_dagrun for dataset_consumes_unknown_never_scheduled to None, run_after=None
[2024-11-20T03:50:40.442+0000] {logging_mixin.py:190} INFO - [2024-11-20T03:50:40.441+0000] {dag.py:4180} INFO - Setting next_dagrun for dataset_produces_1 to 2024-11-19 00:00:00+00:00, run_after=2024-11-20 00:00:00+00:00
[2024-11-20T03:50:40.444+0000] {logging_mixin.py:190} INFO - [2024-11-20T03:50:40.444+0000] {dag.py:4180} INFO - Setting next_dagrun for dataset_produces_2 to None, run_after=None
[2024-11-20T03:50:40.519+0000] {processor.py:208} INFO - Processing /home/airflow/.local/lib/python3.12/site-packages/airflow/example_dags/example_datasets.py took 1.429 seconds
[2024-11-20T03:51:11.321+0000] {processor.py:186} INFO - Started process (PID=387) to work on /home/airflow/.local/lib/python3.12/site-packages/airflow/example_dags/example_datasets.py
[2024-11-20T03:51:11.323+0000] {processor.py:914} INFO - Processing file /home/airflow/.local/lib/python3.12/site-packages/airflow/example_dags/example_datasets.py for tasks to queue
[2024-11-20T03:51:11.327+0000] {logging_mixin.py:190} INFO - [2024-11-20T03:51:11.326+0000] {dagbag.py:588} INFO - Filling up the DagBag from /home/airflow/.local/lib/python3.12/site-packages/airflow/example_dags/example_datasets.py
[2024-11-20T03:51:12.495+0000] {processor.py:925} INFO - DAG(s) 'dataset_consumes_1', 'dataset_consumes_1_never_scheduled', 'dataset_consumes_unknown_never_scheduled', 'dataset_consumes_1_and_2', 'consume_1_or_both_2_and_3_with_dataset_expressions', 'conditional_dataset_and_time_based_timetable', 'consume_1_or_2_with_dataset_expressions', 'consume_1_and_2_with_dataset_expressions', 'dataset_produces_1', 'dataset_produces_2' retrieved from /home/airflow/.local/lib/python3.12/site-packages/airflow/example_dags/example_datasets.py
[2024-11-20T03:51:12.573+0000] {logging_mixin.py:190} INFO - [2024-11-20T03:51:12.572+0000] {dag.py:3239} INFO - Sync 10 DAGs
[2024-11-20T03:51:12.621+0000] {logging_mixin.py:190} INFO - [2024-11-20T03:51:12.621+0000] {dag.py:4180} INFO - Setting next_dagrun for conditional_dataset_and_time_based_timetable to 2024-11-20 01:00:00+00:00, run_after=2024-11-20 01:00:00+00:00
[2024-11-20T03:51:12.627+0000] {logging_mixin.py:190} INFO - [2024-11-20T03:51:12.627+0000] {dag.py:4180} INFO - Setting next_dagrun for consume_1_and_2_with_dataset_expressions to None, run_after=None
[2024-11-20T03:51:12.630+0000] {logging_mixin.py:190} INFO - [2024-11-20T03:51:12.630+0000] {dag.py:4180} INFO - Setting next_dagrun for consume_1_or_2_with_dataset_expressions to None, run_after=None
[2024-11-20T03:51:12.632+0000] {logging_mixin.py:190} INFO - [2024-11-20T03:51:12.632+0000] {dag.py:4180} INFO - Setting next_dagrun for consume_1_or_both_2_and_3_with_dataset_expressions to None, run_after=None
[2024-11-20T03:51:12.635+0000] {logging_mixin.py:190} INFO - [2024-11-20T03:51:12.635+0000] {dag.py:4180} INFO - Setting next_dagrun for dataset_consumes_1 to None, run_after=None
[2024-11-20T03:51:12.639+0000] {logging_mixin.py:190} INFO - [2024-11-20T03:51:12.638+0000] {dag.py:4180} INFO - Setting next_dagrun for dataset_consumes_1_and_2 to None, run_after=None
[2024-11-20T03:51:12.641+0000] {logging_mixin.py:190} INFO - [2024-11-20T03:51:12.641+0000] {dag.py:4180} INFO - Setting next_dagrun for dataset_consumes_1_never_scheduled to None, run_after=None
[2024-11-20T03:51:12.645+0000] {logging_mixin.py:190} INFO - [2024-11-20T03:51:12.645+0000] {dag.py:4180} INFO - Setting next_dagrun for dataset_consumes_unknown_never_scheduled to None, run_after=None
[2024-11-20T03:51:12.652+0000] {logging_mixin.py:190} INFO - [2024-11-20T03:51:12.652+0000] {dag.py:4180} INFO - Setting next_dagrun for dataset_produces_1 to 2024-11-19 00:00:00+00:00, run_after=2024-11-20 00:00:00+00:00
[2024-11-20T03:51:12.655+0000] {logging_mixin.py:190} INFO - [2024-11-20T03:51:12.655+0000] {dag.py:4180} INFO - Setting next_dagrun for dataset_produces_2 to None, run_after=None
[2024-11-20T03:51:12.707+0000] {processor.py:208} INFO - Processing /home/airflow/.local/lib/python3.12/site-packages/airflow/example_dags/example_datasets.py took 1.395 seconds
[2024-11-20T03:51:43.225+0000] {processor.py:186} INFO - Started process (PID=452) to work on /home/airflow/.local/lib/python3.12/site-packages/airflow/example_dags/example_datasets.py
[2024-11-20T03:51:43.227+0000] {processor.py:914} INFO - Processing file /home/airflow/.local/lib/python3.12/site-packages/airflow/example_dags/example_datasets.py for tasks to queue
[2024-11-20T03:51:43.232+0000] {logging_mixin.py:190} INFO - [2024-11-20T03:51:43.231+0000] {dagbag.py:588} INFO - Filling up the DagBag from /home/airflow/.local/lib/python3.12/site-packages/airflow/example_dags/example_datasets.py
[2024-11-20T03:51:45.468+0000] {processor.py:925} INFO - DAG(s) 'dataset_consumes_1_never_scheduled', 'dataset_consumes_1', 'dataset_produces_1', 'dataset_consumes_unknown_never_scheduled', 'consume_1_or_both_2_and_3_with_dataset_expressions', 'conditional_dataset_and_time_based_timetable', 'dataset_consumes_1_and_2', 'dataset_produces_2', 'consume_1_and_2_with_dataset_expressions', 'consume_1_or_2_with_dataset_expressions' retrieved from /home/airflow/.local/lib/python3.12/site-packages/airflow/example_dags/example_datasets.py
[2024-11-20T03:51:45.640+0000] {logging_mixin.py:190} INFO - [2024-11-20T03:51:45.639+0000] {dag.py:3239} INFO - Sync 10 DAGs
[2024-11-20T03:51:45.705+0000] {logging_mixin.py:190} INFO - [2024-11-20T03:51:45.705+0000] {dag.py:4180} INFO - Setting next_dagrun for conditional_dataset_and_time_based_timetable to 2024-11-20 01:00:00+00:00, run_after=2024-11-20 01:00:00+00:00
[2024-11-20T03:51:45.716+0000] {logging_mixin.py:190} INFO - [2024-11-20T03:51:45.715+0000] {dag.py:4180} INFO - Setting next_dagrun for consume_1_and_2_with_dataset_expressions to None, run_after=None
[2024-11-20T03:51:45.721+0000] {logging_mixin.py:190} INFO - [2024-11-20T03:51:45.721+0000] {dag.py:4180} INFO - Setting next_dagrun for consume_1_or_2_with_dataset_expressions to None, run_after=None
[2024-11-20T03:51:45.725+0000] {logging_mixin.py:190} INFO - [2024-11-20T03:51:45.724+0000] {dag.py:4180} INFO - Setting next_dagrun for consume_1_or_both_2_and_3_with_dataset_expressions to None, run_after=None
[2024-11-20T03:51:45.728+0000] {logging_mixin.py:190} INFO - [2024-11-20T03:51:45.728+0000] {dag.py:4180} INFO - Setting next_dagrun for dataset_consumes_1 to None, run_after=None
[2024-11-20T03:51:45.732+0000] {logging_mixin.py:190} INFO - [2024-11-20T03:51:45.731+0000] {dag.py:4180} INFO - Setting next_dagrun for dataset_consumes_1_and_2 to None, run_after=None
[2024-11-20T03:51:45.737+0000] {logging_mixin.py:190} INFO - [2024-11-20T03:51:45.737+0000] {dag.py:4180} INFO - Setting next_dagrun for dataset_consumes_1_never_scheduled to None, run_after=None
[2024-11-20T03:51:45.741+0000] {logging_mixin.py:190} INFO - [2024-11-20T03:51:45.740+0000] {dag.py:4180} INFO - Setting next_dagrun for dataset_consumes_unknown_never_scheduled to None, run_after=None
[2024-11-20T03:51:45.747+0000] {logging_mixin.py:190} INFO - [2024-11-20T03:51:45.747+0000] {dag.py:4180} INFO - Setting next_dagrun for dataset_produces_1 to 2024-11-19 00:00:00+00:00, run_after=2024-11-20 00:00:00+00:00
[2024-11-20T03:51:45.752+0000] {logging_mixin.py:190} INFO - [2024-11-20T03:51:45.752+0000] {dag.py:4180} INFO - Setting next_dagrun for dataset_produces_2 to None, run_after=None
[2024-11-20T03:51:45.872+0000] {processor.py:208} INFO - Processing /home/airflow/.local/lib/python3.12/site-packages/airflow/example_dags/example_datasets.py took 2.659 seconds
[2024-11-20T03:52:16.586+0000] {processor.py:186} INFO - Started process (PID=514) to work on /home/airflow/.local/lib/python3.12/site-packages/airflow/example_dags/example_datasets.py
[2024-11-20T03:52:16.587+0000] {processor.py:914} INFO - Processing file /home/airflow/.local/lib/python3.12/site-packages/airflow/example_dags/example_datasets.py for tasks to queue
[2024-11-20T03:52:16.591+0000] {logging_mixin.py:190} INFO - [2024-11-20T03:52:16.591+0000] {dagbag.py:588} INFO - Filling up the DagBag from /home/airflow/.local/lib/python3.12/site-packages/airflow/example_dags/example_datasets.py
[2024-11-20T03:52:18.173+0000] {processor.py:925} INFO - DAG(s) 'dataset_consumes_1_and_2', 'dataset_consumes_1_never_scheduled', 'dataset_consumes_unknown_never_scheduled', 'dataset_produces_2', 'dataset_produces_1', 'consume_1_and_2_with_dataset_expressions', 'dataset_consumes_1', 'consume_1_or_2_with_dataset_expressions', 'consume_1_or_both_2_and_3_with_dataset_expressions', 'conditional_dataset_and_time_based_timetable' retrieved from /home/airflow/.local/lib/python3.12/site-packages/airflow/example_dags/example_datasets.py
[2024-11-20T03:52:18.294+0000] {logging_mixin.py:190} INFO - [2024-11-20T03:52:18.294+0000] {dag.py:3239} INFO - Sync 10 DAGs
[2024-11-20T03:52:18.348+0000] {logging_mixin.py:190} INFO - [2024-11-20T03:52:18.347+0000] {dag.py:4180} INFO - Setting next_dagrun for conditional_dataset_and_time_based_timetable to 2024-11-20 01:00:00+00:00, run_after=2024-11-20 01:00:00+00:00
[2024-11-20T03:52:18.355+0000] {logging_mixin.py:190} INFO - [2024-11-20T03:52:18.355+0000] {dag.py:4180} INFO - Setting next_dagrun for consume_1_and_2_with_dataset_expressions to None, run_after=None
[2024-11-20T03:52:18.359+0000] {logging_mixin.py:190} INFO - [2024-11-20T03:52:18.359+0000] {dag.py:4180} INFO - Setting next_dagrun for consume_1_or_2_with_dataset_expressions to None, run_after=None
[2024-11-20T03:52:18.362+0000] {logging_mixin.py:190} INFO - [2024-11-20T03:52:18.362+0000] {dag.py:4180} INFO - Setting next_dagrun for consume_1_or_both_2_and_3_with_dataset_expressions to None, run_after=None
[2024-11-20T03:52:18.365+0000] {logging_mixin.py:190} INFO - [2024-11-20T03:52:18.365+0000] {dag.py:4180} INFO - Setting next_dagrun for dataset_consumes_1 to None, run_after=None
[2024-11-20T03:52:18.368+0000] {logging_mixin.py:190} INFO - [2024-11-20T03:52:18.368+0000] {dag.py:4180} INFO - Setting next_dagrun for dataset_consumes_1_and_2 to None, run_after=None
[2024-11-20T03:52:18.372+0000] {logging_mixin.py:190} INFO - [2024-11-20T03:52:18.372+0000] {dag.py:4180} INFO - Setting next_dagrun for dataset_consumes_1_never_scheduled to None, run_after=None
[2024-11-20T03:52:18.375+0000] {logging_mixin.py:190} INFO - [2024-11-20T03:52:18.374+0000] {dag.py:4180} INFO - Setting next_dagrun for dataset_consumes_unknown_never_scheduled to None, run_after=None
[2024-11-20T03:52:18.381+0000] {logging_mixin.py:190} INFO - [2024-11-20T03:52:18.381+0000] {dag.py:4180} INFO - Setting next_dagrun for dataset_produces_1 to 2024-11-19 00:00:00+00:00, run_after=2024-11-20 00:00:00+00:00
[2024-11-20T03:52:18.384+0000] {logging_mixin.py:190} INFO - [2024-11-20T03:52:18.384+0000] {dag.py:4180} INFO - Setting next_dagrun for dataset_produces_2 to None, run_after=None
[2024-11-20T03:52:18.650+0000] {processor.py:208} INFO - Processing /home/airflow/.local/lib/python3.12/site-packages/airflow/example_dags/example_datasets.py took 2.076 seconds
[2024-11-20T03:52:49.440+0000] {processor.py:186} INFO - Started process (PID=577) to work on /home/airflow/.local/lib/python3.12/site-packages/airflow/example_dags/example_datasets.py
[2024-11-20T03:52:49.442+0000] {processor.py:914} INFO - Processing file /home/airflow/.local/lib/python3.12/site-packages/airflow/example_dags/example_datasets.py for tasks to queue
[2024-11-20T03:52:49.447+0000] {logging_mixin.py:190} INFO - [2024-11-20T03:52:49.446+0000] {dagbag.py:588} INFO - Filling up the DagBag from /home/airflow/.local/lib/python3.12/site-packages/airflow/example_dags/example_datasets.py
[2024-11-20T03:52:50.513+0000] {processor.py:925} INFO - DAG(s) 'dataset_produces_2', 'dataset_consumes_unknown_never_scheduled', 'dataset_consumes_1_and_2', 'dataset_consumes_1_never_scheduled', 'conditional_dataset_and_time_based_timetable', 'dataset_produces_1', 'dataset_consumes_1', 'consume_1_or_2_with_dataset_expressions', 'consume_1_or_both_2_and_3_with_dataset_expressions', 'consume_1_and_2_with_dataset_expressions' retrieved from /home/airflow/.local/lib/python3.12/site-packages/airflow/example_dags/example_datasets.py
[2024-11-20T03:52:50.606+0000] {logging_mixin.py:190} INFO - [2024-11-20T03:52:50.606+0000] {dag.py:3239} INFO - Sync 10 DAGs
[2024-11-20T03:52:50.665+0000] {logging_mixin.py:190} INFO - [2024-11-20T03:52:50.665+0000] {dag.py:4180} INFO - Setting next_dagrun for conditional_dataset_and_time_based_timetable to 2024-11-20 01:00:00+00:00, run_after=2024-11-20 01:00:00+00:00
[2024-11-20T03:52:50.671+0000] {logging_mixin.py:190} INFO - [2024-11-20T03:52:50.671+0000] {dag.py:4180} INFO - Setting next_dagrun for consume_1_and_2_with_dataset_expressions to None, run_after=None
[2024-11-20T03:52:50.674+0000] {logging_mixin.py:190} INFO - [2024-11-20T03:52:50.674+0000] {dag.py:4180} INFO - Setting next_dagrun for consume_1_or_2_with_dataset_expressions to None, run_after=None
[2024-11-20T03:52:50.676+0000] {logging_mixin.py:190} INFO - [2024-11-20T03:52:50.676+0000] {dag.py:4180} INFO - Setting next_dagrun for consume_1_or_both_2_and_3_with_dataset_expressions to None, run_after=None
[2024-11-20T03:52:50.679+0000] {logging_mixin.py:190} INFO - [2024-11-20T03:52:50.679+0000] {dag.py:4180} INFO - Setting next_dagrun for dataset_consumes_1 to None, run_after=None
[2024-11-20T03:52:50.683+0000] {logging_mixin.py:190} INFO - [2024-11-20T03:52:50.682+0000] {dag.py:4180} INFO - Setting next_dagrun for dataset_consumes_1_and_2 to None, run_after=None
[2024-11-20T03:52:50.686+0000] {logging_mixin.py:190} INFO - [2024-11-20T03:52:50.685+0000] {dag.py:4180} INFO - Setting next_dagrun for dataset_consumes_1_never_scheduled to None, run_after=None
[2024-11-20T03:52:50.688+0000] {logging_mixin.py:190} INFO - [2024-11-20T03:52:50.688+0000] {dag.py:4180} INFO - Setting next_dagrun for dataset_consumes_unknown_never_scheduled to None, run_after=None
[2024-11-20T03:52:50.693+0000] {logging_mixin.py:190} INFO - [2024-11-20T03:52:50.692+0000] {dag.py:4180} INFO - Setting next_dagrun for dataset_produces_1 to 2024-11-19 00:00:00+00:00, run_after=2024-11-20 00:00:00+00:00
[2024-11-20T03:52:50.695+0000] {logging_mixin.py:190} INFO - [2024-11-20T03:52:50.695+0000] {dag.py:4180} INFO - Setting next_dagrun for dataset_produces_2 to None, run_after=None
[2024-11-20T03:52:50.762+0000] {processor.py:208} INFO - Processing /home/airflow/.local/lib/python3.12/site-packages/airflow/example_dags/example_datasets.py took 1.335 seconds
[2024-11-20T03:53:21.141+0000] {processor.py:186} INFO - Started process (PID=644) to work on /home/airflow/.local/lib/python3.12/site-packages/airflow/example_dags/example_datasets.py
[2024-11-20T03:53:21.143+0000] {processor.py:914} INFO - Processing file /home/airflow/.local/lib/python3.12/site-packages/airflow/example_dags/example_datasets.py for tasks to queue
[2024-11-20T03:53:21.147+0000] {logging_mixin.py:190} INFO - [2024-11-20T03:53:21.146+0000] {dagbag.py:588} INFO - Filling up the DagBag from /home/airflow/.local/lib/python3.12/site-packages/airflow/example_dags/example_datasets.py
[2024-11-20T03:53:22.159+0000] {processor.py:925} INFO - DAG(s) 'consume_1_and_2_with_dataset_expressions', 'dataset_consumes_1_and_2', 'dataset_produces_1', 'conditional_dataset_and_time_based_timetable', 'dataset_consumes_1', 'consume_1_or_2_with_dataset_expressions', 'consume_1_or_both_2_and_3_with_dataset_expressions', 'dataset_produces_2', 'dataset_consumes_1_never_scheduled', 'dataset_consumes_unknown_never_scheduled' retrieved from /home/airflow/.local/lib/python3.12/site-packages/airflow/example_dags/example_datasets.py
[2024-11-20T03:53:22.248+0000] {logging_mixin.py:190} INFO - [2024-11-20T03:53:22.247+0000] {dag.py:3239} INFO - Sync 10 DAGs
[2024-11-20T03:53:22.290+0000] {logging_mixin.py:190} INFO - [2024-11-20T03:53:22.289+0000] {dag.py:4180} INFO - Setting next_dagrun for conditional_dataset_and_time_based_timetable to 2024-11-20 01:00:00+00:00, run_after=2024-11-20 01:00:00+00:00
[2024-11-20T03:53:22.296+0000] {logging_mixin.py:190} INFO - [2024-11-20T03:53:22.295+0000] {dag.py:4180} INFO - Setting next_dagrun for consume_1_and_2_with_dataset_expressions to None, run_after=None
[2024-11-20T03:53:22.298+0000] {logging_mixin.py:190} INFO - [2024-11-20T03:53:22.298+0000] {dag.py:4180} INFO - Setting next_dagrun for consume_1_or_2_with_dataset_expressions to None, run_after=None
[2024-11-20T03:53:22.301+0000] {logging_mixin.py:190} INFO - [2024-11-20T03:53:22.300+0000] {dag.py:4180} INFO - Setting next_dagrun for consume_1_or_both_2_and_3_with_dataset_expressions to None, run_after=None
[2024-11-20T03:53:22.303+0000] {logging_mixin.py:190} INFO - [2024-11-20T03:53:22.303+0000] {dag.py:4180} INFO - Setting next_dagrun for dataset_consumes_1 to None, run_after=None
[2024-11-20T03:53:22.305+0000] {logging_mixin.py:190} INFO - [2024-11-20T03:53:22.305+0000] {dag.py:4180} INFO - Setting next_dagrun for dataset_consumes_1_and_2 to None, run_after=None
[2024-11-20T03:53:22.308+0000] {logging_mixin.py:190} INFO - [2024-11-20T03:53:22.308+0000] {dag.py:4180} INFO - Setting next_dagrun for dataset_consumes_1_never_scheduled to None, run_after=None
[2024-11-20T03:53:22.310+0000] {logging_mixin.py:190} INFO - [2024-11-20T03:53:22.310+0000] {dag.py:4180} INFO - Setting next_dagrun for dataset_consumes_unknown_never_scheduled to None, run_after=None
[2024-11-20T03:53:22.314+0000] {logging_mixin.py:190} INFO - [2024-11-20T03:53:22.314+0000] {dag.py:4180} INFO - Setting next_dagrun for dataset_produces_1 to 2024-11-19 00:00:00+00:00, run_after=2024-11-20 00:00:00+00:00
[2024-11-20T03:53:22.317+0000] {logging_mixin.py:190} INFO - [2024-11-20T03:53:22.317+0000] {dag.py:4180} INFO - Setting next_dagrun for dataset_produces_2 to None, run_after=None
[2024-11-20T03:53:22.375+0000] {processor.py:208} INFO - Processing /home/airflow/.local/lib/python3.12/site-packages/airflow/example_dags/example_datasets.py took 1.242 seconds
[2024-11-20T03:53:52.563+0000] {processor.py:186} INFO - Started process (PID=708) to work on /home/airflow/.local/lib/python3.12/site-packages/airflow/example_dags/example_datasets.py
[2024-11-20T03:53:52.564+0000] {processor.py:914} INFO - Processing file /home/airflow/.local/lib/python3.12/site-packages/airflow/example_dags/example_datasets.py for tasks to queue
[2024-11-20T03:53:52.569+0000] {logging_mixin.py:190} INFO - [2024-11-20T03:53:52.568+0000] {dagbag.py:588} INFO - Filling up the DagBag from /home/airflow/.local/lib/python3.12/site-packages/airflow/example_dags/example_datasets.py
[2024-11-20T03:53:53.744+0000] {processor.py:925} INFO - DAG(s) 'conditional_dataset_and_time_based_timetable', 'dataset_consumes_unknown_never_scheduled', 'consume_1_and_2_with_dataset_expressions', 'dataset_consumes_1', 'dataset_produces_2', 'consume_1_or_2_with_dataset_expressions', 'dataset_consumes_1_and_2', 'dataset_produces_1', 'dataset_consumes_1_never_scheduled', 'consume_1_or_both_2_and_3_with_dataset_expressions' retrieved from /home/airflow/.local/lib/python3.12/site-packages/airflow/example_dags/example_datasets.py
[2024-11-20T03:53:53.841+0000] {logging_mixin.py:190} INFO - [2024-11-20T03:53:53.840+0000] {dag.py:3239} INFO - Sync 10 DAGs
[2024-11-20T03:53:53.886+0000] {logging_mixin.py:190} INFO - [2024-11-20T03:53:53.885+0000] {dag.py:4180} INFO - Setting next_dagrun for conditional_dataset_and_time_based_timetable to 2024-11-20 01:00:00+00:00, run_after=2024-11-20 01:00:00+00:00
[2024-11-20T03:53:53.895+0000] {logging_mixin.py:190} INFO - [2024-11-20T03:53:53.894+0000] {dag.py:4180} INFO - Setting next_dagrun for consume_1_and_2_with_dataset_expressions to None, run_after=None
[2024-11-20T03:53:53.898+0000] {logging_mixin.py:190} INFO - [2024-11-20T03:53:53.898+0000] {dag.py:4180} INFO - Setting next_dagrun for consume_1_or_2_with_dataset_expressions to None, run_after=None
[2024-11-20T03:53:53.903+0000] {logging_mixin.py:190} INFO - [2024-11-20T03:53:53.901+0000] {dag.py:4180} INFO - Setting next_dagrun for consume_1_or_both_2_and_3_with_dataset_expressions to None, run_after=None
[2024-11-20T03:53:53.906+0000] {logging_mixin.py:190} INFO - [2024-11-20T03:53:53.905+0000] {dag.py:4180} INFO - Setting next_dagrun for dataset_consumes_1 to None, run_after=None
[2024-11-20T03:53:53.909+0000] {logging_mixin.py:190} INFO - [2024-11-20T03:53:53.909+0000] {dag.py:4180} INFO - Setting next_dagrun for dataset_consumes_1_and_2 to None, run_after=None
[2024-11-20T03:53:53.913+0000] {logging_mixin.py:190} INFO - [2024-11-20T03:53:53.913+0000] {dag.py:4180} INFO - Setting next_dagrun for dataset_consumes_1_never_scheduled to None, run_after=None
[2024-11-20T03:53:53.917+0000] {logging_mixin.py:190} INFO - [2024-11-20T03:53:53.917+0000] {dag.py:4180} INFO - Setting next_dagrun for dataset_consumes_unknown_never_scheduled to None, run_after=None
[2024-11-20T03:53:53.923+0000] {logging_mixin.py:190} INFO - [2024-11-20T03:53:53.923+0000] {dag.py:4180} INFO - Setting next_dagrun for dataset_produces_1 to 2024-11-19 00:00:00+00:00, run_after=2024-11-20 00:00:00+00:00
[2024-11-20T03:53:53.926+0000] {logging_mixin.py:190} INFO - [2024-11-20T03:53:53.926+0000] {dag.py:4180} INFO - Setting next_dagrun for dataset_produces_2 to None, run_after=None
[2024-11-20T03:53:54.002+0000] {processor.py:208} INFO - Processing /home/airflow/.local/lib/python3.12/site-packages/airflow/example_dags/example_datasets.py took 1.456 seconds
[2024-11-20T03:54:26.009+0000] {processor.py:186} INFO - Started process (PID=766) to work on /home/airflow/.local/lib/python3.12/site-packages/airflow/example_dags/example_datasets.py
[2024-11-20T03:54:26.015+0000] {processor.py:914} INFO - Processing file /home/airflow/.local/lib/python3.12/site-packages/airflow/example_dags/example_datasets.py for tasks to queue
[2024-11-20T03:54:26.024+0000] {logging_mixin.py:190} INFO - [2024-11-20T03:54:26.023+0000] {dagbag.py:588} INFO - Filling up the DagBag from /home/airflow/.local/lib/python3.12/site-packages/airflow/example_dags/example_datasets.py
[2024-11-20T03:54:28.691+0000] {processor.py:925} INFO - DAG(s) 'conditional_dataset_and_time_based_timetable', 'consume_1_or_2_with_dataset_expressions', 'dataset_produces_2', 'dataset_consumes_1', 'dataset_produces_1', 'dataset_consumes_1_and_2', 'dataset_consumes_1_never_scheduled', 'dataset_consumes_unknown_never_scheduled', 'consume_1_and_2_with_dataset_expressions', 'consume_1_or_both_2_and_3_with_dataset_expressions' retrieved from /home/airflow/.local/lib/python3.12/site-packages/airflow/example_dags/example_datasets.py
[2024-11-20T03:54:28.918+0000] {logging_mixin.py:190} INFO - [2024-11-20T03:54:28.918+0000] {dag.py:3239} INFO - Sync 10 DAGs
[2024-11-20T03:54:29.027+0000] {logging_mixin.py:190} INFO - [2024-11-20T03:54:29.026+0000] {dag.py:4180} INFO - Setting next_dagrun for conditional_dataset_and_time_based_timetable to 2024-11-20 01:00:00+00:00, run_after=2024-11-20 01:00:00+00:00
[2024-11-20T03:54:29.053+0000] {logging_mixin.py:190} INFO - [2024-11-20T03:54:29.052+0000] {dag.py:4180} INFO - Setting next_dagrun for consume_1_and_2_with_dataset_expressions to None, run_after=None
[2024-11-20T03:54:29.059+0000] {logging_mixin.py:190} INFO - [2024-11-20T03:54:29.058+0000] {dag.py:4180} INFO - Setting next_dagrun for consume_1_or_2_with_dataset_expressions to None, run_after=None
[2024-11-20T03:54:29.062+0000] {logging_mixin.py:190} INFO - [2024-11-20T03:54:29.062+0000] {dag.py:4180} INFO - Setting next_dagrun for consume_1_or_both_2_and_3_with_dataset_expressions to None, run_after=None
[2024-11-20T03:54:29.069+0000] {logging_mixin.py:190} INFO - [2024-11-20T03:54:29.067+0000] {dag.py:4180} INFO - Setting next_dagrun for dataset_consumes_1 to None, run_after=None
[2024-11-20T03:54:29.074+0000] {logging_mixin.py:190} INFO - [2024-11-20T03:54:29.074+0000] {dag.py:4180} INFO - Setting next_dagrun for dataset_consumes_1_and_2 to None, run_after=None
[2024-11-20T03:54:29.079+0000] {logging_mixin.py:190} INFO - [2024-11-20T03:54:29.078+0000] {dag.py:4180} INFO - Setting next_dagrun for dataset_consumes_1_never_scheduled to None, run_after=None
[2024-11-20T03:54:29.082+0000] {logging_mixin.py:190} INFO - [2024-11-20T03:54:29.082+0000] {dag.py:4180} INFO - Setting next_dagrun for dataset_consumes_unknown_never_scheduled to None, run_after=None
[2024-11-20T03:54:29.093+0000] {logging_mixin.py:190} INFO - [2024-11-20T03:54:29.092+0000] {dag.py:4180} INFO - Setting next_dagrun for dataset_produces_1 to 2024-11-19 00:00:00+00:00, run_after=2024-11-20 00:00:00+00:00
[2024-11-20T03:54:29.097+0000] {logging_mixin.py:190} INFO - [2024-11-20T03:54:29.096+0000] {dag.py:4180} INFO - Setting next_dagrun for dataset_produces_2 to None, run_after=None
[2024-11-20T03:54:29.265+0000] {processor.py:208} INFO - Processing /home/airflow/.local/lib/python3.12/site-packages/airflow/example_dags/example_datasets.py took 3.273 seconds
[2024-11-20T03:54:59.382+0000] {processor.py:186} INFO - Started process (PID=834) to work on /home/airflow/.local/lib/python3.12/site-packages/airflow/example_dags/example_datasets.py
[2024-11-20T03:54:59.384+0000] {processor.py:914} INFO - Processing file /home/airflow/.local/lib/python3.12/site-packages/airflow/example_dags/example_datasets.py for tasks to queue
[2024-11-20T03:54:59.389+0000] {logging_mixin.py:190} INFO - [2024-11-20T03:54:59.388+0000] {dagbag.py:588} INFO - Filling up the DagBag from /home/airflow/.local/lib/python3.12/site-packages/airflow/example_dags/example_datasets.py
[2024-11-20T03:55:00.398+0000] {processor.py:925} INFO - DAG(s) 'dataset_consumes_1_and_2', 'dataset_consumes_1', 'dataset_produces_1', 'consume_1_or_both_2_and_3_with_dataset_expressions', 'dataset_consumes_1_never_scheduled', 'dataset_produces_2', 'consume_1_and_2_with_dataset_expressions', 'consume_1_or_2_with_dataset_expressions', 'conditional_dataset_and_time_based_timetable', 'dataset_consumes_unknown_never_scheduled' retrieved from /home/airflow/.local/lib/python3.12/site-packages/airflow/example_dags/example_datasets.py
[2024-11-20T03:55:00.486+0000] {logging_mixin.py:190} INFO - [2024-11-20T03:55:00.485+0000] {dag.py:3239} INFO - Sync 10 DAGs
[2024-11-20T03:55:00.522+0000] {logging_mixin.py:190} INFO - [2024-11-20T03:55:00.522+0000] {dag.py:4180} INFO - Setting next_dagrun for conditional_dataset_and_time_based_timetable to 2024-11-20 01:00:00+00:00, run_after=2024-11-20 01:00:00+00:00
[2024-11-20T03:55:00.528+0000] {logging_mixin.py:190} INFO - [2024-11-20T03:55:00.527+0000] {dag.py:4180} INFO - Setting next_dagrun for consume_1_and_2_with_dataset_expressions to None, run_after=None
[2024-11-20T03:55:00.530+0000] {logging_mixin.py:190} INFO - [2024-11-20T03:55:00.530+0000] {dag.py:4180} INFO - Setting next_dagrun for consume_1_or_2_with_dataset_expressions to None, run_after=None
[2024-11-20T03:55:00.533+0000] {logging_mixin.py:190} INFO - [2024-11-20T03:55:00.532+0000] {dag.py:4180} INFO - Setting next_dagrun for consume_1_or_both_2_and_3_with_dataset_expressions to None, run_after=None
[2024-11-20T03:55:00.535+0000] {logging_mixin.py:190} INFO - [2024-11-20T03:55:00.535+0000] {dag.py:4180} INFO - Setting next_dagrun for dataset_consumes_1 to None, run_after=None
[2024-11-20T03:55:00.538+0000] {logging_mixin.py:190} INFO - [2024-11-20T03:55:00.538+0000] {dag.py:4180} INFO - Setting next_dagrun for dataset_consumes_1_and_2 to None, run_after=None
[2024-11-20T03:55:00.540+0000] {logging_mixin.py:190} INFO - [2024-11-20T03:55:00.540+0000] {dag.py:4180} INFO - Setting next_dagrun for dataset_consumes_1_never_scheduled to None, run_after=None
[2024-11-20T03:55:00.543+0000] {logging_mixin.py:190} INFO - [2024-11-20T03:55:00.542+0000] {dag.py:4180} INFO - Setting next_dagrun for dataset_consumes_unknown_never_scheduled to None, run_after=None
[2024-11-20T03:55:00.547+0000] {logging_mixin.py:190} INFO - [2024-11-20T03:55:00.546+0000] {dag.py:4180} INFO - Setting next_dagrun for dataset_produces_1 to 2024-11-19 00:00:00+00:00, run_after=2024-11-20 00:00:00+00:00
[2024-11-20T03:55:00.550+0000] {logging_mixin.py:190} INFO - [2024-11-20T03:55:00.549+0000] {dag.py:4180} INFO - Setting next_dagrun for dataset_produces_2 to None, run_after=None
[2024-11-20T03:55:00.624+0000] {processor.py:208} INFO - Processing /home/airflow/.local/lib/python3.12/site-packages/airflow/example_dags/example_datasets.py took 1.251 seconds
[2024-11-20T03:55:30.965+0000] {processor.py:186} INFO - Started process (PID=898) to work on /home/airflow/.local/lib/python3.12/site-packages/airflow/example_dags/example_datasets.py
[2024-11-20T03:55:30.967+0000] {processor.py:914} INFO - Processing file /home/airflow/.local/lib/python3.12/site-packages/airflow/example_dags/example_datasets.py for tasks to queue
[2024-11-20T03:55:30.976+0000] {logging_mixin.py:190} INFO - [2024-11-20T03:55:30.973+0000] {dagbag.py:588} INFO - Filling up the DagBag from /home/airflow/.local/lib/python3.12/site-packages/airflow/example_dags/example_datasets.py
[2024-11-20T03:55:31.940+0000] {processor.py:925} INFO - DAG(s) 'dataset_consumes_unknown_never_scheduled', 'dataset_produces_2', 'consume_1_and_2_with_dataset_expressions', 'dataset_consumes_1_and_2', 'consume_1_or_both_2_and_3_with_dataset_expressions', 'conditional_dataset_and_time_based_timetable', 'dataset_consumes_1', 'dataset_consumes_1_never_scheduled', 'dataset_produces_1', 'consume_1_or_2_with_dataset_expressions' retrieved from /home/airflow/.local/lib/python3.12/site-packages/airflow/example_dags/example_datasets.py
[2024-11-20T03:55:32.011+0000] {logging_mixin.py:190} INFO - [2024-11-20T03:55:32.011+0000] {dag.py:3239} INFO - Sync 10 DAGs
[2024-11-20T03:55:32.049+0000] {logging_mixin.py:190} INFO - [2024-11-20T03:55:32.048+0000] {dag.py:4180} INFO - Setting next_dagrun for conditional_dataset_and_time_based_timetable to 2024-11-20 01:00:00+00:00, run_after=2024-11-20 01:00:00+00:00
[2024-11-20T03:55:32.054+0000] {logging_mixin.py:190} INFO - [2024-11-20T03:55:32.054+0000] {dag.py:4180} INFO - Setting next_dagrun for consume_1_and_2_with_dataset_expressions to None, run_after=None
[2024-11-20T03:55:32.057+0000] {logging_mixin.py:190} INFO - [2024-11-20T03:55:32.056+0000] {dag.py:4180} INFO - Setting next_dagrun for consume_1_or_2_with_dataset_expressions to None, run_after=None
[2024-11-20T03:55:32.059+0000] {logging_mixin.py:190} INFO - [2024-11-20T03:55:32.059+0000] {dag.py:4180} INFO - Setting next_dagrun for consume_1_or_both_2_and_3_with_dataset_expressions to None, run_after=None
[2024-11-20T03:55:32.062+0000] {logging_mixin.py:190} INFO - [2024-11-20T03:55:32.061+0000] {dag.py:4180} INFO - Setting next_dagrun for dataset_consumes_1 to None, run_after=None
[2024-11-20T03:55:32.064+0000] {logging_mixin.py:190} INFO - [2024-11-20T03:55:32.064+0000] {dag.py:4180} INFO - Setting next_dagrun for dataset_consumes_1_and_2 to None, run_after=None
[2024-11-20T03:55:32.066+0000] {logging_mixin.py:190} INFO - [2024-11-20T03:55:32.066+0000] {dag.py:4180} INFO - Setting next_dagrun for dataset_consumes_1_never_scheduled to None, run_after=None
[2024-11-20T03:55:32.069+0000] {logging_mixin.py:190} INFO - [2024-11-20T03:55:32.069+0000] {dag.py:4180} INFO - Setting next_dagrun for dataset_consumes_unknown_never_scheduled to None, run_after=None
[2024-11-20T03:55:32.073+0000] {logging_mixin.py:190} INFO - [2024-11-20T03:55:32.073+0000] {dag.py:4180} INFO - Setting next_dagrun for dataset_produces_1 to 2024-11-19 00:00:00+00:00, run_after=2024-11-20 00:00:00+00:00
[2024-11-20T03:55:32.076+0000] {logging_mixin.py:190} INFO - [2024-11-20T03:55:32.075+0000] {dag.py:4180} INFO - Setting next_dagrun for dataset_produces_2 to None, run_after=None
[2024-11-20T03:55:32.142+0000] {processor.py:208} INFO - Processing /home/airflow/.local/lib/python3.12/site-packages/airflow/example_dags/example_datasets.py took 1.193 seconds
[2024-11-20T03:56:02.224+0000] {processor.py:186} INFO - Started process (PID=961) to work on /home/airflow/.local/lib/python3.12/site-packages/airflow/example_dags/example_datasets.py
[2024-11-20T03:56:02.226+0000] {processor.py:914} INFO - Processing file /home/airflow/.local/lib/python3.12/site-packages/airflow/example_dags/example_datasets.py for tasks to queue
[2024-11-20T03:56:02.229+0000] {logging_mixin.py:190} INFO - [2024-11-20T03:56:02.228+0000] {dagbag.py:588} INFO - Filling up the DagBag from /home/airflow/.local/lib/python3.12/site-packages/airflow/example_dags/example_datasets.py
[2024-11-20T03:56:03.092+0000] {processor.py:925} INFO - DAG(s) 'dataset_consumes_1_never_scheduled', 'dataset_produces_1', 'consume_1_or_2_with_dataset_expressions', 'dataset_consumes_1_and_2', 'dataset_consumes_unknown_never_scheduled', 'dataset_consumes_1', 'consume_1_and_2_with_dataset_expressions', 'conditional_dataset_and_time_based_timetable', 'dataset_produces_2', 'consume_1_or_both_2_and_3_with_dataset_expressions' retrieved from /home/airflow/.local/lib/python3.12/site-packages/airflow/example_dags/example_datasets.py
[2024-11-20T03:56:03.161+0000] {logging_mixin.py:190} INFO - [2024-11-20T03:56:03.161+0000] {dag.py:3239} INFO - Sync 10 DAGs
[2024-11-20T03:56:03.200+0000] {logging_mixin.py:190} INFO - [2024-11-20T03:56:03.199+0000] {dag.py:4180} INFO - Setting next_dagrun for conditional_dataset_and_time_based_timetable to 2024-11-20 01:00:00+00:00, run_after=2024-11-20 01:00:00+00:00
[2024-11-20T03:56:03.206+0000] {logging_mixin.py:190} INFO - [2024-11-20T03:56:03.206+0000] {dag.py:4180} INFO - Setting next_dagrun for consume_1_and_2_with_dataset_expressions to None, run_after=None
[2024-11-20T03:56:03.209+0000] {logging_mixin.py:190} INFO - [2024-11-20T03:56:03.209+0000] {dag.py:4180} INFO - Setting next_dagrun for consume_1_or_2_with_dataset_expressions to None, run_after=None
[2024-11-20T03:56:03.211+0000] {logging_mixin.py:190} INFO - [2024-11-20T03:56:03.211+0000] {dag.py:4180} INFO - Setting next_dagrun for consume_1_or_both_2_and_3_with_dataset_expressions to None, run_after=None
[2024-11-20T03:56:03.214+0000] {logging_mixin.py:190} INFO - [2024-11-20T03:56:03.214+0000] {dag.py:4180} INFO - Setting next_dagrun for dataset_consumes_1 to None, run_after=None
[2024-11-20T03:56:03.216+0000] {logging_mixin.py:190} INFO - [2024-11-20T03:56:03.216+0000] {dag.py:4180} INFO - Setting next_dagrun for dataset_consumes_1_and_2 to None, run_after=None
[2024-11-20T03:56:03.219+0000] {logging_mixin.py:190} INFO - [2024-11-20T03:56:03.218+0000] {dag.py:4180} INFO - Setting next_dagrun for dataset_consumes_1_never_scheduled to None, run_after=None
[2024-11-20T03:56:03.222+0000] {logging_mixin.py:190} INFO - [2024-11-20T03:56:03.221+0000] {dag.py:4180} INFO - Setting next_dagrun for dataset_consumes_unknown_never_scheduled to None, run_after=None
[2024-11-20T03:56:03.227+0000] {logging_mixin.py:190} INFO - [2024-11-20T03:56:03.227+0000] {dag.py:4180} INFO - Setting next_dagrun for dataset_produces_1 to 2024-11-19 00:00:00+00:00, run_after=2024-11-20 00:00:00+00:00
[2024-11-20T03:56:03.230+0000] {logging_mixin.py:190} INFO - [2024-11-20T03:56:03.229+0000] {dag.py:4180} INFO - Setting next_dagrun for dataset_produces_2 to None, run_after=None
[2024-11-20T03:56:03.292+0000] {processor.py:208} INFO - Processing /home/airflow/.local/lib/python3.12/site-packages/airflow/example_dags/example_datasets.py took 1.076 seconds
[2024-11-20T03:56:33.931+0000] {processor.py:186} INFO - Started process (PID=1024) to work on /home/airflow/.local/lib/python3.12/site-packages/airflow/example_dags/example_datasets.py
[2024-11-20T03:56:33.935+0000] {processor.py:914} INFO - Processing file /home/airflow/.local/lib/python3.12/site-packages/airflow/example_dags/example_datasets.py for tasks to queue
[2024-11-20T03:56:33.954+0000] {logging_mixin.py:190} INFO - [2024-11-20T03:56:33.953+0000] {dagbag.py:588} INFO - Filling up the DagBag from /home/airflow/.local/lib/python3.12/site-packages/airflow/example_dags/example_datasets.py
[2024-11-20T03:56:35.090+0000] {processor.py:925} INFO - DAG(s) 'dataset_consumes_1_never_scheduled', 'dataset_consumes_1', 'consume_1_and_2_with_dataset_expressions', 'consume_1_or_2_with_dataset_expressions', 'dataset_produces_1', 'dataset_consumes_unknown_never_scheduled', 'conditional_dataset_and_time_based_timetable', 'consume_1_or_both_2_and_3_with_dataset_expressions', 'dataset_produces_2', 'dataset_consumes_1_and_2' retrieved from /home/airflow/.local/lib/python3.12/site-packages/airflow/example_dags/example_datasets.py
[2024-11-20T03:56:35.156+0000] {logging_mixin.py:190} INFO - [2024-11-20T03:56:35.155+0000] {dag.py:3239} INFO - Sync 10 DAGs
[2024-11-20T03:56:35.195+0000] {logging_mixin.py:190} INFO - [2024-11-20T03:56:35.194+0000] {dag.py:4180} INFO - Setting next_dagrun for conditional_dataset_and_time_based_timetable to 2024-11-20 01:00:00+00:00, run_after=2024-11-20 01:00:00+00:00
[2024-11-20T03:56:35.201+0000] {logging_mixin.py:190} INFO - [2024-11-20T03:56:35.201+0000] {dag.py:4180} INFO - Setting next_dagrun for consume_1_and_2_with_dataset_expressions to None, run_after=None
[2024-11-20T03:56:35.204+0000] {logging_mixin.py:190} INFO - [2024-11-20T03:56:35.204+0000] {dag.py:4180} INFO - Setting next_dagrun for consume_1_or_2_with_dataset_expressions to None, run_after=None
[2024-11-20T03:56:35.207+0000] {logging_mixin.py:190} INFO - [2024-11-20T03:56:35.206+0000] {dag.py:4180} INFO - Setting next_dagrun for consume_1_or_both_2_and_3_with_dataset_expressions to None, run_after=None
[2024-11-20T03:56:35.209+0000] {logging_mixin.py:190} INFO - [2024-11-20T03:56:35.209+0000] {dag.py:4180} INFO - Setting next_dagrun for dataset_consumes_1 to None, run_after=None
[2024-11-20T03:56:35.212+0000] {logging_mixin.py:190} INFO - [2024-11-20T03:56:35.211+0000] {dag.py:4180} INFO - Setting next_dagrun for dataset_consumes_1_and_2 to None, run_after=None
[2024-11-20T03:56:35.214+0000] {logging_mixin.py:190} INFO - [2024-11-20T03:56:35.214+0000] {dag.py:4180} INFO - Setting next_dagrun for dataset_consumes_1_never_scheduled to None, run_after=None
[2024-11-20T03:56:35.217+0000] {logging_mixin.py:190} INFO - [2024-11-20T03:56:35.217+0000] {dag.py:4180} INFO - Setting next_dagrun for dataset_consumes_unknown_never_scheduled to None, run_after=None
[2024-11-20T03:56:35.221+0000] {logging_mixin.py:190} INFO - [2024-11-20T03:56:35.221+0000] {dag.py:4180} INFO - Setting next_dagrun for dataset_produces_1 to 2024-11-19 00:00:00+00:00, run_after=2024-11-20 00:00:00+00:00
[2024-11-20T03:56:35.224+0000] {logging_mixin.py:190} INFO - [2024-11-20T03:56:35.224+0000] {dag.py:4180} INFO - Setting next_dagrun for dataset_produces_2 to None, run_after=None
[2024-11-20T03:56:35.296+0000] {processor.py:208} INFO - Processing /home/airflow/.local/lib/python3.12/site-packages/airflow/example_dags/example_datasets.py took 1.379 seconds
[2024-11-20T03:57:07.212+0000] {processor.py:186} INFO - Started process (PID=1086) to work on /home/airflow/.local/lib/python3.12/site-packages/airflow/example_dags/example_datasets.py
[2024-11-20T03:57:07.214+0000] {processor.py:914} INFO - Processing file /home/airflow/.local/lib/python3.12/site-packages/airflow/example_dags/example_datasets.py for tasks to queue
[2024-11-20T03:57:07.219+0000] {logging_mixin.py:190} INFO - [2024-11-20T03:57:07.218+0000] {dagbag.py:588} INFO - Filling up the DagBag from /home/airflow/.local/lib/python3.12/site-packages/airflow/example_dags/example_datasets.py
[2024-11-20T03:57:09.350+0000] {processor.py:925} INFO - DAG(s) 'consume_1_or_2_with_dataset_expressions', 'dataset_consumes_1_never_scheduled', 'consume_1_or_both_2_and_3_with_dataset_expressions', 'dataset_consumes_1', 'conditional_dataset_and_time_based_timetable', 'dataset_produces_2', 'dataset_consumes_1_and_2', 'consume_1_and_2_with_dataset_expressions', 'dataset_produces_1', 'dataset_consumes_unknown_never_scheduled' retrieved from /home/airflow/.local/lib/python3.12/site-packages/airflow/example_dags/example_datasets.py
[2024-11-20T03:57:09.608+0000] {logging_mixin.py:190} INFO - [2024-11-20T03:57:09.607+0000] {dag.py:3239} INFO - Sync 10 DAGs
[2024-11-20T03:57:09.693+0000] {logging_mixin.py:190} INFO - [2024-11-20T03:57:09.692+0000] {dag.py:4180} INFO - Setting next_dagrun for conditional_dataset_and_time_based_timetable to 2024-11-20 01:00:00+00:00, run_after=2024-11-20 01:00:00+00:00
[2024-11-20T03:57:09.705+0000] {logging_mixin.py:190} INFO - [2024-11-20T03:57:09.704+0000] {dag.py:4180} INFO - Setting next_dagrun for consume_1_and_2_with_dataset_expressions to None, run_after=None
[2024-11-20T03:57:09.709+0000] {logging_mixin.py:190} INFO - [2024-11-20T03:57:09.708+0000] {dag.py:4180} INFO - Setting next_dagrun for consume_1_or_2_with_dataset_expressions to None, run_after=None
[2024-11-20T03:57:09.717+0000] {logging_mixin.py:190} INFO - [2024-11-20T03:57:09.717+0000] {dag.py:4180} INFO - Setting next_dagrun for consume_1_or_both_2_and_3_with_dataset_expressions to None, run_after=None
[2024-11-20T03:57:09.721+0000] {logging_mixin.py:190} INFO - [2024-11-20T03:57:09.720+0000] {dag.py:4180} INFO - Setting next_dagrun for dataset_consumes_1 to None, run_after=None
[2024-11-20T03:57:09.733+0000] {logging_mixin.py:190} INFO - [2024-11-20T03:57:09.727+0000] {dag.py:4180} INFO - Setting next_dagrun for dataset_consumes_1_and_2 to None, run_after=None
[2024-11-20T03:57:09.738+0000] {logging_mixin.py:190} INFO - [2024-11-20T03:57:09.737+0000] {dag.py:4180} INFO - Setting next_dagrun for dataset_consumes_1_never_scheduled to None, run_after=None
[2024-11-20T03:57:09.747+0000] {logging_mixin.py:190} INFO - [2024-11-20T03:57:09.746+0000] {dag.py:4180} INFO - Setting next_dagrun for dataset_consumes_unknown_never_scheduled to None, run_after=None
[2024-11-20T03:57:09.756+0000] {logging_mixin.py:190} INFO - [2024-11-20T03:57:09.756+0000] {dag.py:4180} INFO - Setting next_dagrun for dataset_produces_1 to 2024-11-19 00:00:00+00:00, run_after=2024-11-20 00:00:00+00:00
[2024-11-20T03:57:09.763+0000] {logging_mixin.py:190} INFO - [2024-11-20T03:57:09.762+0000] {dag.py:4180} INFO - Setting next_dagrun for dataset_produces_2 to None, run_after=None
[2024-11-20T03:57:09.923+0000] {processor.py:208} INFO - Processing /home/airflow/.local/lib/python3.12/site-packages/airflow/example_dags/example_datasets.py took 2.730 seconds
[2024-11-20T03:57:40.379+0000] {processor.py:186} INFO - Started process (PID=1150) to work on /home/airflow/.local/lib/python3.12/site-packages/airflow/example_dags/example_datasets.py
[2024-11-20T03:57:40.380+0000] {processor.py:914} INFO - Processing file /home/airflow/.local/lib/python3.12/site-packages/airflow/example_dags/example_datasets.py for tasks to queue
[2024-11-20T03:57:40.385+0000] {logging_mixin.py:190} INFO - [2024-11-20T03:57:40.384+0000] {dagbag.py:588} INFO - Filling up the DagBag from /home/airflow/.local/lib/python3.12/site-packages/airflow/example_dags/example_datasets.py
[2024-11-20T03:57:41.507+0000] {processor.py:925} INFO - DAG(s) 'dataset_consumes_1_never_scheduled', 'dataset_consumes_1', 'consume_1_or_both_2_and_3_with_dataset_expressions', 'dataset_produces_2', 'dataset_consumes_1_and_2', 'consume_1_or_2_with_dataset_expressions', 'dataset_consumes_unknown_never_scheduled', 'consume_1_and_2_with_dataset_expressions', 'conditional_dataset_and_time_based_timetable', 'dataset_produces_1' retrieved from /home/airflow/.local/lib/python3.12/site-packages/airflow/example_dags/example_datasets.py
[2024-11-20T03:57:41.625+0000] {logging_mixin.py:190} INFO - [2024-11-20T03:57:41.625+0000] {dag.py:3239} INFO - Sync 10 DAGs
[2024-11-20T03:57:41.687+0000] {logging_mixin.py:190} INFO - [2024-11-20T03:57:41.686+0000] {dag.py:4180} INFO - Setting next_dagrun for conditional_dataset_and_time_based_timetable to 2024-11-20 01:00:00+00:00, run_after=2024-11-20 01:00:00+00:00
[2024-11-20T03:57:41.699+0000] {logging_mixin.py:190} INFO - [2024-11-20T03:57:41.699+0000] {dag.py:4180} INFO - Setting next_dagrun for consume_1_and_2_with_dataset_expressions to None, run_after=None
[2024-11-20T03:57:41.703+0000] {logging_mixin.py:190} INFO - [2024-11-20T03:57:41.703+0000] {dag.py:4180} INFO - Setting next_dagrun for consume_1_or_2_with_dataset_expressions to None, run_after=None
[2024-11-20T03:57:41.707+0000] {logging_mixin.py:190} INFO - [2024-11-20T03:57:41.706+0000] {dag.py:4180} INFO - Setting next_dagrun for consume_1_or_both_2_and_3_with_dataset_expressions to None, run_after=None
[2024-11-20T03:57:41.714+0000] {logging_mixin.py:190} INFO - [2024-11-20T03:57:41.714+0000] {dag.py:4180} INFO - Setting next_dagrun for dataset_consumes_1 to None, run_after=None
[2024-11-20T03:57:41.718+0000] {logging_mixin.py:190} INFO - [2024-11-20T03:57:41.718+0000] {dag.py:4180} INFO - Setting next_dagrun for dataset_consumes_1_and_2 to None, run_after=None
[2024-11-20T03:57:41.721+0000] {logging_mixin.py:190} INFO - [2024-11-20T03:57:41.720+0000] {dag.py:4180} INFO - Setting next_dagrun for dataset_consumes_1_never_scheduled to None, run_after=None
[2024-11-20T03:57:41.727+0000] {logging_mixin.py:190} INFO - [2024-11-20T03:57:41.727+0000] {dag.py:4180} INFO - Setting next_dagrun for dataset_consumes_unknown_never_scheduled to None, run_after=None
[2024-11-20T03:57:41.732+0000] {logging_mixin.py:190} INFO - [2024-11-20T03:57:41.732+0000] {dag.py:4180} INFO - Setting next_dagrun for dataset_produces_1 to 2024-11-19 00:00:00+00:00, run_after=2024-11-20 00:00:00+00:00
[2024-11-20T03:57:41.735+0000] {logging_mixin.py:190} INFO - [2024-11-20T03:57:41.734+0000] {dag.py:4180} INFO - Setting next_dagrun for dataset_produces_2 to None, run_after=None
[2024-11-20T03:57:41.801+0000] {processor.py:208} INFO - Processing /home/airflow/.local/lib/python3.12/site-packages/airflow/example_dags/example_datasets.py took 1.432 seconds
[2024-11-20T03:58:12.356+0000] {processor.py:186} INFO - Started process (PID=1213) to work on /home/airflow/.local/lib/python3.12/site-packages/airflow/example_dags/example_datasets.py
[2024-11-20T03:58:12.357+0000] {processor.py:914} INFO - Processing file /home/airflow/.local/lib/python3.12/site-packages/airflow/example_dags/example_datasets.py for tasks to queue
[2024-11-20T03:58:12.362+0000] {logging_mixin.py:190} INFO - [2024-11-20T03:58:12.361+0000] {dagbag.py:588} INFO - Filling up the DagBag from /home/airflow/.local/lib/python3.12/site-packages/airflow/example_dags/example_datasets.py
[2024-11-20T03:58:13.426+0000] {processor.py:925} INFO - DAG(s) 'dataset_consumes_1', 'dataset_produces_1', 'consume_1_or_both_2_and_3_with_dataset_expressions', 'dataset_consumes_1_never_scheduled', 'dataset_consumes_unknown_never_scheduled', 'conditional_dataset_and_time_based_timetable', 'consume_1_and_2_with_dataset_expressions', 'dataset_produces_2', 'dataset_consumes_1_and_2', 'consume_1_or_2_with_dataset_expressions' retrieved from /home/airflow/.local/lib/python3.12/site-packages/airflow/example_dags/example_datasets.py
[2024-11-20T03:58:13.524+0000] {logging_mixin.py:190} INFO - [2024-11-20T03:58:13.524+0000] {dag.py:3239} INFO - Sync 10 DAGs
[2024-11-20T03:58:13.574+0000] {logging_mixin.py:190} INFO - [2024-11-20T03:58:13.574+0000] {dag.py:4180} INFO - Setting next_dagrun for conditional_dataset_and_time_based_timetable to 2024-11-20 01:00:00+00:00, run_after=2024-11-20 01:00:00+00:00
[2024-11-20T03:58:13.584+0000] {logging_mixin.py:190} INFO - [2024-11-20T03:58:13.583+0000] {dag.py:4180} INFO - Setting next_dagrun for consume_1_and_2_with_dataset_expressions to None, run_after=None
[2024-11-20T03:58:13.587+0000] {logging_mixin.py:190} INFO - [2024-11-20T03:58:13.586+0000] {dag.py:4180} INFO - Setting next_dagrun for consume_1_or_2_with_dataset_expressions to None, run_after=None
[2024-11-20T03:58:13.591+0000] {logging_mixin.py:190} INFO - [2024-11-20T03:58:13.591+0000] {dag.py:4180} INFO - Setting next_dagrun for consume_1_or_both_2_and_3_with_dataset_expressions to None, run_after=None
[2024-11-20T03:58:13.596+0000] {logging_mixin.py:190} INFO - [2024-11-20T03:58:13.595+0000] {dag.py:4180} INFO - Setting next_dagrun for dataset_consumes_1 to None, run_after=None
[2024-11-20T03:58:13.603+0000] {logging_mixin.py:190} INFO - [2024-11-20T03:58:13.603+0000] {dag.py:4180} INFO - Setting next_dagrun for dataset_consumes_1_and_2 to None, run_after=None
[2024-11-20T03:58:13.606+0000] {logging_mixin.py:190} INFO - [2024-11-20T03:58:13.606+0000] {dag.py:4180} INFO - Setting next_dagrun for dataset_consumes_1_never_scheduled to None, run_after=None
[2024-11-20T03:58:13.612+0000] {logging_mixin.py:190} INFO - [2024-11-20T03:58:13.612+0000] {dag.py:4180} INFO - Setting next_dagrun for dataset_consumes_unknown_never_scheduled to None, run_after=None
[2024-11-20T03:58:13.622+0000] {logging_mixin.py:190} INFO - [2024-11-20T03:58:13.622+0000] {dag.py:4180} INFO - Setting next_dagrun for dataset_produces_1 to 2024-11-19 00:00:00+00:00, run_after=2024-11-20 00:00:00+00:00
[2024-11-20T03:58:13.626+0000] {logging_mixin.py:190} INFO - [2024-11-20T03:58:13.625+0000] {dag.py:4180} INFO - Setting next_dagrun for dataset_produces_2 to None, run_after=None
[2024-11-20T03:58:13.701+0000] {processor.py:208} INFO - Processing /home/airflow/.local/lib/python3.12/site-packages/airflow/example_dags/example_datasets.py took 1.354 seconds
[2024-11-20T03:58:44.171+0000] {processor.py:186} INFO - Started process (PID=1276) to work on /home/airflow/.local/lib/python3.12/site-packages/airflow/example_dags/example_datasets.py
[2024-11-20T03:58:44.173+0000] {processor.py:914} INFO - Processing file /home/airflow/.local/lib/python3.12/site-packages/airflow/example_dags/example_datasets.py for tasks to queue
[2024-11-20T03:58:44.178+0000] {logging_mixin.py:190} INFO - [2024-11-20T03:58:44.177+0000] {dagbag.py:588} INFO - Filling up the DagBag from /home/airflow/.local/lib/python3.12/site-packages/airflow/example_dags/example_datasets.py
[2024-11-20T03:58:45.266+0000] {processor.py:925} INFO - DAG(s) 'dataset_produces_1', 'conditional_dataset_and_time_based_timetable', 'dataset_consumes_unknown_never_scheduled', 'dataset_consumes_1_and_2', 'dataset_consumes_1_never_scheduled', 'consume_1_and_2_with_dataset_expressions', 'dataset_consumes_1', 'consume_1_or_2_with_dataset_expressions', 'consume_1_or_both_2_and_3_with_dataset_expressions', 'dataset_produces_2' retrieved from /home/airflow/.local/lib/python3.12/site-packages/airflow/example_dags/example_datasets.py
[2024-11-20T03:58:45.357+0000] {logging_mixin.py:190} INFO - [2024-11-20T03:58:45.357+0000] {dag.py:3239} INFO - Sync 10 DAGs
[2024-11-20T03:58:45.411+0000] {logging_mixin.py:190} INFO - [2024-11-20T03:58:45.411+0000] {dag.py:4180} INFO - Setting next_dagrun for conditional_dataset_and_time_based_timetable to 2024-11-20 01:00:00+00:00, run_after=2024-11-20 01:00:00+00:00
[2024-11-20T03:58:45.417+0000] {logging_mixin.py:190} INFO - [2024-11-20T03:58:45.416+0000] {dag.py:4180} INFO - Setting next_dagrun for consume_1_and_2_with_dataset_expressions to None, run_after=None
[2024-11-20T03:58:45.420+0000] {logging_mixin.py:190} INFO - [2024-11-20T03:58:45.419+0000] {dag.py:4180} INFO - Setting next_dagrun for consume_1_or_2_with_dataset_expressions to None, run_after=None
[2024-11-20T03:58:45.423+0000] {logging_mixin.py:190} INFO - [2024-11-20T03:58:45.422+0000] {dag.py:4180} INFO - Setting next_dagrun for consume_1_or_both_2_and_3_with_dataset_expressions to None, run_after=None
[2024-11-20T03:58:45.426+0000] {logging_mixin.py:190} INFO - [2024-11-20T03:58:45.425+0000] {dag.py:4180} INFO - Setting next_dagrun for dataset_consumes_1 to None, run_after=None
[2024-11-20T03:58:45.429+0000] {logging_mixin.py:190} INFO - [2024-11-20T03:58:45.429+0000] {dag.py:4180} INFO - Setting next_dagrun for dataset_consumes_1_and_2 to None, run_after=None
[2024-11-20T03:58:45.432+0000] {logging_mixin.py:190} INFO - [2024-11-20T03:58:45.432+0000] {dag.py:4180} INFO - Setting next_dagrun for dataset_consumes_1_never_scheduled to None, run_after=None
[2024-11-20T03:58:45.436+0000] {logging_mixin.py:190} INFO - [2024-11-20T03:58:45.436+0000] {dag.py:4180} INFO - Setting next_dagrun for dataset_consumes_unknown_never_scheduled to None, run_after=None
[2024-11-20T03:58:45.442+0000] {logging_mixin.py:190} INFO - [2024-11-20T03:58:45.442+0000] {dag.py:4180} INFO - Setting next_dagrun for dataset_produces_1 to 2024-11-19 00:00:00+00:00, run_after=2024-11-20 00:00:00+00:00
[2024-11-20T03:58:45.444+0000] {logging_mixin.py:190} INFO - [2024-11-20T03:58:45.444+0000] {dag.py:4180} INFO - Setting next_dagrun for dataset_produces_2 to None, run_after=None
[2024-11-20T03:58:45.498+0000] {processor.py:208} INFO - Processing /home/airflow/.local/lib/python3.12/site-packages/airflow/example_dags/example_datasets.py took 1.338 seconds
[2024-11-20T03:59:15.743+0000] {processor.py:186} INFO - Started process (PID=1339) to work on /home/airflow/.local/lib/python3.12/site-packages/airflow/example_dags/example_datasets.py
[2024-11-20T03:59:15.745+0000] {processor.py:914} INFO - Processing file /home/airflow/.local/lib/python3.12/site-packages/airflow/example_dags/example_datasets.py for tasks to queue
[2024-11-20T03:59:15.749+0000] {logging_mixin.py:190} INFO - [2024-11-20T03:59:15.749+0000] {dagbag.py:588} INFO - Filling up the DagBag from /home/airflow/.local/lib/python3.12/site-packages/airflow/example_dags/example_datasets.py
[2024-11-20T03:59:16.873+0000] {processor.py:925} INFO - DAG(s) 'dataset_consumes_1_never_scheduled', 'consume_1_or_both_2_and_3_with_dataset_expressions', 'dataset_produces_2', 'consume_1_and_2_with_dataset_expressions', 'consume_1_or_2_with_dataset_expressions', 'conditional_dataset_and_time_based_timetable', 'dataset_produces_1', 'dataset_consumes_1_and_2', 'dataset_consumes_1', 'dataset_consumes_unknown_never_scheduled' retrieved from /home/airflow/.local/lib/python3.12/site-packages/airflow/example_dags/example_datasets.py
[2024-11-20T03:59:16.969+0000] {logging_mixin.py:190} INFO - [2024-11-20T03:59:16.969+0000] {dag.py:3239} INFO - Sync 10 DAGs
[2024-11-20T03:59:17.633+0000] {logging_mixin.py:190} INFO - [2024-11-20T03:59:17.633+0000] {dag.py:4180} INFO - Setting next_dagrun for conditional_dataset_and_time_based_timetable to 2024-11-20 01:00:00+00:00, run_after=2024-11-20 01:00:00+00:00
[2024-11-20T03:59:17.644+0000] {logging_mixin.py:190} INFO - [2024-11-20T03:59:17.643+0000] {dag.py:4180} INFO - Setting next_dagrun for consume_1_and_2_with_dataset_expressions to None, run_after=None
[2024-11-20T03:59:17.647+0000] {logging_mixin.py:190} INFO - [2024-11-20T03:59:17.646+0000] {dag.py:4180} INFO - Setting next_dagrun for consume_1_or_2_with_dataset_expressions to None, run_after=None
[2024-11-20T03:59:17.650+0000] {logging_mixin.py:190} INFO - [2024-11-20T03:59:17.649+0000] {dag.py:4180} INFO - Setting next_dagrun for consume_1_or_both_2_and_3_with_dataset_expressions to None, run_after=None
[2024-11-20T03:59:17.652+0000] {logging_mixin.py:190} INFO - [2024-11-20T03:59:17.652+0000] {dag.py:4180} INFO - Setting next_dagrun for dataset_consumes_1 to None, run_after=None
[2024-11-20T03:59:17.656+0000] {logging_mixin.py:190} INFO - [2024-11-20T03:59:17.655+0000] {dag.py:4180} INFO - Setting next_dagrun for dataset_consumes_1_and_2 to None, run_after=None
[2024-11-20T03:59:17.661+0000] {logging_mixin.py:190} INFO - [2024-11-20T03:59:17.660+0000] {dag.py:4180} INFO - Setting next_dagrun for dataset_consumes_1_never_scheduled to None, run_after=None
[2024-11-20T03:59:17.664+0000] {logging_mixin.py:190} INFO - [2024-11-20T03:59:17.664+0000] {dag.py:4180} INFO - Setting next_dagrun for dataset_consumes_unknown_never_scheduled to None, run_after=None
[2024-11-20T03:59:17.668+0000] {logging_mixin.py:190} INFO - [2024-11-20T03:59:17.667+0000] {dag.py:4180} INFO - Setting next_dagrun for dataset_produces_1 to 2024-11-19 00:00:00+00:00, run_after=2024-11-20 00:00:00+00:00
[2024-11-20T03:59:17.671+0000] {logging_mixin.py:190} INFO - [2024-11-20T03:59:17.670+0000] {dag.py:4180} INFO - Setting next_dagrun for dataset_produces_2 to None, run_after=None
[2024-11-20T03:59:17.743+0000] {processor.py:208} INFO - Processing /home/airflow/.local/lib/python3.12/site-packages/airflow/example_dags/example_datasets.py took 1.410 seconds
