[2024-11-20T03:48:34.023+0000] {processor.py:186} INFO - Started process (PID=113) to work on /home/airflow/.local/lib/python3.12/site-packages/airflow/example_dags/example_xcomargs.py
[2024-11-20T03:48:34.030+0000] {processor.py:914} INFO - Processing file /home/airflow/.local/lib/python3.12/site-packages/airflow/example_dags/example_xcomargs.py for tasks to queue
[2024-11-20T03:48:34.043+0000] {logging_mixin.py:190} INFO - [2024-11-20T03:48:34.042+0000] {dagbag.py:588} INFO - Filling up the DagBag from /home/airflow/.local/lib/python3.12/site-packages/airflow/example_dags/example_xcomargs.py
[2024-11-20T03:48:34.421+0000] {processor.py:925} INFO - DAG(s) 'example_xcom_args_with_operators', 'example_xcom_args' retrieved from /home/airflow/.local/lib/python3.12/site-packages/airflow/example_dags/example_xcomargs.py
[2024-11-20T03:48:36.660+0000] {logging_mixin.py:190} INFO - [2024-11-20T03:48:36.658+0000] {override.py:1911} INFO - Created Permission View: can read on DAG:example_xcom_args_with_operators
[2024-11-20T03:48:36.858+0000] {logging_mixin.py:190} INFO - [2024-11-20T03:48:36.857+0000] {override.py:1911} INFO - Created Permission View: can edit on DAG:example_xcom_args_with_operators
[2024-11-20T03:48:36.991+0000] {logging_mixin.py:190} INFO - [2024-11-20T03:48:36.990+0000] {override.py:1911} INFO - Created Permission View: can delete on DAG:example_xcom_args_with_operators
[2024-11-20T03:48:37.106+0000] {logging_mixin.py:190} INFO - [2024-11-20T03:48:37.105+0000] {override.py:1911} INFO - Created Permission View: menu access on DAG Run:example_xcom_args_with_operators
[2024-11-20T03:48:37.170+0000] {logging_mixin.py:190} INFO - [2024-11-20T03:48:37.170+0000] {override.py:1911} INFO - Created Permission View: can read on DAG Run:example_xcom_args_with_operators
[2024-11-20T03:48:37.228+0000] {logging_mixin.py:190} INFO - [2024-11-20T03:48:37.227+0000] {override.py:1911} INFO - Created Permission View: can delete on DAG Run:example_xcom_args_with_operators
[2024-11-20T03:48:37.707+0000] {logging_mixin.py:190} INFO - [2024-11-20T03:48:37.707+0000] {override.py:1911} INFO - Created Permission View: can create on DAG Run:example_xcom_args_with_operators
[2024-11-20T03:48:37.771+0000] {logging_mixin.py:190} INFO - [2024-11-20T03:48:37.771+0000] {override.py:1911} INFO - Created Permission View: can read on DAG:example_xcom_args
[2024-11-20T03:48:37.891+0000] {logging_mixin.py:190} INFO - [2024-11-20T03:48:37.890+0000] {override.py:1911} INFO - Created Permission View: can edit on DAG:example_xcom_args
[2024-11-20T03:48:37.941+0000] {logging_mixin.py:190} INFO - [2024-11-20T03:48:37.940+0000] {override.py:1911} INFO - Created Permission View: can delete on DAG:example_xcom_args
[2024-11-20T03:48:38.197+0000] {logging_mixin.py:190} INFO - [2024-11-20T03:48:38.197+0000] {override.py:1911} INFO - Created Permission View: menu access on DAG Run:example_xcom_args
[2024-11-20T03:48:38.290+0000] {logging_mixin.py:190} INFO - [2024-11-20T03:48:38.289+0000] {override.py:1911} INFO - Created Permission View: can read on DAG Run:example_xcom_args
[2024-11-20T03:48:38.336+0000] {logging_mixin.py:190} INFO - [2024-11-20T03:48:38.335+0000] {override.py:1911} INFO - Created Permission View: can delete on DAG Run:example_xcom_args
[2024-11-20T03:48:38.491+0000] {logging_mixin.py:190} INFO - [2024-11-20T03:48:38.479+0000] {override.py:1911} INFO - Created Permission View: can create on DAG Run:example_xcom_args
[2024-11-20T03:48:38.494+0000] {logging_mixin.py:190} INFO - [2024-11-20T03:48:38.493+0000] {dag.py:3239} INFO - Sync 2 DAGs
[2024-11-20T03:48:38.692+0000] {logging_mixin.py:190} INFO - [2024-11-20T03:48:38.692+0000] {dag.py:3262} INFO - Creating ORM DAG for example_xcom_args_with_operators
[2024-11-20T03:48:38.695+0000] {logging_mixin.py:190} INFO - [2024-11-20T03:48:38.694+0000] {dag.py:3262} INFO - Creating ORM DAG for example_xcom_args
[2024-11-20T03:48:38.705+0000] {logging_mixin.py:190} INFO - [2024-11-20T03:48:38.705+0000] {dag.py:4180} INFO - Setting next_dagrun for example_xcom_args to None, run_after=None
[2024-11-20T03:48:38.709+0000] {logging_mixin.py:190} INFO - [2024-11-20T03:48:38.709+0000] {dag.py:4180} INFO - Setting next_dagrun for example_xcom_args_with_operators to None, run_after=None
[2024-11-20T03:48:38.846+0000] {processor.py:208} INFO - Processing /home/airflow/.local/lib/python3.12/site-packages/airflow/example_dags/example_xcomargs.py took 4.850 seconds
[2024-11-20T03:49:18.485+0000] {processor.py:186} INFO - Started process (PID=176) to work on /home/airflow/.local/lib/python3.12/site-packages/airflow/example_dags/example_xcomargs.py
[2024-11-20T03:49:18.490+0000] {processor.py:914} INFO - Processing file /home/airflow/.local/lib/python3.12/site-packages/airflow/example_dags/example_xcomargs.py for tasks to queue
[2024-11-20T03:49:18.501+0000] {logging_mixin.py:190} INFO - [2024-11-20T03:49:18.496+0000] {dagbag.py:588} INFO - Filling up the DagBag from /home/airflow/.local/lib/python3.12/site-packages/airflow/example_dags/example_xcomargs.py
[2024-11-20T03:49:18.533+0000] {processor.py:925} INFO - DAG(s) 'example_xcom_args', 'example_xcom_args_with_operators' retrieved from /home/airflow/.local/lib/python3.12/site-packages/airflow/example_dags/example_xcomargs.py
[2024-11-20T03:49:18.597+0000] {logging_mixin.py:190} INFO - [2024-11-20T03:49:18.596+0000] {dag.py:3239} INFO - Sync 2 DAGs
[2024-11-20T03:49:18.641+0000] {logging_mixin.py:190} INFO - [2024-11-20T03:49:18.641+0000] {dag.py:4180} INFO - Setting next_dagrun for example_xcom_args to None, run_after=None
[2024-11-20T03:49:18.656+0000] {logging_mixin.py:190} INFO - [2024-11-20T03:49:18.656+0000] {dag.py:4180} INFO - Setting next_dagrun for example_xcom_args_with_operators to None, run_after=None
[2024-11-20T03:49:18.698+0000] {processor.py:208} INFO - Processing /home/airflow/.local/lib/python3.12/site-packages/airflow/example_dags/example_xcomargs.py took 0.244 seconds
[2024-11-20T03:49:48.896+0000] {processor.py:186} INFO - Started process (PID=240) to work on /home/airflow/.local/lib/python3.12/site-packages/airflow/example_dags/example_xcomargs.py
[2024-11-20T03:49:48.898+0000] {processor.py:914} INFO - Processing file /home/airflow/.local/lib/python3.12/site-packages/airflow/example_dags/example_xcomargs.py for tasks to queue
[2024-11-20T03:49:48.903+0000] {logging_mixin.py:190} INFO - [2024-11-20T03:49:48.902+0000] {dagbag.py:588} INFO - Filling up the DagBag from /home/airflow/.local/lib/python3.12/site-packages/airflow/example_dags/example_xcomargs.py
[2024-11-20T03:49:48.926+0000] {processor.py:925} INFO - DAG(s) 'example_xcom_args_with_operators', 'example_xcom_args' retrieved from /home/airflow/.local/lib/python3.12/site-packages/airflow/example_dags/example_xcomargs.py
[2024-11-20T03:49:48.974+0000] {logging_mixin.py:190} INFO - [2024-11-20T03:49:48.973+0000] {dag.py:3239} INFO - Sync 2 DAGs
[2024-11-20T03:49:49.013+0000] {logging_mixin.py:190} INFO - [2024-11-20T03:49:49.012+0000] {dag.py:4180} INFO - Setting next_dagrun for example_xcom_args to None, run_after=None
[2024-11-20T03:49:49.021+0000] {logging_mixin.py:190} INFO - [2024-11-20T03:49:49.020+0000] {dag.py:4180} INFO - Setting next_dagrun for example_xcom_args_with_operators to None, run_after=None
[2024-11-20T03:49:49.054+0000] {processor.py:208} INFO - Processing /home/airflow/.local/lib/python3.12/site-packages/airflow/example_dags/example_xcomargs.py took 0.169 seconds
[2024-11-20T03:50:34.792+0000] {processor.py:186} INFO - Started process (PID=302) to work on /home/airflow/.local/lib/python3.12/site-packages/airflow/example_dags/example_xcomargs.py
[2024-11-20T03:50:34.794+0000] {processor.py:914} INFO - Processing file /home/airflow/.local/lib/python3.12/site-packages/airflow/example_dags/example_xcomargs.py for tasks to queue
[2024-11-20T03:50:34.801+0000] {logging_mixin.py:190} INFO - [2024-11-20T03:50:34.799+0000] {dagbag.py:588} INFO - Filling up the DagBag from /home/airflow/.local/lib/python3.12/site-packages/airflow/example_dags/example_xcomargs.py
[2024-11-20T03:50:34.867+0000] {processor.py:925} INFO - DAG(s) 'example_xcom_args_with_operators', 'example_xcom_args' retrieved from /home/airflow/.local/lib/python3.12/site-packages/airflow/example_dags/example_xcomargs.py
[2024-11-20T03:50:34.978+0000] {logging_mixin.py:190} INFO - [2024-11-20T03:50:34.978+0000] {dag.py:3239} INFO - Sync 2 DAGs
[2024-11-20T03:50:35.038+0000] {logging_mixin.py:190} INFO - [2024-11-20T03:50:35.038+0000] {dag.py:4180} INFO - Setting next_dagrun for example_xcom_args to None, run_after=None
[2024-11-20T03:50:35.050+0000] {logging_mixin.py:190} INFO - [2024-11-20T03:50:35.049+0000] {dag.py:4180} INFO - Setting next_dagrun for example_xcom_args_with_operators to None, run_after=None
[2024-11-20T03:50:35.156+0000] {processor.py:208} INFO - Processing /home/airflow/.local/lib/python3.12/site-packages/airflow/example_dags/example_xcomargs.py took 0.382 seconds
[2024-11-20T03:51:07.649+0000] {processor.py:186} INFO - Started process (PID=365) to work on /home/airflow/.local/lib/python3.12/site-packages/airflow/example_dags/example_xcomargs.py
[2024-11-20T03:51:07.652+0000] {processor.py:914} INFO - Processing file /home/airflow/.local/lib/python3.12/site-packages/airflow/example_dags/example_xcomargs.py for tasks to queue
[2024-11-20T03:51:07.666+0000] {logging_mixin.py:190} INFO - [2024-11-20T03:51:07.666+0000] {dagbag.py:588} INFO - Filling up the DagBag from /home/airflow/.local/lib/python3.12/site-packages/airflow/example_dags/example_xcomargs.py
[2024-11-20T03:51:07.698+0000] {processor.py:925} INFO - DAG(s) 'example_xcom_args', 'example_xcom_args_with_operators' retrieved from /home/airflow/.local/lib/python3.12/site-packages/airflow/example_dags/example_xcomargs.py
[2024-11-20T03:51:07.806+0000] {logging_mixin.py:190} INFO - [2024-11-20T03:51:07.805+0000] {dag.py:3239} INFO - Sync 2 DAGs
[2024-11-20T03:51:07.846+0000] {logging_mixin.py:190} INFO - [2024-11-20T03:51:07.846+0000] {dag.py:4180} INFO - Setting next_dagrun for example_xcom_args to None, run_after=None
[2024-11-20T03:51:07.856+0000] {logging_mixin.py:190} INFO - [2024-11-20T03:51:07.855+0000] {dag.py:4180} INFO - Setting next_dagrun for example_xcom_args_with_operators to None, run_after=None
[2024-11-20T03:51:07.893+0000] {processor.py:208} INFO - Processing /home/airflow/.local/lib/python3.12/site-packages/airflow/example_dags/example_xcomargs.py took 0.268 seconds
[2024-11-20T03:51:38.154+0000] {processor.py:186} INFO - Started process (PID=428) to work on /home/airflow/.local/lib/python3.12/site-packages/airflow/example_dags/example_xcomargs.py
[2024-11-20T03:51:38.156+0000] {processor.py:914} INFO - Processing file /home/airflow/.local/lib/python3.12/site-packages/airflow/example_dags/example_xcomargs.py for tasks to queue
[2024-11-20T03:51:38.160+0000] {logging_mixin.py:190} INFO - [2024-11-20T03:51:38.160+0000] {dagbag.py:588} INFO - Filling up the DagBag from /home/airflow/.local/lib/python3.12/site-packages/airflow/example_dags/example_xcomargs.py
[2024-11-20T03:51:38.181+0000] {processor.py:925} INFO - DAG(s) 'example_xcom_args', 'example_xcom_args_with_operators' retrieved from /home/airflow/.local/lib/python3.12/site-packages/airflow/example_dags/example_xcomargs.py
[2024-11-20T03:51:38.228+0000] {logging_mixin.py:190} INFO - [2024-11-20T03:51:38.227+0000] {dag.py:3239} INFO - Sync 2 DAGs
[2024-11-20T03:51:38.262+0000] {logging_mixin.py:190} INFO - [2024-11-20T03:51:38.262+0000] {dag.py:4180} INFO - Setting next_dagrun for example_xcom_args to None, run_after=None
[2024-11-20T03:51:38.270+0000] {logging_mixin.py:190} INFO - [2024-11-20T03:51:38.269+0000] {dag.py:4180} INFO - Setting next_dagrun for example_xcom_args_with_operators to None, run_after=None
[2024-11-20T03:51:38.309+0000] {processor.py:208} INFO - Processing /home/airflow/.local/lib/python3.12/site-packages/airflow/example_dags/example_xcomargs.py took 0.163 seconds
[2024-11-20T03:52:08.711+0000] {processor.py:186} INFO - Started process (PID=490) to work on /home/airflow/.local/lib/python3.12/site-packages/airflow/example_dags/example_xcomargs.py
[2024-11-20T03:52:08.713+0000] {processor.py:914} INFO - Processing file /home/airflow/.local/lib/python3.12/site-packages/airflow/example_dags/example_xcomargs.py for tasks to queue
[2024-11-20T03:52:08.717+0000] {logging_mixin.py:190} INFO - [2024-11-20T03:52:08.716+0000] {dagbag.py:588} INFO - Filling up the DagBag from /home/airflow/.local/lib/python3.12/site-packages/airflow/example_dags/example_xcomargs.py
[2024-11-20T03:52:08.740+0000] {processor.py:925} INFO - DAG(s) 'example_xcom_args_with_operators', 'example_xcom_args' retrieved from /home/airflow/.local/lib/python3.12/site-packages/airflow/example_dags/example_xcomargs.py
[2024-11-20T03:52:08.774+0000] {logging_mixin.py:190} INFO - [2024-11-20T03:52:08.774+0000] {dag.py:3239} INFO - Sync 2 DAGs
[2024-11-20T03:52:08.796+0000] {logging_mixin.py:190} INFO - [2024-11-20T03:52:08.795+0000] {dag.py:4180} INFO - Setting next_dagrun for example_xcom_args to None, run_after=None
[2024-11-20T03:52:08.803+0000] {logging_mixin.py:190} INFO - [2024-11-20T03:52:08.802+0000] {dag.py:4180} INFO - Setting next_dagrun for example_xcom_args_with_operators to None, run_after=None
[2024-11-20T03:52:08.839+0000] {processor.py:208} INFO - Processing /home/airflow/.local/lib/python3.12/site-packages/airflow/example_dags/example_xcomargs.py took 0.140 seconds
[2024-11-20T03:52:39.178+0000] {processor.py:186} INFO - Started process (PID=552) to work on /home/airflow/.local/lib/python3.12/site-packages/airflow/example_dags/example_xcomargs.py
[2024-11-20T03:52:39.180+0000] {processor.py:914} INFO - Processing file /home/airflow/.local/lib/python3.12/site-packages/airflow/example_dags/example_xcomargs.py for tasks to queue
[2024-11-20T03:52:39.184+0000] {logging_mixin.py:190} INFO - [2024-11-20T03:52:39.183+0000] {dagbag.py:588} INFO - Filling up the DagBag from /home/airflow/.local/lib/python3.12/site-packages/airflow/example_dags/example_xcomargs.py
[2024-11-20T03:52:39.203+0000] {processor.py:925} INFO - DAG(s) 'example_xcom_args', 'example_xcom_args_with_operators' retrieved from /home/airflow/.local/lib/python3.12/site-packages/airflow/example_dags/example_xcomargs.py
[2024-11-20T03:52:39.240+0000] {logging_mixin.py:190} INFO - [2024-11-20T03:52:39.240+0000] {dag.py:3239} INFO - Sync 2 DAGs
[2024-11-20T03:52:39.264+0000] {logging_mixin.py:190} INFO - [2024-11-20T03:52:39.263+0000] {dag.py:4180} INFO - Setting next_dagrun for example_xcom_args to None, run_after=None
[2024-11-20T03:52:39.270+0000] {logging_mixin.py:190} INFO - [2024-11-20T03:52:39.269+0000] {dag.py:4180} INFO - Setting next_dagrun for example_xcom_args_with_operators to None, run_after=None
[2024-11-20T03:52:39.312+0000] {processor.py:208} INFO - Processing /home/airflow/.local/lib/python3.12/site-packages/airflow/example_dags/example_xcomargs.py took 0.143 seconds
[2024-11-20T03:53:13.300+0000] {processor.py:186} INFO - Started process (PID=613) to work on /home/airflow/.local/lib/python3.12/site-packages/airflow/example_dags/example_xcomargs.py
[2024-11-20T03:53:13.302+0000] {processor.py:914} INFO - Processing file /home/airflow/.local/lib/python3.12/site-packages/airflow/example_dags/example_xcomargs.py for tasks to queue
[2024-11-20T03:53:13.306+0000] {logging_mixin.py:190} INFO - [2024-11-20T03:53:13.306+0000] {dagbag.py:588} INFO - Filling up the DagBag from /home/airflow/.local/lib/python3.12/site-packages/airflow/example_dags/example_xcomargs.py
[2024-11-20T03:53:13.331+0000] {processor.py:925} INFO - DAG(s) 'example_xcom_args', 'example_xcom_args_with_operators' retrieved from /home/airflow/.local/lib/python3.12/site-packages/airflow/example_dags/example_xcomargs.py
[2024-11-20T03:53:13.374+0000] {logging_mixin.py:190} INFO - [2024-11-20T03:53:13.374+0000] {dag.py:3239} INFO - Sync 2 DAGs
[2024-11-20T03:53:13.403+0000] {logging_mixin.py:190} INFO - [2024-11-20T03:53:13.402+0000] {dag.py:4180} INFO - Setting next_dagrun for example_xcom_args to None, run_after=None
[2024-11-20T03:53:13.410+0000] {logging_mixin.py:190} INFO - [2024-11-20T03:53:13.410+0000] {dag.py:4180} INFO - Setting next_dagrun for example_xcom_args_with_operators to None, run_after=None
[2024-11-20T03:53:13.577+0000] {processor.py:208} INFO - Processing /home/airflow/.local/lib/python3.12/site-packages/airflow/example_dags/example_xcomargs.py took 0.287 seconds
[2024-11-20T03:53:43.947+0000] {processor.py:186} INFO - Started process (PID=676) to work on /home/airflow/.local/lib/python3.12/site-packages/airflow/example_dags/example_xcomargs.py
[2024-11-20T03:53:43.950+0000] {processor.py:914} INFO - Processing file /home/airflow/.local/lib/python3.12/site-packages/airflow/example_dags/example_xcomargs.py for tasks to queue
[2024-11-20T03:53:43.959+0000] {logging_mixin.py:190} INFO - [2024-11-20T03:53:43.958+0000] {dagbag.py:588} INFO - Filling up the DagBag from /home/airflow/.local/lib/python3.12/site-packages/airflow/example_dags/example_xcomargs.py
[2024-11-20T03:53:43.997+0000] {processor.py:925} INFO - DAG(s) 'example_xcom_args', 'example_xcom_args_with_operators' retrieved from /home/airflow/.local/lib/python3.12/site-packages/airflow/example_dags/example_xcomargs.py
[2024-11-20T03:53:44.087+0000] {logging_mixin.py:190} INFO - [2024-11-20T03:53:44.086+0000] {dag.py:3239} INFO - Sync 2 DAGs
[2024-11-20T03:53:44.113+0000] {logging_mixin.py:190} INFO - [2024-11-20T03:53:44.112+0000] {dag.py:4180} INFO - Setting next_dagrun for example_xcom_args to None, run_after=None
[2024-11-20T03:53:44.123+0000] {logging_mixin.py:190} INFO - [2024-11-20T03:53:44.123+0000] {dag.py:4180} INFO - Setting next_dagrun for example_xcom_args_with_operators to None, run_after=None
[2024-11-20T03:53:44.182+0000] {processor.py:208} INFO - Processing /home/airflow/.local/lib/python3.12/site-packages/airflow/example_dags/example_xcomargs.py took 0.252 seconds
[2024-11-20T03:54:15.112+0000] {processor.py:186} INFO - Started process (PID=739) to work on /home/airflow/.local/lib/python3.12/site-packages/airflow/example_dags/example_xcomargs.py
[2024-11-20T03:54:15.113+0000] {processor.py:914} INFO - Processing file /home/airflow/.local/lib/python3.12/site-packages/airflow/example_dags/example_xcomargs.py for tasks to queue
[2024-11-20T03:54:15.118+0000] {logging_mixin.py:190} INFO - [2024-11-20T03:54:15.117+0000] {dagbag.py:588} INFO - Filling up the DagBag from /home/airflow/.local/lib/python3.12/site-packages/airflow/example_dags/example_xcomargs.py
[2024-11-20T03:54:15.152+0000] {processor.py:925} INFO - DAG(s) 'example_xcom_args', 'example_xcom_args_with_operators' retrieved from /home/airflow/.local/lib/python3.12/site-packages/airflow/example_dags/example_xcomargs.py
[2024-11-20T03:54:15.201+0000] {logging_mixin.py:190} INFO - [2024-11-20T03:54:15.201+0000] {dag.py:3239} INFO - Sync 2 DAGs
[2024-11-20T03:54:15.231+0000] {logging_mixin.py:190} INFO - [2024-11-20T03:54:15.230+0000] {dag.py:4180} INFO - Setting next_dagrun for example_xcom_args to None, run_after=None
[2024-11-20T03:54:15.239+0000] {logging_mixin.py:190} INFO - [2024-11-20T03:54:15.239+0000] {dag.py:4180} INFO - Setting next_dagrun for example_xcom_args_with_operators to None, run_after=None
[2024-11-20T03:54:15.276+0000] {processor.py:208} INFO - Processing /home/airflow/.local/lib/python3.12/site-packages/airflow/example_dags/example_xcomargs.py took 0.174 seconds
[2024-11-20T03:54:45.382+0000] {processor.py:186} INFO - Started process (PID=802) to work on /home/airflow/.local/lib/python3.12/site-packages/airflow/example_dags/example_xcomargs.py
[2024-11-20T03:54:45.386+0000] {processor.py:914} INFO - Processing file /home/airflow/.local/lib/python3.12/site-packages/airflow/example_dags/example_xcomargs.py for tasks to queue
[2024-11-20T03:54:45.397+0000] {logging_mixin.py:190} INFO - [2024-11-20T03:54:45.396+0000] {dagbag.py:588} INFO - Filling up the DagBag from /home/airflow/.local/lib/python3.12/site-packages/airflow/example_dags/example_xcomargs.py
[2024-11-20T03:54:45.430+0000] {processor.py:925} INFO - DAG(s) 'example_xcom_args', 'example_xcom_args_with_operators' retrieved from /home/airflow/.local/lib/python3.12/site-packages/airflow/example_dags/example_xcomargs.py
[2024-11-20T03:54:45.619+0000] {logging_mixin.py:190} INFO - [2024-11-20T03:54:45.618+0000] {dag.py:3239} INFO - Sync 2 DAGs
[2024-11-20T03:54:45.702+0000] {logging_mixin.py:190} INFO - [2024-11-20T03:54:45.701+0000] {dag.py:4180} INFO - Setting next_dagrun for example_xcom_args to None, run_after=None
[2024-11-20T03:54:45.731+0000] {logging_mixin.py:190} INFO - [2024-11-20T03:54:45.730+0000] {dag.py:4180} INFO - Setting next_dagrun for example_xcom_args_with_operators to None, run_after=None
[2024-11-20T03:54:45.813+0000] {processor.py:208} INFO - Processing /home/airflow/.local/lib/python3.12/site-packages/airflow/example_dags/example_xcomargs.py took 0.446 seconds
[2024-11-20T03:55:16.306+0000] {processor.py:186} INFO - Started process (PID=865) to work on /home/airflow/.local/lib/python3.12/site-packages/airflow/example_dags/example_xcomargs.py
[2024-11-20T03:55:16.308+0000] {processor.py:914} INFO - Processing file /home/airflow/.local/lib/python3.12/site-packages/airflow/example_dags/example_xcomargs.py for tasks to queue
[2024-11-20T03:55:16.313+0000] {logging_mixin.py:190} INFO - [2024-11-20T03:55:16.313+0000] {dagbag.py:588} INFO - Filling up the DagBag from /home/airflow/.local/lib/python3.12/site-packages/airflow/example_dags/example_xcomargs.py
[2024-11-20T03:55:16.335+0000] {processor.py:925} INFO - DAG(s) 'example_xcom_args_with_operators', 'example_xcom_args' retrieved from /home/airflow/.local/lib/python3.12/site-packages/airflow/example_dags/example_xcomargs.py
[2024-11-20T03:55:16.383+0000] {logging_mixin.py:190} INFO - [2024-11-20T03:55:16.383+0000] {dag.py:3239} INFO - Sync 2 DAGs
[2024-11-20T03:55:16.414+0000] {logging_mixin.py:190} INFO - [2024-11-20T03:55:16.414+0000] {dag.py:4180} INFO - Setting next_dagrun for example_xcom_args to None, run_after=None
[2024-11-20T03:55:16.421+0000] {logging_mixin.py:190} INFO - [2024-11-20T03:55:16.421+0000] {dag.py:4180} INFO - Setting next_dagrun for example_xcom_args_with_operators to None, run_after=None
[2024-11-20T03:55:16.468+0000] {processor.py:208} INFO - Processing /home/airflow/.local/lib/python3.12/site-packages/airflow/example_dags/example_xcomargs.py took 0.189 seconds
[2024-11-20T03:55:47.294+0000] {processor.py:186} INFO - Started process (PID=928) to work on /home/airflow/.local/lib/python3.12/site-packages/airflow/example_dags/example_xcomargs.py
[2024-11-20T03:55:47.298+0000] {processor.py:914} INFO - Processing file /home/airflow/.local/lib/python3.12/site-packages/airflow/example_dags/example_xcomargs.py for tasks to queue
[2024-11-20T03:55:47.305+0000] {logging_mixin.py:190} INFO - [2024-11-20T03:55:47.304+0000] {dagbag.py:588} INFO - Filling up the DagBag from /home/airflow/.local/lib/python3.12/site-packages/airflow/example_dags/example_xcomargs.py
[2024-11-20T03:55:47.339+0000] {processor.py:925} INFO - DAG(s) 'example_xcom_args', 'example_xcom_args_with_operators' retrieved from /home/airflow/.local/lib/python3.12/site-packages/airflow/example_dags/example_xcomargs.py
[2024-11-20T03:55:47.415+0000] {logging_mixin.py:190} INFO - [2024-11-20T03:55:47.415+0000] {dag.py:3239} INFO - Sync 2 DAGs
[2024-11-20T03:55:47.445+0000] {logging_mixin.py:190} INFO - [2024-11-20T03:55:47.444+0000] {dag.py:4180} INFO - Setting next_dagrun for example_xcom_args to None, run_after=None
[2024-11-20T03:55:47.452+0000] {logging_mixin.py:190} INFO - [2024-11-20T03:55:47.452+0000] {dag.py:4180} INFO - Setting next_dagrun for example_xcom_args_with_operators to None, run_after=None
[2024-11-20T03:55:47.497+0000] {processor.py:208} INFO - Processing /home/airflow/.local/lib/python3.12/site-packages/airflow/example_dags/example_xcomargs.py took 0.231 seconds
[2024-11-20T03:56:18.377+0000] {processor.py:186} INFO - Started process (PID=991) to work on /home/airflow/.local/lib/python3.12/site-packages/airflow/example_dags/example_xcomargs.py
[2024-11-20T03:56:18.378+0000] {processor.py:914} INFO - Processing file /home/airflow/.local/lib/python3.12/site-packages/airflow/example_dags/example_xcomargs.py for tasks to queue
[2024-11-20T03:56:18.385+0000] {logging_mixin.py:190} INFO - [2024-11-20T03:56:18.385+0000] {dagbag.py:588} INFO - Filling up the DagBag from /home/airflow/.local/lib/python3.12/site-packages/airflow/example_dags/example_xcomargs.py
[2024-11-20T03:56:18.404+0000] {processor.py:925} INFO - DAG(s) 'example_xcom_args_with_operators', 'example_xcom_args' retrieved from /home/airflow/.local/lib/python3.12/site-packages/airflow/example_dags/example_xcomargs.py
[2024-11-20T03:56:18.446+0000] {logging_mixin.py:190} INFO - [2024-11-20T03:56:18.446+0000] {dag.py:3239} INFO - Sync 2 DAGs
[2024-11-20T03:56:18.470+0000] {logging_mixin.py:190} INFO - [2024-11-20T03:56:18.470+0000] {dag.py:4180} INFO - Setting next_dagrun for example_xcom_args to None, run_after=None
[2024-11-20T03:56:18.478+0000] {logging_mixin.py:190} INFO - [2024-11-20T03:56:18.478+0000] {dag.py:4180} INFO - Setting next_dagrun for example_xcom_args_with_operators to None, run_after=None
[2024-11-20T03:56:18.506+0000] {processor.py:208} INFO - Processing /home/airflow/.local/lib/python3.12/site-packages/airflow/example_dags/example_xcomargs.py took 0.139 seconds
[2024-11-20T03:56:48.726+0000] {processor.py:186} INFO - Started process (PID=1054) to work on /home/airflow/.local/lib/python3.12/site-packages/airflow/example_dags/example_xcomargs.py
[2024-11-20T03:56:48.728+0000] {processor.py:914} INFO - Processing file /home/airflow/.local/lib/python3.12/site-packages/airflow/example_dags/example_xcomargs.py for tasks to queue
[2024-11-20T03:56:48.731+0000] {logging_mixin.py:190} INFO - [2024-11-20T03:56:48.730+0000] {dagbag.py:588} INFO - Filling up the DagBag from /home/airflow/.local/lib/python3.12/site-packages/airflow/example_dags/example_xcomargs.py
[2024-11-20T03:56:48.746+0000] {processor.py:925} INFO - DAG(s) 'example_xcom_args', 'example_xcom_args_with_operators' retrieved from /home/airflow/.local/lib/python3.12/site-packages/airflow/example_dags/example_xcomargs.py
[2024-11-20T03:56:48.778+0000] {logging_mixin.py:190} INFO - [2024-11-20T03:56:48.777+0000] {dag.py:3239} INFO - Sync 2 DAGs
[2024-11-20T03:56:48.803+0000] {logging_mixin.py:190} INFO - [2024-11-20T03:56:48.803+0000] {dag.py:4180} INFO - Setting next_dagrun for example_xcom_args to None, run_after=None
[2024-11-20T03:56:48.810+0000] {logging_mixin.py:190} INFO - [2024-11-20T03:56:48.809+0000] {dag.py:4180} INFO - Setting next_dagrun for example_xcom_args_with_operators to None, run_after=None
[2024-11-20T03:56:48.843+0000] {processor.py:208} INFO - Processing /home/airflow/.local/lib/python3.12/site-packages/airflow/example_dags/example_xcomargs.py took 0.128 seconds
[2024-11-20T03:57:18.908+0000] {processor.py:186} INFO - Started process (PID=1117) to work on /home/airflow/.local/lib/python3.12/site-packages/airflow/example_dags/example_xcomargs.py
[2024-11-20T03:57:18.910+0000] {processor.py:914} INFO - Processing file /home/airflow/.local/lib/python3.12/site-packages/airflow/example_dags/example_xcomargs.py for tasks to queue
[2024-11-20T03:57:18.915+0000] {logging_mixin.py:190} INFO - [2024-11-20T03:57:18.915+0000] {dagbag.py:588} INFO - Filling up the DagBag from /home/airflow/.local/lib/python3.12/site-packages/airflow/example_dags/example_xcomargs.py
[2024-11-20T03:57:18.936+0000] {processor.py:925} INFO - DAG(s) 'example_xcom_args', 'example_xcom_args_with_operators' retrieved from /home/airflow/.local/lib/python3.12/site-packages/airflow/example_dags/example_xcomargs.py
[2024-11-20T03:57:18.976+0000] {logging_mixin.py:190} INFO - [2024-11-20T03:57:18.976+0000] {dag.py:3239} INFO - Sync 2 DAGs
[2024-11-20T03:57:19.003+0000] {logging_mixin.py:190} INFO - [2024-11-20T03:57:19.002+0000] {dag.py:4180} INFO - Setting next_dagrun for example_xcom_args to None, run_after=None
[2024-11-20T03:57:19.010+0000] {logging_mixin.py:190} INFO - [2024-11-20T03:57:19.010+0000] {dag.py:4180} INFO - Setting next_dagrun for example_xcom_args_with_operators to None, run_after=None
[2024-11-20T03:57:19.039+0000] {processor.py:208} INFO - Processing /home/airflow/.local/lib/python3.12/site-packages/airflow/example_dags/example_xcomargs.py took 0.141 seconds
[2024-11-20T03:57:49.881+0000] {processor.py:186} INFO - Started process (PID=1180) to work on /home/airflow/.local/lib/python3.12/site-packages/airflow/example_dags/example_xcomargs.py
[2024-11-20T03:57:49.903+0000] {processor.py:914} INFO - Processing file /home/airflow/.local/lib/python3.12/site-packages/airflow/example_dags/example_xcomargs.py for tasks to queue
[2024-11-20T03:57:49.968+0000] {logging_mixin.py:190} INFO - [2024-11-20T03:57:49.967+0000] {dagbag.py:588} INFO - Filling up the DagBag from /home/airflow/.local/lib/python3.12/site-packages/airflow/example_dags/example_xcomargs.py
[2024-11-20T03:57:50.023+0000] {processor.py:925} INFO - DAG(s) 'example_xcom_args_with_operators', 'example_xcom_args' retrieved from /home/airflow/.local/lib/python3.12/site-packages/airflow/example_dags/example_xcomargs.py
[2024-11-20T03:57:50.132+0000] {logging_mixin.py:190} INFO - [2024-11-20T03:57:50.132+0000] {dag.py:3239} INFO - Sync 2 DAGs
[2024-11-20T03:57:50.187+0000] {logging_mixin.py:190} INFO - [2024-11-20T03:57:50.187+0000] {dag.py:4180} INFO - Setting next_dagrun for example_xcom_args to None, run_after=None
[2024-11-20T03:57:50.209+0000] {logging_mixin.py:190} INFO - [2024-11-20T03:57:50.209+0000] {dag.py:4180} INFO - Setting next_dagrun for example_xcom_args_with_operators to None, run_after=None
[2024-11-20T03:57:50.251+0000] {processor.py:208} INFO - Processing /home/airflow/.local/lib/python3.12/site-packages/airflow/example_dags/example_xcomargs.py took 0.402 seconds
[2024-11-20T03:58:21.137+0000] {processor.py:186} INFO - Started process (PID=1243) to work on /home/airflow/.local/lib/python3.12/site-packages/airflow/example_dags/example_xcomargs.py
[2024-11-20T03:58:21.139+0000] {processor.py:914} INFO - Processing file /home/airflow/.local/lib/python3.12/site-packages/airflow/example_dags/example_xcomargs.py for tasks to queue
[2024-11-20T03:58:21.145+0000] {logging_mixin.py:190} INFO - [2024-11-20T03:58:21.144+0000] {dagbag.py:588} INFO - Filling up the DagBag from /home/airflow/.local/lib/python3.12/site-packages/airflow/example_dags/example_xcomargs.py
[2024-11-20T03:58:21.163+0000] {processor.py:925} INFO - DAG(s) 'example_xcom_args_with_operators', 'example_xcom_args' retrieved from /home/airflow/.local/lib/python3.12/site-packages/airflow/example_dags/example_xcomargs.py
[2024-11-20T03:58:21.209+0000] {logging_mixin.py:190} INFO - [2024-11-20T03:58:21.208+0000] {dag.py:3239} INFO - Sync 2 DAGs
[2024-11-20T03:58:21.233+0000] {logging_mixin.py:190} INFO - [2024-11-20T03:58:21.233+0000] {dag.py:4180} INFO - Setting next_dagrun for example_xcom_args to None, run_after=None
[2024-11-20T03:58:21.242+0000] {logging_mixin.py:190} INFO - [2024-11-20T03:58:21.241+0000] {dag.py:4180} INFO - Setting next_dagrun for example_xcom_args_with_operators to None, run_after=None
[2024-11-20T03:58:21.271+0000] {processor.py:208} INFO - Processing /home/airflow/.local/lib/python3.12/site-packages/airflow/example_dags/example_xcomargs.py took 0.143 seconds
[2024-11-20T03:58:52.313+0000] {processor.py:186} INFO - Started process (PID=1306) to work on /home/airflow/.local/lib/python3.12/site-packages/airflow/example_dags/example_xcomargs.py
[2024-11-20T03:58:52.315+0000] {processor.py:914} INFO - Processing file /home/airflow/.local/lib/python3.12/site-packages/airflow/example_dags/example_xcomargs.py for tasks to queue
[2024-11-20T03:58:52.320+0000] {logging_mixin.py:190} INFO - [2024-11-20T03:58:52.319+0000] {dagbag.py:588} INFO - Filling up the DagBag from /home/airflow/.local/lib/python3.12/site-packages/airflow/example_dags/example_xcomargs.py
[2024-11-20T03:58:52.340+0000] {processor.py:925} INFO - DAG(s) 'example_xcom_args', 'example_xcom_args_with_operators' retrieved from /home/airflow/.local/lib/python3.12/site-packages/airflow/example_dags/example_xcomargs.py
[2024-11-20T03:58:52.385+0000] {logging_mixin.py:190} INFO - [2024-11-20T03:58:52.384+0000] {dag.py:3239} INFO - Sync 2 DAGs
[2024-11-20T03:58:52.413+0000] {logging_mixin.py:190} INFO - [2024-11-20T03:58:52.413+0000] {dag.py:4180} INFO - Setting next_dagrun for example_xcom_args to None, run_after=None
[2024-11-20T03:58:52.420+0000] {logging_mixin.py:190} INFO - [2024-11-20T03:58:52.420+0000] {dag.py:4180} INFO - Setting next_dagrun for example_xcom_args_with_operators to None, run_after=None
[2024-11-20T03:58:52.457+0000] {processor.py:208} INFO - Processing /home/airflow/.local/lib/python3.12/site-packages/airflow/example_dags/example_xcomargs.py took 0.155 seconds
[2024-11-20T03:59:22.828+0000] {processor.py:186} INFO - Started process (PID=1369) to work on /home/airflow/.local/lib/python3.12/site-packages/airflow/example_dags/example_xcomargs.py
[2024-11-20T03:59:22.829+0000] {processor.py:914} INFO - Processing file /home/airflow/.local/lib/python3.12/site-packages/airflow/example_dags/example_xcomargs.py for tasks to queue
[2024-11-20T03:59:22.838+0000] {logging_mixin.py:190} INFO - [2024-11-20T03:59:22.837+0000] {dagbag.py:588} INFO - Filling up the DagBag from /home/airflow/.local/lib/python3.12/site-packages/airflow/example_dags/example_xcomargs.py
[2024-11-20T03:59:22.861+0000] {processor.py:925} INFO - DAG(s) 'example_xcom_args_with_operators', 'example_xcom_args' retrieved from /home/airflow/.local/lib/python3.12/site-packages/airflow/example_dags/example_xcomargs.py
[2024-11-20T03:59:22.935+0000] {logging_mixin.py:190} INFO - [2024-11-20T03:59:22.935+0000] {dag.py:3239} INFO - Sync 2 DAGs
[2024-11-20T03:59:22.984+0000] {logging_mixin.py:190} INFO - [2024-11-20T03:59:22.984+0000] {dag.py:4180} INFO - Setting next_dagrun for example_xcom_args to None, run_after=None
[2024-11-20T03:59:22.990+0000] {logging_mixin.py:190} INFO - [2024-11-20T03:59:22.990+0000] {dag.py:4180} INFO - Setting next_dagrun for example_xcom_args_with_operators to None, run_after=None
[2024-11-20T03:59:23.028+0000] {processor.py:208} INFO - Processing /home/airflow/.local/lib/python3.12/site-packages/airflow/example_dags/example_xcomargs.py took 0.209 seconds
