[2024-11-20T03:47:46.260+0000] {processor.py:186} INFO - Started process (PID=78) to work on /home/airflow/.local/lib/python3.12/site-packages/airflow/example_dags/example_display_name.py
[2024-11-20T03:47:46.264+0000] {processor.py:914} INFO - Processing file /home/airflow/.local/lib/python3.12/site-packages/airflow/example_dags/example_display_name.py for tasks to queue
[2024-11-20T03:47:46.274+0000] {logging_mixin.py:190} INFO - [2024-11-20T03:47:46.273+0000] {dagbag.py:588} INFO - Filling up the DagBag from /home/airflow/.local/lib/python3.12/site-packages/airflow/example_dags/example_display_name.py
[2024-11-20T03:47:46.312+0000] {processor.py:925} INFO - DAG(s) 'example_display_name' retrieved from /home/airflow/.local/lib/python3.12/site-packages/airflow/example_dags/example_display_name.py
[2024-11-20T03:47:46.623+0000] {logging_mixin.py:190} INFO - [2024-11-20T03:47:46.621+0000] {override.py:1911} INFO - Created Permission View: can read on DAG:example_display_name
[2024-11-20T03:47:46.671+0000] {logging_mixin.py:190} INFO - [2024-11-20T03:47:46.670+0000] {override.py:1911} INFO - Created Permission View: can edit on DAG:example_display_name
[2024-11-20T03:47:46.700+0000] {logging_mixin.py:190} INFO - [2024-11-20T03:47:46.699+0000] {override.py:1911} INFO - Created Permission View: can delete on DAG:example_display_name
[2024-11-20T03:47:46.718+0000] {logging_mixin.py:190} INFO - [2024-11-20T03:47:46.718+0000] {override.py:1911} INFO - Created Permission View: menu access on DAG Run:example_display_name
[2024-11-20T03:47:47.346+0000] {logging_mixin.py:190} INFO - [2024-11-20T03:47:47.345+0000] {override.py:1911} INFO - Created Permission View: can read on DAG Run:example_display_name
[2024-11-20T03:47:47.371+0000] {logging_mixin.py:190} INFO - [2024-11-20T03:47:47.371+0000] {override.py:1911} INFO - Created Permission View: can delete on DAG Run:example_display_name
[2024-11-20T03:47:47.394+0000] {logging_mixin.py:190} INFO - [2024-11-20T03:47:47.394+0000] {override.py:1911} INFO - Created Permission View: can create on DAG Run:example_display_name
[2024-11-20T03:47:47.396+0000] {logging_mixin.py:190} INFO - [2024-11-20T03:47:47.395+0000] {dag.py:3239} INFO - Sync 1 DAGs
[2024-11-20T03:47:47.428+0000] {logging_mixin.py:190} INFO - [2024-11-20T03:47:47.428+0000] {dag.py:3262} INFO - Creating ORM DAG for example_display_name
[2024-11-20T03:47:47.431+0000] {logging_mixin.py:190} INFO - [2024-11-20T03:47:47.430+0000] {dag.py:4180} INFO - Setting next_dagrun for example_display_name to None, run_after=None
[2024-11-20T03:47:47.470+0000] {processor.py:208} INFO - Processing /home/airflow/.local/lib/python3.12/site-packages/airflow/example_dags/example_display_name.py took 0.630 seconds
[2024-11-20T03:49:13.081+0000] {processor.py:186} INFO - Started process (PID=154) to work on /home/airflow/.local/lib/python3.12/site-packages/airflow/example_dags/example_display_name.py
[2024-11-20T03:49:13.084+0000] {processor.py:914} INFO - Processing file /home/airflow/.local/lib/python3.12/site-packages/airflow/example_dags/example_display_name.py for tasks to queue
[2024-11-20T03:49:13.091+0000] {logging_mixin.py:190} INFO - [2024-11-20T03:49:13.089+0000] {dagbag.py:588} INFO - Filling up the DagBag from /home/airflow/.local/lib/python3.12/site-packages/airflow/example_dags/example_display_name.py
[2024-11-20T03:49:13.113+0000] {processor.py:925} INFO - DAG(s) 'example_display_name' retrieved from /home/airflow/.local/lib/python3.12/site-packages/airflow/example_dags/example_display_name.py
[2024-11-20T03:49:13.170+0000] {logging_mixin.py:190} INFO - [2024-11-20T03:49:13.170+0000] {dag.py:3239} INFO - Sync 1 DAGs
[2024-11-20T03:49:13.210+0000] {logging_mixin.py:190} INFO - [2024-11-20T03:49:13.210+0000] {dag.py:4180} INFO - Setting next_dagrun for example_display_name to None, run_after=None
[2024-11-20T03:49:13.280+0000] {processor.py:208} INFO - Processing /home/airflow/.local/lib/python3.12/site-packages/airflow/example_dags/example_display_name.py took 0.211 seconds
[2024-11-20T03:49:44.308+0000] {processor.py:186} INFO - Started process (PID=218) to work on /home/airflow/.local/lib/python3.12/site-packages/airflow/example_dags/example_display_name.py
[2024-11-20T03:49:44.309+0000] {processor.py:914} INFO - Processing file /home/airflow/.local/lib/python3.12/site-packages/airflow/example_dags/example_display_name.py for tasks to queue
[2024-11-20T03:49:44.313+0000] {logging_mixin.py:190} INFO - [2024-11-20T03:49:44.312+0000] {dagbag.py:588} INFO - Filling up the DagBag from /home/airflow/.local/lib/python3.12/site-packages/airflow/example_dags/example_display_name.py
[2024-11-20T03:49:44.328+0000] {processor.py:925} INFO - DAG(s) 'example_display_name' retrieved from /home/airflow/.local/lib/python3.12/site-packages/airflow/example_dags/example_display_name.py
[2024-11-20T03:49:44.372+0000] {logging_mixin.py:190} INFO - [2024-11-20T03:49:44.371+0000] {dag.py:3239} INFO - Sync 1 DAGs
[2024-11-20T03:49:44.413+0000] {logging_mixin.py:190} INFO - [2024-11-20T03:49:44.413+0000] {dag.py:4180} INFO - Setting next_dagrun for example_display_name to None, run_after=None
[2024-11-20T03:49:44.568+0000] {processor.py:208} INFO - Processing /home/airflow/.local/lib/python3.12/site-packages/airflow/example_dags/example_display_name.py took 0.272 seconds
[2024-11-20T03:50:23.824+0000] {processor.py:186} INFO - Started process (PID=273) to work on /home/airflow/.local/lib/python3.12/site-packages/airflow/example_dags/example_display_name.py
[2024-11-20T03:50:23.826+0000] {processor.py:914} INFO - Processing file /home/airflow/.local/lib/python3.12/site-packages/airflow/example_dags/example_display_name.py for tasks to queue
[2024-11-20T03:50:23.835+0000] {logging_mixin.py:190} INFO - [2024-11-20T03:50:23.834+0000] {dagbag.py:588} INFO - Filling up the DagBag from /home/airflow/.local/lib/python3.12/site-packages/airflow/example_dags/example_display_name.py
[2024-11-20T03:50:23.859+0000] {processor.py:925} INFO - DAG(s) 'example_display_name' retrieved from /home/airflow/.local/lib/python3.12/site-packages/airflow/example_dags/example_display_name.py
[2024-11-20T03:50:23.907+0000] {logging_mixin.py:190} INFO - [2024-11-20T03:50:23.907+0000] {dag.py:3239} INFO - Sync 1 DAGs
[2024-11-20T03:50:23.975+0000] {logging_mixin.py:190} INFO - [2024-11-20T03:50:23.974+0000] {dag.py:4180} INFO - Setting next_dagrun for example_display_name to None, run_after=None
[2024-11-20T03:50:24.706+0000] {processor.py:208} INFO - Processing /home/airflow/.local/lib/python3.12/site-packages/airflow/example_dags/example_display_name.py took 0.277 seconds
[2024-11-20T03:50:57.723+0000] {processor.py:186} INFO - Started process (PID=336) to work on /home/airflow/.local/lib/python3.12/site-packages/airflow/example_dags/example_display_name.py
[2024-11-20T03:50:57.725+0000] {processor.py:914} INFO - Processing file /home/airflow/.local/lib/python3.12/site-packages/airflow/example_dags/example_display_name.py for tasks to queue
[2024-11-20T03:50:57.737+0000] {logging_mixin.py:190} INFO - [2024-11-20T03:50:57.732+0000] {dagbag.py:588} INFO - Filling up the DagBag from /home/airflow/.local/lib/python3.12/site-packages/airflow/example_dags/example_display_name.py
[2024-11-20T03:50:57.767+0000] {processor.py:925} INFO - DAG(s) 'example_display_name' retrieved from /home/airflow/.local/lib/python3.12/site-packages/airflow/example_dags/example_display_name.py
[2024-11-20T03:50:57.847+0000] {logging_mixin.py:190} INFO - [2024-11-20T03:50:57.846+0000] {dag.py:3239} INFO - Sync 1 DAGs
[2024-11-20T03:50:57.895+0000] {logging_mixin.py:190} INFO - [2024-11-20T03:50:57.894+0000] {dag.py:4180} INFO - Setting next_dagrun for example_display_name to None, run_after=None
[2024-11-20T03:50:57.964+0000] {processor.py:208} INFO - Processing /home/airflow/.local/lib/python3.12/site-packages/airflow/example_dags/example_display_name.py took 0.265 seconds
[2024-11-20T03:51:28.739+0000] {processor.py:186} INFO - Started process (PID=399) to work on /home/airflow/.local/lib/python3.12/site-packages/airflow/example_dags/example_display_name.py
[2024-11-20T03:51:28.741+0000] {processor.py:914} INFO - Processing file /home/airflow/.local/lib/python3.12/site-packages/airflow/example_dags/example_display_name.py for tasks to queue
[2024-11-20T03:51:28.747+0000] {logging_mixin.py:190} INFO - [2024-11-20T03:51:28.747+0000] {dagbag.py:588} INFO - Filling up the DagBag from /home/airflow/.local/lib/python3.12/site-packages/airflow/example_dags/example_display_name.py
[2024-11-20T03:51:28.761+0000] {processor.py:925} INFO - DAG(s) 'example_display_name' retrieved from /home/airflow/.local/lib/python3.12/site-packages/airflow/example_dags/example_display_name.py
[2024-11-20T03:51:28.799+0000] {logging_mixin.py:190} INFO - [2024-11-20T03:51:28.799+0000] {dag.py:3239} INFO - Sync 1 DAGs
[2024-11-20T03:51:28.837+0000] {logging_mixin.py:190} INFO - [2024-11-20T03:51:28.836+0000] {dag.py:4180} INFO - Setting next_dagrun for example_display_name to None, run_after=None
[2024-11-20T03:51:28.906+0000] {processor.py:208} INFO - Processing /home/airflow/.local/lib/python3.12/site-packages/airflow/example_dags/example_display_name.py took 0.176 seconds
[2024-11-20T03:52:00.166+0000] {processor.py:186} INFO - Started process (PID=461) to work on /home/airflow/.local/lib/python3.12/site-packages/airflow/example_dags/example_display_name.py
[2024-11-20T03:52:00.167+0000] {processor.py:914} INFO - Processing file /home/airflow/.local/lib/python3.12/site-packages/airflow/example_dags/example_display_name.py for tasks to queue
[2024-11-20T03:52:00.172+0000] {logging_mixin.py:190} INFO - [2024-11-20T03:52:00.172+0000] {dagbag.py:588} INFO - Filling up the DagBag from /home/airflow/.local/lib/python3.12/site-packages/airflow/example_dags/example_display_name.py
[2024-11-20T03:52:00.189+0000] {processor.py:925} INFO - DAG(s) 'example_display_name' retrieved from /home/airflow/.local/lib/python3.12/site-packages/airflow/example_dags/example_display_name.py
[2024-11-20T03:52:00.224+0000] {logging_mixin.py:190} INFO - [2024-11-20T03:52:00.223+0000] {dag.py:3239} INFO - Sync 1 DAGs
[2024-11-20T03:52:00.251+0000] {logging_mixin.py:190} INFO - [2024-11-20T03:52:00.250+0000] {dag.py:4180} INFO - Setting next_dagrun for example_display_name to None, run_after=None
[2024-11-20T03:52:00.287+0000] {processor.py:208} INFO - Processing /home/airflow/.local/lib/python3.12/site-packages/airflow/example_dags/example_display_name.py took 0.135 seconds
[2024-11-20T03:52:31.705+0000] {processor.py:186} INFO - Started process (PID=523) to work on /home/airflow/.local/lib/python3.12/site-packages/airflow/example_dags/example_display_name.py
[2024-11-20T03:52:31.710+0000] {processor.py:914} INFO - Processing file /home/airflow/.local/lib/python3.12/site-packages/airflow/example_dags/example_display_name.py for tasks to queue
[2024-11-20T03:52:31.717+0000] {logging_mixin.py:190} INFO - [2024-11-20T03:52:31.716+0000] {dagbag.py:588} INFO - Filling up the DagBag from /home/airflow/.local/lib/python3.12/site-packages/airflow/example_dags/example_display_name.py
[2024-11-20T03:52:31.738+0000] {processor.py:925} INFO - DAG(s) 'example_display_name' retrieved from /home/airflow/.local/lib/python3.12/site-packages/airflow/example_dags/example_display_name.py
[2024-11-20T03:52:31.775+0000] {logging_mixin.py:190} INFO - [2024-11-20T03:52:31.774+0000] {dag.py:3239} INFO - Sync 1 DAGs
[2024-11-20T03:52:31.813+0000] {logging_mixin.py:190} INFO - [2024-11-20T03:52:31.812+0000] {dag.py:4180} INFO - Setting next_dagrun for example_display_name to None, run_after=None
[2024-11-20T03:52:31.846+0000] {processor.py:208} INFO - Processing /home/airflow/.local/lib/python3.12/site-packages/airflow/example_dags/example_display_name.py took 0.151 seconds
[2024-11-20T03:53:03.728+0000] {processor.py:186} INFO - Started process (PID=586) to work on /home/airflow/.local/lib/python3.12/site-packages/airflow/example_dags/example_display_name.py
[2024-11-20T03:53:03.738+0000] {processor.py:914} INFO - Processing file /home/airflow/.local/lib/python3.12/site-packages/airflow/example_dags/example_display_name.py for tasks to queue
[2024-11-20T03:53:03.748+0000] {logging_mixin.py:190} INFO - [2024-11-20T03:53:03.747+0000] {dagbag.py:588} INFO - Filling up the DagBag from /home/airflow/.local/lib/python3.12/site-packages/airflow/example_dags/example_display_name.py
[2024-11-20T03:53:03.828+0000] {processor.py:925} INFO - DAG(s) 'example_display_name' retrieved from /home/airflow/.local/lib/python3.12/site-packages/airflow/example_dags/example_display_name.py
[2024-11-20T03:53:04.043+0000] {logging_mixin.py:190} INFO - [2024-11-20T03:53:04.042+0000] {dag.py:3239} INFO - Sync 1 DAGs
[2024-11-20T03:53:04.227+0000] {logging_mixin.py:190} INFO - [2024-11-20T03:53:04.227+0000] {dag.py:4180} INFO - Setting next_dagrun for example_display_name to None, run_after=None
[2024-11-20T03:53:04.318+0000] {processor.py:208} INFO - Processing /home/airflow/.local/lib/python3.12/site-packages/airflow/example_dags/example_display_name.py took 0.650 seconds
[2024-11-20T03:53:35.104+0000] {processor.py:186} INFO - Started process (PID=648) to work on /home/airflow/.local/lib/python3.12/site-packages/airflow/example_dags/example_display_name.py
[2024-11-20T03:53:35.126+0000] {processor.py:914} INFO - Processing file /home/airflow/.local/lib/python3.12/site-packages/airflow/example_dags/example_display_name.py for tasks to queue
[2024-11-20T03:53:35.131+0000] {logging_mixin.py:190} INFO - [2024-11-20T03:53:35.130+0000] {dagbag.py:588} INFO - Filling up the DagBag from /home/airflow/.local/lib/python3.12/site-packages/airflow/example_dags/example_display_name.py
[2024-11-20T03:53:35.167+0000] {processor.py:925} INFO - DAG(s) 'example_display_name' retrieved from /home/airflow/.local/lib/python3.12/site-packages/airflow/example_dags/example_display_name.py
[2024-11-20T03:53:35.243+0000] {logging_mixin.py:190} INFO - [2024-11-20T03:53:35.242+0000] {dag.py:3239} INFO - Sync 1 DAGs
[2024-11-20T03:53:35.306+0000] {logging_mixin.py:190} INFO - [2024-11-20T03:53:35.305+0000] {dag.py:4180} INFO - Setting next_dagrun for example_display_name to None, run_after=None
[2024-11-20T03:53:35.358+0000] {processor.py:208} INFO - Processing /home/airflow/.local/lib/python3.12/site-packages/airflow/example_dags/example_display_name.py took 0.274 seconds
[2024-11-20T03:54:05.544+0000] {processor.py:186} INFO - Started process (PID=711) to work on /home/airflow/.local/lib/python3.12/site-packages/airflow/example_dags/example_display_name.py
[2024-11-20T03:54:05.546+0000] {processor.py:914} INFO - Processing file /home/airflow/.local/lib/python3.12/site-packages/airflow/example_dags/example_display_name.py for tasks to queue
[2024-11-20T03:54:05.550+0000] {logging_mixin.py:190} INFO - [2024-11-20T03:54:05.550+0000] {dagbag.py:588} INFO - Filling up the DagBag from /home/airflow/.local/lib/python3.12/site-packages/airflow/example_dags/example_display_name.py
[2024-11-20T03:54:05.565+0000] {processor.py:925} INFO - DAG(s) 'example_display_name' retrieved from /home/airflow/.local/lib/python3.12/site-packages/airflow/example_dags/example_display_name.py
[2024-11-20T03:54:05.599+0000] {logging_mixin.py:190} INFO - [2024-11-20T03:54:05.599+0000] {dag.py:3239} INFO - Sync 1 DAGs
[2024-11-20T03:54:05.631+0000] {logging_mixin.py:190} INFO - [2024-11-20T03:54:05.631+0000] {dag.py:4180} INFO - Setting next_dagrun for example_display_name to None, run_after=None
[2024-11-20T03:54:05.669+0000] {processor.py:208} INFO - Processing /home/airflow/.local/lib/python3.12/site-packages/airflow/example_dags/example_display_name.py took 0.155 seconds
[2024-11-20T03:54:36.650+0000] {processor.py:186} INFO - Started process (PID=774) to work on /home/airflow/.local/lib/python3.12/site-packages/airflow/example_dags/example_display_name.py
[2024-11-20T03:54:36.651+0000] {processor.py:914} INFO - Processing file /home/airflow/.local/lib/python3.12/site-packages/airflow/example_dags/example_display_name.py for tasks to queue
[2024-11-20T03:54:36.656+0000] {logging_mixin.py:190} INFO - [2024-11-20T03:54:36.656+0000] {dagbag.py:588} INFO - Filling up the DagBag from /home/airflow/.local/lib/python3.12/site-packages/airflow/example_dags/example_display_name.py
[2024-11-20T03:54:36.672+0000] {processor.py:925} INFO - DAG(s) 'example_display_name' retrieved from /home/airflow/.local/lib/python3.12/site-packages/airflow/example_dags/example_display_name.py
[2024-11-20T03:54:36.717+0000] {logging_mixin.py:190} INFO - [2024-11-20T03:54:36.712+0000] {dag.py:3239} INFO - Sync 1 DAGs
[2024-11-20T03:54:36.751+0000] {logging_mixin.py:190} INFO - [2024-11-20T03:54:36.751+0000] {dag.py:4180} INFO - Setting next_dagrun for example_display_name to None, run_after=None
[2024-11-20T03:54:36.800+0000] {processor.py:208} INFO - Processing /home/airflow/.local/lib/python3.12/site-packages/airflow/example_dags/example_display_name.py took 0.160 seconds
[2024-11-20T03:55:07.883+0000] {processor.py:186} INFO - Started process (PID=837) to work on /home/airflow/.local/lib/python3.12/site-packages/airflow/example_dags/example_display_name.py
[2024-11-20T03:55:07.885+0000] {processor.py:914} INFO - Processing file /home/airflow/.local/lib/python3.12/site-packages/airflow/example_dags/example_display_name.py for tasks to queue
[2024-11-20T03:55:07.891+0000] {logging_mixin.py:190} INFO - [2024-11-20T03:55:07.890+0000] {dagbag.py:588} INFO - Filling up the DagBag from /home/airflow/.local/lib/python3.12/site-packages/airflow/example_dags/example_display_name.py
[2024-11-20T03:55:07.908+0000] {processor.py:925} INFO - DAG(s) 'example_display_name' retrieved from /home/airflow/.local/lib/python3.12/site-packages/airflow/example_dags/example_display_name.py
[2024-11-20T03:55:07.949+0000] {logging_mixin.py:190} INFO - [2024-11-20T03:55:07.948+0000] {dag.py:3239} INFO - Sync 1 DAGs
[2024-11-20T03:55:07.984+0000] {logging_mixin.py:190} INFO - [2024-11-20T03:55:07.984+0000] {dag.py:4180} INFO - Setting next_dagrun for example_display_name to None, run_after=None
[2024-11-20T03:55:08.026+0000] {processor.py:208} INFO - Processing /home/airflow/.local/lib/python3.12/site-packages/airflow/example_dags/example_display_name.py took 0.155 seconds
[2024-11-20T03:55:39.405+0000] {processor.py:186} INFO - Started process (PID=901) to work on /home/airflow/.local/lib/python3.12/site-packages/airflow/example_dags/example_display_name.py
[2024-11-20T03:55:39.406+0000] {processor.py:914} INFO - Processing file /home/airflow/.local/lib/python3.12/site-packages/airflow/example_dags/example_display_name.py for tasks to queue
[2024-11-20T03:55:39.419+0000] {logging_mixin.py:190} INFO - [2024-11-20T03:55:39.417+0000] {dagbag.py:588} INFO - Filling up the DagBag from /home/airflow/.local/lib/python3.12/site-packages/airflow/example_dags/example_display_name.py
[2024-11-20T03:55:39.467+0000] {processor.py:925} INFO - DAG(s) 'example_display_name' retrieved from /home/airflow/.local/lib/python3.12/site-packages/airflow/example_dags/example_display_name.py
[2024-11-20T03:55:39.516+0000] {logging_mixin.py:190} INFO - [2024-11-20T03:55:39.515+0000] {dag.py:3239} INFO - Sync 1 DAGs
[2024-11-20T03:55:39.549+0000] {logging_mixin.py:190} INFO - [2024-11-20T03:55:39.549+0000] {dag.py:4180} INFO - Setting next_dagrun for example_display_name to None, run_after=None
[2024-11-20T03:55:39.600+0000] {processor.py:208} INFO - Processing /home/airflow/.local/lib/python3.12/site-packages/airflow/example_dags/example_display_name.py took 0.207 seconds
[2024-11-20T03:56:10.770+0000] {processor.py:186} INFO - Started process (PID=964) to work on /home/airflow/.local/lib/python3.12/site-packages/airflow/example_dags/example_display_name.py
[2024-11-20T03:56:10.771+0000] {processor.py:914} INFO - Processing file /home/airflow/.local/lib/python3.12/site-packages/airflow/example_dags/example_display_name.py for tasks to queue
[2024-11-20T03:56:10.777+0000] {logging_mixin.py:190} INFO - [2024-11-20T03:56:10.776+0000] {dagbag.py:588} INFO - Filling up the DagBag from /home/airflow/.local/lib/python3.12/site-packages/airflow/example_dags/example_display_name.py
[2024-11-20T03:56:10.788+0000] {processor.py:925} INFO - DAG(s) 'example_display_name' retrieved from /home/airflow/.local/lib/python3.12/site-packages/airflow/example_dags/example_display_name.py
[2024-11-20T03:56:10.824+0000] {logging_mixin.py:190} INFO - [2024-11-20T03:56:10.823+0000] {dag.py:3239} INFO - Sync 1 DAGs
[2024-11-20T03:56:10.859+0000] {logging_mixin.py:190} INFO - [2024-11-20T03:56:10.859+0000] {dag.py:4180} INFO - Setting next_dagrun for example_display_name to None, run_after=None
[2024-11-20T03:56:10.892+0000] {processor.py:208} INFO - Processing /home/airflow/.local/lib/python3.12/site-packages/airflow/example_dags/example_display_name.py took 0.133 seconds
[2024-11-20T03:56:42.556+0000] {processor.py:186} INFO - Started process (PID=1027) to work on /home/airflow/.local/lib/python3.12/site-packages/airflow/example_dags/example_display_name.py
[2024-11-20T03:56:42.557+0000] {processor.py:914} INFO - Processing file /home/airflow/.local/lib/python3.12/site-packages/airflow/example_dags/example_display_name.py for tasks to queue
[2024-11-20T03:56:42.561+0000] {logging_mixin.py:190} INFO - [2024-11-20T03:56:42.561+0000] {dagbag.py:588} INFO - Filling up the DagBag from /home/airflow/.local/lib/python3.12/site-packages/airflow/example_dags/example_display_name.py
[2024-11-20T03:56:42.573+0000] {processor.py:925} INFO - DAG(s) 'example_display_name' retrieved from /home/airflow/.local/lib/python3.12/site-packages/airflow/example_dags/example_display_name.py
[2024-11-20T03:56:42.606+0000] {logging_mixin.py:190} INFO - [2024-11-20T03:56:42.606+0000] {dag.py:3239} INFO - Sync 1 DAGs
[2024-11-20T03:56:42.633+0000] {logging_mixin.py:190} INFO - [2024-11-20T03:56:42.632+0000] {dag.py:4180} INFO - Setting next_dagrun for example_display_name to None, run_after=None
[2024-11-20T03:56:42.691+0000] {processor.py:208} INFO - Processing /home/airflow/.local/lib/python3.12/site-packages/airflow/example_dags/example_display_name.py took 0.146 seconds
[2024-11-20T03:57:13.409+0000] {processor.py:186} INFO - Started process (PID=1090) to work on /home/airflow/.local/lib/python3.12/site-packages/airflow/example_dags/example_display_name.py
[2024-11-20T03:57:13.415+0000] {processor.py:914} INFO - Processing file /home/airflow/.local/lib/python3.12/site-packages/airflow/example_dags/example_display_name.py for tasks to queue
[2024-11-20T03:57:13.438+0000] {logging_mixin.py:190} INFO - [2024-11-20T03:57:13.437+0000] {dagbag.py:588} INFO - Filling up the DagBag from /home/airflow/.local/lib/python3.12/site-packages/airflow/example_dags/example_display_name.py
[2024-11-20T03:57:13.462+0000] {processor.py:925} INFO - DAG(s) 'example_display_name' retrieved from /home/airflow/.local/lib/python3.12/site-packages/airflow/example_dags/example_display_name.py
[2024-11-20T03:57:13.526+0000] {logging_mixin.py:190} INFO - [2024-11-20T03:57:13.524+0000] {dag.py:3239} INFO - Sync 1 DAGs
[2024-11-20T03:57:13.585+0000] {logging_mixin.py:190} INFO - [2024-11-20T03:57:13.584+0000] {dag.py:4180} INFO - Setting next_dagrun for example_display_name to None, run_after=None
[2024-11-20T03:57:13.639+0000] {processor.py:208} INFO - Processing /home/airflow/.local/lib/python3.12/site-packages/airflow/example_dags/example_display_name.py took 0.251 seconds
[2024-11-20T03:57:45.111+0000] {processor.py:186} INFO - Started process (PID=1153) to work on /home/airflow/.local/lib/python3.12/site-packages/airflow/example_dags/example_display_name.py
[2024-11-20T03:57:45.112+0000] {processor.py:914} INFO - Processing file /home/airflow/.local/lib/python3.12/site-packages/airflow/example_dags/example_display_name.py for tasks to queue
[2024-11-20T03:57:45.120+0000] {logging_mixin.py:190} INFO - [2024-11-20T03:57:45.116+0000] {dagbag.py:588} INFO - Filling up the DagBag from /home/airflow/.local/lib/python3.12/site-packages/airflow/example_dags/example_display_name.py
[2024-11-20T03:57:45.132+0000] {processor.py:925} INFO - DAG(s) 'example_display_name' retrieved from /home/airflow/.local/lib/python3.12/site-packages/airflow/example_dags/example_display_name.py
[2024-11-20T03:57:45.172+0000] {logging_mixin.py:190} INFO - [2024-11-20T03:57:45.171+0000] {dag.py:3239} INFO - Sync 1 DAGs
[2024-11-20T03:57:45.204+0000] {logging_mixin.py:190} INFO - [2024-11-20T03:57:45.204+0000] {dag.py:4180} INFO - Setting next_dagrun for example_display_name to None, run_after=None
[2024-11-20T03:57:45.249+0000] {processor.py:208} INFO - Processing /home/airflow/.local/lib/python3.12/site-packages/airflow/example_dags/example_display_name.py took 0.149 seconds
[2024-11-20T03:58:16.001+0000] {processor.py:186} INFO - Started process (PID=1216) to work on /home/airflow/.local/lib/python3.12/site-packages/airflow/example_dags/example_display_name.py
[2024-11-20T03:58:16.004+0000] {processor.py:914} INFO - Processing file /home/airflow/.local/lib/python3.12/site-packages/airflow/example_dags/example_display_name.py for tasks to queue
[2024-11-20T03:58:16.011+0000] {logging_mixin.py:190} INFO - [2024-11-20T03:58:16.011+0000] {dagbag.py:588} INFO - Filling up the DagBag from /home/airflow/.local/lib/python3.12/site-packages/airflow/example_dags/example_display_name.py
[2024-11-20T03:58:16.027+0000] {processor.py:925} INFO - DAG(s) 'example_display_name' retrieved from /home/airflow/.local/lib/python3.12/site-packages/airflow/example_dags/example_display_name.py
[2024-11-20T03:58:16.068+0000] {logging_mixin.py:190} INFO - [2024-11-20T03:58:16.068+0000] {dag.py:3239} INFO - Sync 1 DAGs
[2024-11-20T03:58:16.099+0000] {logging_mixin.py:190} INFO - [2024-11-20T03:58:16.098+0000] {dag.py:4180} INFO - Setting next_dagrun for example_display_name to None, run_after=None
[2024-11-20T03:58:16.147+0000] {processor.py:208} INFO - Processing /home/airflow/.local/lib/python3.12/site-packages/airflow/example_dags/example_display_name.py took 0.159 seconds
[2024-11-20T03:58:47.834+0000] {processor.py:186} INFO - Started process (PID=1279) to work on /home/airflow/.local/lib/python3.12/site-packages/airflow/example_dags/example_display_name.py
[2024-11-20T03:58:47.835+0000] {processor.py:914} INFO - Processing file /home/airflow/.local/lib/python3.12/site-packages/airflow/example_dags/example_display_name.py for tasks to queue
[2024-11-20T03:58:47.839+0000] {logging_mixin.py:190} INFO - [2024-11-20T03:58:47.838+0000] {dagbag.py:588} INFO - Filling up the DagBag from /home/airflow/.local/lib/python3.12/site-packages/airflow/example_dags/example_display_name.py
[2024-11-20T03:58:47.852+0000] {processor.py:925} INFO - DAG(s) 'example_display_name' retrieved from /home/airflow/.local/lib/python3.12/site-packages/airflow/example_dags/example_display_name.py
[2024-11-20T03:58:47.887+0000] {logging_mixin.py:190} INFO - [2024-11-20T03:58:47.887+0000] {dag.py:3239} INFO - Sync 1 DAGs
[2024-11-20T03:58:47.913+0000] {logging_mixin.py:190} INFO - [2024-11-20T03:58:47.913+0000] {dag.py:4180} INFO - Setting next_dagrun for example_display_name to None, run_after=None
[2024-11-20T03:58:47.954+0000] {processor.py:208} INFO - Processing /home/airflow/.local/lib/python3.12/site-packages/airflow/example_dags/example_display_name.py took 0.130 seconds
[2024-11-20T03:59:19.428+0000] {processor.py:186} INFO - Started process (PID=1342) to work on /home/airflow/.local/lib/python3.12/site-packages/airflow/example_dags/example_display_name.py
[2024-11-20T03:59:19.433+0000] {processor.py:914} INFO - Processing file /home/airflow/.local/lib/python3.12/site-packages/airflow/example_dags/example_display_name.py for tasks to queue
[2024-11-20T03:59:19.439+0000] {logging_mixin.py:190} INFO - [2024-11-20T03:59:19.438+0000] {dagbag.py:588} INFO - Filling up the DagBag from /home/airflow/.local/lib/python3.12/site-packages/airflow/example_dags/example_display_name.py
[2024-11-20T03:59:19.458+0000] {processor.py:925} INFO - DAG(s) 'example_display_name' retrieved from /home/airflow/.local/lib/python3.12/site-packages/airflow/example_dags/example_display_name.py
[2024-11-20T03:59:19.514+0000] {logging_mixin.py:190} INFO - [2024-11-20T03:59:19.509+0000] {dag.py:3239} INFO - Sync 1 DAGs
[2024-11-20T03:59:19.543+0000] {logging_mixin.py:190} INFO - [2024-11-20T03:59:19.543+0000] {dag.py:4180} INFO - Setting next_dagrun for example_display_name to None, run_after=None
[2024-11-20T03:59:19.585+0000] {processor.py:208} INFO - Processing /home/airflow/.local/lib/python3.12/site-packages/airflow/example_dags/example_display_name.py took 0.177 seconds
