[2024-11-20T03:47:47.563+0000] {processor.py:186} INFO - Started process (PID=79) to work on /home/airflow/.local/lib/python3.12/site-packages/airflow/example_dags/example_task_group.py
[2024-11-20T03:47:47.565+0000] {processor.py:914} INFO - Processing file /home/airflow/.local/lib/python3.12/site-packages/airflow/example_dags/example_task_group.py for tasks to queue
[2024-11-20T03:47:47.569+0000] {logging_mixin.py:190} INFO - [2024-11-20T03:47:47.568+0000] {dagbag.py:588} INFO - Filling up the DagBag from /home/airflow/.local/lib/python3.12/site-packages/airflow/example_dags/example_task_group.py
[2024-11-20T03:47:48.321+0000] {processor.py:925} INFO - DAG(s) 'example_task_group' retrieved from /home/airflow/.local/lib/python3.12/site-packages/airflow/example_dags/example_task_group.py
[2024-11-20T03:47:48.684+0000] {logging_mixin.py:190} INFO - [2024-11-20T03:47:48.683+0000] {override.py:1911} INFO - Created Permission View: can read on DAG:example_task_group
[2024-11-20T03:47:48.713+0000] {logging_mixin.py:190} INFO - [2024-11-20T03:47:48.712+0000] {override.py:1911} INFO - Created Permission View: can edit on DAG:example_task_group
[2024-11-20T03:47:48.736+0000] {logging_mixin.py:190} INFO - [2024-11-20T03:47:48.736+0000] {override.py:1911} INFO - Created Permission View: can delete on DAG:example_task_group
[2024-11-20T03:47:48.754+0000] {logging_mixin.py:190} INFO - [2024-11-20T03:47:48.754+0000] {override.py:1911} INFO - Created Permission View: menu access on DAG Run:example_task_group
[2024-11-20T03:47:48.770+0000] {logging_mixin.py:190} INFO - [2024-11-20T03:47:48.770+0000] {override.py:1911} INFO - Created Permission View: can read on DAG Run:example_task_group
[2024-11-20T03:47:48.791+0000] {logging_mixin.py:190} INFO - [2024-11-20T03:47:48.791+0000] {override.py:1911} INFO - Created Permission View: can delete on DAG Run:example_task_group
[2024-11-20T03:47:48.808+0000] {logging_mixin.py:190} INFO - [2024-11-20T03:47:48.808+0000] {override.py:1911} INFO - Created Permission View: can create on DAG Run:example_task_group
[2024-11-20T03:47:48.810+0000] {logging_mixin.py:190} INFO - [2024-11-20T03:47:48.809+0000] {dag.py:3239} INFO - Sync 1 DAGs
[2024-11-20T03:47:48.852+0000] {logging_mixin.py:190} INFO - [2024-11-20T03:47:48.852+0000] {dag.py:3262} INFO - Creating ORM DAG for example_task_group
[2024-11-20T03:47:48.854+0000] {logging_mixin.py:190} INFO - [2024-11-20T03:47:48.854+0000] {dag.py:4180} INFO - Setting next_dagrun for example_task_group to None, run_after=None
[2024-11-20T03:47:48.903+0000] {processor.py:208} INFO - Processing /home/airflow/.local/lib/python3.12/site-packages/airflow/example_dags/example_task_group.py took 0.636 seconds
[2024-11-20T03:49:13.337+0000] {processor.py:186} INFO - Started process (PID=155) to work on /home/airflow/.local/lib/python3.12/site-packages/airflow/example_dags/example_task_group.py
[2024-11-20T03:49:13.340+0000] {processor.py:914} INFO - Processing file /home/airflow/.local/lib/python3.12/site-packages/airflow/example_dags/example_task_group.py for tasks to queue
[2024-11-20T03:49:13.350+0000] {logging_mixin.py:190} INFO - [2024-11-20T03:49:13.349+0000] {dagbag.py:588} INFO - Filling up the DagBag from /home/airflow/.local/lib/python3.12/site-packages/airflow/example_dags/example_task_group.py
[2024-11-20T03:49:13.381+0000] {processor.py:925} INFO - DAG(s) 'example_task_group' retrieved from /home/airflow/.local/lib/python3.12/site-packages/airflow/example_dags/example_task_group.py
[2024-11-20T03:49:13.442+0000] {logging_mixin.py:190} INFO - [2024-11-20T03:49:13.442+0000] {dag.py:3239} INFO - Sync 1 DAGs
[2024-11-20T03:49:13.486+0000] {logging_mixin.py:190} INFO - [2024-11-20T03:49:13.485+0000] {dag.py:4180} INFO - Setting next_dagrun for example_task_group to None, run_after=None
[2024-11-20T03:49:13.528+0000] {processor.py:208} INFO - Processing /home/airflow/.local/lib/python3.12/site-packages/airflow/example_dags/example_task_group.py took 0.216 seconds
[2024-11-20T03:49:44.651+0000] {processor.py:186} INFO - Started process (PID=219) to work on /home/airflow/.local/lib/python3.12/site-packages/airflow/example_dags/example_task_group.py
[2024-11-20T03:49:44.654+0000] {processor.py:914} INFO - Processing file /home/airflow/.local/lib/python3.12/site-packages/airflow/example_dags/example_task_group.py for tasks to queue
[2024-11-20T03:49:44.659+0000] {logging_mixin.py:190} INFO - [2024-11-20T03:49:44.658+0000] {dagbag.py:588} INFO - Filling up the DagBag from /home/airflow/.local/lib/python3.12/site-packages/airflow/example_dags/example_task_group.py
[2024-11-20T03:49:44.676+0000] {processor.py:925} INFO - DAG(s) 'example_task_group' retrieved from /home/airflow/.local/lib/python3.12/site-packages/airflow/example_dags/example_task_group.py
[2024-11-20T03:49:44.761+0000] {logging_mixin.py:190} INFO - [2024-11-20T03:49:44.760+0000] {dag.py:3239} INFO - Sync 1 DAGs
[2024-11-20T03:49:44.805+0000] {logging_mixin.py:190} INFO - [2024-11-20T03:49:44.805+0000] {dag.py:4180} INFO - Setting next_dagrun for example_task_group to None, run_after=None
[2024-11-20T03:49:44.853+0000] {processor.py:208} INFO - Processing /home/airflow/.local/lib/python3.12/site-packages/airflow/example_dags/example_task_group.py took 0.221 seconds
[2024-11-20T03:50:26.310+0000] {processor.py:186} INFO - Started process (PID=281) to work on /home/airflow/.local/lib/python3.12/site-packages/airflow/example_dags/example_task_group.py
[2024-11-20T03:50:26.312+0000] {processor.py:914} INFO - Processing file /home/airflow/.local/lib/python3.12/site-packages/airflow/example_dags/example_task_group.py for tasks to queue
[2024-11-20T03:50:26.317+0000] {logging_mixin.py:190} INFO - [2024-11-20T03:50:26.317+0000] {dagbag.py:588} INFO - Filling up the DagBag from /home/airflow/.local/lib/python3.12/site-packages/airflow/example_dags/example_task_group.py
[2024-11-20T03:50:26.338+0000] {processor.py:925} INFO - DAG(s) 'example_task_group' retrieved from /home/airflow/.local/lib/python3.12/site-packages/airflow/example_dags/example_task_group.py
[2024-11-20T03:50:26.393+0000] {logging_mixin.py:190} INFO - [2024-11-20T03:50:26.392+0000] {dag.py:3239} INFO - Sync 1 DAGs
[2024-11-20T03:50:26.427+0000] {logging_mixin.py:190} INFO - [2024-11-20T03:50:26.427+0000] {dag.py:4180} INFO - Setting next_dagrun for example_task_group to None, run_after=None
[2024-11-20T03:50:26.499+0000] {processor.py:208} INFO - Processing /home/airflow/.local/lib/python3.12/site-packages/airflow/example_dags/example_task_group.py took 0.206 seconds
[2024-11-20T03:50:59.698+0000] {processor.py:186} INFO - Started process (PID=344) to work on /home/airflow/.local/lib/python3.12/site-packages/airflow/example_dags/example_task_group.py
[2024-11-20T03:50:59.702+0000] {processor.py:914} INFO - Processing file /home/airflow/.local/lib/python3.12/site-packages/airflow/example_dags/example_task_group.py for tasks to queue
[2024-11-20T03:50:59.713+0000] {logging_mixin.py:190} INFO - [2024-11-20T03:50:59.712+0000] {dagbag.py:588} INFO - Filling up the DagBag from /home/airflow/.local/lib/python3.12/site-packages/airflow/example_dags/example_task_group.py
[2024-11-20T03:50:59.774+0000] {processor.py:925} INFO - DAG(s) 'example_task_group' retrieved from /home/airflow/.local/lib/python3.12/site-packages/airflow/example_dags/example_task_group.py
[2024-11-20T03:50:59.828+0000] {logging_mixin.py:190} INFO - [2024-11-20T03:50:59.828+0000] {dag.py:3239} INFO - Sync 1 DAGs
[2024-11-20T03:50:59.908+0000] {logging_mixin.py:190} INFO - [2024-11-20T03:50:59.907+0000] {dag.py:4180} INFO - Setting next_dagrun for example_task_group to None, run_after=None
[2024-11-20T03:51:00.108+0000] {processor.py:208} INFO - Processing /home/airflow/.local/lib/python3.12/site-packages/airflow/example_dags/example_task_group.py took 0.429 seconds
[2024-11-20T03:51:30.404+0000] {processor.py:186} INFO - Started process (PID=404) to work on /home/airflow/.local/lib/python3.12/site-packages/airflow/example_dags/example_task_group.py
[2024-11-20T03:51:30.405+0000] {processor.py:914} INFO - Processing file /home/airflow/.local/lib/python3.12/site-packages/airflow/example_dags/example_task_group.py for tasks to queue
[2024-11-20T03:51:30.410+0000] {logging_mixin.py:190} INFO - [2024-11-20T03:51:30.410+0000] {dagbag.py:588} INFO - Filling up the DagBag from /home/airflow/.local/lib/python3.12/site-packages/airflow/example_dags/example_task_group.py
[2024-11-20T03:51:30.431+0000] {processor.py:925} INFO - DAG(s) 'example_task_group' retrieved from /home/airflow/.local/lib/python3.12/site-packages/airflow/example_dags/example_task_group.py
[2024-11-20T03:51:30.508+0000] {logging_mixin.py:190} INFO - [2024-11-20T03:51:30.507+0000] {dag.py:3239} INFO - Sync 1 DAGs
[2024-11-20T03:51:30.588+0000] {logging_mixin.py:190} INFO - [2024-11-20T03:51:30.588+0000] {dag.py:4180} INFO - Setting next_dagrun for example_task_group to None, run_after=None
[2024-11-20T03:51:30.647+0000] {processor.py:208} INFO - Processing /home/airflow/.local/lib/python3.12/site-packages/airflow/example_dags/example_task_group.py took 0.255 seconds
[2024-11-20T03:52:01.095+0000] {processor.py:186} INFO - Started process (PID=466) to work on /home/airflow/.local/lib/python3.12/site-packages/airflow/example_dags/example_task_group.py
[2024-11-20T03:52:01.096+0000] {processor.py:914} INFO - Processing file /home/airflow/.local/lib/python3.12/site-packages/airflow/example_dags/example_task_group.py for tasks to queue
[2024-11-20T03:52:01.102+0000] {logging_mixin.py:190} INFO - [2024-11-20T03:52:01.099+0000] {dagbag.py:588} INFO - Filling up the DagBag from /home/airflow/.local/lib/python3.12/site-packages/airflow/example_dags/example_task_group.py
[2024-11-20T03:52:01.125+0000] {processor.py:925} INFO - DAG(s) 'example_task_group' retrieved from /home/airflow/.local/lib/python3.12/site-packages/airflow/example_dags/example_task_group.py
[2024-11-20T03:52:01.173+0000] {logging_mixin.py:190} INFO - [2024-11-20T03:52:01.172+0000] {dag.py:3239} INFO - Sync 1 DAGs
[2024-11-20T03:52:01.223+0000] {logging_mixin.py:190} INFO - [2024-11-20T03:52:01.222+0000] {dag.py:4180} INFO - Setting next_dagrun for example_task_group to None, run_after=None
[2024-11-20T03:52:01.287+0000] {processor.py:208} INFO - Processing /home/airflow/.local/lib/python3.12/site-packages/airflow/example_dags/example_task_group.py took 0.206 seconds
[2024-11-20T03:52:31.903+0000] {processor.py:186} INFO - Started process (PID=524) to work on /home/airflow/.local/lib/python3.12/site-packages/airflow/example_dags/example_task_group.py
[2024-11-20T03:52:31.906+0000] {processor.py:914} INFO - Processing file /home/airflow/.local/lib/python3.12/site-packages/airflow/example_dags/example_task_group.py for tasks to queue
[2024-11-20T03:52:31.910+0000] {logging_mixin.py:190} INFO - [2024-11-20T03:52:31.909+0000] {dagbag.py:588} INFO - Filling up the DagBag from /home/airflow/.local/lib/python3.12/site-packages/airflow/example_dags/example_task_group.py
[2024-11-20T03:52:31.927+0000] {processor.py:925} INFO - DAG(s) 'example_task_group' retrieved from /home/airflow/.local/lib/python3.12/site-packages/airflow/example_dags/example_task_group.py
[2024-11-20T03:52:31.962+0000] {logging_mixin.py:190} INFO - [2024-11-20T03:52:31.962+0000] {dag.py:3239} INFO - Sync 1 DAGs
[2024-11-20T03:52:31.992+0000] {logging_mixin.py:190} INFO - [2024-11-20T03:52:31.992+0000] {dag.py:4180} INFO - Setting next_dagrun for example_task_group to None, run_after=None
[2024-11-20T03:52:32.040+0000] {processor.py:208} INFO - Processing /home/airflow/.local/lib/python3.12/site-packages/airflow/example_dags/example_task_group.py took 0.148 seconds
[2024-11-20T03:53:04.715+0000] {processor.py:186} INFO - Started process (PID=587) to work on /home/airflow/.local/lib/python3.12/site-packages/airflow/example_dags/example_task_group.py
[2024-11-20T03:53:04.735+0000] {processor.py:914} INFO - Processing file /home/airflow/.local/lib/python3.12/site-packages/airflow/example_dags/example_task_group.py for tasks to queue
[2024-11-20T03:53:04.756+0000] {logging_mixin.py:190} INFO - [2024-11-20T03:53:04.755+0000] {dagbag.py:588} INFO - Filling up the DagBag from /home/airflow/.local/lib/python3.12/site-packages/airflow/example_dags/example_task_group.py
[2024-11-20T03:53:04.822+0000] {processor.py:925} INFO - DAG(s) 'example_task_group' retrieved from /home/airflow/.local/lib/python3.12/site-packages/airflow/example_dags/example_task_group.py
[2024-11-20T03:53:05.045+0000] {logging_mixin.py:190} INFO - [2024-11-20T03:53:05.045+0000] {dag.py:3239} INFO - Sync 1 DAGs
[2024-11-20T03:53:05.125+0000] {logging_mixin.py:190} INFO - [2024-11-20T03:53:05.125+0000] {dag.py:4180} INFO - Setting next_dagrun for example_task_group to None, run_after=None
[2024-11-20T03:53:05.288+0000] {processor.py:208} INFO - Processing /home/airflow/.local/lib/python3.12/site-packages/airflow/example_dags/example_task_group.py took 0.595 seconds
[2024-11-20T03:53:35.517+0000] {processor.py:186} INFO - Started process (PID=650) to work on /home/airflow/.local/lib/python3.12/site-packages/airflow/example_dags/example_task_group.py
[2024-11-20T03:53:35.523+0000] {processor.py:914} INFO - Processing file /home/airflow/.local/lib/python3.12/site-packages/airflow/example_dags/example_task_group.py for tasks to queue
[2024-11-20T03:53:35.534+0000] {logging_mixin.py:190} INFO - [2024-11-20T03:53:35.533+0000] {dagbag.py:588} INFO - Filling up the DagBag from /home/airflow/.local/lib/python3.12/site-packages/airflow/example_dags/example_task_group.py
[2024-11-20T03:53:35.566+0000] {processor.py:925} INFO - DAG(s) 'example_task_group' retrieved from /home/airflow/.local/lib/python3.12/site-packages/airflow/example_dags/example_task_group.py
[2024-11-20T03:53:35.658+0000] {logging_mixin.py:190} INFO - [2024-11-20T03:53:35.656+0000] {dag.py:3239} INFO - Sync 1 DAGs
[2024-11-20T03:53:35.723+0000] {logging_mixin.py:190} INFO - [2024-11-20T03:53:35.713+0000] {dag.py:4180} INFO - Setting next_dagrun for example_task_group to None, run_after=None
[2024-11-20T03:53:35.835+0000] {processor.py:208} INFO - Processing /home/airflow/.local/lib/python3.12/site-packages/airflow/example_dags/example_task_group.py took 0.347 seconds
[2024-11-20T03:54:06.619+0000] {processor.py:186} INFO - Started process (PID=713) to work on /home/airflow/.local/lib/python3.12/site-packages/airflow/example_dags/example_task_group.py
[2024-11-20T03:54:06.621+0000] {processor.py:914} INFO - Processing file /home/airflow/.local/lib/python3.12/site-packages/airflow/example_dags/example_task_group.py for tasks to queue
[2024-11-20T03:54:06.628+0000] {logging_mixin.py:190} INFO - [2024-11-20T03:54:06.626+0000] {dagbag.py:588} INFO - Filling up the DagBag from /home/airflow/.local/lib/python3.12/site-packages/airflow/example_dags/example_task_group.py
[2024-11-20T03:54:06.648+0000] {processor.py:925} INFO - DAG(s) 'example_task_group' retrieved from /home/airflow/.local/lib/python3.12/site-packages/airflow/example_dags/example_task_group.py
[2024-11-20T03:54:06.715+0000] {logging_mixin.py:190} INFO - [2024-11-20T03:54:06.714+0000] {dag.py:3239} INFO - Sync 1 DAGs
[2024-11-20T03:54:06.768+0000] {logging_mixin.py:190} INFO - [2024-11-20T03:54:06.768+0000] {dag.py:4180} INFO - Setting next_dagrun for example_task_group to None, run_after=None
[2024-11-20T03:54:06.842+0000] {processor.py:208} INFO - Processing /home/airflow/.local/lib/python3.12/site-packages/airflow/example_dags/example_task_group.py took 0.235 seconds
[2024-11-20T03:54:37.064+0000] {processor.py:186} INFO - Started process (PID=775) to work on /home/airflow/.local/lib/python3.12/site-packages/airflow/example_dags/example_task_group.py
[2024-11-20T03:54:37.075+0000] {processor.py:914} INFO - Processing file /home/airflow/.local/lib/python3.12/site-packages/airflow/example_dags/example_task_group.py for tasks to queue
[2024-11-20T03:54:37.086+0000] {logging_mixin.py:190} INFO - [2024-11-20T03:54:37.085+0000] {dagbag.py:588} INFO - Filling up the DagBag from /home/airflow/.local/lib/python3.12/site-packages/airflow/example_dags/example_task_group.py
[2024-11-20T03:54:37.152+0000] {processor.py:925} INFO - DAG(s) 'example_task_group' retrieved from /home/airflow/.local/lib/python3.12/site-packages/airflow/example_dags/example_task_group.py
[2024-11-20T03:54:37.245+0000] {logging_mixin.py:190} INFO - [2024-11-20T03:54:37.245+0000] {dag.py:3239} INFO - Sync 1 DAGs
[2024-11-20T03:54:37.315+0000] {logging_mixin.py:190} INFO - [2024-11-20T03:54:37.314+0000] {dag.py:4180} INFO - Setting next_dagrun for example_task_group to None, run_after=None
[2024-11-20T03:54:37.418+0000] {processor.py:208} INFO - Processing /home/airflow/.local/lib/python3.12/site-packages/airflow/example_dags/example_task_group.py took 0.390 seconds
[2024-11-20T03:55:08.116+0000] {processor.py:186} INFO - Started process (PID=839) to work on /home/airflow/.local/lib/python3.12/site-packages/airflow/example_dags/example_task_group.py
[2024-11-20T03:55:08.125+0000] {processor.py:914} INFO - Processing file /home/airflow/.local/lib/python3.12/site-packages/airflow/example_dags/example_task_group.py for tasks to queue
[2024-11-20T03:55:08.146+0000] {logging_mixin.py:190} INFO - [2024-11-20T03:55:08.134+0000] {dagbag.py:588} INFO - Filling up the DagBag from /home/airflow/.local/lib/python3.12/site-packages/airflow/example_dags/example_task_group.py
[2024-11-20T03:55:08.179+0000] {processor.py:925} INFO - DAG(s) 'example_task_group' retrieved from /home/airflow/.local/lib/python3.12/site-packages/airflow/example_dags/example_task_group.py
[2024-11-20T03:55:08.240+0000] {logging_mixin.py:190} INFO - [2024-11-20T03:55:08.239+0000] {dag.py:3239} INFO - Sync 1 DAGs
[2024-11-20T03:55:08.277+0000] {logging_mixin.py:190} INFO - [2024-11-20T03:55:08.276+0000] {dag.py:4180} INFO - Setting next_dagrun for example_task_group to None, run_after=None
[2024-11-20T03:55:08.322+0000] {processor.py:208} INFO - Processing /home/airflow/.local/lib/python3.12/site-packages/airflow/example_dags/example_task_group.py took 0.230 seconds
[2024-11-20T03:55:39.667+0000] {processor.py:186} INFO - Started process (PID=902) to work on /home/airflow/.local/lib/python3.12/site-packages/airflow/example_dags/example_task_group.py
[2024-11-20T03:55:39.669+0000] {processor.py:914} INFO - Processing file /home/airflow/.local/lib/python3.12/site-packages/airflow/example_dags/example_task_group.py for tasks to queue
[2024-11-20T03:55:39.675+0000] {logging_mixin.py:190} INFO - [2024-11-20T03:55:39.674+0000] {dagbag.py:588} INFO - Filling up the DagBag from /home/airflow/.local/lib/python3.12/site-packages/airflow/example_dags/example_task_group.py
[2024-11-20T03:55:39.693+0000] {processor.py:925} INFO - DAG(s) 'example_task_group' retrieved from /home/airflow/.local/lib/python3.12/site-packages/airflow/example_dags/example_task_group.py
[2024-11-20T03:55:39.734+0000] {logging_mixin.py:190} INFO - [2024-11-20T03:55:39.734+0000] {dag.py:3239} INFO - Sync 1 DAGs
[2024-11-20T03:55:39.758+0000] {logging_mixin.py:190} INFO - [2024-11-20T03:55:39.758+0000] {dag.py:4180} INFO - Setting next_dagrun for example_task_group to None, run_after=None
[2024-11-20T03:55:39.921+0000] {processor.py:208} INFO - Processing /home/airflow/.local/lib/python3.12/site-packages/airflow/example_dags/example_task_group.py took 0.262 seconds
[2024-11-20T03:56:10.939+0000] {processor.py:186} INFO - Started process (PID=965) to work on /home/airflow/.local/lib/python3.12/site-packages/airflow/example_dags/example_task_group.py
[2024-11-20T03:56:10.940+0000] {processor.py:914} INFO - Processing file /home/airflow/.local/lib/python3.12/site-packages/airflow/example_dags/example_task_group.py for tasks to queue
[2024-11-20T03:56:10.945+0000] {logging_mixin.py:190} INFO - [2024-11-20T03:56:10.945+0000] {dagbag.py:588} INFO - Filling up the DagBag from /home/airflow/.local/lib/python3.12/site-packages/airflow/example_dags/example_task_group.py
[2024-11-20T03:56:10.961+0000] {processor.py:925} INFO - DAG(s) 'example_task_group' retrieved from /home/airflow/.local/lib/python3.12/site-packages/airflow/example_dags/example_task_group.py
[2024-11-20T03:56:11.003+0000] {logging_mixin.py:190} INFO - [2024-11-20T03:56:11.002+0000] {dag.py:3239} INFO - Sync 1 DAGs
[2024-11-20T03:56:11.032+0000] {logging_mixin.py:190} INFO - [2024-11-20T03:56:11.031+0000] {dag.py:4180} INFO - Setting next_dagrun for example_task_group to None, run_after=None
[2024-11-20T03:56:11.075+0000] {processor.py:208} INFO - Processing /home/airflow/.local/lib/python3.12/site-packages/airflow/example_dags/example_task_group.py took 0.145 seconds
[2024-11-20T03:56:42.741+0000] {processor.py:186} INFO - Started process (PID=1028) to work on /home/airflow/.local/lib/python3.12/site-packages/airflow/example_dags/example_task_group.py
[2024-11-20T03:56:42.743+0000] {processor.py:914} INFO - Processing file /home/airflow/.local/lib/python3.12/site-packages/airflow/example_dags/example_task_group.py for tasks to queue
[2024-11-20T03:56:42.748+0000] {logging_mixin.py:190} INFO - [2024-11-20T03:56:42.747+0000] {dagbag.py:588} INFO - Filling up the DagBag from /home/airflow/.local/lib/python3.12/site-packages/airflow/example_dags/example_task_group.py
[2024-11-20T03:56:42.764+0000] {processor.py:925} INFO - DAG(s) 'example_task_group' retrieved from /home/airflow/.local/lib/python3.12/site-packages/airflow/example_dags/example_task_group.py
[2024-11-20T03:56:42.800+0000] {logging_mixin.py:190} INFO - [2024-11-20T03:56:42.799+0000] {dag.py:3239} INFO - Sync 1 DAGs
[2024-11-20T03:56:42.833+0000] {logging_mixin.py:190} INFO - [2024-11-20T03:56:42.832+0000] {dag.py:4180} INFO - Setting next_dagrun for example_task_group to None, run_after=None
[2024-11-20T03:56:42.865+0000] {processor.py:208} INFO - Processing /home/airflow/.local/lib/python3.12/site-packages/airflow/example_dags/example_task_group.py took 0.133 seconds
[2024-11-20T03:57:13.736+0000] {processor.py:186} INFO - Started process (PID=1091) to work on /home/airflow/.local/lib/python3.12/site-packages/airflow/example_dags/example_task_group.py
[2024-11-20T03:57:13.739+0000] {processor.py:914} INFO - Processing file /home/airflow/.local/lib/python3.12/site-packages/airflow/example_dags/example_task_group.py for tasks to queue
[2024-11-20T03:57:13.746+0000] {logging_mixin.py:190} INFO - [2024-11-20T03:57:13.745+0000] {dagbag.py:588} INFO - Filling up the DagBag from /home/airflow/.local/lib/python3.12/site-packages/airflow/example_dags/example_task_group.py
[2024-11-20T03:57:13.766+0000] {processor.py:925} INFO - DAG(s) 'example_task_group' retrieved from /home/airflow/.local/lib/python3.12/site-packages/airflow/example_dags/example_task_group.py
[2024-11-20T03:57:13.818+0000] {logging_mixin.py:190} INFO - [2024-11-20T03:57:13.818+0000] {dag.py:3239} INFO - Sync 1 DAGs
[2024-11-20T03:57:13.854+0000] {logging_mixin.py:190} INFO - [2024-11-20T03:57:13.854+0000] {dag.py:4180} INFO - Setting next_dagrun for example_task_group to None, run_after=None
[2024-11-20T03:57:13.897+0000] {processor.py:208} INFO - Processing /home/airflow/.local/lib/python3.12/site-packages/airflow/example_dags/example_task_group.py took 0.173 seconds
[2024-11-20T03:57:45.475+0000] {processor.py:186} INFO - Started process (PID=1154) to work on /home/airflow/.local/lib/python3.12/site-packages/airflow/example_dags/example_task_group.py
[2024-11-20T03:57:45.477+0000] {processor.py:914} INFO - Processing file /home/airflow/.local/lib/python3.12/site-packages/airflow/example_dags/example_task_group.py for tasks to queue
[2024-11-20T03:57:45.482+0000] {logging_mixin.py:190} INFO - [2024-11-20T03:57:45.482+0000] {dagbag.py:588} INFO - Filling up the DagBag from /home/airflow/.local/lib/python3.12/site-packages/airflow/example_dags/example_task_group.py
[2024-11-20T03:57:45.504+0000] {processor.py:925} INFO - DAG(s) 'example_task_group' retrieved from /home/airflow/.local/lib/python3.12/site-packages/airflow/example_dags/example_task_group.py
[2024-11-20T03:57:45.552+0000] {logging_mixin.py:190} INFO - [2024-11-20T03:57:45.552+0000] {dag.py:3239} INFO - Sync 1 DAGs
[2024-11-20T03:57:45.581+0000] {logging_mixin.py:190} INFO - [2024-11-20T03:57:45.580+0000] {dag.py:4180} INFO - Setting next_dagrun for example_task_group to None, run_after=None
[2024-11-20T03:57:45.614+0000] {processor.py:208} INFO - Processing /home/airflow/.local/lib/python3.12/site-packages/airflow/example_dags/example_task_group.py took 0.152 seconds
[2024-11-20T03:58:16.205+0000] {processor.py:186} INFO - Started process (PID=1217) to work on /home/airflow/.local/lib/python3.12/site-packages/airflow/example_dags/example_task_group.py
[2024-11-20T03:58:16.207+0000] {processor.py:914} INFO - Processing file /home/airflow/.local/lib/python3.12/site-packages/airflow/example_dags/example_task_group.py for tasks to queue
[2024-11-20T03:58:16.212+0000] {logging_mixin.py:190} INFO - [2024-11-20T03:58:16.212+0000] {dagbag.py:588} INFO - Filling up the DagBag from /home/airflow/.local/lib/python3.12/site-packages/airflow/example_dags/example_task_group.py
[2024-11-20T03:58:16.232+0000] {processor.py:925} INFO - DAG(s) 'example_task_group' retrieved from /home/airflow/.local/lib/python3.12/site-packages/airflow/example_dags/example_task_group.py
[2024-11-20T03:58:16.279+0000] {logging_mixin.py:190} INFO - [2024-11-20T03:58:16.279+0000] {dag.py:3239} INFO - Sync 1 DAGs
[2024-11-20T03:58:16.309+0000] {logging_mixin.py:190} INFO - [2024-11-20T03:58:16.309+0000] {dag.py:4180} INFO - Setting next_dagrun for example_task_group to None, run_after=None
[2024-11-20T03:58:16.351+0000] {processor.py:208} INFO - Processing /home/airflow/.local/lib/python3.12/site-packages/airflow/example_dags/example_task_group.py took 0.157 seconds
[2024-11-20T03:58:48.010+0000] {processor.py:186} INFO - Started process (PID=1280) to work on /home/airflow/.local/lib/python3.12/site-packages/airflow/example_dags/example_task_group.py
[2024-11-20T03:58:48.011+0000] {processor.py:914} INFO - Processing file /home/airflow/.local/lib/python3.12/site-packages/airflow/example_dags/example_task_group.py for tasks to queue
[2024-11-20T03:58:48.014+0000] {logging_mixin.py:190} INFO - [2024-11-20T03:58:48.014+0000] {dagbag.py:588} INFO - Filling up the DagBag from /home/airflow/.local/lib/python3.12/site-packages/airflow/example_dags/example_task_group.py
[2024-11-20T03:58:48.028+0000] {processor.py:925} INFO - DAG(s) 'example_task_group' retrieved from /home/airflow/.local/lib/python3.12/site-packages/airflow/example_dags/example_task_group.py
[2024-11-20T03:58:48.059+0000] {logging_mixin.py:190} INFO - [2024-11-20T03:58:48.059+0000] {dag.py:3239} INFO - Sync 1 DAGs
[2024-11-20T03:58:48.087+0000] {logging_mixin.py:190} INFO - [2024-11-20T03:58:48.086+0000] {dag.py:4180} INFO - Setting next_dagrun for example_task_group to None, run_after=None
[2024-11-20T03:58:48.128+0000] {processor.py:208} INFO - Processing /home/airflow/.local/lib/python3.12/site-packages/airflow/example_dags/example_task_group.py took 0.128 seconds
[2024-11-20T03:59:19.647+0000] {processor.py:186} INFO - Started process (PID=1343) to work on /home/airflow/.local/lib/python3.12/site-packages/airflow/example_dags/example_task_group.py
[2024-11-20T03:59:19.648+0000] {processor.py:914} INFO - Processing file /home/airflow/.local/lib/python3.12/site-packages/airflow/example_dags/example_task_group.py for tasks to queue
[2024-11-20T03:59:19.652+0000] {logging_mixin.py:190} INFO - [2024-11-20T03:59:19.651+0000] {dagbag.py:588} INFO - Filling up the DagBag from /home/airflow/.local/lib/python3.12/site-packages/airflow/example_dags/example_task_group.py
[2024-11-20T03:59:19.672+0000] {processor.py:925} INFO - DAG(s) 'example_task_group' retrieved from /home/airflow/.local/lib/python3.12/site-packages/airflow/example_dags/example_task_group.py
[2024-11-20T03:59:19.715+0000] {logging_mixin.py:190} INFO - [2024-11-20T03:59:19.715+0000] {dag.py:3239} INFO - Sync 1 DAGs
[2024-11-20T03:59:19.774+0000] {logging_mixin.py:190} INFO - [2024-11-20T03:59:19.773+0000] {dag.py:4180} INFO - Setting next_dagrun for example_task_group to None, run_after=None
[2024-11-20T03:59:19.836+0000] {processor.py:208} INFO - Processing /home/airflow/.local/lib/python3.12/site-packages/airflow/example_dags/example_task_group.py took 0.202 seconds
