[2024-11-20T03:47:58.102+0000] {processor.py:186} INFO - Started process (PID=90) to work on /home/airflow/.local/lib/python3.12/site-packages/airflow/example_dags/example_branch_python_dop_operator_3.py
[2024-11-20T03:47:58.120+0000] {processor.py:914} INFO - Processing file /home/airflow/.local/lib/python3.12/site-packages/airflow/example_dags/example_branch_python_dop_operator_3.py for tasks to queue
[2024-11-20T03:47:58.137+0000] {logging_mixin.py:190} INFO - [2024-11-20T03:47:58.137+0000] {dagbag.py:588} INFO - Filling up the DagBag from /home/airflow/.local/lib/python3.12/site-packages/airflow/example_dags/example_branch_python_dop_operator_3.py
[2024-11-20T03:47:58.308+0000] {processor.py:925} INFO - DAG(s) 'example_branch_dop_operator_v3' retrieved from /home/airflow/.local/lib/python3.12/site-packages/airflow/example_dags/example_branch_python_dop_operator_3.py
[2024-11-20T03:47:58.772+0000] {logging_mixin.py:190} INFO - [2024-11-20T03:47:58.771+0000] {override.py:1911} INFO - Created Permission View: can read on DAG:example_branch_dop_operator_v3
[2024-11-20T03:47:58.810+0000] {logging_mixin.py:190} INFO - [2024-11-20T03:47:58.809+0000] {override.py:1911} INFO - Created Permission View: can edit on DAG:example_branch_dop_operator_v3
[2024-11-20T03:47:58.866+0000] {logging_mixin.py:190} INFO - [2024-11-20T03:47:58.865+0000] {override.py:1911} INFO - Created Permission View: can delete on DAG:example_branch_dop_operator_v3
[2024-11-20T03:47:58.887+0000] {logging_mixin.py:190} INFO - [2024-11-20T03:47:58.887+0000] {override.py:1911} INFO - Created Permission View: menu access on DAG Run:example_branch_dop_operator_v3
[2024-11-20T03:47:58.911+0000] {logging_mixin.py:190} INFO - [2024-11-20T03:47:58.911+0000] {override.py:1911} INFO - Created Permission View: can read on DAG Run:example_branch_dop_operator_v3
[2024-11-20T03:47:58.927+0000] {logging_mixin.py:190} INFO - [2024-11-20T03:47:58.926+0000] {override.py:1911} INFO - Created Permission View: can delete on DAG Run:example_branch_dop_operator_v3
[2024-11-20T03:47:58.940+0000] {logging_mixin.py:190} INFO - [2024-11-20T03:47:58.940+0000] {override.py:1911} INFO - Created Permission View: can create on DAG Run:example_branch_dop_operator_v3
[2024-11-20T03:47:58.942+0000] {logging_mixin.py:190} INFO - [2024-11-20T03:47:58.941+0000] {dag.py:3239} INFO - Sync 1 DAGs
[2024-11-20T03:47:58.974+0000] {logging_mixin.py:190} INFO - [2024-11-20T03:47:58.973+0000] {dag.py:3262} INFO - Creating ORM DAG for example_branch_dop_operator_v3
[2024-11-20T03:47:59.011+0000] {logging_mixin.py:190} INFO - [2024-11-20T03:47:59.011+0000] {dag.py:4180} INFO - Setting next_dagrun for example_branch_dop_operator_v3 to 2024-11-20 03:46:00+00:00, run_after=2024-11-20 03:47:00+00:00
[2024-11-20T03:47:59.113+0000] {processor.py:208} INFO - Processing /home/airflow/.local/lib/python3.12/site-packages/airflow/example_dags/example_branch_python_dop_operator_3.py took 1.031 seconds
[2024-11-20T03:49:15.922+0000] {processor.py:186} INFO - Started process (PID=166) to work on /home/airflow/.local/lib/python3.12/site-packages/airflow/example_dags/example_branch_python_dop_operator_3.py
[2024-11-20T03:49:15.924+0000] {processor.py:914} INFO - Processing file /home/airflow/.local/lib/python3.12/site-packages/airflow/example_dags/example_branch_python_dop_operator_3.py for tasks to queue
[2024-11-20T03:49:15.931+0000] {logging_mixin.py:190} INFO - [2024-11-20T03:49:15.930+0000] {dagbag.py:588} INFO - Filling up the DagBag from /home/airflow/.local/lib/python3.12/site-packages/airflow/example_dags/example_branch_python_dop_operator_3.py
[2024-11-20T03:49:15.955+0000] {processor.py:925} INFO - DAG(s) 'example_branch_dop_operator_v3' retrieved from /home/airflow/.local/lib/python3.12/site-packages/airflow/example_dags/example_branch_python_dop_operator_3.py
[2024-11-20T03:49:16.002+0000] {logging_mixin.py:190} INFO - [2024-11-20T03:49:16.001+0000] {dag.py:3239} INFO - Sync 1 DAGs
[2024-11-20T03:49:16.059+0000] {logging_mixin.py:190} INFO - [2024-11-20T03:49:16.058+0000] {dag.py:4180} INFO - Setting next_dagrun for example_branch_dop_operator_v3 to 2024-11-20 03:48:00+00:00, run_after=2024-11-20 03:49:00+00:00
[2024-11-20T03:49:16.098+0000] {processor.py:208} INFO - Processing /home/airflow/.local/lib/python3.12/site-packages/airflow/example_dags/example_branch_python_dop_operator_3.py took 0.196 seconds
[2024-11-20T03:49:46.811+0000] {processor.py:186} INFO - Started process (PID=230) to work on /home/airflow/.local/lib/python3.12/site-packages/airflow/example_dags/example_branch_python_dop_operator_3.py
[2024-11-20T03:49:46.813+0000] {processor.py:914} INFO - Processing file /home/airflow/.local/lib/python3.12/site-packages/airflow/example_dags/example_branch_python_dop_operator_3.py for tasks to queue
[2024-11-20T03:49:46.817+0000] {logging_mixin.py:190} INFO - [2024-11-20T03:49:46.816+0000] {dagbag.py:588} INFO - Filling up the DagBag from /home/airflow/.local/lib/python3.12/site-packages/airflow/example_dags/example_branch_python_dop_operator_3.py
[2024-11-20T03:49:46.838+0000] {processor.py:925} INFO - DAG(s) 'example_branch_dop_operator_v3' retrieved from /home/airflow/.local/lib/python3.12/site-packages/airflow/example_dags/example_branch_python_dop_operator_3.py
[2024-11-20T03:49:46.877+0000] {logging_mixin.py:190} INFO - [2024-11-20T03:49:46.877+0000] {dag.py:3239} INFO - Sync 1 DAGs
[2024-11-20T03:49:46.937+0000] {logging_mixin.py:190} INFO - [2024-11-20T03:49:46.937+0000] {dag.py:4180} INFO - Setting next_dagrun for example_branch_dop_operator_v3 to 2024-11-20 03:48:00+00:00, run_after=2024-11-20 03:49:00+00:00
[2024-11-20T03:49:46.974+0000] {processor.py:208} INFO - Processing /home/airflow/.local/lib/python3.12/site-packages/airflow/example_dags/example_branch_python_dop_operator_3.py took 0.174 seconds
[2024-11-20T03:50:29.579+0000] {processor.py:186} INFO - Started process (PID=292) to work on /home/airflow/.local/lib/python3.12/site-packages/airflow/example_dags/example_branch_python_dop_operator_3.py
[2024-11-20T03:50:29.584+0000] {processor.py:914} INFO - Processing file /home/airflow/.local/lib/python3.12/site-packages/airflow/example_dags/example_branch_python_dop_operator_3.py for tasks to queue
[2024-11-20T03:50:29.591+0000] {logging_mixin.py:190} INFO - [2024-11-20T03:50:29.591+0000] {dagbag.py:588} INFO - Filling up the DagBag from /home/airflow/.local/lib/python3.12/site-packages/airflow/example_dags/example_branch_python_dop_operator_3.py
[2024-11-20T03:50:29.628+0000] {processor.py:925} INFO - DAG(s) 'example_branch_dop_operator_v3' retrieved from /home/airflow/.local/lib/python3.12/site-packages/airflow/example_dags/example_branch_python_dop_operator_3.py
[2024-11-20T03:50:29.700+0000] {logging_mixin.py:190} INFO - [2024-11-20T03:50:29.699+0000] {dag.py:3239} INFO - Sync 1 DAGs
[2024-11-20T03:50:29.886+0000] {logging_mixin.py:190} INFO - [2024-11-20T03:50:29.885+0000] {dag.py:4180} INFO - Setting next_dagrun for example_branch_dop_operator_v3 to 2024-11-20 03:49:00+00:00, run_after=2024-11-20 03:50:00+00:00
[2024-11-20T03:50:30.004+0000] {processor.py:208} INFO - Processing /home/airflow/.local/lib/python3.12/site-packages/airflow/example_dags/example_branch_python_dop_operator_3.py took 0.442 seconds
[2024-11-20T03:51:02.375+0000] {processor.py:186} INFO - Started process (PID=355) to work on /home/airflow/.local/lib/python3.12/site-packages/airflow/example_dags/example_branch_python_dop_operator_3.py
[2024-11-20T03:51:02.380+0000] {processor.py:914} INFO - Processing file /home/airflow/.local/lib/python3.12/site-packages/airflow/example_dags/example_branch_python_dop_operator_3.py for tasks to queue
[2024-11-20T03:51:02.390+0000] {logging_mixin.py:190} INFO - [2024-11-20T03:51:02.390+0000] {dagbag.py:588} INFO - Filling up the DagBag from /home/airflow/.local/lib/python3.12/site-packages/airflow/example_dags/example_branch_python_dop_operator_3.py
[2024-11-20T03:51:02.430+0000] {processor.py:925} INFO - DAG(s) 'example_branch_dop_operator_v3' retrieved from /home/airflow/.local/lib/python3.12/site-packages/airflow/example_dags/example_branch_python_dop_operator_3.py
[2024-11-20T03:51:02.517+0000] {logging_mixin.py:190} INFO - [2024-11-20T03:51:02.517+0000] {dag.py:3239} INFO - Sync 1 DAGs
[2024-11-20T03:51:02.619+0000] {logging_mixin.py:190} INFO - [2024-11-20T03:51:02.619+0000] {dag.py:4180} INFO - Setting next_dagrun for example_branch_dop_operator_v3 to 2024-11-20 03:50:00+00:00, run_after=2024-11-20 03:51:00+00:00
[2024-11-20T03:51:02.828+0000] {processor.py:208} INFO - Processing /home/airflow/.local/lib/python3.12/site-packages/airflow/example_dags/example_branch_python_dop_operator_3.py took 0.471 seconds
[2024-11-20T03:51:33.606+0000] {processor.py:186} INFO - Started process (PID=418) to work on /home/airflow/.local/lib/python3.12/site-packages/airflow/example_dags/example_branch_python_dop_operator_3.py
[2024-11-20T03:51:33.608+0000] {processor.py:914} INFO - Processing file /home/airflow/.local/lib/python3.12/site-packages/airflow/example_dags/example_branch_python_dop_operator_3.py for tasks to queue
[2024-11-20T03:51:33.615+0000] {logging_mixin.py:190} INFO - [2024-11-20T03:51:33.614+0000] {dagbag.py:588} INFO - Filling up the DagBag from /home/airflow/.local/lib/python3.12/site-packages/airflow/example_dags/example_branch_python_dop_operator_3.py
[2024-11-20T03:51:33.652+0000] {processor.py:925} INFO - DAG(s) 'example_branch_dop_operator_v3' retrieved from /home/airflow/.local/lib/python3.12/site-packages/airflow/example_dags/example_branch_python_dop_operator_3.py
[2024-11-20T03:51:33.696+0000] {logging_mixin.py:190} INFO - [2024-11-20T03:51:33.695+0000] {dag.py:3239} INFO - Sync 1 DAGs
[2024-11-20T03:51:33.753+0000] {logging_mixin.py:190} INFO - [2024-11-20T03:51:33.753+0000] {dag.py:4180} INFO - Setting next_dagrun for example_branch_dop_operator_v3 to 2024-11-20 03:50:00+00:00, run_after=2024-11-20 03:51:00+00:00
[2024-11-20T03:51:33.786+0000] {processor.py:208} INFO - Processing /home/airflow/.local/lib/python3.12/site-packages/airflow/example_dags/example_branch_python_dop_operator_3.py took 0.193 seconds
[2024-11-20T03:52:04.810+0000] {processor.py:186} INFO - Started process (PID=480) to work on /home/airflow/.local/lib/python3.12/site-packages/airflow/example_dags/example_branch_python_dop_operator_3.py
[2024-11-20T03:52:04.812+0000] {processor.py:914} INFO - Processing file /home/airflow/.local/lib/python3.12/site-packages/airflow/example_dags/example_branch_python_dop_operator_3.py for tasks to queue
[2024-11-20T03:52:04.817+0000] {logging_mixin.py:190} INFO - [2024-11-20T03:52:04.817+0000] {dagbag.py:588} INFO - Filling up the DagBag from /home/airflow/.local/lib/python3.12/site-packages/airflow/example_dags/example_branch_python_dop_operator_3.py
[2024-11-20T03:52:04.838+0000] {processor.py:925} INFO - DAG(s) 'example_branch_dop_operator_v3' retrieved from /home/airflow/.local/lib/python3.12/site-packages/airflow/example_dags/example_branch_python_dop_operator_3.py
[2024-11-20T03:52:04.872+0000] {logging_mixin.py:190} INFO - [2024-11-20T03:52:04.872+0000] {dag.py:3239} INFO - Sync 1 DAGs
[2024-11-20T03:52:04.929+0000] {logging_mixin.py:190} INFO - [2024-11-20T03:52:04.928+0000] {dag.py:4180} INFO - Setting next_dagrun for example_branch_dop_operator_v3 to 2024-11-20 03:51:00+00:00, run_after=2024-11-20 03:52:00+00:00
[2024-11-20T03:52:04.964+0000] {processor.py:208} INFO - Processing /home/airflow/.local/lib/python3.12/site-packages/airflow/example_dags/example_branch_python_dop_operator_3.py took 0.167 seconds
[2024-11-20T03:52:35.109+0000] {processor.py:186} INFO - Started process (PID=542) to work on /home/airflow/.local/lib/python3.12/site-packages/airflow/example_dags/example_branch_python_dop_operator_3.py
[2024-11-20T03:52:35.110+0000] {processor.py:914} INFO - Processing file /home/airflow/.local/lib/python3.12/site-packages/airflow/example_dags/example_branch_python_dop_operator_3.py for tasks to queue
[2024-11-20T03:52:35.115+0000] {logging_mixin.py:190} INFO - [2024-11-20T03:52:35.114+0000] {dagbag.py:588} INFO - Filling up the DagBag from /home/airflow/.local/lib/python3.12/site-packages/airflow/example_dags/example_branch_python_dop_operator_3.py
[2024-11-20T03:52:35.135+0000] {processor.py:925} INFO - DAG(s) 'example_branch_dop_operator_v3' retrieved from /home/airflow/.local/lib/python3.12/site-packages/airflow/example_dags/example_branch_python_dop_operator_3.py
[2024-11-20T03:52:35.167+0000] {logging_mixin.py:190} INFO - [2024-11-20T03:52:35.166+0000] {dag.py:3239} INFO - Sync 1 DAGs
[2024-11-20T03:52:35.209+0000] {logging_mixin.py:190} INFO - [2024-11-20T03:52:35.208+0000] {dag.py:4180} INFO - Setting next_dagrun for example_branch_dop_operator_v3 to 2024-11-20 03:51:00+00:00, run_after=2024-11-20 03:52:00+00:00
[2024-11-20T03:52:35.253+0000] {processor.py:208} INFO - Processing /home/airflow/.local/lib/python3.12/site-packages/airflow/example_dags/example_branch_python_dop_operator_3.py took 0.154 seconds
[2024-11-20T03:53:11.433+0000] {processor.py:186} INFO - Started process (PID=604) to work on /home/airflow/.local/lib/python3.12/site-packages/airflow/example_dags/example_branch_python_dop_operator_3.py
[2024-11-20T03:53:11.435+0000] {processor.py:914} INFO - Processing file /home/airflow/.local/lib/python3.12/site-packages/airflow/example_dags/example_branch_python_dop_operator_3.py for tasks to queue
[2024-11-20T03:53:11.440+0000] {logging_mixin.py:190} INFO - [2024-11-20T03:53:11.439+0000] {dagbag.py:588} INFO - Filling up the DagBag from /home/airflow/.local/lib/python3.12/site-packages/airflow/example_dags/example_branch_python_dop_operator_3.py
[2024-11-20T03:53:11.462+0000] {processor.py:925} INFO - DAG(s) 'example_branch_dop_operator_v3' retrieved from /home/airflow/.local/lib/python3.12/site-packages/airflow/example_dags/example_branch_python_dop_operator_3.py
[2024-11-20T03:53:11.505+0000] {logging_mixin.py:190} INFO - [2024-11-20T03:53:11.505+0000] {dag.py:3239} INFO - Sync 1 DAGs
[2024-11-20T03:53:11.592+0000] {logging_mixin.py:190} INFO - [2024-11-20T03:53:11.592+0000] {dag.py:4180} INFO - Setting next_dagrun for example_branch_dop_operator_v3 to 2024-11-20 03:52:00+00:00, run_after=2024-11-20 03:53:00+00:00
[2024-11-20T03:53:11.686+0000] {processor.py:208} INFO - Processing /home/airflow/.local/lib/python3.12/site-packages/airflow/example_dags/example_branch_python_dop_operator_3.py took 0.267 seconds
[2024-11-20T03:53:42.288+0000] {processor.py:186} INFO - Started process (PID=667) to work on /home/airflow/.local/lib/python3.12/site-packages/airflow/example_dags/example_branch_python_dop_operator_3.py
[2024-11-20T03:53:42.290+0000] {processor.py:914} INFO - Processing file /home/airflow/.local/lib/python3.12/site-packages/airflow/example_dags/example_branch_python_dop_operator_3.py for tasks to queue
[2024-11-20T03:53:42.294+0000] {logging_mixin.py:190} INFO - [2024-11-20T03:53:42.294+0000] {dagbag.py:588} INFO - Filling up the DagBag from /home/airflow/.local/lib/python3.12/site-packages/airflow/example_dags/example_branch_python_dop_operator_3.py
[2024-11-20T03:53:42.320+0000] {processor.py:925} INFO - DAG(s) 'example_branch_dop_operator_v3' retrieved from /home/airflow/.local/lib/python3.12/site-packages/airflow/example_dags/example_branch_python_dop_operator_3.py
[2024-11-20T03:53:42.372+0000] {logging_mixin.py:190} INFO - [2024-11-20T03:53:42.372+0000] {dag.py:3239} INFO - Sync 1 DAGs
[2024-11-20T03:53:42.450+0000] {logging_mixin.py:190} INFO - [2024-11-20T03:53:42.449+0000] {dag.py:4180} INFO - Setting next_dagrun for example_branch_dop_operator_v3 to 2024-11-20 03:52:00+00:00, run_after=2024-11-20 03:53:00+00:00
[2024-11-20T03:53:42.502+0000] {processor.py:208} INFO - Processing /home/airflow/.local/lib/python3.12/site-packages/airflow/example_dags/example_branch_python_dop_operator_3.py took 0.226 seconds
[2024-11-20T03:54:12.837+0000] {processor.py:186} INFO - Started process (PID=730) to work on /home/airflow/.local/lib/python3.12/site-packages/airflow/example_dags/example_branch_python_dop_operator_3.py
[2024-11-20T03:54:12.841+0000] {processor.py:914} INFO - Processing file /home/airflow/.local/lib/python3.12/site-packages/airflow/example_dags/example_branch_python_dop_operator_3.py for tasks to queue
[2024-11-20T03:54:12.848+0000] {logging_mixin.py:190} INFO - [2024-11-20T03:54:12.846+0000] {dagbag.py:588} INFO - Filling up the DagBag from /home/airflow/.local/lib/python3.12/site-packages/airflow/example_dags/example_branch_python_dop_operator_3.py
[2024-11-20T03:54:12.878+0000] {processor.py:925} INFO - DAG(s) 'example_branch_dop_operator_v3' retrieved from /home/airflow/.local/lib/python3.12/site-packages/airflow/example_dags/example_branch_python_dop_operator_3.py
[2024-11-20T03:54:12.924+0000] {logging_mixin.py:190} INFO - [2024-11-20T03:54:12.923+0000] {dag.py:3239} INFO - Sync 1 DAGs
[2024-11-20T03:54:12.991+0000] {logging_mixin.py:190} INFO - [2024-11-20T03:54:12.989+0000] {dag.py:4180} INFO - Setting next_dagrun for example_branch_dop_operator_v3 to 2024-11-20 03:53:00+00:00, run_after=2024-11-20 03:54:00+00:00
[2024-11-20T03:54:13.050+0000] {processor.py:208} INFO - Processing /home/airflow/.local/lib/python3.12/site-packages/airflow/example_dags/example_branch_python_dop_operator_3.py took 0.226 seconds
[2024-11-20T03:54:43.193+0000] {processor.py:186} INFO - Started process (PID=793) to work on /home/airflow/.local/lib/python3.12/site-packages/airflow/example_dags/example_branch_python_dop_operator_3.py
[2024-11-20T03:54:43.195+0000] {processor.py:914} INFO - Processing file /home/airflow/.local/lib/python3.12/site-packages/airflow/example_dags/example_branch_python_dop_operator_3.py for tasks to queue
[2024-11-20T03:54:43.205+0000] {logging_mixin.py:190} INFO - [2024-11-20T03:54:43.205+0000] {dagbag.py:588} INFO - Filling up the DagBag from /home/airflow/.local/lib/python3.12/site-packages/airflow/example_dags/example_branch_python_dop_operator_3.py
[2024-11-20T03:54:43.230+0000] {processor.py:925} INFO - DAG(s) 'example_branch_dop_operator_v3' retrieved from /home/airflow/.local/lib/python3.12/site-packages/airflow/example_dags/example_branch_python_dop_operator_3.py
[2024-11-20T03:54:43.309+0000] {logging_mixin.py:190} INFO - [2024-11-20T03:54:43.308+0000] {dag.py:3239} INFO - Sync 1 DAGs
[2024-11-20T03:54:43.405+0000] {logging_mixin.py:190} INFO - [2024-11-20T03:54:43.404+0000] {dag.py:4180} INFO - Setting next_dagrun for example_branch_dop_operator_v3 to 2024-11-20 03:53:00+00:00, run_after=2024-11-20 03:54:00+00:00
[2024-11-20T03:54:43.536+0000] {processor.py:208} INFO - Processing /home/airflow/.local/lib/python3.12/site-packages/airflow/example_dags/example_branch_python_dop_operator_3.py took 0.361 seconds
[2024-11-20T03:55:14.170+0000] {processor.py:186} INFO - Started process (PID=857) to work on /home/airflow/.local/lib/python3.12/site-packages/airflow/example_dags/example_branch_python_dop_operator_3.py
[2024-11-20T03:55:14.173+0000] {processor.py:914} INFO - Processing file /home/airflow/.local/lib/python3.12/site-packages/airflow/example_dags/example_branch_python_dop_operator_3.py for tasks to queue
[2024-11-20T03:55:14.180+0000] {logging_mixin.py:190} INFO - [2024-11-20T03:55:14.179+0000] {dagbag.py:588} INFO - Filling up the DagBag from /home/airflow/.local/lib/python3.12/site-packages/airflow/example_dags/example_branch_python_dop_operator_3.py
[2024-11-20T03:55:14.211+0000] {processor.py:925} INFO - DAG(s) 'example_branch_dop_operator_v3' retrieved from /home/airflow/.local/lib/python3.12/site-packages/airflow/example_dags/example_branch_python_dop_operator_3.py
[2024-11-20T03:55:14.262+0000] {logging_mixin.py:190} INFO - [2024-11-20T03:55:14.261+0000] {dag.py:3239} INFO - Sync 1 DAGs
[2024-11-20T03:55:14.372+0000] {logging_mixin.py:190} INFO - [2024-11-20T03:55:14.371+0000] {dag.py:4180} INFO - Setting next_dagrun for example_branch_dop_operator_v3 to 2024-11-20 03:54:00+00:00, run_after=2024-11-20 03:55:00+00:00
[2024-11-20T03:55:14.543+0000] {processor.py:208} INFO - Processing /home/airflow/.local/lib/python3.12/site-packages/airflow/example_dags/example_branch_python_dop_operator_3.py took 0.389 seconds
[2024-11-20T03:55:45.276+0000] {processor.py:186} INFO - Started process (PID=919) to work on /home/airflow/.local/lib/python3.12/site-packages/airflow/example_dags/example_branch_python_dop_operator_3.py
[2024-11-20T03:55:45.280+0000] {processor.py:914} INFO - Processing file /home/airflow/.local/lib/python3.12/site-packages/airflow/example_dags/example_branch_python_dop_operator_3.py for tasks to queue
[2024-11-20T03:55:45.289+0000] {logging_mixin.py:190} INFO - [2024-11-20T03:55:45.287+0000] {dagbag.py:588} INFO - Filling up the DagBag from /home/airflow/.local/lib/python3.12/site-packages/airflow/example_dags/example_branch_python_dop_operator_3.py
[2024-11-20T03:55:45.323+0000] {processor.py:925} INFO - DAG(s) 'example_branch_dop_operator_v3' retrieved from /home/airflow/.local/lib/python3.12/site-packages/airflow/example_dags/example_branch_python_dop_operator_3.py
[2024-11-20T03:55:45.384+0000] {logging_mixin.py:190} INFO - [2024-11-20T03:55:45.384+0000] {dag.py:3239} INFO - Sync 1 DAGs
[2024-11-20T03:55:45.492+0000] {logging_mixin.py:190} INFO - [2024-11-20T03:55:45.491+0000] {dag.py:4180} INFO - Setting next_dagrun for example_branch_dop_operator_v3 to 2024-11-20 03:54:00+00:00, run_after=2024-11-20 03:55:00+00:00
[2024-11-20T03:55:45.562+0000] {processor.py:208} INFO - Processing /home/airflow/.local/lib/python3.12/site-packages/airflow/example_dags/example_branch_python_dop_operator_3.py took 0.307 seconds
[2024-11-20T03:56:15.847+0000] {processor.py:186} INFO - Started process (PID=980) to work on /home/airflow/.local/lib/python3.12/site-packages/airflow/example_dags/example_branch_python_dop_operator_3.py
[2024-11-20T03:56:15.849+0000] {processor.py:914} INFO - Processing file /home/airflow/.local/lib/python3.12/site-packages/airflow/example_dags/example_branch_python_dop_operator_3.py for tasks to queue
[2024-11-20T03:56:15.854+0000] {logging_mixin.py:190} INFO - [2024-11-20T03:56:15.853+0000] {dagbag.py:588} INFO - Filling up the DagBag from /home/airflow/.local/lib/python3.12/site-packages/airflow/example_dags/example_branch_python_dop_operator_3.py
[2024-11-20T03:56:15.877+0000] {processor.py:925} INFO - DAG(s) 'example_branch_dop_operator_v3' retrieved from /home/airflow/.local/lib/python3.12/site-packages/airflow/example_dags/example_branch_python_dop_operator_3.py
[2024-11-20T03:56:15.917+0000] {logging_mixin.py:190} INFO - [2024-11-20T03:56:15.917+0000] {dag.py:3239} INFO - Sync 1 DAGs
[2024-11-20T03:56:15.970+0000] {logging_mixin.py:190} INFO - [2024-11-20T03:56:15.970+0000] {dag.py:4180} INFO - Setting next_dagrun for example_branch_dop_operator_v3 to 2024-11-20 03:55:00+00:00, run_after=2024-11-20 03:56:00+00:00
[2024-11-20T03:56:16.013+0000] {processor.py:208} INFO - Processing /home/airflow/.local/lib/python3.12/site-packages/airflow/example_dags/example_branch_python_dop_operator_3.py took 0.178 seconds
[2024-11-20T03:56:46.945+0000] {processor.py:186} INFO - Started process (PID=1043) to work on /home/airflow/.local/lib/python3.12/site-packages/airflow/example_dags/example_branch_python_dop_operator_3.py
[2024-11-20T03:56:46.947+0000] {processor.py:914} INFO - Processing file /home/airflow/.local/lib/python3.12/site-packages/airflow/example_dags/example_branch_python_dop_operator_3.py for tasks to queue
[2024-11-20T03:56:46.952+0000] {logging_mixin.py:190} INFO - [2024-11-20T03:56:46.951+0000] {dagbag.py:588} INFO - Filling up the DagBag from /home/airflow/.local/lib/python3.12/site-packages/airflow/example_dags/example_branch_python_dop_operator_3.py
[2024-11-20T03:56:46.978+0000] {processor.py:925} INFO - DAG(s) 'example_branch_dop_operator_v3' retrieved from /home/airflow/.local/lib/python3.12/site-packages/airflow/example_dags/example_branch_python_dop_operator_3.py
[2024-11-20T03:56:47.027+0000] {logging_mixin.py:190} INFO - [2024-11-20T03:56:47.027+0000] {dag.py:3239} INFO - Sync 1 DAGs
[2024-11-20T03:56:47.099+0000] {logging_mixin.py:190} INFO - [2024-11-20T03:56:47.098+0000] {dag.py:4180} INFO - Setting next_dagrun for example_branch_dop_operator_v3 to 2024-11-20 03:55:00+00:00, run_after=2024-11-20 03:56:00+00:00
[2024-11-20T03:56:47.156+0000] {processor.py:208} INFO - Processing /home/airflow/.local/lib/python3.12/site-packages/airflow/example_dags/example_branch_python_dop_operator_3.py took 0.224 seconds
[2024-11-20T03:57:17.307+0000] {processor.py:186} INFO - Started process (PID=1106) to work on /home/airflow/.local/lib/python3.12/site-packages/airflow/example_dags/example_branch_python_dop_operator_3.py
[2024-11-20T03:57:17.308+0000] {processor.py:914} INFO - Processing file /home/airflow/.local/lib/python3.12/site-packages/airflow/example_dags/example_branch_python_dop_operator_3.py for tasks to queue
[2024-11-20T03:57:17.312+0000] {logging_mixin.py:190} INFO - [2024-11-20T03:57:17.312+0000] {dagbag.py:588} INFO - Filling up the DagBag from /home/airflow/.local/lib/python3.12/site-packages/airflow/example_dags/example_branch_python_dop_operator_3.py
[2024-11-20T03:57:17.334+0000] {processor.py:925} INFO - DAG(s) 'example_branch_dop_operator_v3' retrieved from /home/airflow/.local/lib/python3.12/site-packages/airflow/example_dags/example_branch_python_dop_operator_3.py
[2024-11-20T03:57:17.399+0000] {logging_mixin.py:190} INFO - [2024-11-20T03:57:17.398+0000] {dag.py:3239} INFO - Sync 1 DAGs
[2024-11-20T03:57:17.458+0000] {logging_mixin.py:190} INFO - [2024-11-20T03:57:17.457+0000] {dag.py:4180} INFO - Setting next_dagrun for example_branch_dop_operator_v3 to 2024-11-20 03:56:00+00:00, run_after=2024-11-20 03:57:00+00:00
[2024-11-20T03:57:17.522+0000] {processor.py:208} INFO - Processing /home/airflow/.local/lib/python3.12/site-packages/airflow/example_dags/example_branch_python_dop_operator_3.py took 0.226 seconds
[2024-11-20T03:57:47.973+0000] {processor.py:186} INFO - Started process (PID=1169) to work on /home/airflow/.local/lib/python3.12/site-packages/airflow/example_dags/example_branch_python_dop_operator_3.py
[2024-11-20T03:57:47.975+0000] {processor.py:914} INFO - Processing file /home/airflow/.local/lib/python3.12/site-packages/airflow/example_dags/example_branch_python_dop_operator_3.py for tasks to queue
[2024-11-20T03:57:47.980+0000] {logging_mixin.py:190} INFO - [2024-11-20T03:57:47.979+0000] {dagbag.py:588} INFO - Filling up the DagBag from /home/airflow/.local/lib/python3.12/site-packages/airflow/example_dags/example_branch_python_dop_operator_3.py
[2024-11-20T03:57:48.009+0000] {processor.py:925} INFO - DAG(s) 'example_branch_dop_operator_v3' retrieved from /home/airflow/.local/lib/python3.12/site-packages/airflow/example_dags/example_branch_python_dop_operator_3.py
[2024-11-20T03:57:48.064+0000] {logging_mixin.py:190} INFO - [2024-11-20T03:57:48.063+0000] {dag.py:3239} INFO - Sync 1 DAGs
[2024-11-20T03:57:48.158+0000] {logging_mixin.py:190} INFO - [2024-11-20T03:57:48.157+0000] {dag.py:4180} INFO - Setting next_dagrun for example_branch_dop_operator_v3 to 2024-11-20 03:56:00+00:00, run_after=2024-11-20 03:57:00+00:00
[2024-11-20T03:57:48.218+0000] {processor.py:208} INFO - Processing /home/airflow/.local/lib/python3.12/site-packages/airflow/example_dags/example_branch_python_dop_operator_3.py took 0.270 seconds
[2024-11-20T03:58:18.336+0000] {processor.py:186} INFO - Started process (PID=1232) to work on /home/airflow/.local/lib/python3.12/site-packages/airflow/example_dags/example_branch_python_dop_operator_3.py
[2024-11-20T03:58:18.338+0000] {processor.py:914} INFO - Processing file /home/airflow/.local/lib/python3.12/site-packages/airflow/example_dags/example_branch_python_dop_operator_3.py for tasks to queue
[2024-11-20T03:58:18.341+0000] {logging_mixin.py:190} INFO - [2024-11-20T03:58:18.341+0000] {dagbag.py:588} INFO - Filling up the DagBag from /home/airflow/.local/lib/python3.12/site-packages/airflow/example_dags/example_branch_python_dop_operator_3.py
[2024-11-20T03:58:18.357+0000] {processor.py:925} INFO - DAG(s) 'example_branch_dop_operator_v3' retrieved from /home/airflow/.local/lib/python3.12/site-packages/airflow/example_dags/example_branch_python_dop_operator_3.py
[2024-11-20T03:58:18.385+0000] {logging_mixin.py:190} INFO - [2024-11-20T03:58:18.384+0000] {dag.py:3239} INFO - Sync 1 DAGs
[2024-11-20T03:58:18.430+0000] {logging_mixin.py:190} INFO - [2024-11-20T03:58:18.430+0000] {dag.py:4180} INFO - Setting next_dagrun for example_branch_dop_operator_v3 to 2024-11-20 03:57:00+00:00, run_after=2024-11-20 03:58:00+00:00
[2024-11-20T03:58:18.469+0000] {processor.py:208} INFO - Processing /home/airflow/.local/lib/python3.12/site-packages/airflow/example_dags/example_branch_python_dop_operator_3.py took 0.141 seconds
[2024-11-20T03:58:50.069+0000] {processor.py:186} INFO - Started process (PID=1292) to work on /home/airflow/.local/lib/python3.12/site-packages/airflow/example_dags/example_branch_python_dop_operator_3.py
[2024-11-20T03:58:50.071+0000] {processor.py:914} INFO - Processing file /home/airflow/.local/lib/python3.12/site-packages/airflow/example_dags/example_branch_python_dop_operator_3.py for tasks to queue
[2024-11-20T03:58:50.076+0000] {logging_mixin.py:190} INFO - [2024-11-20T03:58:50.075+0000] {dagbag.py:588} INFO - Filling up the DagBag from /home/airflow/.local/lib/python3.12/site-packages/airflow/example_dags/example_branch_python_dop_operator_3.py
[2024-11-20T03:58:50.096+0000] {processor.py:925} INFO - DAG(s) 'example_branch_dop_operator_v3' retrieved from /home/airflow/.local/lib/python3.12/site-packages/airflow/example_dags/example_branch_python_dop_operator_3.py
[2024-11-20T03:58:50.142+0000] {logging_mixin.py:190} INFO - [2024-11-20T03:58:50.141+0000] {dag.py:3239} INFO - Sync 1 DAGs
[2024-11-20T03:58:50.255+0000] {logging_mixin.py:190} INFO - [2024-11-20T03:58:50.254+0000] {dag.py:4180} INFO - Setting next_dagrun for example_branch_dop_operator_v3 to 2024-11-20 03:57:00+00:00, run_after=2024-11-20 03:58:00+00:00
[2024-11-20T03:58:50.326+0000] {processor.py:208} INFO - Processing /home/airflow/.local/lib/python3.12/site-packages/airflow/example_dags/example_branch_python_dop_operator_3.py took 0.268 seconds
[2024-11-20T03:59:21.146+0000] {processor.py:186} INFO - Started process (PID=1353) to work on /home/airflow/.local/lib/python3.12/site-packages/airflow/example_dags/example_branch_python_dop_operator_3.py
[2024-11-20T03:59:21.148+0000] {processor.py:914} INFO - Processing file /home/airflow/.local/lib/python3.12/site-packages/airflow/example_dags/example_branch_python_dop_operator_3.py for tasks to queue
[2024-11-20T03:59:21.153+0000] {logging_mixin.py:190} INFO - [2024-11-20T03:59:21.152+0000] {dagbag.py:588} INFO - Filling up the DagBag from /home/airflow/.local/lib/python3.12/site-packages/airflow/example_dags/example_branch_python_dop_operator_3.py
[2024-11-20T03:59:21.175+0000] {processor.py:925} INFO - DAG(s) 'example_branch_dop_operator_v3' retrieved from /home/airflow/.local/lib/python3.12/site-packages/airflow/example_dags/example_branch_python_dop_operator_3.py
[2024-11-20T03:59:21.211+0000] {logging_mixin.py:190} INFO - [2024-11-20T03:59:21.211+0000] {dag.py:3239} INFO - Sync 1 DAGs
[2024-11-20T03:59:21.264+0000] {logging_mixin.py:190} INFO - [2024-11-20T03:59:21.263+0000] {dag.py:4180} INFO - Setting next_dagrun for example_branch_dop_operator_v3 to 2024-11-20 03:58:00+00:00, run_after=2024-11-20 03:59:00+00:00
[2024-11-20T03:59:21.306+0000] {processor.py:208} INFO - Processing /home/airflow/.local/lib/python3.12/site-packages/airflow/example_dags/example_branch_python_dop_operator_3.py took 0.174 seconds
