[2024-11-20T03:48:50.656+0000] {processor.py:186} INFO - Started process (PID=123) to work on /home/airflow/.local/lib/python3.12/site-packages/airflow/example_dags/example_local_kubernetes_executor.py
[2024-11-20T03:48:50.669+0000] {processor.py:914} INFO - Processing file /home/airflow/.local/lib/python3.12/site-packages/airflow/example_dags/example_local_kubernetes_executor.py for tasks to queue
[2024-11-20T03:48:50.745+0000] {logging_mixin.py:190} INFO - [2024-11-20T03:48:50.744+0000] {dagbag.py:588} INFO - Filling up the DagBag from /home/airflow/.local/lib/python3.12/site-packages/airflow/example_dags/example_local_kubernetes_executor.py
[2024-11-20T03:48:50.815+0000] {processor.py:925} INFO - DAG(s) 'example_local_kubernetes_executor' retrieved from /home/airflow/.local/lib/python3.12/site-packages/airflow/example_dags/example_local_kubernetes_executor.py
[2024-11-20T03:48:51.922+0000] {logging_mixin.py:190} INFO - [2024-11-20T03:48:51.919+0000] {override.py:1911} INFO - Created Permission View: can read on DAG:example_local_kubernetes_executor
[2024-11-20T03:48:51.948+0000] {logging_mixin.py:190} INFO - [2024-11-20T03:48:51.948+0000] {override.py:1911} INFO - Created Permission View: can edit on DAG:example_local_kubernetes_executor
[2024-11-20T03:48:51.974+0000] {logging_mixin.py:190} INFO - [2024-11-20T03:48:51.974+0000] {override.py:1911} INFO - Created Permission View: can delete on DAG:example_local_kubernetes_executor
[2024-11-20T03:48:52.027+0000] {logging_mixin.py:190} INFO - [2024-11-20T03:48:52.023+0000] {override.py:1911} INFO - Created Permission View: menu access on DAG Run:example_local_kubernetes_executor
[2024-11-20T03:48:52.095+0000] {logging_mixin.py:190} INFO - [2024-11-20T03:48:52.095+0000] {override.py:1911} INFO - Created Permission View: can read on DAG Run:example_local_kubernetes_executor
[2024-11-20T03:48:52.152+0000] {logging_mixin.py:190} INFO - [2024-11-20T03:48:52.151+0000] {override.py:1911} INFO - Created Permission View: can delete on DAG Run:example_local_kubernetes_executor
[2024-11-20T03:48:52.188+0000] {logging_mixin.py:190} INFO - [2024-11-20T03:48:52.188+0000] {override.py:1911} INFO - Created Permission View: can create on DAG Run:example_local_kubernetes_executor
[2024-11-20T03:48:52.205+0000] {logging_mixin.py:190} INFO - [2024-11-20T03:48:52.205+0000] {dag.py:3239} INFO - Sync 1 DAGs
[2024-11-20T03:48:52.263+0000] {logging_mixin.py:190} INFO - [2024-11-20T03:48:52.262+0000] {dag.py:3262} INFO - Creating ORM DAG for example_local_kubernetes_executor
[2024-11-20T03:48:52.266+0000] {logging_mixin.py:190} INFO - [2024-11-20T03:48:52.266+0000] {dag.py:4180} INFO - Setting next_dagrun for example_local_kubernetes_executor to None, run_after=None
[2024-11-20T03:48:52.323+0000] {processor.py:208} INFO - Processing /home/airflow/.local/lib/python3.12/site-packages/airflow/example_dags/example_local_kubernetes_executor.py took 0.971 seconds
[2024-11-20T03:49:23.201+0000] {processor.py:186} INFO - Started process (PID=185) to work on /home/airflow/.local/lib/python3.12/site-packages/airflow/example_dags/example_local_kubernetes_executor.py
[2024-11-20T03:49:23.207+0000] {processor.py:914} INFO - Processing file /home/airflow/.local/lib/python3.12/site-packages/airflow/example_dags/example_local_kubernetes_executor.py for tasks to queue
[2024-11-20T03:49:23.212+0000] {logging_mixin.py:190} INFO - [2024-11-20T03:49:23.211+0000] {dagbag.py:588} INFO - Filling up the DagBag from /home/airflow/.local/lib/python3.12/site-packages/airflow/example_dags/example_local_kubernetes_executor.py
[2024-11-20T03:49:23.239+0000] {processor.py:925} INFO - DAG(s) 'example_local_kubernetes_executor' retrieved from /home/airflow/.local/lib/python3.12/site-packages/airflow/example_dags/example_local_kubernetes_executor.py
[2024-11-20T03:49:23.304+0000] {logging_mixin.py:190} INFO - [2024-11-20T03:49:23.303+0000] {dag.py:3239} INFO - Sync 1 DAGs
[2024-11-20T03:49:23.333+0000] {logging_mixin.py:190} INFO - [2024-11-20T03:49:23.332+0000] {dag.py:4180} INFO - Setting next_dagrun for example_local_kubernetes_executor to None, run_after=None
[2024-11-20T03:49:23.369+0000] {processor.py:208} INFO - Processing /home/airflow/.local/lib/python3.12/site-packages/airflow/example_dags/example_local_kubernetes_executor.py took 0.179 seconds
[2024-11-20T03:49:53.459+0000] {processor.py:186} INFO - Started process (PID=249) to work on /home/airflow/.local/lib/python3.12/site-packages/airflow/example_dags/example_local_kubernetes_executor.py
[2024-11-20T03:49:53.461+0000] {processor.py:914} INFO - Processing file /home/airflow/.local/lib/python3.12/site-packages/airflow/example_dags/example_local_kubernetes_executor.py for tasks to queue
[2024-11-20T03:49:53.465+0000] {logging_mixin.py:190} INFO - [2024-11-20T03:49:53.465+0000] {dagbag.py:588} INFO - Filling up the DagBag from /home/airflow/.local/lib/python3.12/site-packages/airflow/example_dags/example_local_kubernetes_executor.py
[2024-11-20T03:49:54.206+0000] {processor.py:925} INFO - DAG(s) 'example_local_kubernetes_executor' retrieved from /home/airflow/.local/lib/python3.12/site-packages/airflow/example_dags/example_local_kubernetes_executor.py
[2024-11-20T03:49:54.276+0000] {logging_mixin.py:190} INFO - [2024-11-20T03:49:54.275+0000] {dag.py:3239} INFO - Sync 1 DAGs
[2024-11-20T03:49:54.307+0000] {logging_mixin.py:190} INFO - [2024-11-20T03:49:54.307+0000] {dag.py:4180} INFO - Setting next_dagrun for example_local_kubernetes_executor to None, run_after=None
[2024-11-20T03:49:54.347+0000] {processor.py:208} INFO - Processing /home/airflow/.local/lib/python3.12/site-packages/airflow/example_dags/example_local_kubernetes_executor.py took 0.180 seconds
[2024-11-20T03:50:36.272+0000] {processor.py:186} INFO - Started process (PID=311) to work on /home/airflow/.local/lib/python3.12/site-packages/airflow/example_dags/example_local_kubernetes_executor.py
[2024-11-20T03:50:36.274+0000] {processor.py:914} INFO - Processing file /home/airflow/.local/lib/python3.12/site-packages/airflow/example_dags/example_local_kubernetes_executor.py for tasks to queue
[2024-11-20T03:50:36.278+0000] {logging_mixin.py:190} INFO - [2024-11-20T03:50:36.278+0000] {dagbag.py:588} INFO - Filling up the DagBag from /home/airflow/.local/lib/python3.12/site-packages/airflow/example_dags/example_local_kubernetes_executor.py
[2024-11-20T03:50:36.298+0000] {processor.py:925} INFO - DAG(s) 'example_local_kubernetes_executor' retrieved from /home/airflow/.local/lib/python3.12/site-packages/airflow/example_dags/example_local_kubernetes_executor.py
[2024-11-20T03:50:36.385+0000] {logging_mixin.py:190} INFO - [2024-11-20T03:50:36.384+0000] {dag.py:3239} INFO - Sync 1 DAGs
[2024-11-20T03:50:36.415+0000] {logging_mixin.py:190} INFO - [2024-11-20T03:50:36.414+0000] {dag.py:4180} INFO - Setting next_dagrun for example_local_kubernetes_executor to None, run_after=None
[2024-11-20T03:50:36.453+0000] {processor.py:208} INFO - Processing /home/airflow/.local/lib/python3.12/site-packages/airflow/example_dags/example_local_kubernetes_executor.py took 0.192 seconds
[2024-11-20T03:51:09.615+0000] {processor.py:186} INFO - Started process (PID=374) to work on /home/airflow/.local/lib/python3.12/site-packages/airflow/example_dags/example_local_kubernetes_executor.py
[2024-11-20T03:51:09.618+0000] {processor.py:914} INFO - Processing file /home/airflow/.local/lib/python3.12/site-packages/airflow/example_dags/example_local_kubernetes_executor.py for tasks to queue
[2024-11-20T03:51:09.631+0000] {logging_mixin.py:190} INFO - [2024-11-20T03:51:09.630+0000] {dagbag.py:588} INFO - Filling up the DagBag from /home/airflow/.local/lib/python3.12/site-packages/airflow/example_dags/example_local_kubernetes_executor.py
[2024-11-20T03:51:09.671+0000] {processor.py:925} INFO - DAG(s) 'example_local_kubernetes_executor' retrieved from /home/airflow/.local/lib/python3.12/site-packages/airflow/example_dags/example_local_kubernetes_executor.py
[2024-11-20T03:51:09.853+0000] {logging_mixin.py:190} INFO - [2024-11-20T03:51:09.853+0000] {dag.py:3239} INFO - Sync 1 DAGs
[2024-11-20T03:51:09.888+0000] {logging_mixin.py:190} INFO - [2024-11-20T03:51:09.888+0000] {dag.py:4180} INFO - Setting next_dagrun for example_local_kubernetes_executor to None, run_after=None
[2024-11-20T03:51:09.925+0000] {processor.py:208} INFO - Processing /home/airflow/.local/lib/python3.12/site-packages/airflow/example_dags/example_local_kubernetes_executor.py took 0.333 seconds
[2024-11-20T03:51:41.406+0000] {processor.py:186} INFO - Started process (PID=438) to work on /home/airflow/.local/lib/python3.12/site-packages/airflow/example_dags/example_local_kubernetes_executor.py
[2024-11-20T03:51:41.408+0000] {processor.py:914} INFO - Processing file /home/airflow/.local/lib/python3.12/site-packages/airflow/example_dags/example_local_kubernetes_executor.py for tasks to queue
[2024-11-20T03:51:41.412+0000] {logging_mixin.py:190} INFO - [2024-11-20T03:51:41.411+0000] {dagbag.py:588} INFO - Filling up the DagBag from /home/airflow/.local/lib/python3.12/site-packages/airflow/example_dags/example_local_kubernetes_executor.py
[2024-11-20T03:51:41.431+0000] {processor.py:925} INFO - DAG(s) 'example_local_kubernetes_executor' retrieved from /home/airflow/.local/lib/python3.12/site-packages/airflow/example_dags/example_local_kubernetes_executor.py
[2024-11-20T03:51:41.487+0000] {logging_mixin.py:190} INFO - [2024-11-20T03:51:41.487+0000] {dag.py:3239} INFO - Sync 1 DAGs
[2024-11-20T03:51:41.516+0000] {logging_mixin.py:190} INFO - [2024-11-20T03:51:41.516+0000] {dag.py:4180} INFO - Setting next_dagrun for example_local_kubernetes_executor to None, run_after=None
[2024-11-20T03:51:41.554+0000] {processor.py:208} INFO - Processing /home/airflow/.local/lib/python3.12/site-packages/airflow/example_dags/example_local_kubernetes_executor.py took 0.158 seconds
[2024-11-20T03:52:14.230+0000] {processor.py:186} INFO - Started process (PID=505) to work on /home/airflow/.local/lib/python3.12/site-packages/airflow/example_dags/example_local_kubernetes_executor.py
[2024-11-20T03:52:14.244+0000] {processor.py:914} INFO - Processing file /home/airflow/.local/lib/python3.12/site-packages/airflow/example_dags/example_local_kubernetes_executor.py for tasks to queue
[2024-11-20T03:52:14.249+0000] {logging_mixin.py:190} INFO - [2024-11-20T03:52:14.248+0000] {dagbag.py:588} INFO - Filling up the DagBag from /home/airflow/.local/lib/python3.12/site-packages/airflow/example_dags/example_local_kubernetes_executor.py
[2024-11-20T03:52:14.312+0000] {processor.py:925} INFO - DAG(s) 'example_local_kubernetes_executor' retrieved from /home/airflow/.local/lib/python3.12/site-packages/airflow/example_dags/example_local_kubernetes_executor.py
[2024-11-20T03:52:14.469+0000] {logging_mixin.py:190} INFO - [2024-11-20T03:52:14.468+0000] {dag.py:3239} INFO - Sync 1 DAGs
[2024-11-20T03:52:14.573+0000] {logging_mixin.py:190} INFO - [2024-11-20T03:52:14.565+0000] {dag.py:4180} INFO - Setting next_dagrun for example_local_kubernetes_executor to None, run_after=None
[2024-11-20T03:52:14.728+0000] {processor.py:208} INFO - Processing /home/airflow/.local/lib/python3.12/site-packages/airflow/example_dags/example_local_kubernetes_executor.py took 0.518 seconds
[2024-11-20T03:52:45.430+0000] {processor.py:186} INFO - Started process (PID=568) to work on /home/airflow/.local/lib/python3.12/site-packages/airflow/example_dags/example_local_kubernetes_executor.py
[2024-11-20T03:52:45.432+0000] {processor.py:914} INFO - Processing file /home/airflow/.local/lib/python3.12/site-packages/airflow/example_dags/example_local_kubernetes_executor.py for tasks to queue
[2024-11-20T03:52:45.436+0000] {logging_mixin.py:190} INFO - [2024-11-20T03:52:45.435+0000] {dagbag.py:588} INFO - Filling up the DagBag from /home/airflow/.local/lib/python3.12/site-packages/airflow/example_dags/example_local_kubernetes_executor.py
[2024-11-20T03:52:45.456+0000] {processor.py:925} INFO - DAG(s) 'example_local_kubernetes_executor' retrieved from /home/airflow/.local/lib/python3.12/site-packages/airflow/example_dags/example_local_kubernetes_executor.py
[2024-11-20T03:52:45.543+0000] {logging_mixin.py:190} INFO - [2024-11-20T03:52:45.542+0000] {dag.py:3239} INFO - Sync 1 DAGs
[2024-11-20T03:52:45.578+0000] {logging_mixin.py:190} INFO - [2024-11-20T03:52:45.578+0000] {dag.py:4180} INFO - Setting next_dagrun for example_local_kubernetes_executor to None, run_after=None
[2024-11-20T03:52:45.625+0000] {processor.py:208} INFO - Processing /home/airflow/.local/lib/python3.12/site-packages/airflow/example_dags/example_local_kubernetes_executor.py took 0.205 seconds
[2024-11-20T03:53:16.826+0000] {processor.py:186} INFO - Started process (PID=631) to work on /home/airflow/.local/lib/python3.12/site-packages/airflow/example_dags/example_local_kubernetes_executor.py
[2024-11-20T03:53:16.830+0000] {processor.py:914} INFO - Processing file /home/airflow/.local/lib/python3.12/site-packages/airflow/example_dags/example_local_kubernetes_executor.py for tasks to queue
[2024-11-20T03:53:16.834+0000] {logging_mixin.py:190} INFO - [2024-11-20T03:53:16.834+0000] {dagbag.py:588} INFO - Filling up the DagBag from /home/airflow/.local/lib/python3.12/site-packages/airflow/example_dags/example_local_kubernetes_executor.py
[2024-11-20T03:53:16.850+0000] {processor.py:925} INFO - DAG(s) 'example_local_kubernetes_executor' retrieved from /home/airflow/.local/lib/python3.12/site-packages/airflow/example_dags/example_local_kubernetes_executor.py
[2024-11-20T03:53:16.903+0000] {logging_mixin.py:190} INFO - [2024-11-20T03:53:16.903+0000] {dag.py:3239} INFO - Sync 1 DAGs
[2024-11-20T03:53:16.929+0000] {logging_mixin.py:190} INFO - [2024-11-20T03:53:16.928+0000] {dag.py:4180} INFO - Setting next_dagrun for example_local_kubernetes_executor to None, run_after=None
[2024-11-20T03:53:17.059+0000] {processor.py:208} INFO - Processing /home/airflow/.local/lib/python3.12/site-packages/airflow/example_dags/example_local_kubernetes_executor.py took 0.264 seconds
[2024-11-20T03:53:49.791+0000] {processor.py:186} INFO - Started process (PID=694) to work on /home/airflow/.local/lib/python3.12/site-packages/airflow/example_dags/example_local_kubernetes_executor.py
[2024-11-20T03:53:49.794+0000] {processor.py:914} INFO - Processing file /home/airflow/.local/lib/python3.12/site-packages/airflow/example_dags/example_local_kubernetes_executor.py for tasks to queue
[2024-11-20T03:53:49.799+0000] {logging_mixin.py:190} INFO - [2024-11-20T03:53:49.798+0000] {dagbag.py:588} INFO - Filling up the DagBag from /home/airflow/.local/lib/python3.12/site-packages/airflow/example_dags/example_local_kubernetes_executor.py
[2024-11-20T03:53:49.824+0000] {processor.py:925} INFO - DAG(s) 'example_local_kubernetes_executor' retrieved from /home/airflow/.local/lib/python3.12/site-packages/airflow/example_dags/example_local_kubernetes_executor.py
[2024-11-20T03:53:49.897+0000] {logging_mixin.py:190} INFO - [2024-11-20T03:53:49.896+0000] {dag.py:3239} INFO - Sync 1 DAGs
[2024-11-20T03:53:49.930+0000] {logging_mixin.py:190} INFO - [2024-11-20T03:53:49.929+0000] {dag.py:4180} INFO - Setting next_dagrun for example_local_kubernetes_executor to None, run_after=None
[2024-11-20T03:53:49.968+0000] {processor.py:208} INFO - Processing /home/airflow/.local/lib/python3.12/site-packages/airflow/example_dags/example_local_kubernetes_executor.py took 0.192 seconds
[2024-11-20T03:54:22.606+0000] {processor.py:186} INFO - Started process (PID=757) to work on /home/airflow/.local/lib/python3.12/site-packages/airflow/example_dags/example_local_kubernetes_executor.py
[2024-11-20T03:54:22.608+0000] {processor.py:914} INFO - Processing file /home/airflow/.local/lib/python3.12/site-packages/airflow/example_dags/example_local_kubernetes_executor.py for tasks to queue
[2024-11-20T03:54:22.622+0000] {logging_mixin.py:190} INFO - [2024-11-20T03:54:22.621+0000] {dagbag.py:588} INFO - Filling up the DagBag from /home/airflow/.local/lib/python3.12/site-packages/airflow/example_dags/example_local_kubernetes_executor.py
[2024-11-20T03:54:22.665+0000] {processor.py:925} INFO - DAG(s) 'example_local_kubernetes_executor' retrieved from /home/airflow/.local/lib/python3.12/site-packages/airflow/example_dags/example_local_kubernetes_executor.py
[2024-11-20T03:54:22.784+0000] {logging_mixin.py:190} INFO - [2024-11-20T03:54:22.783+0000] {dag.py:3239} INFO - Sync 1 DAGs
[2024-11-20T03:54:22.847+0000] {logging_mixin.py:190} INFO - [2024-11-20T03:54:22.846+0000] {dag.py:4180} INFO - Setting next_dagrun for example_local_kubernetes_executor to None, run_after=None
[2024-11-20T03:54:22.953+0000] {processor.py:208} INFO - Processing /home/airflow/.local/lib/python3.12/site-packages/airflow/example_dags/example_local_kubernetes_executor.py took 0.369 seconds
[2024-11-20T03:54:54.648+0000] {processor.py:186} INFO - Started process (PID=819) to work on /home/airflow/.local/lib/python3.12/site-packages/airflow/example_dags/example_local_kubernetes_executor.py
[2024-11-20T03:54:54.650+0000] {processor.py:914} INFO - Processing file /home/airflow/.local/lib/python3.12/site-packages/airflow/example_dags/example_local_kubernetes_executor.py for tasks to queue
[2024-11-20T03:54:54.655+0000] {logging_mixin.py:190} INFO - [2024-11-20T03:54:54.655+0000] {dagbag.py:588} INFO - Filling up the DagBag from /home/airflow/.local/lib/python3.12/site-packages/airflow/example_dags/example_local_kubernetes_executor.py
[2024-11-20T03:54:54.674+0000] {processor.py:925} INFO - DAG(s) 'example_local_kubernetes_executor' retrieved from /home/airflow/.local/lib/python3.12/site-packages/airflow/example_dags/example_local_kubernetes_executor.py
[2024-11-20T03:54:54.730+0000] {logging_mixin.py:190} INFO - [2024-11-20T03:54:54.729+0000] {dag.py:3239} INFO - Sync 1 DAGs
[2024-11-20T03:54:54.751+0000] {logging_mixin.py:190} INFO - [2024-11-20T03:54:54.751+0000] {dag.py:4180} INFO - Setting next_dagrun for example_local_kubernetes_executor to None, run_after=None
[2024-11-20T03:54:54.782+0000] {processor.py:208} INFO - Processing /home/airflow/.local/lib/python3.12/site-packages/airflow/example_dags/example_local_kubernetes_executor.py took 0.147 seconds
[2024-11-20T03:55:25.540+0000] {processor.py:186} INFO - Started process (PID=881) to work on /home/airflow/.local/lib/python3.12/site-packages/airflow/example_dags/example_local_kubernetes_executor.py
[2024-11-20T03:55:25.541+0000] {processor.py:914} INFO - Processing file /home/airflow/.local/lib/python3.12/site-packages/airflow/example_dags/example_local_kubernetes_executor.py for tasks to queue
[2024-11-20T03:55:25.546+0000] {logging_mixin.py:190} INFO - [2024-11-20T03:55:25.545+0000] {dagbag.py:588} INFO - Filling up the DagBag from /home/airflow/.local/lib/python3.12/site-packages/airflow/example_dags/example_local_kubernetes_executor.py
[2024-11-20T03:55:25.570+0000] {processor.py:925} INFO - DAG(s) 'example_local_kubernetes_executor' retrieved from /home/airflow/.local/lib/python3.12/site-packages/airflow/example_dags/example_local_kubernetes_executor.py
[2024-11-20T03:55:25.671+0000] {logging_mixin.py:190} INFO - [2024-11-20T03:55:25.671+0000] {dag.py:3239} INFO - Sync 1 DAGs
[2024-11-20T03:55:25.735+0000] {logging_mixin.py:190} INFO - [2024-11-20T03:55:25.735+0000] {dag.py:4180} INFO - Setting next_dagrun for example_local_kubernetes_executor to None, run_after=None
[2024-11-20T03:55:25.807+0000] {processor.py:208} INFO - Processing /home/airflow/.local/lib/python3.12/site-packages/airflow/example_dags/example_local_kubernetes_executor.py took 0.280 seconds
[2024-11-20T03:55:55.997+0000] {processor.py:186} INFO - Started process (PID=944) to work on /home/airflow/.local/lib/python3.12/site-packages/airflow/example_dags/example_local_kubernetes_executor.py
[2024-11-20T03:55:55.998+0000] {processor.py:914} INFO - Processing file /home/airflow/.local/lib/python3.12/site-packages/airflow/example_dags/example_local_kubernetes_executor.py for tasks to queue
[2024-11-20T03:55:56.003+0000] {logging_mixin.py:190} INFO - [2024-11-20T03:55:56.002+0000] {dagbag.py:588} INFO - Filling up the DagBag from /home/airflow/.local/lib/python3.12/site-packages/airflow/example_dags/example_local_kubernetes_executor.py
[2024-11-20T03:55:56.020+0000] {processor.py:925} INFO - DAG(s) 'example_local_kubernetes_executor' retrieved from /home/airflow/.local/lib/python3.12/site-packages/airflow/example_dags/example_local_kubernetes_executor.py
[2024-11-20T03:55:56.082+0000] {logging_mixin.py:190} INFO - [2024-11-20T03:55:56.081+0000] {dag.py:3239} INFO - Sync 1 DAGs
[2024-11-20T03:55:56.115+0000] {logging_mixin.py:190} INFO - [2024-11-20T03:55:56.114+0000] {dag.py:4180} INFO - Setting next_dagrun for example_local_kubernetes_executor to None, run_after=None
[2024-11-20T03:55:56.165+0000] {processor.py:208} INFO - Processing /home/airflow/.local/lib/python3.12/site-packages/airflow/example_dags/example_local_kubernetes_executor.py took 0.178 seconds
[2024-11-20T03:56:26.875+0000] {processor.py:186} INFO - Started process (PID=1007) to work on /home/airflow/.local/lib/python3.12/site-packages/airflow/example_dags/example_local_kubernetes_executor.py
[2024-11-20T03:56:26.877+0000] {processor.py:914} INFO - Processing file /home/airflow/.local/lib/python3.12/site-packages/airflow/example_dags/example_local_kubernetes_executor.py for tasks to queue
[2024-11-20T03:56:26.882+0000] {logging_mixin.py:190} INFO - [2024-11-20T03:56:26.882+0000] {dagbag.py:588} INFO - Filling up the DagBag from /home/airflow/.local/lib/python3.12/site-packages/airflow/example_dags/example_local_kubernetes_executor.py
[2024-11-20T03:56:26.916+0000] {processor.py:925} INFO - DAG(s) 'example_local_kubernetes_executor' retrieved from /home/airflow/.local/lib/python3.12/site-packages/airflow/example_dags/example_local_kubernetes_executor.py
[2024-11-20T03:56:27.049+0000] {logging_mixin.py:190} INFO - [2024-11-20T03:56:27.049+0000] {dag.py:3239} INFO - Sync 1 DAGs
[2024-11-20T03:56:27.101+0000] {logging_mixin.py:190} INFO - [2024-11-20T03:56:27.100+0000] {dag.py:4180} INFO - Setting next_dagrun for example_local_kubernetes_executor to None, run_after=None
[2024-11-20T03:56:27.174+0000] {processor.py:208} INFO - Processing /home/airflow/.local/lib/python3.12/site-packages/airflow/example_dags/example_local_kubernetes_executor.py took 0.339 seconds
[2024-11-20T03:56:58.282+0000] {processor.py:186} INFO - Started process (PID=1069) to work on /home/airflow/.local/lib/python3.12/site-packages/airflow/example_dags/example_local_kubernetes_executor.py
[2024-11-20T03:56:58.284+0000] {processor.py:914} INFO - Processing file /home/airflow/.local/lib/python3.12/site-packages/airflow/example_dags/example_local_kubernetes_executor.py for tasks to queue
[2024-11-20T03:56:58.289+0000] {logging_mixin.py:190} INFO - [2024-11-20T03:56:58.288+0000] {dagbag.py:588} INFO - Filling up the DagBag from /home/airflow/.local/lib/python3.12/site-packages/airflow/example_dags/example_local_kubernetes_executor.py
[2024-11-20T03:56:58.310+0000] {processor.py:925} INFO - DAG(s) 'example_local_kubernetes_executor' retrieved from /home/airflow/.local/lib/python3.12/site-packages/airflow/example_dags/example_local_kubernetes_executor.py
[2024-11-20T03:56:58.384+0000] {logging_mixin.py:190} INFO - [2024-11-20T03:56:58.383+0000] {dag.py:3239} INFO - Sync 1 DAGs
[2024-11-20T03:56:58.411+0000] {logging_mixin.py:190} INFO - [2024-11-20T03:56:58.411+0000] {dag.py:4180} INFO - Setting next_dagrun for example_local_kubernetes_executor to None, run_after=None
[2024-11-20T03:56:58.477+0000] {processor.py:208} INFO - Processing /home/airflow/.local/lib/python3.12/site-packages/airflow/example_dags/example_local_kubernetes_executor.py took 0.211 seconds
[2024-11-20T03:57:28.976+0000] {processor.py:186} INFO - Started process (PID=1132) to work on /home/airflow/.local/lib/python3.12/site-packages/airflow/example_dags/example_local_kubernetes_executor.py
[2024-11-20T03:57:28.978+0000] {processor.py:914} INFO - Processing file /home/airflow/.local/lib/python3.12/site-packages/airflow/example_dags/example_local_kubernetes_executor.py for tasks to queue
[2024-11-20T03:57:28.983+0000] {logging_mixin.py:190} INFO - [2024-11-20T03:57:28.982+0000] {dagbag.py:588} INFO - Filling up the DagBag from /home/airflow/.local/lib/python3.12/site-packages/airflow/example_dags/example_local_kubernetes_executor.py
[2024-11-20T03:57:29.002+0000] {processor.py:925} INFO - DAG(s) 'example_local_kubernetes_executor' retrieved from /home/airflow/.local/lib/python3.12/site-packages/airflow/example_dags/example_local_kubernetes_executor.py
[2024-11-20T03:57:29.076+0000] {logging_mixin.py:190} INFO - [2024-11-20T03:57:29.076+0000] {dag.py:3239} INFO - Sync 1 DAGs
[2024-11-20T03:57:29.115+0000] {logging_mixin.py:190} INFO - [2024-11-20T03:57:29.114+0000] {dag.py:4180} INFO - Setting next_dagrun for example_local_kubernetes_executor to None, run_after=None
[2024-11-20T03:57:29.159+0000] {processor.py:208} INFO - Processing /home/airflow/.local/lib/python3.12/site-packages/airflow/example_dags/example_local_kubernetes_executor.py took 0.195 seconds
[2024-11-20T03:57:59.434+0000] {processor.py:186} INFO - Started process (PID=1190) to work on /home/airflow/.local/lib/python3.12/site-packages/airflow/example_dags/example_local_kubernetes_executor.py
[2024-11-20T03:57:59.436+0000] {processor.py:914} INFO - Processing file /home/airflow/.local/lib/python3.12/site-packages/airflow/example_dags/example_local_kubernetes_executor.py for tasks to queue
[2024-11-20T03:57:59.443+0000] {logging_mixin.py:190} INFO - [2024-11-20T03:57:59.442+0000] {dagbag.py:588} INFO - Filling up the DagBag from /home/airflow/.local/lib/python3.12/site-packages/airflow/example_dags/example_local_kubernetes_executor.py
[2024-11-20T03:57:59.467+0000] {processor.py:925} INFO - DAG(s) 'example_local_kubernetes_executor' retrieved from /home/airflow/.local/lib/python3.12/site-packages/airflow/example_dags/example_local_kubernetes_executor.py
[2024-11-20T03:57:59.554+0000] {logging_mixin.py:190} INFO - [2024-11-20T03:57:59.554+0000] {dag.py:3239} INFO - Sync 1 DAGs
[2024-11-20T03:57:59.588+0000] {logging_mixin.py:190} INFO - [2024-11-20T03:57:59.588+0000] {dag.py:4180} INFO - Setting next_dagrun for example_local_kubernetes_executor to None, run_after=None
[2024-11-20T03:57:59.645+0000] {processor.py:208} INFO - Processing /home/airflow/.local/lib/python3.12/site-packages/airflow/example_dags/example_local_kubernetes_executor.py took 0.223 seconds
[2024-11-20T03:58:30.025+0000] {processor.py:186} INFO - Started process (PID=1253) to work on /home/airflow/.local/lib/python3.12/site-packages/airflow/example_dags/example_local_kubernetes_executor.py
[2024-11-20T03:58:30.026+0000] {processor.py:914} INFO - Processing file /home/airflow/.local/lib/python3.12/site-packages/airflow/example_dags/example_local_kubernetes_executor.py for tasks to queue
[2024-11-20T03:58:30.031+0000] {logging_mixin.py:190} INFO - [2024-11-20T03:58:30.030+0000] {dagbag.py:588} INFO - Filling up the DagBag from /home/airflow/.local/lib/python3.12/site-packages/airflow/example_dags/example_local_kubernetes_executor.py
[2024-11-20T03:58:30.064+0000] {processor.py:925} INFO - DAG(s) 'example_local_kubernetes_executor' retrieved from /home/airflow/.local/lib/python3.12/site-packages/airflow/example_dags/example_local_kubernetes_executor.py
[2024-11-20T03:58:30.154+0000] {logging_mixin.py:190} INFO - [2024-11-20T03:58:30.153+0000] {dag.py:3239} INFO - Sync 1 DAGs
[2024-11-20T03:58:30.191+0000] {logging_mixin.py:190} INFO - [2024-11-20T03:58:30.191+0000] {dag.py:4180} INFO - Setting next_dagrun for example_local_kubernetes_executor to None, run_after=None
[2024-11-20T03:58:30.251+0000] {processor.py:208} INFO - Processing /home/airflow/.local/lib/python3.12/site-packages/airflow/example_dags/example_local_kubernetes_executor.py took 0.239 seconds
[2024-11-20T03:59:00.545+0000] {processor.py:186} INFO - Started process (PID=1316) to work on /home/airflow/.local/lib/python3.12/site-packages/airflow/example_dags/example_local_kubernetes_executor.py
[2024-11-20T03:59:00.547+0000] {processor.py:914} INFO - Processing file /home/airflow/.local/lib/python3.12/site-packages/airflow/example_dags/example_local_kubernetes_executor.py for tasks to queue
[2024-11-20T03:59:00.550+0000] {logging_mixin.py:190} INFO - [2024-11-20T03:59:00.549+0000] {dagbag.py:588} INFO - Filling up the DagBag from /home/airflow/.local/lib/python3.12/site-packages/airflow/example_dags/example_local_kubernetes_executor.py
[2024-11-20T03:59:00.566+0000] {processor.py:925} INFO - DAG(s) 'example_local_kubernetes_executor' retrieved from /home/airflow/.local/lib/python3.12/site-packages/airflow/example_dags/example_local_kubernetes_executor.py
[2024-11-20T03:59:00.617+0000] {logging_mixin.py:190} INFO - [2024-11-20T03:59:00.617+0000] {dag.py:3239} INFO - Sync 1 DAGs
[2024-11-20T03:59:00.640+0000] {logging_mixin.py:190} INFO - [2024-11-20T03:59:00.639+0000] {dag.py:4180} INFO - Setting next_dagrun for example_local_kubernetes_executor to None, run_after=None
[2024-11-20T03:59:00.677+0000] {processor.py:208} INFO - Processing /home/airflow/.local/lib/python3.12/site-packages/airflow/example_dags/example_local_kubernetes_executor.py took 0.147 seconds
[2024-11-20T03:59:31.173+0000] {processor.py:186} INFO - Started process (PID=1379) to work on /home/airflow/.local/lib/python3.12/site-packages/airflow/example_dags/example_local_kubernetes_executor.py
[2024-11-20T03:59:31.175+0000] {processor.py:914} INFO - Processing file /home/airflow/.local/lib/python3.12/site-packages/airflow/example_dags/example_local_kubernetes_executor.py for tasks to queue
[2024-11-20T03:59:31.178+0000] {logging_mixin.py:190} INFO - [2024-11-20T03:59:31.178+0000] {dagbag.py:588} INFO - Filling up the DagBag from /home/airflow/.local/lib/python3.12/site-packages/airflow/example_dags/example_local_kubernetes_executor.py
[2024-11-20T03:59:31.198+0000] {processor.py:925} INFO - DAG(s) 'example_local_kubernetes_executor' retrieved from /home/airflow/.local/lib/python3.12/site-packages/airflow/example_dags/example_local_kubernetes_executor.py
[2024-11-20T03:59:31.269+0000] {logging_mixin.py:190} INFO - [2024-11-20T03:59:31.268+0000] {dag.py:3239} INFO - Sync 1 DAGs
[2024-11-20T03:59:31.304+0000] {logging_mixin.py:190} INFO - [2024-11-20T03:59:31.304+0000] {dag.py:4180} INFO - Setting next_dagrun for example_local_kubernetes_executor to None, run_after=None
[2024-11-20T03:59:31.349+0000] {processor.py:208} INFO - Processing /home/airflow/.local/lib/python3.12/site-packages/airflow/example_dags/example_local_kubernetes_executor.py took 0.185 seconds
