[2024-11-20T03:48:53.308+0000] {processor.py:186} INFO - Started process (PID=125) to work on /home/airflow/.local/lib/python3.12/site-packages/airflow/example_dags/example_dataset_alias_with_no_taskflow.py
[2024-11-20T03:48:53.311+0000] {processor.py:914} INFO - Processing file /home/airflow/.local/lib/python3.12/site-packages/airflow/example_dags/example_dataset_alias_with_no_taskflow.py for tasks to queue
[2024-11-20T03:48:53.323+0000] {logging_mixin.py:190} INFO - [2024-11-20T03:48:53.322+0000] {dagbag.py:588} INFO - Filling up the DagBag from /home/airflow/.local/lib/python3.12/site-packages/airflow/example_dags/example_dataset_alias_with_no_taskflow.py
[2024-11-20T03:49:00.916+0000] {processor.py:925} INFO - DAG(s) 'dataset_s3_bucket_consumer_with_no_taskflow', 'dataset_alias_example_alias_consumer_with_no_taskflow', 'dataset_s3_bucket_producer_with_no_taskflow', 'dataset_alias_example_alias_producer_with_no_taskflow' retrieved from /home/airflow/.local/lib/python3.12/site-packages/airflow/example_dags/example_dataset_alias_with_no_taskflow.py
[2024-11-20T03:49:01.992+0000] {logging_mixin.py:190} INFO - [2024-11-20T03:49:01.979+0000] {override.py:1911} INFO - Created Permission View: can read on DAG:dataset_s3_bucket_consumer_with_no_taskflow
[2024-11-20T03:49:02.159+0000] {logging_mixin.py:190} INFO - [2024-11-20T03:49:02.159+0000] {override.py:1911} INFO - Created Permission View: can edit on DAG:dataset_s3_bucket_consumer_with_no_taskflow
[2024-11-20T03:49:02.252+0000] {logging_mixin.py:190} INFO - [2024-11-20T03:49:02.251+0000] {override.py:1911} INFO - Created Permission View: can delete on DAG:dataset_s3_bucket_consumer_with_no_taskflow
[2024-11-20T03:49:02.299+0000] {logging_mixin.py:190} INFO - [2024-11-20T03:49:02.298+0000] {override.py:1911} INFO - Created Permission View: menu access on DAG Run:dataset_s3_bucket_consumer_with_no_taskflow
[2024-11-20T03:49:02.352+0000] {logging_mixin.py:190} INFO - [2024-11-20T03:49:02.339+0000] {override.py:1911} INFO - Created Permission View: can read on DAG Run:dataset_s3_bucket_consumer_with_no_taskflow
[2024-11-20T03:49:02.523+0000] {logging_mixin.py:190} INFO - [2024-11-20T03:49:02.509+0000] {override.py:1911} INFO - Created Permission View: can delete on DAG Run:dataset_s3_bucket_consumer_with_no_taskflow
[2024-11-20T03:49:02.692+0000] {logging_mixin.py:190} INFO - [2024-11-20T03:49:02.686+0000] {override.py:1911} INFO - Created Permission View: can create on DAG Run:dataset_s3_bucket_consumer_with_no_taskflow
[2024-11-20T03:49:03.043+0000] {logging_mixin.py:190} INFO - [2024-11-20T03:49:03.040+0000] {override.py:1911} INFO - Created Permission View: can read on DAG:dataset_alias_example_alias_consumer_with_no_taskflow
[2024-11-20T03:49:03.098+0000] {logging_mixin.py:190} INFO - [2024-11-20T03:49:03.097+0000] {override.py:1911} INFO - Created Permission View: can edit on DAG:dataset_alias_example_alias_consumer_with_no_taskflow
[2024-11-20T03:49:03.205+0000] {logging_mixin.py:190} INFO - [2024-11-20T03:49:03.180+0000] {override.py:1911} INFO - Created Permission View: can delete on DAG:dataset_alias_example_alias_consumer_with_no_taskflow
[2024-11-20T03:49:03.289+0000] {logging_mixin.py:190} INFO - [2024-11-20T03:49:03.288+0000] {override.py:1911} INFO - Created Permission View: menu access on DAG Run:dataset_alias_example_alias_consumer_with_no_taskflow
[2024-11-20T03:49:03.376+0000] {logging_mixin.py:190} INFO - [2024-11-20T03:49:03.375+0000] {override.py:1911} INFO - Created Permission View: can read on DAG Run:dataset_alias_example_alias_consumer_with_no_taskflow
[2024-11-20T03:49:03.414+0000] {logging_mixin.py:190} INFO - [2024-11-20T03:49:03.413+0000] {override.py:1911} INFO - Created Permission View: can delete on DAG Run:dataset_alias_example_alias_consumer_with_no_taskflow
[2024-11-20T03:49:03.466+0000] {logging_mixin.py:190} INFO - [2024-11-20T03:49:03.465+0000] {override.py:1911} INFO - Created Permission View: can create on DAG Run:dataset_alias_example_alias_consumer_with_no_taskflow
[2024-11-20T03:49:03.525+0000] {logging_mixin.py:190} INFO - [2024-11-20T03:49:03.524+0000] {override.py:1911} INFO - Created Permission View: can read on DAG:dataset_s3_bucket_producer_with_no_taskflow
[2024-11-20T03:49:03.676+0000] {logging_mixin.py:190} INFO - [2024-11-20T03:49:03.676+0000] {override.py:1911} INFO - Created Permission View: can edit on DAG:dataset_s3_bucket_producer_with_no_taskflow
[2024-11-20T03:49:03.695+0000] {logging_mixin.py:190} INFO - [2024-11-20T03:49:03.695+0000] {override.py:1911} INFO - Created Permission View: can delete on DAG:dataset_s3_bucket_producer_with_no_taskflow
[2024-11-20T03:49:03.720+0000] {logging_mixin.py:190} INFO - [2024-11-20T03:49:03.719+0000] {override.py:1911} INFO - Created Permission View: menu access on DAG Run:dataset_s3_bucket_producer_with_no_taskflow
[2024-11-20T03:49:03.737+0000] {logging_mixin.py:190} INFO - [2024-11-20T03:49:03.736+0000] {override.py:1911} INFO - Created Permission View: can read on DAG Run:dataset_s3_bucket_producer_with_no_taskflow
[2024-11-20T03:49:03.754+0000] {logging_mixin.py:190} INFO - [2024-11-20T03:49:03.754+0000] {override.py:1911} INFO - Created Permission View: can delete on DAG Run:dataset_s3_bucket_producer_with_no_taskflow
[2024-11-20T03:49:03.777+0000] {logging_mixin.py:190} INFO - [2024-11-20T03:49:03.776+0000] {override.py:1911} INFO - Created Permission View: can create on DAG Run:dataset_s3_bucket_producer_with_no_taskflow
[2024-11-20T03:49:03.834+0000] {logging_mixin.py:190} INFO - [2024-11-20T03:49:03.834+0000] {override.py:1911} INFO - Created Permission View: can read on DAG:dataset_alias_example_alias_producer_with_no_taskflow
[2024-11-20T03:49:03.854+0000] {logging_mixin.py:190} INFO - [2024-11-20T03:49:03.853+0000] {override.py:1911} INFO - Created Permission View: can edit on DAG:dataset_alias_example_alias_producer_with_no_taskflow
[2024-11-20T03:49:03.873+0000] {logging_mixin.py:190} INFO - [2024-11-20T03:49:03.872+0000] {override.py:1911} INFO - Created Permission View: can delete on DAG:dataset_alias_example_alias_producer_with_no_taskflow
[2024-11-20T03:49:03.906+0000] {logging_mixin.py:190} INFO - [2024-11-20T03:49:03.905+0000] {override.py:1911} INFO - Created Permission View: menu access on DAG Run:dataset_alias_example_alias_producer_with_no_taskflow
[2024-11-20T03:49:03.944+0000] {logging_mixin.py:190} INFO - [2024-11-20T03:49:03.943+0000] {override.py:1911} INFO - Created Permission View: can read on DAG Run:dataset_alias_example_alias_producer_with_no_taskflow
[2024-11-20T03:49:03.974+0000] {logging_mixin.py:190} INFO - [2024-11-20T03:49:03.973+0000] {override.py:1911} INFO - Created Permission View: can delete on DAG Run:dataset_alias_example_alias_producer_with_no_taskflow
[2024-11-20T03:49:03.993+0000] {logging_mixin.py:190} INFO - [2024-11-20T03:49:03.992+0000] {override.py:1911} INFO - Created Permission View: can create on DAG Run:dataset_alias_example_alias_producer_with_no_taskflow
[2024-11-20T03:49:03.995+0000] {logging_mixin.py:190} INFO - [2024-11-20T03:49:03.994+0000] {dag.py:3239} INFO - Sync 4 DAGs
[2024-11-20T03:49:04.042+0000] {logging_mixin.py:190} INFO - [2024-11-20T03:49:04.041+0000] {dag.py:3262} INFO - Creating ORM DAG for dataset_alias_example_alias_consumer_with_no_taskflow
[2024-11-20T03:49:04.046+0000] {logging_mixin.py:190} INFO - [2024-11-20T03:49:04.045+0000] {dag.py:3262} INFO - Creating ORM DAG for dataset_s3_bucket_producer_with_no_taskflow
[2024-11-20T03:49:04.048+0000] {logging_mixin.py:190} INFO - [2024-11-20T03:49:04.047+0000] {dag.py:3262} INFO - Creating ORM DAG for dataset_s3_bucket_consumer_with_no_taskflow
[2024-11-20T03:49:04.050+0000] {logging_mixin.py:190} INFO - [2024-11-20T03:49:04.049+0000] {dag.py:3262} INFO - Creating ORM DAG for dataset_alias_example_alias_producer_with_no_taskflow
[2024-11-20T03:49:04.081+0000] {logging_mixin.py:190} INFO - [2024-11-20T03:49:04.081+0000] {dag.py:4180} INFO - Setting next_dagrun for dataset_alias_example_alias_consumer_with_no_taskflow to None, run_after=None
[2024-11-20T03:49:04.093+0000] {logging_mixin.py:190} INFO - [2024-11-20T03:49:04.092+0000] {dag.py:4180} INFO - Setting next_dagrun for dataset_alias_example_alias_producer_with_no_taskflow to None, run_after=None
[2024-11-20T03:49:04.104+0000] {logging_mixin.py:190} INFO - [2024-11-20T03:49:04.096+0000] {dag.py:4180} INFO - Setting next_dagrun for dataset_s3_bucket_consumer_with_no_taskflow to None, run_after=None
[2024-11-20T03:49:04.108+0000] {logging_mixin.py:190} INFO - [2024-11-20T03:49:04.108+0000] {dag.py:4180} INFO - Setting next_dagrun for dataset_s3_bucket_producer_with_no_taskflow to None, run_after=None
[2024-11-20T03:49:05.167+0000] {processor.py:208} INFO - Processing /home/airflow/.local/lib/python3.12/site-packages/airflow/example_dags/example_dataset_alias_with_no_taskflow.py took 11.894 seconds
[2024-11-20T03:49:35.370+0000] {processor.py:186} INFO - Started process (PID=197) to work on /home/airflow/.local/lib/python3.12/site-packages/airflow/example_dags/example_dataset_alias_with_no_taskflow.py
[2024-11-20T03:49:35.374+0000] {processor.py:914} INFO - Processing file /home/airflow/.local/lib/python3.12/site-packages/airflow/example_dags/example_dataset_alias_with_no_taskflow.py for tasks to queue
[2024-11-20T03:49:35.380+0000] {logging_mixin.py:190} INFO - [2024-11-20T03:49:35.379+0000] {dagbag.py:588} INFO - Filling up the DagBag from /home/airflow/.local/lib/python3.12/site-packages/airflow/example_dags/example_dataset_alias_with_no_taskflow.py
[2024-11-20T03:49:37.755+0000] {processor.py:925} INFO - DAG(s) 'dataset_s3_bucket_consumer_with_no_taskflow', 'dataset_s3_bucket_producer_with_no_taskflow', 'dataset_alias_example_alias_consumer_with_no_taskflow', 'dataset_alias_example_alias_producer_with_no_taskflow' retrieved from /home/airflow/.local/lib/python3.12/site-packages/airflow/example_dags/example_dataset_alias_with_no_taskflow.py
[2024-11-20T03:49:37.878+0000] {logging_mixin.py:190} INFO - [2024-11-20T03:49:37.876+0000] {dag.py:3239} INFO - Sync 4 DAGs
[2024-11-20T03:49:38.004+0000] {logging_mixin.py:190} INFO - [2024-11-20T03:49:38.004+0000] {dag.py:4180} INFO - Setting next_dagrun for dataset_alias_example_alias_consumer_with_no_taskflow to None, run_after=None
[2024-11-20T03:49:38.015+0000] {logging_mixin.py:190} INFO - [2024-11-20T03:49:38.015+0000] {dag.py:4180} INFO - Setting next_dagrun for dataset_alias_example_alias_producer_with_no_taskflow to None, run_after=None
[2024-11-20T03:49:38.039+0000] {logging_mixin.py:190} INFO - [2024-11-20T03:49:38.037+0000] {dag.py:4180} INFO - Setting next_dagrun for dataset_s3_bucket_consumer_with_no_taskflow to None, run_after=None
[2024-11-20T03:49:38.050+0000] {logging_mixin.py:190} INFO - [2024-11-20T03:49:38.049+0000] {dag.py:4180} INFO - Setting next_dagrun for dataset_s3_bucket_producer_with_no_taskflow to None, run_after=None
[2024-11-20T03:49:38.138+0000] {processor.py:208} INFO - Processing /home/airflow/.local/lib/python3.12/site-packages/airflow/example_dags/example_dataset_alias_with_no_taskflow.py took 2.790 seconds
[2024-11-20T03:50:08.242+0000] {processor.py:186} INFO - Started process (PID=261) to work on /home/airflow/.local/lib/python3.12/site-packages/airflow/example_dags/example_dataset_alias_with_no_taskflow.py
[2024-11-20T03:50:08.246+0000] {processor.py:914} INFO - Processing file /home/airflow/.local/lib/python3.12/site-packages/airflow/example_dags/example_dataset_alias_with_no_taskflow.py for tasks to queue
[2024-11-20T03:50:08.252+0000] {logging_mixin.py:190} INFO - [2024-11-20T03:50:08.251+0000] {dagbag.py:588} INFO - Filling up the DagBag from /home/airflow/.local/lib/python3.12/site-packages/airflow/example_dags/example_dataset_alias_with_no_taskflow.py
[2024-11-20T03:50:23.372+0000] {processor.py:925} INFO - DAG(s) 'dataset_s3_bucket_consumer_with_no_taskflow', 'dataset_alias_example_alias_producer_with_no_taskflow', 'dataset_s3_bucket_producer_with_no_taskflow', 'dataset_alias_example_alias_consumer_with_no_taskflow' retrieved from /home/airflow/.local/lib/python3.12/site-packages/airflow/example_dags/example_dataset_alias_with_no_taskflow.py
[2024-11-20T03:50:23.527+0000] {logging_mixin.py:190} INFO - [2024-11-20T03:50:23.526+0000] {dag.py:3239} INFO - Sync 4 DAGs
[2024-11-20T03:50:23.682+0000] {logging_mixin.py:190} INFO - [2024-11-20T03:50:23.681+0000] {dag.py:4180} INFO - Setting next_dagrun for dataset_alias_example_alias_consumer_with_no_taskflow to None, run_after=None
[2024-11-20T03:50:23.700+0000] {logging_mixin.py:190} INFO - [2024-11-20T03:50:23.699+0000] {dag.py:4180} INFO - Setting next_dagrun for dataset_alias_example_alias_producer_with_no_taskflow to None, run_after=None
[2024-11-20T03:50:23.707+0000] {logging_mixin.py:190} INFO - [2024-11-20T03:50:23.706+0000] {dag.py:4180} INFO - Setting next_dagrun for dataset_s3_bucket_consumer_with_no_taskflow to None, run_after=None
[2024-11-20T03:50:23.716+0000] {logging_mixin.py:190} INFO - [2024-11-20T03:50:23.711+0000] {dag.py:4180} INFO - Setting next_dagrun for dataset_s3_bucket_producer_with_no_taskflow to None, run_after=None
[2024-11-20T03:50:23.796+0000] {processor.py:208} INFO - Processing /home/airflow/.local/lib/python3.12/site-packages/airflow/example_dags/example_dataset_alias_with_no_taskflow.py took 15.567 seconds
[2024-11-20T03:50:54.916+0000] {processor.py:186} INFO - Started process (PID=335) to work on /home/airflow/.local/lib/python3.12/site-packages/airflow/example_dags/example_dataset_alias_with_no_taskflow.py
[2024-11-20T03:50:54.955+0000] {processor.py:914} INFO - Processing file /home/airflow/.local/lib/python3.12/site-packages/airflow/example_dags/example_dataset_alias_with_no_taskflow.py for tasks to queue
[2024-11-20T03:50:54.996+0000] {logging_mixin.py:190} INFO - [2024-11-20T03:50:54.996+0000] {dagbag.py:588} INFO - Filling up the DagBag from /home/airflow/.local/lib/python3.12/site-packages/airflow/example_dags/example_dataset_alias_with_no_taskflow.py
[2024-11-20T03:50:59.073+0000] {processor.py:925} INFO - DAG(s) 'dataset_s3_bucket_producer_with_no_taskflow', 'dataset_alias_example_alias_consumer_with_no_taskflow', 'dataset_alias_example_alias_producer_with_no_taskflow', 'dataset_s3_bucket_consumer_with_no_taskflow' retrieved from /home/airflow/.local/lib/python3.12/site-packages/airflow/example_dags/example_dataset_alias_with_no_taskflow.py
[2024-11-20T03:50:59.126+0000] {logging_mixin.py:190} INFO - [2024-11-20T03:50:59.125+0000] {dag.py:3239} INFO - Sync 4 DAGs
[2024-11-20T03:50:59.234+0000] {logging_mixin.py:190} INFO - [2024-11-20T03:50:59.233+0000] {dag.py:4180} INFO - Setting next_dagrun for dataset_alias_example_alias_consumer_with_no_taskflow to None, run_after=None
[2024-11-20T03:50:59.251+0000] {logging_mixin.py:190} INFO - [2024-11-20T03:50:59.251+0000] {dag.py:4180} INFO - Setting next_dagrun for dataset_alias_example_alias_producer_with_no_taskflow to None, run_after=None
[2024-11-20T03:50:59.255+0000] {logging_mixin.py:190} INFO - [2024-11-20T03:50:59.255+0000] {dag.py:4180} INFO - Setting next_dagrun for dataset_s3_bucket_consumer_with_no_taskflow to None, run_after=None
[2024-11-20T03:50:59.259+0000] {logging_mixin.py:190} INFO - [2024-11-20T03:50:59.258+0000] {dag.py:4180} INFO - Setting next_dagrun for dataset_s3_bucket_producer_with_no_taskflow to None, run_after=None
[2024-11-20T03:50:59.554+0000] {processor.py:208} INFO - Processing /home/airflow/.local/lib/python3.12/site-packages/airflow/example_dags/example_dataset_alias_with_no_taskflow.py took 3.333 seconds
[2024-11-20T03:51:30.403+0000] {processor.py:186} INFO - Started process (PID=405) to work on /home/airflow/.local/lib/python3.12/site-packages/airflow/example_dags/example_dataset_alias_with_no_taskflow.py
[2024-11-20T03:51:30.406+0000] {processor.py:914} INFO - Processing file /home/airflow/.local/lib/python3.12/site-packages/airflow/example_dags/example_dataset_alias_with_no_taskflow.py for tasks to queue
[2024-11-20T03:51:30.412+0000] {logging_mixin.py:190} INFO - [2024-11-20T03:51:30.411+0000] {dagbag.py:588} INFO - Filling up the DagBag from /home/airflow/.local/lib/python3.12/site-packages/airflow/example_dags/example_dataset_alias_with_no_taskflow.py
[2024-11-20T03:51:31.887+0000] {processor.py:925} INFO - DAG(s) 'dataset_s3_bucket_consumer_with_no_taskflow', 'dataset_alias_example_alias_consumer_with_no_taskflow', 'dataset_alias_example_alias_producer_with_no_taskflow', 'dataset_s3_bucket_producer_with_no_taskflow' retrieved from /home/airflow/.local/lib/python3.12/site-packages/airflow/example_dags/example_dataset_alias_with_no_taskflow.py
[2024-11-20T03:51:31.928+0000] {logging_mixin.py:190} INFO - [2024-11-20T03:51:31.928+0000] {dag.py:3239} INFO - Sync 4 DAGs
[2024-11-20T03:51:31.970+0000] {logging_mixin.py:190} INFO - [2024-11-20T03:51:31.970+0000] {dag.py:4180} INFO - Setting next_dagrun for dataset_alias_example_alias_consumer_with_no_taskflow to None, run_after=None
[2024-11-20T03:51:31.975+0000] {logging_mixin.py:190} INFO - [2024-11-20T03:51:31.974+0000] {dag.py:4180} INFO - Setting next_dagrun for dataset_alias_example_alias_producer_with_no_taskflow to None, run_after=None
[2024-11-20T03:51:31.979+0000] {logging_mixin.py:190} INFO - [2024-11-20T03:51:31.979+0000] {dag.py:4180} INFO - Setting next_dagrun for dataset_s3_bucket_consumer_with_no_taskflow to None, run_after=None
[2024-11-20T03:51:31.982+0000] {logging_mixin.py:190} INFO - [2024-11-20T03:51:31.982+0000] {dag.py:4180} INFO - Setting next_dagrun for dataset_s3_bucket_producer_with_no_taskflow to None, run_after=None
[2024-11-20T03:51:32.024+0000] {processor.py:208} INFO - Processing /home/airflow/.local/lib/python3.12/site-packages/airflow/example_dags/example_dataset_alias_with_no_taskflow.py took 1.632 seconds
[2024-11-20T03:52:02.223+0000] {processor.py:186} INFO - Started process (PID=474) to work on /home/airflow/.local/lib/python3.12/site-packages/airflow/example_dags/example_dataset_alias_with_no_taskflow.py
[2024-11-20T03:52:02.224+0000] {processor.py:914} INFO - Processing file /home/airflow/.local/lib/python3.12/site-packages/airflow/example_dags/example_dataset_alias_with_no_taskflow.py for tasks to queue
[2024-11-20T03:52:02.228+0000] {logging_mixin.py:190} INFO - [2024-11-20T03:52:02.228+0000] {dagbag.py:588} INFO - Filling up the DagBag from /home/airflow/.local/lib/python3.12/site-packages/airflow/example_dags/example_dataset_alias_with_no_taskflow.py
[2024-11-20T03:52:03.450+0000] {processor.py:925} INFO - DAG(s) 'dataset_s3_bucket_consumer_with_no_taskflow', 'dataset_s3_bucket_producer_with_no_taskflow', 'dataset_alias_example_alias_consumer_with_no_taskflow', 'dataset_alias_example_alias_producer_with_no_taskflow' retrieved from /home/airflow/.local/lib/python3.12/site-packages/airflow/example_dags/example_dataset_alias_with_no_taskflow.py
[2024-11-20T03:52:03.486+0000] {logging_mixin.py:190} INFO - [2024-11-20T03:52:03.485+0000] {dag.py:3239} INFO - Sync 4 DAGs
[2024-11-20T03:52:03.519+0000] {logging_mixin.py:190} INFO - [2024-11-20T03:52:03.519+0000] {dag.py:4180} INFO - Setting next_dagrun for dataset_alias_example_alias_consumer_with_no_taskflow to None, run_after=None
[2024-11-20T03:52:03.524+0000] {logging_mixin.py:190} INFO - [2024-11-20T03:52:03.524+0000] {dag.py:4180} INFO - Setting next_dagrun for dataset_alias_example_alias_producer_with_no_taskflow to None, run_after=None
[2024-11-20T03:52:03.531+0000] {logging_mixin.py:190} INFO - [2024-11-20T03:52:03.530+0000] {dag.py:4180} INFO - Setting next_dagrun for dataset_s3_bucket_consumer_with_no_taskflow to None, run_after=None
[2024-11-20T03:52:03.534+0000] {logging_mixin.py:190} INFO - [2024-11-20T03:52:03.534+0000] {dag.py:4180} INFO - Setting next_dagrun for dataset_s3_bucket_producer_with_no_taskflow to None, run_after=None
[2024-11-20T03:52:03.575+0000] {processor.py:208} INFO - Processing /home/airflow/.local/lib/python3.12/site-packages/airflow/example_dags/example_dataset_alias_with_no_taskflow.py took 1.360 seconds
[2024-11-20T03:52:33.954+0000] {processor.py:186} INFO - Started process (PID=540) to work on /home/airflow/.local/lib/python3.12/site-packages/airflow/example_dags/example_dataset_alias_with_no_taskflow.py
[2024-11-20T03:52:33.956+0000] {processor.py:914} INFO - Processing file /home/airflow/.local/lib/python3.12/site-packages/airflow/example_dags/example_dataset_alias_with_no_taskflow.py for tasks to queue
[2024-11-20T03:52:33.959+0000] {logging_mixin.py:190} INFO - [2024-11-20T03:52:33.959+0000] {dagbag.py:588} INFO - Filling up the DagBag from /home/airflow/.local/lib/python3.12/site-packages/airflow/example_dags/example_dataset_alias_with_no_taskflow.py
[2024-11-20T03:52:34.895+0000] {processor.py:925} INFO - DAG(s) 'dataset_s3_bucket_producer_with_no_taskflow', 'dataset_alias_example_alias_producer_with_no_taskflow', 'dataset_s3_bucket_consumer_with_no_taskflow', 'dataset_alias_example_alias_consumer_with_no_taskflow' retrieved from /home/airflow/.local/lib/python3.12/site-packages/airflow/example_dags/example_dataset_alias_with_no_taskflow.py
[2024-11-20T03:52:34.943+0000] {logging_mixin.py:190} INFO - [2024-11-20T03:52:34.942+0000] {dag.py:3239} INFO - Sync 4 DAGs
[2024-11-20T03:52:34.974+0000] {logging_mixin.py:190} INFO - [2024-11-20T03:52:34.974+0000] {dag.py:4180} INFO - Setting next_dagrun for dataset_alias_example_alias_consumer_with_no_taskflow to None, run_after=None
[2024-11-20T03:52:34.978+0000] {logging_mixin.py:190} INFO - [2024-11-20T03:52:34.978+0000] {dag.py:4180} INFO - Setting next_dagrun for dataset_alias_example_alias_producer_with_no_taskflow to None, run_after=None
[2024-11-20T03:52:34.981+0000] {logging_mixin.py:190} INFO - [2024-11-20T03:52:34.980+0000] {dag.py:4180} INFO - Setting next_dagrun for dataset_s3_bucket_consumer_with_no_taskflow to None, run_after=None
[2024-11-20T03:52:34.983+0000] {logging_mixin.py:190} INFO - [2024-11-20T03:52:34.982+0000] {dag.py:4180} INFO - Setting next_dagrun for dataset_s3_bucket_producer_with_no_taskflow to None, run_after=None
[2024-11-20T03:52:35.034+0000] {processor.py:208} INFO - Processing /home/airflow/.local/lib/python3.12/site-packages/airflow/example_dags/example_dataset_alias_with_no_taskflow.py took 1.089 seconds
[2024-11-20T03:53:13.527+0000] {processor.py:186} INFO - Started process (PID=614) to work on /home/airflow/.local/lib/python3.12/site-packages/airflow/example_dags/example_dataset_alias_with_no_taskflow.py
[2024-11-20T03:53:13.531+0000] {processor.py:914} INFO - Processing file /home/airflow/.local/lib/python3.12/site-packages/airflow/example_dags/example_dataset_alias_with_no_taskflow.py for tasks to queue
[2024-11-20T03:53:13.535+0000] {logging_mixin.py:190} INFO - [2024-11-20T03:53:13.535+0000] {dagbag.py:588} INFO - Filling up the DagBag from /home/airflow/.local/lib/python3.12/site-packages/airflow/example_dags/example_dataset_alias_with_no_taskflow.py
[2024-11-20T03:53:14.913+0000] {processor.py:925} INFO - DAG(s) 'dataset_alias_example_alias_producer_with_no_taskflow', 'dataset_s3_bucket_consumer_with_no_taskflow', 'dataset_s3_bucket_producer_with_no_taskflow', 'dataset_alias_example_alias_consumer_with_no_taskflow' retrieved from /home/airflow/.local/lib/python3.12/site-packages/airflow/example_dags/example_dataset_alias_with_no_taskflow.py
[2024-11-20T03:53:14.950+0000] {logging_mixin.py:190} INFO - [2024-11-20T03:53:14.950+0000] {dag.py:3239} INFO - Sync 4 DAGs
[2024-11-20T03:53:14.989+0000] {logging_mixin.py:190} INFO - [2024-11-20T03:53:14.989+0000] {dag.py:4180} INFO - Setting next_dagrun for dataset_alias_example_alias_consumer_with_no_taskflow to None, run_after=None
[2024-11-20T03:53:14.993+0000] {logging_mixin.py:190} INFO - [2024-11-20T03:53:14.993+0000] {dag.py:4180} INFO - Setting next_dagrun for dataset_alias_example_alias_producer_with_no_taskflow to None, run_after=None
[2024-11-20T03:53:14.996+0000] {logging_mixin.py:190} INFO - [2024-11-20T03:53:14.995+0000] {dag.py:4180} INFO - Setting next_dagrun for dataset_s3_bucket_consumer_with_no_taskflow to None, run_after=None
[2024-11-20T03:53:14.998+0000] {logging_mixin.py:190} INFO - [2024-11-20T03:53:14.998+0000] {dag.py:4180} INFO - Setting next_dagrun for dataset_s3_bucket_producer_with_no_taskflow to None, run_after=None
[2024-11-20T03:53:15.135+0000] {processor.py:208} INFO - Processing /home/airflow/.local/lib/python3.12/site-packages/airflow/example_dags/example_dataset_alias_with_no_taskflow.py took 1.616 seconds
[2024-11-20T03:53:45.319+0000] {processor.py:186} INFO - Started process (PID=678) to work on /home/airflow/.local/lib/python3.12/site-packages/airflow/example_dags/example_dataset_alias_with_no_taskflow.py
[2024-11-20T03:53:45.322+0000] {processor.py:914} INFO - Processing file /home/airflow/.local/lib/python3.12/site-packages/airflow/example_dags/example_dataset_alias_with_no_taskflow.py for tasks to queue
[2024-11-20T03:53:45.339+0000] {logging_mixin.py:190} INFO - [2024-11-20T03:53:45.337+0000] {dagbag.py:588} INFO - Filling up the DagBag from /home/airflow/.local/lib/python3.12/site-packages/airflow/example_dags/example_dataset_alias_with_no_taskflow.py
[2024-11-20T03:53:47.429+0000] {processor.py:925} INFO - DAG(s) 'dataset_s3_bucket_producer_with_no_taskflow', 'dataset_alias_example_alias_consumer_with_no_taskflow', 'dataset_alias_example_alias_producer_with_no_taskflow', 'dataset_s3_bucket_consumer_with_no_taskflow' retrieved from /home/airflow/.local/lib/python3.12/site-packages/airflow/example_dags/example_dataset_alias_with_no_taskflow.py
[2024-11-20T03:53:47.484+0000] {logging_mixin.py:190} INFO - [2024-11-20T03:53:47.483+0000] {dag.py:3239} INFO - Sync 4 DAGs
[2024-11-20T03:53:47.555+0000] {logging_mixin.py:190} INFO - [2024-11-20T03:53:47.555+0000] {dag.py:4180} INFO - Setting next_dagrun for dataset_alias_example_alias_consumer_with_no_taskflow to None, run_after=None
[2024-11-20T03:53:47.565+0000] {logging_mixin.py:190} INFO - [2024-11-20T03:53:47.564+0000] {dag.py:4180} INFO - Setting next_dagrun for dataset_alias_example_alias_producer_with_no_taskflow to None, run_after=None
[2024-11-20T03:53:47.571+0000] {logging_mixin.py:190} INFO - [2024-11-20T03:53:47.570+0000] {dag.py:4180} INFO - Setting next_dagrun for dataset_s3_bucket_consumer_with_no_taskflow to None, run_after=None
[2024-11-20T03:53:47.575+0000] {logging_mixin.py:190} INFO - [2024-11-20T03:53:47.574+0000] {dag.py:4180} INFO - Setting next_dagrun for dataset_s3_bucket_producer_with_no_taskflow to None, run_after=None
[2024-11-20T03:53:47.658+0000] {processor.py:208} INFO - Processing /home/airflow/.local/lib/python3.12/site-packages/airflow/example_dags/example_dataset_alias_with_no_taskflow.py took 2.369 seconds
[2024-11-20T03:54:18.413+0000] {processor.py:186} INFO - Started process (PID=742) to work on /home/airflow/.local/lib/python3.12/site-packages/airflow/example_dags/example_dataset_alias_with_no_taskflow.py
[2024-11-20T03:54:18.417+0000] {processor.py:914} INFO - Processing file /home/airflow/.local/lib/python3.12/site-packages/airflow/example_dags/example_dataset_alias_with_no_taskflow.py for tasks to queue
[2024-11-20T03:54:18.423+0000] {logging_mixin.py:190} INFO - [2024-11-20T03:54:18.422+0000] {dagbag.py:588} INFO - Filling up the DagBag from /home/airflow/.local/lib/python3.12/site-packages/airflow/example_dags/example_dataset_alias_with_no_taskflow.py
[2024-11-20T03:54:19.926+0000] {processor.py:925} INFO - DAG(s) 'dataset_s3_bucket_producer_with_no_taskflow', 'dataset_alias_example_alias_producer_with_no_taskflow', 'dataset_alias_example_alias_consumer_with_no_taskflow', 'dataset_s3_bucket_consumer_with_no_taskflow' retrieved from /home/airflow/.local/lib/python3.12/site-packages/airflow/example_dags/example_dataset_alias_with_no_taskflow.py
[2024-11-20T03:54:20.015+0000] {logging_mixin.py:190} INFO - [2024-11-20T03:54:20.014+0000] {dag.py:3239} INFO - Sync 4 DAGs
[2024-11-20T03:54:20.135+0000] {logging_mixin.py:190} INFO - [2024-11-20T03:54:20.135+0000] {dag.py:4180} INFO - Setting next_dagrun for dataset_alias_example_alias_consumer_with_no_taskflow to None, run_after=None
[2024-11-20T03:54:20.142+0000] {logging_mixin.py:190} INFO - [2024-11-20T03:54:20.141+0000] {dag.py:4180} INFO - Setting next_dagrun for dataset_alias_example_alias_producer_with_no_taskflow to None, run_after=None
[2024-11-20T03:54:20.147+0000] {logging_mixin.py:190} INFO - [2024-11-20T03:54:20.146+0000] {dag.py:4180} INFO - Setting next_dagrun for dataset_s3_bucket_consumer_with_no_taskflow to None, run_after=None
[2024-11-20T03:54:20.150+0000] {logging_mixin.py:190} INFO - [2024-11-20T03:54:20.149+0000] {dag.py:4180} INFO - Setting next_dagrun for dataset_s3_bucket_producer_with_no_taskflow to None, run_after=None
[2024-11-20T03:54:20.229+0000] {processor.py:208} INFO - Processing /home/airflow/.local/lib/python3.12/site-packages/airflow/example_dags/example_dataset_alias_with_no_taskflow.py took 1.827 seconds
[2024-11-20T03:54:52.071+0000] {processor.py:186} INFO - Started process (PID=813) to work on /home/airflow/.local/lib/python3.12/site-packages/airflow/example_dags/example_dataset_alias_with_no_taskflow.py
[2024-11-20T03:54:52.073+0000] {processor.py:914} INFO - Processing file /home/airflow/.local/lib/python3.12/site-packages/airflow/example_dags/example_dataset_alias_with_no_taskflow.py for tasks to queue
[2024-11-20T03:54:52.087+0000] {logging_mixin.py:190} INFO - [2024-11-20T03:54:52.077+0000] {dagbag.py:588} INFO - Filling up the DagBag from /home/airflow/.local/lib/python3.12/site-packages/airflow/example_dags/example_dataset_alias_with_no_taskflow.py
[2024-11-20T03:54:54.453+0000] {processor.py:925} INFO - DAG(s) 'dataset_alias_example_alias_consumer_with_no_taskflow', 'dataset_s3_bucket_consumer_with_no_taskflow', 'dataset_alias_example_alias_producer_with_no_taskflow', 'dataset_s3_bucket_producer_with_no_taskflow' retrieved from /home/airflow/.local/lib/python3.12/site-packages/airflow/example_dags/example_dataset_alias_with_no_taskflow.py
[2024-11-20T03:54:54.513+0000] {logging_mixin.py:190} INFO - [2024-11-20T03:54:54.512+0000] {dag.py:3239} INFO - Sync 4 DAGs
[2024-11-20T03:54:54.555+0000] {logging_mixin.py:190} INFO - [2024-11-20T03:54:54.554+0000] {dag.py:4180} INFO - Setting next_dagrun for dataset_alias_example_alias_consumer_with_no_taskflow to None, run_after=None
[2024-11-20T03:54:54.560+0000] {logging_mixin.py:190} INFO - [2024-11-20T03:54:54.559+0000] {dag.py:4180} INFO - Setting next_dagrun for dataset_alias_example_alias_producer_with_no_taskflow to None, run_after=None
[2024-11-20T03:54:54.562+0000] {logging_mixin.py:190} INFO - [2024-11-20T03:54:54.562+0000] {dag.py:4180} INFO - Setting next_dagrun for dataset_s3_bucket_consumer_with_no_taskflow to None, run_after=None
[2024-11-20T03:54:54.565+0000] {logging_mixin.py:190} INFO - [2024-11-20T03:54:54.565+0000] {dag.py:4180} INFO - Setting next_dagrun for dataset_s3_bucket_producer_with_no_taskflow to None, run_after=None
[2024-11-20T03:54:54.612+0000] {processor.py:208} INFO - Processing /home/airflow/.local/lib/python3.12/site-packages/airflow/example_dags/example_dataset_alias_with_no_taskflow.py took 2.561 seconds
[2024-11-20T03:55:25.913+0000] {processor.py:186} INFO - Started process (PID=883) to work on /home/airflow/.local/lib/python3.12/site-packages/airflow/example_dags/example_dataset_alias_with_no_taskflow.py
[2024-11-20T03:55:25.916+0000] {processor.py:914} INFO - Processing file /home/airflow/.local/lib/python3.12/site-packages/airflow/example_dags/example_dataset_alias_with_no_taskflow.py for tasks to queue
[2024-11-20T03:55:25.921+0000] {logging_mixin.py:190} INFO - [2024-11-20T03:55:25.920+0000] {dagbag.py:588} INFO - Filling up the DagBag from /home/airflow/.local/lib/python3.12/site-packages/airflow/example_dags/example_dataset_alias_with_no_taskflow.py
[2024-11-20T03:55:27.281+0000] {processor.py:925} INFO - DAG(s) 'dataset_alias_example_alias_consumer_with_no_taskflow', 'dataset_s3_bucket_producer_with_no_taskflow', 'dataset_alias_example_alias_producer_with_no_taskflow', 'dataset_s3_bucket_consumer_with_no_taskflow' retrieved from /home/airflow/.local/lib/python3.12/site-packages/airflow/example_dags/example_dataset_alias_with_no_taskflow.py
[2024-11-20T03:55:27.350+0000] {logging_mixin.py:190} INFO - [2024-11-20T03:55:27.348+0000] {dag.py:3239} INFO - Sync 4 DAGs
[2024-11-20T03:55:27.438+0000] {logging_mixin.py:190} INFO - [2024-11-20T03:55:27.438+0000] {dag.py:4180} INFO - Setting next_dagrun for dataset_alias_example_alias_consumer_with_no_taskflow to None, run_after=None
[2024-11-20T03:55:27.462+0000] {logging_mixin.py:190} INFO - [2024-11-20T03:55:27.461+0000] {dag.py:4180} INFO - Setting next_dagrun for dataset_alias_example_alias_producer_with_no_taskflow to None, run_after=None
[2024-11-20T03:55:27.465+0000] {logging_mixin.py:190} INFO - [2024-11-20T03:55:27.465+0000] {dag.py:4180} INFO - Setting next_dagrun for dataset_s3_bucket_consumer_with_no_taskflow to None, run_after=None
[2024-11-20T03:55:27.468+0000] {logging_mixin.py:190} INFO - [2024-11-20T03:55:27.468+0000] {dag.py:4180} INFO - Setting next_dagrun for dataset_s3_bucket_producer_with_no_taskflow to None, run_after=None
[2024-11-20T03:55:27.507+0000] {processor.py:208} INFO - Processing /home/airflow/.local/lib/python3.12/site-packages/airflow/example_dags/example_dataset_alias_with_no_taskflow.py took 1.616 seconds
[2024-11-20T03:55:57.946+0000] {processor.py:186} INFO - Started process (PID=950) to work on /home/airflow/.local/lib/python3.12/site-packages/airflow/example_dags/example_dataset_alias_with_no_taskflow.py
[2024-11-20T03:55:57.948+0000] {processor.py:914} INFO - Processing file /home/airflow/.local/lib/python3.12/site-packages/airflow/example_dags/example_dataset_alias_with_no_taskflow.py for tasks to queue
[2024-11-20T03:55:57.953+0000] {logging_mixin.py:190} INFO - [2024-11-20T03:55:57.952+0000] {dagbag.py:588} INFO - Filling up the DagBag from /home/airflow/.local/lib/python3.12/site-packages/airflow/example_dags/example_dataset_alias_with_no_taskflow.py
[2024-11-20T03:55:59.355+0000] {processor.py:925} INFO - DAG(s) 'dataset_s3_bucket_consumer_with_no_taskflow', 'dataset_alias_example_alias_consumer_with_no_taskflow', 'dataset_s3_bucket_producer_with_no_taskflow', 'dataset_alias_example_alias_producer_with_no_taskflow' retrieved from /home/airflow/.local/lib/python3.12/site-packages/airflow/example_dags/example_dataset_alias_with_no_taskflow.py
[2024-11-20T03:55:59.408+0000] {logging_mixin.py:190} INFO - [2024-11-20T03:55:59.407+0000] {dag.py:3239} INFO - Sync 4 DAGs
[2024-11-20T03:55:59.450+0000] {logging_mixin.py:190} INFO - [2024-11-20T03:55:59.449+0000] {dag.py:4180} INFO - Setting next_dagrun for dataset_alias_example_alias_consumer_with_no_taskflow to None, run_after=None
[2024-11-20T03:55:59.456+0000] {logging_mixin.py:190} INFO - [2024-11-20T03:55:59.455+0000] {dag.py:4180} INFO - Setting next_dagrun for dataset_alias_example_alias_producer_with_no_taskflow to None, run_after=None
[2024-11-20T03:55:59.459+0000] {logging_mixin.py:190} INFO - [2024-11-20T03:55:59.459+0000] {dag.py:4180} INFO - Setting next_dagrun for dataset_s3_bucket_consumer_with_no_taskflow to None, run_after=None
[2024-11-20T03:55:59.463+0000] {logging_mixin.py:190} INFO - [2024-11-20T03:55:59.462+0000] {dag.py:4180} INFO - Setting next_dagrun for dataset_s3_bucket_producer_with_no_taskflow to None, run_after=None
[2024-11-20T03:55:59.529+0000] {processor.py:208} INFO - Processing /home/airflow/.local/lib/python3.12/site-packages/airflow/example_dags/example_dataset_alias_with_no_taskflow.py took 1.594 seconds
[2024-11-20T03:56:30.527+0000] {processor.py:186} INFO - Started process (PID=1015) to work on /home/airflow/.local/lib/python3.12/site-packages/airflow/example_dags/example_dataset_alias_with_no_taskflow.py
[2024-11-20T03:56:30.529+0000] {processor.py:914} INFO - Processing file /home/airflow/.local/lib/python3.12/site-packages/airflow/example_dags/example_dataset_alias_with_no_taskflow.py for tasks to queue
[2024-11-20T03:56:30.536+0000] {logging_mixin.py:190} INFO - [2024-11-20T03:56:30.534+0000] {dagbag.py:588} INFO - Filling up the DagBag from /home/airflow/.local/lib/python3.12/site-packages/airflow/example_dags/example_dataset_alias_with_no_taskflow.py
[2024-11-20T03:56:32.582+0000] {processor.py:925} INFO - DAG(s) 'dataset_alias_example_alias_producer_with_no_taskflow', 'dataset_alias_example_alias_consumer_with_no_taskflow', 'dataset_s3_bucket_consumer_with_no_taskflow', 'dataset_s3_bucket_producer_with_no_taskflow' retrieved from /home/airflow/.local/lib/python3.12/site-packages/airflow/example_dags/example_dataset_alias_with_no_taskflow.py
[2024-11-20T03:56:32.637+0000] {logging_mixin.py:190} INFO - [2024-11-20T03:56:32.636+0000] {dag.py:3239} INFO - Sync 4 DAGs
[2024-11-20T03:56:32.698+0000] {logging_mixin.py:190} INFO - [2024-11-20T03:56:32.698+0000] {dag.py:4180} INFO - Setting next_dagrun for dataset_alias_example_alias_consumer_with_no_taskflow to None, run_after=None
[2024-11-20T03:56:32.704+0000] {logging_mixin.py:190} INFO - [2024-11-20T03:56:32.703+0000] {dag.py:4180} INFO - Setting next_dagrun for dataset_alias_example_alias_producer_with_no_taskflow to None, run_after=None
[2024-11-20T03:56:32.708+0000] {logging_mixin.py:190} INFO - [2024-11-20T03:56:32.707+0000] {dag.py:4180} INFO - Setting next_dagrun for dataset_s3_bucket_consumer_with_no_taskflow to None, run_after=None
[2024-11-20T03:56:32.710+0000] {logging_mixin.py:190} INFO - [2024-11-20T03:56:32.710+0000] {dag.py:4180} INFO - Setting next_dagrun for dataset_s3_bucket_producer_with_no_taskflow to None, run_after=None
[2024-11-20T03:56:32.827+0000] {processor.py:208} INFO - Processing /home/airflow/.local/lib/python3.12/site-packages/airflow/example_dags/example_dataset_alias_with_no_taskflow.py took 2.313 seconds
[2024-11-20T03:57:03.227+0000] {processor.py:186} INFO - Started process (PID=1080) to work on /home/airflow/.local/lib/python3.12/site-packages/airflow/example_dags/example_dataset_alias_with_no_taskflow.py
[2024-11-20T03:57:03.231+0000] {processor.py:914} INFO - Processing file /home/airflow/.local/lib/python3.12/site-packages/airflow/example_dags/example_dataset_alias_with_no_taskflow.py for tasks to queue
[2024-11-20T03:57:03.236+0000] {logging_mixin.py:190} INFO - [2024-11-20T03:57:03.235+0000] {dagbag.py:588} INFO - Filling up the DagBag from /home/airflow/.local/lib/python3.12/site-packages/airflow/example_dags/example_dataset_alias_with_no_taskflow.py
[2024-11-20T03:57:05.923+0000] {processor.py:925} INFO - DAG(s) 'dataset_alias_example_alias_producer_with_no_taskflow', 'dataset_alias_example_alias_consumer_with_no_taskflow', 'dataset_s3_bucket_producer_with_no_taskflow', 'dataset_s3_bucket_consumer_with_no_taskflow' retrieved from /home/airflow/.local/lib/python3.12/site-packages/airflow/example_dags/example_dataset_alias_with_no_taskflow.py
[2024-11-20T03:57:06.028+0000] {logging_mixin.py:190} INFO - [2024-11-20T03:57:06.026+0000] {dag.py:3239} INFO - Sync 4 DAGs
[2024-11-20T03:57:06.120+0000] {logging_mixin.py:190} INFO - [2024-11-20T03:57:06.119+0000] {dag.py:4180} INFO - Setting next_dagrun for dataset_alias_example_alias_consumer_with_no_taskflow to None, run_after=None
[2024-11-20T03:57:06.131+0000] {logging_mixin.py:190} INFO - [2024-11-20T03:57:06.131+0000] {dag.py:4180} INFO - Setting next_dagrun for dataset_alias_example_alias_producer_with_no_taskflow to None, run_after=None
[2024-11-20T03:57:06.137+0000] {logging_mixin.py:190} INFO - [2024-11-20T03:57:06.137+0000] {dag.py:4180} INFO - Setting next_dagrun for dataset_s3_bucket_consumer_with_no_taskflow to None, run_after=None
[2024-11-20T03:57:06.141+0000] {logging_mixin.py:190} INFO - [2024-11-20T03:57:06.141+0000] {dag.py:4180} INFO - Setting next_dagrun for dataset_s3_bucket_producer_with_no_taskflow to None, run_after=None
[2024-11-20T03:57:06.239+0000] {processor.py:208} INFO - Processing /home/airflow/.local/lib/python3.12/site-packages/airflow/example_dags/example_dataset_alias_with_no_taskflow.py took 3.033 seconds
[2024-11-20T03:57:36.444+0000] {processor.py:186} INFO - Started process (PID=1144) to work on /home/airflow/.local/lib/python3.12/site-packages/airflow/example_dags/example_dataset_alias_with_no_taskflow.py
[2024-11-20T03:57:36.445+0000] {processor.py:914} INFO - Processing file /home/airflow/.local/lib/python3.12/site-packages/airflow/example_dags/example_dataset_alias_with_no_taskflow.py for tasks to queue
[2024-11-20T03:57:36.449+0000] {logging_mixin.py:190} INFO - [2024-11-20T03:57:36.448+0000] {dagbag.py:588} INFO - Filling up the DagBag from /home/airflow/.local/lib/python3.12/site-packages/airflow/example_dags/example_dataset_alias_with_no_taskflow.py
[2024-11-20T03:57:37.374+0000] {processor.py:925} INFO - DAG(s) 'dataset_s3_bucket_consumer_with_no_taskflow', 'dataset_s3_bucket_producer_with_no_taskflow', 'dataset_alias_example_alias_consumer_with_no_taskflow', 'dataset_alias_example_alias_producer_with_no_taskflow' retrieved from /home/airflow/.local/lib/python3.12/site-packages/airflow/example_dags/example_dataset_alias_with_no_taskflow.py
[2024-11-20T03:57:37.410+0000] {logging_mixin.py:190} INFO - [2024-11-20T03:57:37.409+0000] {dag.py:3239} INFO - Sync 4 DAGs
[2024-11-20T03:57:37.463+0000] {logging_mixin.py:190} INFO - [2024-11-20T03:57:37.463+0000] {dag.py:4180} INFO - Setting next_dagrun for dataset_alias_example_alias_consumer_with_no_taskflow to None, run_after=None
[2024-11-20T03:57:37.470+0000] {logging_mixin.py:190} INFO - [2024-11-20T03:57:37.469+0000] {dag.py:4180} INFO - Setting next_dagrun for dataset_alias_example_alias_producer_with_no_taskflow to None, run_after=None
[2024-11-20T03:57:37.473+0000] {logging_mixin.py:190} INFO - [2024-11-20T03:57:37.472+0000] {dag.py:4180} INFO - Setting next_dagrun for dataset_s3_bucket_consumer_with_no_taskflow to None, run_after=None
[2024-11-20T03:57:37.476+0000] {logging_mixin.py:190} INFO - [2024-11-20T03:57:37.476+0000] {dag.py:4180} INFO - Setting next_dagrun for dataset_s3_bucket_producer_with_no_taskflow to None, run_after=None
[2024-11-20T03:57:37.517+0000] {processor.py:208} INFO - Processing /home/airflow/.local/lib/python3.12/site-packages/airflow/example_dags/example_dataset_alias_with_no_taskflow.py took 1.084 seconds
[2024-11-20T03:58:07.983+0000] {processor.py:186} INFO - Started process (PID=1207) to work on /home/airflow/.local/lib/python3.12/site-packages/airflow/example_dags/example_dataset_alias_with_no_taskflow.py
[2024-11-20T03:58:07.984+0000] {processor.py:914} INFO - Processing file /home/airflow/.local/lib/python3.12/site-packages/airflow/example_dags/example_dataset_alias_with_no_taskflow.py for tasks to queue
[2024-11-20T03:58:08.002+0000] {logging_mixin.py:190} INFO - [2024-11-20T03:58:08.001+0000] {dagbag.py:588} INFO - Filling up the DagBag from /home/airflow/.local/lib/python3.12/site-packages/airflow/example_dags/example_dataset_alias_with_no_taskflow.py
[2024-11-20T03:58:09.225+0000] {processor.py:925} INFO - DAG(s) 'dataset_s3_bucket_producer_with_no_taskflow', 'dataset_s3_bucket_consumer_with_no_taskflow', 'dataset_alias_example_alias_consumer_with_no_taskflow', 'dataset_alias_example_alias_producer_with_no_taskflow' retrieved from /home/airflow/.local/lib/python3.12/site-packages/airflow/example_dags/example_dataset_alias_with_no_taskflow.py
[2024-11-20T03:58:09.273+0000] {logging_mixin.py:190} INFO - [2024-11-20T03:58:09.272+0000] {dag.py:3239} INFO - Sync 4 DAGs
[2024-11-20T03:58:09.322+0000] {logging_mixin.py:190} INFO - [2024-11-20T03:58:09.322+0000] {dag.py:4180} INFO - Setting next_dagrun for dataset_alias_example_alias_consumer_with_no_taskflow to None, run_after=None
[2024-11-20T03:58:09.328+0000] {logging_mixin.py:190} INFO - [2024-11-20T03:58:09.327+0000] {dag.py:4180} INFO - Setting next_dagrun for dataset_alias_example_alias_producer_with_no_taskflow to None, run_after=None
[2024-11-20T03:58:09.333+0000] {logging_mixin.py:190} INFO - [2024-11-20T03:58:09.333+0000] {dag.py:4180} INFO - Setting next_dagrun for dataset_s3_bucket_consumer_with_no_taskflow to None, run_after=None
[2024-11-20T03:58:09.336+0000] {logging_mixin.py:190} INFO - [2024-11-20T03:58:09.336+0000] {dag.py:4180} INFO - Setting next_dagrun for dataset_s3_bucket_producer_with_no_taskflow to None, run_after=None
[2024-11-20T03:58:09.397+0000] {processor.py:208} INFO - Processing /home/airflow/.local/lib/python3.12/site-packages/airflow/example_dags/example_dataset_alias_with_no_taskflow.py took 1.428 seconds
[2024-11-20T03:58:39.762+0000] {processor.py:186} INFO - Started process (PID=1272) to work on /home/airflow/.local/lib/python3.12/site-packages/airflow/example_dags/example_dataset_alias_with_no_taskflow.py
[2024-11-20T03:58:39.763+0000] {processor.py:914} INFO - Processing file /home/airflow/.local/lib/python3.12/site-packages/airflow/example_dags/example_dataset_alias_with_no_taskflow.py for tasks to queue
[2024-11-20T03:58:39.768+0000] {logging_mixin.py:190} INFO - [2024-11-20T03:58:39.767+0000] {dagbag.py:588} INFO - Filling up the DagBag from /home/airflow/.local/lib/python3.12/site-packages/airflow/example_dags/example_dataset_alias_with_no_taskflow.py
[2024-11-20T03:58:40.926+0000] {processor.py:925} INFO - DAG(s) 'dataset_s3_bucket_consumer_with_no_taskflow', 'dataset_alias_example_alias_producer_with_no_taskflow', 'dataset_s3_bucket_producer_with_no_taskflow', 'dataset_alias_example_alias_consumer_with_no_taskflow' retrieved from /home/airflow/.local/lib/python3.12/site-packages/airflow/example_dags/example_dataset_alias_with_no_taskflow.py
[2024-11-20T03:58:40.967+0000] {logging_mixin.py:190} INFO - [2024-11-20T03:58:40.966+0000] {dag.py:3239} INFO - Sync 4 DAGs
[2024-11-20T03:58:41.007+0000] {logging_mixin.py:190} INFO - [2024-11-20T03:58:41.007+0000] {dag.py:4180} INFO - Setting next_dagrun for dataset_alias_example_alias_consumer_with_no_taskflow to None, run_after=None
[2024-11-20T03:58:41.013+0000] {logging_mixin.py:190} INFO - [2024-11-20T03:58:41.012+0000] {dag.py:4180} INFO - Setting next_dagrun for dataset_alias_example_alias_producer_with_no_taskflow to None, run_after=None
[2024-11-20T03:58:41.016+0000] {logging_mixin.py:190} INFO - [2024-11-20T03:58:41.016+0000] {dag.py:4180} INFO - Setting next_dagrun for dataset_s3_bucket_consumer_with_no_taskflow to None, run_after=None
[2024-11-20T03:58:41.019+0000] {logging_mixin.py:190} INFO - [2024-11-20T03:58:41.019+0000] {dag.py:4180} INFO - Setting next_dagrun for dataset_s3_bucket_producer_with_no_taskflow to None, run_after=None
[2024-11-20T03:58:41.070+0000] {processor.py:208} INFO - Processing /home/airflow/.local/lib/python3.12/site-packages/airflow/example_dags/example_dataset_alias_with_no_taskflow.py took 1.319 seconds
[2024-11-20T03:59:11.662+0000] {processor.py:186} INFO - Started process (PID=1337) to work on /home/airflow/.local/lib/python3.12/site-packages/airflow/example_dags/example_dataset_alias_with_no_taskflow.py
[2024-11-20T03:59:11.664+0000] {processor.py:914} INFO - Processing file /home/airflow/.local/lib/python3.12/site-packages/airflow/example_dags/example_dataset_alias_with_no_taskflow.py for tasks to queue
[2024-11-20T03:59:11.668+0000] {logging_mixin.py:190} INFO - [2024-11-20T03:59:11.667+0000] {dagbag.py:588} INFO - Filling up the DagBag from /home/airflow/.local/lib/python3.12/site-packages/airflow/example_dags/example_dataset_alias_with_no_taskflow.py
[2024-11-20T03:59:12.739+0000] {processor.py:925} INFO - DAG(s) 'dataset_alias_example_alias_producer_with_no_taskflow', 'dataset_s3_bucket_producer_with_no_taskflow', 'dataset_alias_example_alias_consumer_with_no_taskflow', 'dataset_s3_bucket_consumer_with_no_taskflow' retrieved from /home/airflow/.local/lib/python3.12/site-packages/airflow/example_dags/example_dataset_alias_with_no_taskflow.py
[2024-11-20T03:59:12.778+0000] {logging_mixin.py:190} INFO - [2024-11-20T03:59:12.777+0000] {dag.py:3239} INFO - Sync 4 DAGs
[2024-11-20T03:59:12.819+0000] {logging_mixin.py:190} INFO - [2024-11-20T03:59:12.818+0000] {dag.py:4180} INFO - Setting next_dagrun for dataset_alias_example_alias_consumer_with_no_taskflow to None, run_after=None
[2024-11-20T03:59:12.824+0000] {logging_mixin.py:190} INFO - [2024-11-20T03:59:12.824+0000] {dag.py:4180} INFO - Setting next_dagrun for dataset_alias_example_alias_producer_with_no_taskflow to None, run_after=None
[2024-11-20T03:59:12.827+0000] {logging_mixin.py:190} INFO - [2024-11-20T03:59:12.826+0000] {dag.py:4180} INFO - Setting next_dagrun for dataset_s3_bucket_consumer_with_no_taskflow to None, run_after=None
[2024-11-20T03:59:12.829+0000] {logging_mixin.py:190} INFO - [2024-11-20T03:59:12.829+0000] {dag.py:4180} INFO - Setting next_dagrun for dataset_s3_bucket_producer_with_no_taskflow to None, run_after=None
[2024-11-20T03:59:12.870+0000] {processor.py:208} INFO - Processing /home/airflow/.local/lib/python3.12/site-packages/airflow/example_dags/example_dataset_alias_with_no_taskflow.py took 1.216 seconds
