[2024-11-20T03:49:00.029+0000] {processor.py:186} INFO - Started process (PID=127) to work on /home/airflow/.local/lib/python3.12/site-packages/airflow/example_dags/example_branch_labels.py
[2024-11-20T03:49:00.062+0000] {processor.py:914} INFO - Processing file /home/airflow/.local/lib/python3.12/site-packages/airflow/example_dags/example_branch_labels.py for tasks to queue
[2024-11-20T03:49:00.086+0000] {logging_mixin.py:190} INFO - [2024-11-20T03:49:00.085+0000] {dagbag.py:588} INFO - Filling up the DagBag from /home/airflow/.local/lib/python3.12/site-packages/airflow/example_dags/example_branch_labels.py
[2024-11-20T03:49:00.173+0000] {processor.py:925} INFO - DAG(s) 'example_branch_labels' retrieved from /home/airflow/.local/lib/python3.12/site-packages/airflow/example_dags/example_branch_labels.py
[2024-11-20T03:49:02.392+0000] {logging_mixin.py:190} INFO - [2024-11-20T03:49:02.353+0000] {override.py:1911} INFO - Created Permission View: can read on DAG:example_branch_labels
[2024-11-20T03:49:02.606+0000] {logging_mixin.py:190} INFO - [2024-11-20T03:49:02.603+0000] {override.py:1911} INFO - Created Permission View: can edit on DAG:example_branch_labels
[2024-11-20T03:49:02.708+0000] {logging_mixin.py:190} INFO - [2024-11-20T03:49:02.707+0000] {override.py:1911} INFO - Created Permission View: can delete on DAG:example_branch_labels
[2024-11-20T03:49:02.768+0000] {logging_mixin.py:190} INFO - [2024-11-20T03:49:02.767+0000] {override.py:1911} INFO - Created Permission View: menu access on DAG Run:example_branch_labels
[2024-11-20T03:49:02.878+0000] {logging_mixin.py:190} INFO - [2024-11-20T03:49:02.878+0000] {override.py:1911} INFO - Created Permission View: can read on DAG Run:example_branch_labels
[2024-11-20T03:49:02.968+0000] {logging_mixin.py:190} INFO - [2024-11-20T03:49:02.967+0000] {override.py:1911} INFO - Created Permission View: can delete on DAG Run:example_branch_labels
[2024-11-20T03:49:03.008+0000] {logging_mixin.py:190} INFO - [2024-11-20T03:49:03.008+0000] {override.py:1911} INFO - Created Permission View: can create on DAG Run:example_branch_labels
[2024-11-20T03:49:03.016+0000] {logging_mixin.py:190} INFO - [2024-11-20T03:49:03.016+0000] {dag.py:3239} INFO - Sync 1 DAGs
[2024-11-20T03:49:03.355+0000] {logging_mixin.py:190} INFO - [2024-11-20T03:49:03.353+0000] {dag.py:3262} INFO - Creating ORM DAG for example_branch_labels
[2024-11-20T03:49:03.420+0000] {logging_mixin.py:190} INFO - [2024-11-20T03:49:03.419+0000] {dag.py:4180} INFO - Setting next_dagrun for example_branch_labels to 2024-11-19 00:00:00+00:00, run_after=2024-11-20 00:00:00+00:00
[2024-11-20T03:49:03.515+0000] {processor.py:208} INFO - Processing /home/airflow/.local/lib/python3.12/site-packages/airflow/example_dags/example_branch_labels.py took 3.555 seconds
[2024-11-20T03:49:34.166+0000] {processor.py:186} INFO - Started process (PID=189) to work on /home/airflow/.local/lib/python3.12/site-packages/airflow/example_dags/example_branch_labels.py
[2024-11-20T03:49:34.168+0000] {processor.py:914} INFO - Processing file /home/airflow/.local/lib/python3.12/site-packages/airflow/example_dags/example_branch_labels.py for tasks to queue
[2024-11-20T03:49:34.177+0000] {logging_mixin.py:190} INFO - [2024-11-20T03:49:34.176+0000] {dagbag.py:588} INFO - Filling up the DagBag from /home/airflow/.local/lib/python3.12/site-packages/airflow/example_dags/example_branch_labels.py
[2024-11-20T03:49:34.227+0000] {processor.py:925} INFO - DAG(s) 'example_branch_labels' retrieved from /home/airflow/.local/lib/python3.12/site-packages/airflow/example_dags/example_branch_labels.py
[2024-11-20T03:49:34.305+0000] {logging_mixin.py:190} INFO - [2024-11-20T03:49:34.304+0000] {dag.py:3239} INFO - Sync 1 DAGs
[2024-11-20T03:49:34.380+0000] {logging_mixin.py:190} INFO - [2024-11-20T03:49:34.377+0000] {dag.py:4180} INFO - Setting next_dagrun for example_branch_labels to 2024-11-19 00:00:00+00:00, run_after=2024-11-20 00:00:00+00:00
[2024-11-20T03:49:34.446+0000] {processor.py:208} INFO - Processing /home/airflow/.local/lib/python3.12/site-packages/airflow/example_dags/example_branch_labels.py took 0.298 seconds
[2024-11-20T03:50:04.774+0000] {processor.py:186} INFO - Started process (PID=253) to work on /home/airflow/.local/lib/python3.12/site-packages/airflow/example_dags/example_branch_labels.py
[2024-11-20T03:50:04.786+0000] {processor.py:914} INFO - Processing file /home/airflow/.local/lib/python3.12/site-packages/airflow/example_dags/example_branch_labels.py for tasks to queue
[2024-11-20T03:50:04.813+0000] {logging_mixin.py:190} INFO - [2024-11-20T03:50:04.807+0000] {dagbag.py:588} INFO - Filling up the DagBag from /home/airflow/.local/lib/python3.12/site-packages/airflow/example_dags/example_branch_labels.py
[2024-11-20T03:50:04.901+0000] {processor.py:925} INFO - DAG(s) 'example_branch_labels' retrieved from /home/airflow/.local/lib/python3.12/site-packages/airflow/example_dags/example_branch_labels.py
[2024-11-20T03:50:05.146+0000] {logging_mixin.py:190} INFO - [2024-11-20T03:50:05.146+0000] {dag.py:3239} INFO - Sync 1 DAGs
[2024-11-20T03:50:05.861+0000] {logging_mixin.py:190} INFO - [2024-11-20T03:50:05.860+0000] {dag.py:4180} INFO - Setting next_dagrun for example_branch_labels to 2024-11-19 00:00:00+00:00, run_after=2024-11-20 00:00:00+00:00
[2024-11-20T03:50:05.973+0000] {processor.py:208} INFO - Processing /home/airflow/.local/lib/python3.12/site-packages/airflow/example_dags/example_branch_labels.py took 1.317 seconds
[2024-11-20T03:50:36.853+0000] {processor.py:186} INFO - Started process (PID=315) to work on /home/airflow/.local/lib/python3.12/site-packages/airflow/example_dags/example_branch_labels.py
[2024-11-20T03:50:36.856+0000] {processor.py:914} INFO - Processing file /home/airflow/.local/lib/python3.12/site-packages/airflow/example_dags/example_branch_labels.py for tasks to queue
[2024-11-20T03:50:36.863+0000] {logging_mixin.py:190} INFO - [2024-11-20T03:50:36.862+0000] {dagbag.py:588} INFO - Filling up the DagBag from /home/airflow/.local/lib/python3.12/site-packages/airflow/example_dags/example_branch_labels.py
[2024-11-20T03:50:36.884+0000] {processor.py:925} INFO - DAG(s) 'example_branch_labels' retrieved from /home/airflow/.local/lib/python3.12/site-packages/airflow/example_dags/example_branch_labels.py
[2024-11-20T03:50:36.924+0000] {logging_mixin.py:190} INFO - [2024-11-20T03:50:36.923+0000] {dag.py:3239} INFO - Sync 1 DAGs
[2024-11-20T03:50:36.972+0000] {logging_mixin.py:190} INFO - [2024-11-20T03:50:36.972+0000] {dag.py:4180} INFO - Setting next_dagrun for example_branch_labels to 2024-11-19 00:00:00+00:00, run_after=2024-11-20 00:00:00+00:00
[2024-11-20T03:50:37.019+0000] {processor.py:208} INFO - Processing /home/airflow/.local/lib/python3.12/site-packages/airflow/example_dags/example_branch_labels.py took 0.180 seconds
[2024-11-20T03:51:10.070+0000] {processor.py:186} INFO - Started process (PID=377) to work on /home/airflow/.local/lib/python3.12/site-packages/airflow/example_dags/example_branch_labels.py
[2024-11-20T03:51:10.073+0000] {processor.py:914} INFO - Processing file /home/airflow/.local/lib/python3.12/site-packages/airflow/example_dags/example_branch_labels.py for tasks to queue
[2024-11-20T03:51:10.077+0000] {logging_mixin.py:190} INFO - [2024-11-20T03:51:10.077+0000] {dagbag.py:588} INFO - Filling up the DagBag from /home/airflow/.local/lib/python3.12/site-packages/airflow/example_dags/example_branch_labels.py
[2024-11-20T03:51:10.096+0000] {processor.py:925} INFO - DAG(s) 'example_branch_labels' retrieved from /home/airflow/.local/lib/python3.12/site-packages/airflow/example_dags/example_branch_labels.py
[2024-11-20T03:51:10.138+0000] {logging_mixin.py:190} INFO - [2024-11-20T03:51:10.138+0000] {dag.py:3239} INFO - Sync 1 DAGs
[2024-11-20T03:51:10.199+0000] {logging_mixin.py:190} INFO - [2024-11-20T03:51:10.199+0000] {dag.py:4180} INFO - Setting next_dagrun for example_branch_labels to 2024-11-19 00:00:00+00:00, run_after=2024-11-20 00:00:00+00:00
[2024-11-20T03:51:10.238+0000] {processor.py:208} INFO - Processing /home/airflow/.local/lib/python3.12/site-packages/airflow/example_dags/example_branch_labels.py took 0.178 seconds
[2024-11-20T03:51:42.018+0000] {processor.py:186} INFO - Started process (PID=441) to work on /home/airflow/.local/lib/python3.12/site-packages/airflow/example_dags/example_branch_labels.py
[2024-11-20T03:51:42.020+0000] {processor.py:914} INFO - Processing file /home/airflow/.local/lib/python3.12/site-packages/airflow/example_dags/example_branch_labels.py for tasks to queue
[2024-11-20T03:51:42.037+0000] {logging_mixin.py:190} INFO - [2024-11-20T03:51:42.036+0000] {dagbag.py:588} INFO - Filling up the DagBag from /home/airflow/.local/lib/python3.12/site-packages/airflow/example_dags/example_branch_labels.py
[2024-11-20T03:51:42.072+0000] {processor.py:925} INFO - DAG(s) 'example_branch_labels' retrieved from /home/airflow/.local/lib/python3.12/site-packages/airflow/example_dags/example_branch_labels.py
[2024-11-20T03:51:42.113+0000] {logging_mixin.py:190} INFO - [2024-11-20T03:51:42.112+0000] {dag.py:3239} INFO - Sync 1 DAGs
[2024-11-20T03:51:42.234+0000] {logging_mixin.py:190} INFO - [2024-11-20T03:51:42.230+0000] {dag.py:4180} INFO - Setting next_dagrun for example_branch_labels to 2024-11-19 00:00:00+00:00, run_after=2024-11-20 00:00:00+00:00
[2024-11-20T03:51:42.353+0000] {processor.py:208} INFO - Processing /home/airflow/.local/lib/python3.12/site-packages/airflow/example_dags/example_branch_labels.py took 0.357 seconds
[2024-11-20T03:52:15.237+0000] {processor.py:186} INFO - Started process (PID=508) to work on /home/airflow/.local/lib/python3.12/site-packages/airflow/example_dags/example_branch_labels.py
[2024-11-20T03:52:15.246+0000] {processor.py:914} INFO - Processing file /home/airflow/.local/lib/python3.12/site-packages/airflow/example_dags/example_branch_labels.py for tasks to queue
[2024-11-20T03:52:15.253+0000] {logging_mixin.py:190} INFO - [2024-11-20T03:52:15.252+0000] {dagbag.py:588} INFO - Filling up the DagBag from /home/airflow/.local/lib/python3.12/site-packages/airflow/example_dags/example_branch_labels.py
[2024-11-20T03:52:15.312+0000] {processor.py:925} INFO - DAG(s) 'example_branch_labels' retrieved from /home/airflow/.local/lib/python3.12/site-packages/airflow/example_dags/example_branch_labels.py
[2024-11-20T03:52:15.367+0000] {logging_mixin.py:190} INFO - [2024-11-20T03:52:15.367+0000] {dag.py:3239} INFO - Sync 1 DAGs
[2024-11-20T03:52:15.457+0000] {logging_mixin.py:190} INFO - [2024-11-20T03:52:15.456+0000] {dag.py:4180} INFO - Setting next_dagrun for example_branch_labels to 2024-11-19 00:00:00+00:00, run_after=2024-11-20 00:00:00+00:00
[2024-11-20T03:52:15.680+0000] {processor.py:208} INFO - Processing /home/airflow/.local/lib/python3.12/site-packages/airflow/example_dags/example_branch_labels.py took 0.459 seconds
[2024-11-20T03:52:45.937+0000] {processor.py:186} INFO - Started process (PID=571) to work on /home/airflow/.local/lib/python3.12/site-packages/airflow/example_dags/example_branch_labels.py
[2024-11-20T03:52:45.940+0000] {processor.py:914} INFO - Processing file /home/airflow/.local/lib/python3.12/site-packages/airflow/example_dags/example_branch_labels.py for tasks to queue
[2024-11-20T03:52:45.950+0000] {logging_mixin.py:190} INFO - [2024-11-20T03:52:45.948+0000] {dagbag.py:588} INFO - Filling up the DagBag from /home/airflow/.local/lib/python3.12/site-packages/airflow/example_dags/example_branch_labels.py
[2024-11-20T03:52:45.976+0000] {processor.py:925} INFO - DAG(s) 'example_branch_labels' retrieved from /home/airflow/.local/lib/python3.12/site-packages/airflow/example_dags/example_branch_labels.py
[2024-11-20T03:52:46.022+0000] {logging_mixin.py:190} INFO - [2024-11-20T03:52:46.022+0000] {dag.py:3239} INFO - Sync 1 DAGs
[2024-11-20T03:52:46.084+0000] {logging_mixin.py:190} INFO - [2024-11-20T03:52:46.083+0000] {dag.py:4180} INFO - Setting next_dagrun for example_branch_labels to 2024-11-19 00:00:00+00:00, run_after=2024-11-20 00:00:00+00:00
[2024-11-20T03:52:46.128+0000] {processor.py:208} INFO - Processing /home/airflow/.local/lib/python3.12/site-packages/airflow/example_dags/example_branch_labels.py took 0.210 seconds
[2024-11-20T03:53:17.388+0000] {processor.py:186} INFO - Started process (PID=634) to work on /home/airflow/.local/lib/python3.12/site-packages/airflow/example_dags/example_branch_labels.py
[2024-11-20T03:53:17.390+0000] {processor.py:914} INFO - Processing file /home/airflow/.local/lib/python3.12/site-packages/airflow/example_dags/example_branch_labels.py for tasks to queue
[2024-11-20T03:53:17.394+0000] {logging_mixin.py:190} INFO - [2024-11-20T03:53:17.393+0000] {dagbag.py:588} INFO - Filling up the DagBag from /home/airflow/.local/lib/python3.12/site-packages/airflow/example_dags/example_branch_labels.py
[2024-11-20T03:53:17.413+0000] {processor.py:925} INFO - DAG(s) 'example_branch_labels' retrieved from /home/airflow/.local/lib/python3.12/site-packages/airflow/example_dags/example_branch_labels.py
[2024-11-20T03:53:17.449+0000] {logging_mixin.py:190} INFO - [2024-11-20T03:53:17.448+0000] {dag.py:3239} INFO - Sync 1 DAGs
[2024-11-20T03:53:17.492+0000] {logging_mixin.py:190} INFO - [2024-11-20T03:53:17.491+0000] {dag.py:4180} INFO - Setting next_dagrun for example_branch_labels to 2024-11-19 00:00:00+00:00, run_after=2024-11-20 00:00:00+00:00
[2024-11-20T03:53:17.628+0000] {processor.py:208} INFO - Processing /home/airflow/.local/lib/python3.12/site-packages/airflow/example_dags/example_branch_labels.py took 0.251 seconds
[2024-11-20T03:53:50.578+0000] {processor.py:186} INFO - Started process (PID=697) to work on /home/airflow/.local/lib/python3.12/site-packages/airflow/example_dags/example_branch_labels.py
[2024-11-20T03:53:50.580+0000] {processor.py:914} INFO - Processing file /home/airflow/.local/lib/python3.12/site-packages/airflow/example_dags/example_branch_labels.py for tasks to queue
[2024-11-20T03:53:50.586+0000] {logging_mixin.py:190} INFO - [2024-11-20T03:53:50.585+0000] {dagbag.py:588} INFO - Filling up the DagBag from /home/airflow/.local/lib/python3.12/site-packages/airflow/example_dags/example_branch_labels.py
[2024-11-20T03:53:50.611+0000] {processor.py:925} INFO - DAG(s) 'example_branch_labels' retrieved from /home/airflow/.local/lib/python3.12/site-packages/airflow/example_dags/example_branch_labels.py
[2024-11-20T03:53:50.657+0000] {logging_mixin.py:190} INFO - [2024-11-20T03:53:50.656+0000] {dag.py:3239} INFO - Sync 1 DAGs
[2024-11-20T03:53:50.707+0000] {logging_mixin.py:190} INFO - [2024-11-20T03:53:50.706+0000] {dag.py:4180} INFO - Setting next_dagrun for example_branch_labels to 2024-11-19 00:00:00+00:00, run_after=2024-11-20 00:00:00+00:00
[2024-11-20T03:53:50.759+0000] {processor.py:208} INFO - Processing /home/airflow/.local/lib/python3.12/site-packages/airflow/example_dags/example_branch_labels.py took 0.195 seconds
[2024-11-20T03:54:24.398+0000] {processor.py:186} INFO - Started process (PID=760) to work on /home/airflow/.local/lib/python3.12/site-packages/airflow/example_dags/example_branch_labels.py
[2024-11-20T03:54:24.400+0000] {processor.py:914} INFO - Processing file /home/airflow/.local/lib/python3.12/site-packages/airflow/example_dags/example_branch_labels.py for tasks to queue
[2024-11-20T03:54:24.420+0000] {logging_mixin.py:190} INFO - [2024-11-20T03:54:24.406+0000] {dagbag.py:588} INFO - Filling up the DagBag from /home/airflow/.local/lib/python3.12/site-packages/airflow/example_dags/example_branch_labels.py
[2024-11-20T03:54:24.486+0000] {processor.py:925} INFO - DAG(s) 'example_branch_labels' retrieved from /home/airflow/.local/lib/python3.12/site-packages/airflow/example_dags/example_branch_labels.py
[2024-11-20T03:54:24.556+0000] {logging_mixin.py:190} INFO - [2024-11-20T03:54:24.556+0000] {dag.py:3239} INFO - Sync 1 DAGs
[2024-11-20T03:54:24.654+0000] {logging_mixin.py:190} INFO - [2024-11-20T03:54:24.654+0000] {dag.py:4180} INFO - Setting next_dagrun for example_branch_labels to 2024-11-19 00:00:00+00:00, run_after=2024-11-20 00:00:00+00:00
[2024-11-20T03:54:24.730+0000] {processor.py:208} INFO - Processing /home/airflow/.local/lib/python3.12/site-packages/airflow/example_dags/example_branch_labels.py took 0.381 seconds
[2024-11-20T03:54:55.269+0000] {processor.py:186} INFO - Started process (PID=823) to work on /home/airflow/.local/lib/python3.12/site-packages/airflow/example_dags/example_branch_labels.py
[2024-11-20T03:54:55.271+0000] {processor.py:914} INFO - Processing file /home/airflow/.local/lib/python3.12/site-packages/airflow/example_dags/example_branch_labels.py for tasks to queue
[2024-11-20T03:54:55.274+0000] {logging_mixin.py:190} INFO - [2024-11-20T03:54:55.274+0000] {dagbag.py:588} INFO - Filling up the DagBag from /home/airflow/.local/lib/python3.12/site-packages/airflow/example_dags/example_branch_labels.py
[2024-11-20T03:54:55.297+0000] {processor.py:925} INFO - DAG(s) 'example_branch_labels' retrieved from /home/airflow/.local/lib/python3.12/site-packages/airflow/example_dags/example_branch_labels.py
[2024-11-20T03:54:55.333+0000] {logging_mixin.py:190} INFO - [2024-11-20T03:54:55.333+0000] {dag.py:3239} INFO - Sync 1 DAGs
[2024-11-20T03:54:55.380+0000] {logging_mixin.py:190} INFO - [2024-11-20T03:54:55.380+0000] {dag.py:4180} INFO - Setting next_dagrun for example_branch_labels to 2024-11-19 00:00:00+00:00, run_after=2024-11-20 00:00:00+00:00
[2024-11-20T03:54:55.415+0000] {processor.py:208} INFO - Processing /home/airflow/.local/lib/python3.12/site-packages/airflow/example_dags/example_branch_labels.py took 0.158 seconds
[2024-11-20T03:55:26.654+0000] {processor.py:186} INFO - Started process (PID=886) to work on /home/airflow/.local/lib/python3.12/site-packages/airflow/example_dags/example_branch_labels.py
[2024-11-20T03:55:26.655+0000] {processor.py:914} INFO - Processing file /home/airflow/.local/lib/python3.12/site-packages/airflow/example_dags/example_branch_labels.py for tasks to queue
[2024-11-20T03:55:26.659+0000] {logging_mixin.py:190} INFO - [2024-11-20T03:55:26.658+0000] {dagbag.py:588} INFO - Filling up the DagBag from /home/airflow/.local/lib/python3.12/site-packages/airflow/example_dags/example_branch_labels.py
[2024-11-20T03:55:26.678+0000] {processor.py:925} INFO - DAG(s) 'example_branch_labels' retrieved from /home/airflow/.local/lib/python3.12/site-packages/airflow/example_dags/example_branch_labels.py
[2024-11-20T03:55:26.728+0000] {logging_mixin.py:190} INFO - [2024-11-20T03:55:26.727+0000] {dag.py:3239} INFO - Sync 1 DAGs
[2024-11-20T03:55:26.784+0000] {logging_mixin.py:190} INFO - [2024-11-20T03:55:26.784+0000] {dag.py:4180} INFO - Setting next_dagrun for example_branch_labels to 2024-11-19 00:00:00+00:00, run_after=2024-11-20 00:00:00+00:00
[2024-11-20T03:55:26.833+0000] {processor.py:208} INFO - Processing /home/airflow/.local/lib/python3.12/site-packages/airflow/example_dags/example_branch_labels.py took 0.192 seconds
[2024-11-20T03:55:56.905+0000] {processor.py:186} INFO - Started process (PID=948) to work on /home/airflow/.local/lib/python3.12/site-packages/airflow/example_dags/example_branch_labels.py
[2024-11-20T03:55:56.907+0000] {processor.py:914} INFO - Processing file /home/airflow/.local/lib/python3.12/site-packages/airflow/example_dags/example_branch_labels.py for tasks to queue
[2024-11-20T03:55:56.910+0000] {logging_mixin.py:190} INFO - [2024-11-20T03:55:56.909+0000] {dagbag.py:588} INFO - Filling up the DagBag from /home/airflow/.local/lib/python3.12/site-packages/airflow/example_dags/example_branch_labels.py
[2024-11-20T03:55:56.926+0000] {processor.py:925} INFO - DAG(s) 'example_branch_labels' retrieved from /home/airflow/.local/lib/python3.12/site-packages/airflow/example_dags/example_branch_labels.py
[2024-11-20T03:55:56.957+0000] {logging_mixin.py:190} INFO - [2024-11-20T03:55:56.957+0000] {dag.py:3239} INFO - Sync 1 DAGs
[2024-11-20T03:55:56.993+0000] {logging_mixin.py:190} INFO - [2024-11-20T03:55:56.993+0000] {dag.py:4180} INFO - Setting next_dagrun for example_branch_labels to 2024-11-19 00:00:00+00:00, run_after=2024-11-20 00:00:00+00:00
[2024-11-20T03:55:57.021+0000] {processor.py:208} INFO - Processing /home/airflow/.local/lib/python3.12/site-packages/airflow/example_dags/example_branch_labels.py took 0.124 seconds
[2024-11-20T03:56:28.302+0000] {processor.py:186} INFO - Started process (PID=1011) to work on /home/airflow/.local/lib/python3.12/site-packages/airflow/example_dags/example_branch_labels.py
[2024-11-20T03:56:28.304+0000] {processor.py:914} INFO - Processing file /home/airflow/.local/lib/python3.12/site-packages/airflow/example_dags/example_branch_labels.py for tasks to queue
[2024-11-20T03:56:28.310+0000] {logging_mixin.py:190} INFO - [2024-11-20T03:56:28.309+0000] {dagbag.py:588} INFO - Filling up the DagBag from /home/airflow/.local/lib/python3.12/site-packages/airflow/example_dags/example_branch_labels.py
[2024-11-20T03:56:28.334+0000] {processor.py:925} INFO - DAG(s) 'example_branch_labels' retrieved from /home/airflow/.local/lib/python3.12/site-packages/airflow/example_dags/example_branch_labels.py
[2024-11-20T03:56:28.474+0000] {logging_mixin.py:190} INFO - [2024-11-20T03:56:28.473+0000] {dag.py:3239} INFO - Sync 1 DAGs
[2024-11-20T03:56:28.543+0000] {logging_mixin.py:190} INFO - [2024-11-20T03:56:28.543+0000] {dag.py:4180} INFO - Setting next_dagrun for example_branch_labels to 2024-11-19 00:00:00+00:00, run_after=2024-11-20 00:00:00+00:00
[2024-11-20T03:56:28.592+0000] {processor.py:208} INFO - Processing /home/airflow/.local/lib/python3.12/site-packages/airflow/example_dags/example_branch_labels.py took 0.303 seconds
[2024-11-20T03:56:59.157+0000] {processor.py:186} INFO - Started process (PID=1073) to work on /home/airflow/.local/lib/python3.12/site-packages/airflow/example_dags/example_branch_labels.py
[2024-11-20T03:56:59.159+0000] {processor.py:914} INFO - Processing file /home/airflow/.local/lib/python3.12/site-packages/airflow/example_dags/example_branch_labels.py for tasks to queue
[2024-11-20T03:56:59.164+0000] {logging_mixin.py:190} INFO - [2024-11-20T03:56:59.163+0000] {dagbag.py:588} INFO - Filling up the DagBag from /home/airflow/.local/lib/python3.12/site-packages/airflow/example_dags/example_branch_labels.py
[2024-11-20T03:56:59.191+0000] {processor.py:925} INFO - DAG(s) 'example_branch_labels' retrieved from /home/airflow/.local/lib/python3.12/site-packages/airflow/example_dags/example_branch_labels.py
[2024-11-20T03:56:59.253+0000] {logging_mixin.py:190} INFO - [2024-11-20T03:56:59.253+0000] {dag.py:3239} INFO - Sync 1 DAGs
[2024-11-20T03:56:59.317+0000] {logging_mixin.py:190} INFO - [2024-11-20T03:56:59.316+0000] {dag.py:4180} INFO - Setting next_dagrun for example_branch_labels to 2024-11-19 00:00:00+00:00, run_after=2024-11-20 00:00:00+00:00
[2024-11-20T03:56:59.421+0000] {processor.py:208} INFO - Processing /home/airflow/.local/lib/python3.12/site-packages/airflow/example_dags/example_branch_labels.py took 0.280 seconds
[2024-11-20T03:57:29.583+0000] {processor.py:186} INFO - Started process (PID=1136) to work on /home/airflow/.local/lib/python3.12/site-packages/airflow/example_dags/example_branch_labels.py
[2024-11-20T03:57:29.585+0000] {processor.py:914} INFO - Processing file /home/airflow/.local/lib/python3.12/site-packages/airflow/example_dags/example_branch_labels.py for tasks to queue
[2024-11-20T03:57:29.593+0000] {logging_mixin.py:190} INFO - [2024-11-20T03:57:29.592+0000] {dagbag.py:588} INFO - Filling up the DagBag from /home/airflow/.local/lib/python3.12/site-packages/airflow/example_dags/example_branch_labels.py
[2024-11-20T03:57:29.614+0000] {processor.py:925} INFO - DAG(s) 'example_branch_labels' retrieved from /home/airflow/.local/lib/python3.12/site-packages/airflow/example_dags/example_branch_labels.py
[2024-11-20T03:57:29.656+0000] {logging_mixin.py:190} INFO - [2024-11-20T03:57:29.656+0000] {dag.py:3239} INFO - Sync 1 DAGs
[2024-11-20T03:57:29.703+0000] {logging_mixin.py:190} INFO - [2024-11-20T03:57:29.703+0000] {dag.py:4180} INFO - Setting next_dagrun for example_branch_labels to 2024-11-19 00:00:00+00:00, run_after=2024-11-20 00:00:00+00:00
[2024-11-20T03:57:29.741+0000] {processor.py:208} INFO - Processing /home/airflow/.local/lib/python3.12/site-packages/airflow/example_dags/example_branch_labels.py took 0.171 seconds
[2024-11-20T03:57:59.908+0000] {processor.py:186} INFO - Started process (PID=1193) to work on /home/airflow/.local/lib/python3.12/site-packages/airflow/example_dags/example_branch_labels.py
[2024-11-20T03:57:59.910+0000] {processor.py:914} INFO - Processing file /home/airflow/.local/lib/python3.12/site-packages/airflow/example_dags/example_branch_labels.py for tasks to queue
[2024-11-20T03:57:59.913+0000] {logging_mixin.py:190} INFO - [2024-11-20T03:57:59.913+0000] {dagbag.py:588} INFO - Filling up the DagBag from /home/airflow/.local/lib/python3.12/site-packages/airflow/example_dags/example_branch_labels.py
[2024-11-20T03:57:59.932+0000] {processor.py:925} INFO - DAG(s) 'example_branch_labels' retrieved from /home/airflow/.local/lib/python3.12/site-packages/airflow/example_dags/example_branch_labels.py
[2024-11-20T03:57:59.974+0000] {logging_mixin.py:190} INFO - [2024-11-20T03:57:59.973+0000] {dag.py:3239} INFO - Sync 1 DAGs
[2024-11-20T03:58:00.021+0000] {logging_mixin.py:190} INFO - [2024-11-20T03:58:00.018+0000] {dag.py:4180} INFO - Setting next_dagrun for example_branch_labels to 2024-11-19 00:00:00+00:00, run_after=2024-11-20 00:00:00+00:00
[2024-11-20T03:58:00.091+0000] {processor.py:208} INFO - Processing /home/airflow/.local/lib/python3.12/site-packages/airflow/example_dags/example_branch_labels.py took 0.194 seconds
[2024-11-20T03:58:30.402+0000] {processor.py:186} INFO - Started process (PID=1255) to work on /home/airflow/.local/lib/python3.12/site-packages/airflow/example_dags/example_branch_labels.py
[2024-11-20T03:58:30.410+0000] {processor.py:914} INFO - Processing file /home/airflow/.local/lib/python3.12/site-packages/airflow/example_dags/example_branch_labels.py for tasks to queue
[2024-11-20T03:58:30.415+0000] {logging_mixin.py:190} INFO - [2024-11-20T03:58:30.414+0000] {dagbag.py:588} INFO - Filling up the DagBag from /home/airflow/.local/lib/python3.12/site-packages/airflow/example_dags/example_branch_labels.py
[2024-11-20T03:58:30.442+0000] {processor.py:925} INFO - DAG(s) 'example_branch_labels' retrieved from /home/airflow/.local/lib/python3.12/site-packages/airflow/example_dags/example_branch_labels.py
[2024-11-20T03:58:30.502+0000] {logging_mixin.py:190} INFO - [2024-11-20T03:58:30.502+0000] {dag.py:3239} INFO - Sync 1 DAGs
[2024-11-20T03:58:30.568+0000] {logging_mixin.py:190} INFO - [2024-11-20T03:58:30.568+0000] {dag.py:4180} INFO - Setting next_dagrun for example_branch_labels to 2024-11-19 00:00:00+00:00, run_after=2024-11-20 00:00:00+00:00
[2024-11-20T03:58:30.624+0000] {processor.py:208} INFO - Processing /home/airflow/.local/lib/python3.12/site-packages/airflow/example_dags/example_branch_labels.py took 0.240 seconds
[2024-11-20T03:59:00.970+0000] {processor.py:186} INFO - Started process (PID=1318) to work on /home/airflow/.local/lib/python3.12/site-packages/airflow/example_dags/example_branch_labels.py
[2024-11-20T03:59:00.972+0000] {processor.py:914} INFO - Processing file /home/airflow/.local/lib/python3.12/site-packages/airflow/example_dags/example_branch_labels.py for tasks to queue
[2024-11-20T03:59:00.975+0000] {logging_mixin.py:190} INFO - [2024-11-20T03:59:00.974+0000] {dagbag.py:588} INFO - Filling up the DagBag from /home/airflow/.local/lib/python3.12/site-packages/airflow/example_dags/example_branch_labels.py
[2024-11-20T03:59:00.991+0000] {processor.py:925} INFO - DAG(s) 'example_branch_labels' retrieved from /home/airflow/.local/lib/python3.12/site-packages/airflow/example_dags/example_branch_labels.py
[2024-11-20T03:59:01.022+0000] {logging_mixin.py:190} INFO - [2024-11-20T03:59:01.022+0000] {dag.py:3239} INFO - Sync 1 DAGs
[2024-11-20T03:59:01.071+0000] {logging_mixin.py:190} INFO - [2024-11-20T03:59:01.070+0000] {dag.py:4180} INFO - Setting next_dagrun for example_branch_labels to 2024-11-19 00:00:00+00:00, run_after=2024-11-20 00:00:00+00:00
[2024-11-20T03:59:01.110+0000] {processor.py:208} INFO - Processing /home/airflow/.local/lib/python3.12/site-packages/airflow/example_dags/example_branch_labels.py took 0.150 seconds
[2024-11-20T03:59:31.411+0000] {processor.py:186} INFO - Started process (PID=1381) to work on /home/airflow/.local/lib/python3.12/site-packages/airflow/example_dags/example_branch_labels.py
[2024-11-20T03:59:31.415+0000] {processor.py:914} INFO - Processing file /home/airflow/.local/lib/python3.12/site-packages/airflow/example_dags/example_branch_labels.py for tasks to queue
[2024-11-20T03:59:31.419+0000] {logging_mixin.py:190} INFO - [2024-11-20T03:59:31.419+0000] {dagbag.py:588} INFO - Filling up the DagBag from /home/airflow/.local/lib/python3.12/site-packages/airflow/example_dags/example_branch_labels.py
[2024-11-20T03:59:31.440+0000] {processor.py:925} INFO - DAG(s) 'example_branch_labels' retrieved from /home/airflow/.local/lib/python3.12/site-packages/airflow/example_dags/example_branch_labels.py
[2024-11-20T03:59:31.485+0000] {logging_mixin.py:190} INFO - [2024-11-20T03:59:31.485+0000] {dag.py:3239} INFO - Sync 1 DAGs
[2024-11-20T03:59:31.565+0000] {logging_mixin.py:190} INFO - [2024-11-20T03:59:31.565+0000] {dag.py:4180} INFO - Setting next_dagrun for example_branch_labels to 2024-11-19 00:00:00+00:00, run_after=2024-11-20 00:00:00+00:00
[2024-11-20T03:59:31.604+0000] {processor.py:208} INFO - Processing /home/airflow/.local/lib/python3.12/site-packages/airflow/example_dags/example_branch_labels.py took 0.204 seconds
