[2024-11-20T03:47:50.763+0000] {processor.py:186} INFO - Started process (PID=83) to work on /home/airflow/.local/lib/python3.12/site-packages/airflow/example_dags/example_inlet_event_extra.py
[2024-11-20T03:47:50.764+0000] {processor.py:914} INFO - Processing file /home/airflow/.local/lib/python3.12/site-packages/airflow/example_dags/example_inlet_event_extra.py for tasks to queue
[2024-11-20T03:47:50.770+0000] {logging_mixin.py:190} INFO - [2024-11-20T03:47:50.768+0000] {dagbag.py:588} INFO - Filling up the DagBag from /home/airflow/.local/lib/python3.12/site-packages/airflow/example_dags/example_inlet_event_extra.py
[2024-11-20T03:47:58.645+0000] {processor.py:925} INFO - DAG(s) 'read_dataset_event_from_classic', 'read_dataset_event' retrieved from /home/airflow/.local/lib/python3.12/site-packages/airflow/example_dags/example_inlet_event_extra.py
[2024-11-20T03:47:59.025+0000] {logging_mixin.py:190} INFO - [2024-11-20T03:47:59.024+0000] {override.py:1911} INFO - Created Permission View: can read on DAG:read_dataset_event_from_classic
[2024-11-20T03:47:59.051+0000] {logging_mixin.py:190} INFO - [2024-11-20T03:47:59.050+0000] {override.py:1911} INFO - Created Permission View: can edit on DAG:read_dataset_event_from_classic
[2024-11-20T03:47:59.109+0000] {logging_mixin.py:190} INFO - [2024-11-20T03:47:59.108+0000] {override.py:1911} INFO - Created Permission View: can delete on DAG:read_dataset_event_from_classic
[2024-11-20T03:47:59.161+0000] {logging_mixin.py:190} INFO - [2024-11-20T03:47:59.159+0000] {override.py:1911} INFO - Created Permission View: menu access on DAG Run:read_dataset_event_from_classic
[2024-11-20T03:47:59.204+0000] {logging_mixin.py:190} INFO - [2024-11-20T03:47:59.203+0000] {override.py:1911} INFO - Created Permission View: can read on DAG Run:read_dataset_event_from_classic
[2024-11-20T03:47:59.249+0000] {logging_mixin.py:190} INFO - [2024-11-20T03:47:59.248+0000] {override.py:1911} INFO - Created Permission View: can delete on DAG Run:read_dataset_event_from_classic
[2024-11-20T03:47:59.288+0000] {logging_mixin.py:190} INFO - [2024-11-20T03:47:59.287+0000] {override.py:1911} INFO - Created Permission View: can create on DAG Run:read_dataset_event_from_classic
[2024-11-20T03:47:59.340+0000] {logging_mixin.py:190} INFO - [2024-11-20T03:47:59.339+0000] {override.py:1911} INFO - Created Permission View: can read on DAG:read_dataset_event
[2024-11-20T03:47:59.377+0000] {logging_mixin.py:190} INFO - [2024-11-20T03:47:59.377+0000] {override.py:1911} INFO - Created Permission View: can edit on DAG:read_dataset_event
[2024-11-20T03:47:59.450+0000] {logging_mixin.py:190} INFO - [2024-11-20T03:47:59.449+0000] {override.py:1911} INFO - Created Permission View: can delete on DAG:read_dataset_event
[2024-11-20T03:47:59.484+0000] {logging_mixin.py:190} INFO - [2024-11-20T03:47:59.482+0000] {override.py:1911} INFO - Created Permission View: menu access on DAG Run:read_dataset_event
[2024-11-20T03:47:59.563+0000] {logging_mixin.py:190} INFO - [2024-11-20T03:47:59.557+0000] {override.py:1911} INFO - Created Permission View: can read on DAG Run:read_dataset_event
[2024-11-20T03:47:59.604+0000] {logging_mixin.py:190} INFO - [2024-11-20T03:47:59.603+0000] {override.py:1911} INFO - Created Permission View: can delete on DAG Run:read_dataset_event
[2024-11-20T03:47:59.637+0000] {logging_mixin.py:190} INFO - [2024-11-20T03:47:59.637+0000] {override.py:1911} INFO - Created Permission View: can create on DAG Run:read_dataset_event
[2024-11-20T03:47:59.639+0000] {logging_mixin.py:190} INFO - [2024-11-20T03:47:59.639+0000] {dag.py:3239} INFO - Sync 2 DAGs
[2024-11-20T03:47:59.737+0000] {logging_mixin.py:190} INFO - [2024-11-20T03:47:59.736+0000] {dag.py:3262} INFO - Creating ORM DAG for read_dataset_event
[2024-11-20T03:47:59.755+0000] {logging_mixin.py:190} INFO - [2024-11-20T03:47:59.754+0000] {dag.py:3262} INFO - Creating ORM DAG for read_dataset_event_from_classic
[2024-11-20T03:47:59.853+0000] {logging_mixin.py:190} INFO - [2024-11-20T03:47:59.852+0000] {dag.py:4180} INFO - Setting next_dagrun for read_dataset_event to 2024-11-19 00:00:00+00:00, run_after=2024-11-20 00:00:00+00:00
[2024-11-20T03:47:59.900+0000] {logging_mixin.py:190} INFO - [2024-11-20T03:47:59.881+0000] {dag.py:4180} INFO - Setting next_dagrun for read_dataset_event_from_classic to 2024-11-19 00:00:00+00:00, run_after=2024-11-20 00:00:00+00:00
[2024-11-20T03:47:59.977+0000] {processor.py:208} INFO - Processing /home/airflow/.local/lib/python3.12/site-packages/airflow/example_dags/example_inlet_event_extra.py took 9.229 seconds
[2024-11-20T03:49:13.862+0000] {processor.py:186} INFO - Started process (PID=159) to work on /home/airflow/.local/lib/python3.12/site-packages/airflow/example_dags/example_inlet_event_extra.py
[2024-11-20T03:49:13.864+0000] {processor.py:914} INFO - Processing file /home/airflow/.local/lib/python3.12/site-packages/airflow/example_dags/example_inlet_event_extra.py for tasks to queue
[2024-11-20T03:49:13.869+0000] {logging_mixin.py:190} INFO - [2024-11-20T03:49:13.868+0000] {dagbag.py:588} INFO - Filling up the DagBag from /home/airflow/.local/lib/python3.12/site-packages/airflow/example_dags/example_inlet_event_extra.py
[2024-11-20T03:49:15.330+0000] {processor.py:925} INFO - DAG(s) 'read_dataset_event', 'read_dataset_event_from_classic' retrieved from /home/airflow/.local/lib/python3.12/site-packages/airflow/example_dags/example_inlet_event_extra.py
[2024-11-20T03:49:15.491+0000] {logging_mixin.py:190} INFO - [2024-11-20T03:49:15.491+0000] {dag.py:3239} INFO - Sync 2 DAGs
[2024-11-20T03:49:15.637+0000] {logging_mixin.py:190} INFO - [2024-11-20T03:49:15.637+0000] {dag.py:4180} INFO - Setting next_dagrun for read_dataset_event to 2024-11-19 00:00:00+00:00, run_after=2024-11-20 00:00:00+00:00
[2024-11-20T03:49:15.671+0000] {logging_mixin.py:190} INFO - [2024-11-20T03:49:15.670+0000] {dag.py:4180} INFO - Setting next_dagrun for read_dataset_event_from_classic to 2024-11-19 00:00:00+00:00, run_after=2024-11-20 00:00:00+00:00
[2024-11-20T03:49:15.779+0000] {processor.py:208} INFO - Processing /home/airflow/.local/lib/python3.12/site-packages/airflow/example_dags/example_inlet_event_extra.py took 1.929 seconds
[2024-11-20T03:49:46.216+0000] {processor.py:186} INFO - Started process (PID=227) to work on /home/airflow/.local/lib/python3.12/site-packages/airflow/example_dags/example_inlet_event_extra.py
[2024-11-20T03:49:46.219+0000] {processor.py:914} INFO - Processing file /home/airflow/.local/lib/python3.12/site-packages/airflow/example_dags/example_inlet_event_extra.py for tasks to queue
[2024-11-20T03:49:46.225+0000] {logging_mixin.py:190} INFO - [2024-11-20T03:49:46.225+0000] {dagbag.py:588} INFO - Filling up the DagBag from /home/airflow/.local/lib/python3.12/site-packages/airflow/example_dags/example_inlet_event_extra.py
[2024-11-20T03:49:47.789+0000] {processor.py:925} INFO - DAG(s) 'read_dataset_event', 'read_dataset_event_from_classic' retrieved from /home/airflow/.local/lib/python3.12/site-packages/airflow/example_dags/example_inlet_event_extra.py
[2024-11-20T03:49:47.837+0000] {logging_mixin.py:190} INFO - [2024-11-20T03:49:47.836+0000] {dag.py:3239} INFO - Sync 2 DAGs
[2024-11-20T03:49:47.902+0000] {logging_mixin.py:190} INFO - [2024-11-20T03:49:47.901+0000] {dag.py:4180} INFO - Setting next_dagrun for read_dataset_event to 2024-11-19 00:00:00+00:00, run_after=2024-11-20 00:00:00+00:00
[2024-11-20T03:49:47.916+0000] {logging_mixin.py:190} INFO - [2024-11-20T03:49:47.915+0000] {dag.py:4180} INFO - Setting next_dagrun for read_dataset_event_from_classic to 2024-11-19 00:00:00+00:00, run_after=2024-11-20 00:00:00+00:00
[2024-11-20T03:49:47.950+0000] {processor.py:208} INFO - Processing /home/airflow/.local/lib/python3.12/site-packages/airflow/example_dags/example_inlet_event_extra.py took 1.746 seconds
[2024-11-20T03:50:26.950+0000] {processor.py:186} INFO - Started process (PID=285) to work on /home/airflow/.local/lib/python3.12/site-packages/airflow/example_dags/example_inlet_event_extra.py
[2024-11-20T03:50:26.954+0000] {processor.py:914} INFO - Processing file /home/airflow/.local/lib/python3.12/site-packages/airflow/example_dags/example_inlet_event_extra.py for tasks to queue
[2024-11-20T03:50:26.958+0000] {logging_mixin.py:190} INFO - [2024-11-20T03:50:26.958+0000] {dagbag.py:588} INFO - Filling up the DagBag from /home/airflow/.local/lib/python3.12/site-packages/airflow/example_dags/example_inlet_event_extra.py
[2024-11-20T03:50:29.698+0000] {processor.py:925} INFO - DAG(s) 'read_dataset_event', 'read_dataset_event_from_classic' retrieved from /home/airflow/.local/lib/python3.12/site-packages/airflow/example_dags/example_inlet_event_extra.py
[2024-11-20T03:50:29.787+0000] {logging_mixin.py:190} INFO - [2024-11-20T03:50:29.786+0000] {dag.py:3239} INFO - Sync 2 DAGs
[2024-11-20T03:50:29.974+0000] {logging_mixin.py:190} INFO - [2024-11-20T03:50:29.973+0000] {dag.py:4180} INFO - Setting next_dagrun for read_dataset_event to 2024-11-19 00:00:00+00:00, run_after=2024-11-20 00:00:00+00:00
[2024-11-20T03:50:29.999+0000] {logging_mixin.py:190} INFO - [2024-11-20T03:50:29.998+0000] {dag.py:4180} INFO - Setting next_dagrun for read_dataset_event_from_classic to 2024-11-19 00:00:00+00:00, run_after=2024-11-20 00:00:00+00:00
[2024-11-20T03:50:30.069+0000] {processor.py:208} INFO - Processing /home/airflow/.local/lib/python3.12/site-packages/airflow/example_dags/example_inlet_event_extra.py took 3.138 seconds
[2024-11-20T03:51:02.240+0000] {processor.py:186} INFO - Started process (PID=354) to work on /home/airflow/.local/lib/python3.12/site-packages/airflow/example_dags/example_inlet_event_extra.py
[2024-11-20T03:51:02.242+0000] {processor.py:914} INFO - Processing file /home/airflow/.local/lib/python3.12/site-packages/airflow/example_dags/example_inlet_event_extra.py for tasks to queue
[2024-11-20T03:51:02.248+0000] {logging_mixin.py:190} INFO - [2024-11-20T03:51:02.247+0000] {dagbag.py:588} INFO - Filling up the DagBag from /home/airflow/.local/lib/python3.12/site-packages/airflow/example_dags/example_inlet_event_extra.py
[2024-11-20T03:51:04.628+0000] {processor.py:925} INFO - DAG(s) 'read_dataset_event_from_classic', 'read_dataset_event' retrieved from /home/airflow/.local/lib/python3.12/site-packages/airflow/example_dags/example_inlet_event_extra.py
[2024-11-20T03:51:04.703+0000] {logging_mixin.py:190} INFO - [2024-11-20T03:51:04.703+0000] {dag.py:3239} INFO - Sync 2 DAGs
[2024-11-20T03:51:04.851+0000] {logging_mixin.py:190} INFO - [2024-11-20T03:51:04.850+0000] {dag.py:4180} INFO - Setting next_dagrun for read_dataset_event to 2024-11-19 00:00:00+00:00, run_after=2024-11-20 00:00:00+00:00
[2024-11-20T03:51:04.869+0000] {logging_mixin.py:190} INFO - [2024-11-20T03:51:04.869+0000] {dag.py:4180} INFO - Setting next_dagrun for read_dataset_event_from_classic to 2024-11-19 00:00:00+00:00, run_after=2024-11-20 00:00:00+00:00
[2024-11-20T03:51:04.950+0000] {processor.py:208} INFO - Processing /home/airflow/.local/lib/python3.12/site-packages/airflow/example_dags/example_inlet_event_extra.py took 2.724 seconds
[2024-11-20T03:51:35.389+0000] {processor.py:186} INFO - Started process (PID=422) to work on /home/airflow/.local/lib/python3.12/site-packages/airflow/example_dags/example_inlet_event_extra.py
[2024-11-20T03:51:35.391+0000] {processor.py:914} INFO - Processing file /home/airflow/.local/lib/python3.12/site-packages/airflow/example_dags/example_inlet_event_extra.py for tasks to queue
[2024-11-20T03:51:35.396+0000] {logging_mixin.py:190} INFO - [2024-11-20T03:51:35.395+0000] {dagbag.py:588} INFO - Filling up the DagBag from /home/airflow/.local/lib/python3.12/site-packages/airflow/example_dags/example_inlet_event_extra.py
[2024-11-20T03:51:36.550+0000] {processor.py:925} INFO - DAG(s) 'read_dataset_event_from_classic', 'read_dataset_event' retrieved from /home/airflow/.local/lib/python3.12/site-packages/airflow/example_dags/example_inlet_event_extra.py
[2024-11-20T03:51:36.588+0000] {logging_mixin.py:190} INFO - [2024-11-20T03:51:36.587+0000] {dag.py:3239} INFO - Sync 2 DAGs
[2024-11-20T03:51:36.670+0000] {logging_mixin.py:190} INFO - [2024-11-20T03:51:36.670+0000] {dag.py:4180} INFO - Setting next_dagrun for read_dataset_event to 2024-11-19 00:00:00+00:00, run_after=2024-11-20 00:00:00+00:00
[2024-11-20T03:51:36.692+0000] {logging_mixin.py:190} INFO - [2024-11-20T03:51:36.691+0000] {dag.py:4180} INFO - Setting next_dagrun for read_dataset_event_from_classic to 2024-11-19 00:00:00+00:00, run_after=2024-11-20 00:00:00+00:00
[2024-11-20T03:51:36.731+0000] {processor.py:208} INFO - Processing /home/airflow/.local/lib/python3.12/site-packages/airflow/example_dags/example_inlet_event_extra.py took 1.353 seconds
[2024-11-20T03:52:07.059+0000] {processor.py:186} INFO - Started process (PID=484) to work on /home/airflow/.local/lib/python3.12/site-packages/airflow/example_dags/example_inlet_event_extra.py
[2024-11-20T03:52:07.062+0000] {processor.py:914} INFO - Processing file /home/airflow/.local/lib/python3.12/site-packages/airflow/example_dags/example_inlet_event_extra.py for tasks to queue
[2024-11-20T03:52:07.078+0000] {logging_mixin.py:190} INFO - [2024-11-20T03:52:07.078+0000] {dagbag.py:588} INFO - Filling up the DagBag from /home/airflow/.local/lib/python3.12/site-packages/airflow/example_dags/example_inlet_event_extra.py
[2024-11-20T03:52:08.356+0000] {processor.py:925} INFO - DAG(s) 'read_dataset_event_from_classic', 'read_dataset_event' retrieved from /home/airflow/.local/lib/python3.12/site-packages/airflow/example_dags/example_inlet_event_extra.py
[2024-11-20T03:52:08.390+0000] {logging_mixin.py:190} INFO - [2024-11-20T03:52:08.389+0000] {dag.py:3239} INFO - Sync 2 DAGs
[2024-11-20T03:52:08.428+0000] {logging_mixin.py:190} INFO - [2024-11-20T03:52:08.427+0000] {dag.py:4180} INFO - Setting next_dagrun for read_dataset_event to 2024-11-19 00:00:00+00:00, run_after=2024-11-20 00:00:00+00:00
[2024-11-20T03:52:08.437+0000] {logging_mixin.py:190} INFO - [2024-11-20T03:52:08.436+0000] {dag.py:4180} INFO - Setting next_dagrun for read_dataset_event_from_classic to 2024-11-19 00:00:00+00:00, run_after=2024-11-20 00:00:00+00:00
[2024-11-20T03:52:08.481+0000] {processor.py:208} INFO - Processing /home/airflow/.local/lib/python3.12/site-packages/airflow/example_dags/example_inlet_event_extra.py took 1.438 seconds
[2024-11-20T03:52:38.573+0000] {processor.py:186} INFO - Started process (PID=548) to work on /home/airflow/.local/lib/python3.12/site-packages/airflow/example_dags/example_inlet_event_extra.py
[2024-11-20T03:52:38.583+0000] {processor.py:914} INFO - Processing file /home/airflow/.local/lib/python3.12/site-packages/airflow/example_dags/example_inlet_event_extra.py for tasks to queue
[2024-11-20T03:52:38.588+0000] {logging_mixin.py:190} INFO - [2024-11-20T03:52:38.587+0000] {dagbag.py:588} INFO - Filling up the DagBag from /home/airflow/.local/lib/python3.12/site-packages/airflow/example_dags/example_inlet_event_extra.py
[2024-11-20T03:52:39.556+0000] {processor.py:925} INFO - DAG(s) 'read_dataset_event_from_classic', 'read_dataset_event' retrieved from /home/airflow/.local/lib/python3.12/site-packages/airflow/example_dags/example_inlet_event_extra.py
[2024-11-20T03:52:39.583+0000] {logging_mixin.py:190} INFO - [2024-11-20T03:52:39.582+0000] {dag.py:3239} INFO - Sync 2 DAGs
[2024-11-20T03:52:39.615+0000] {logging_mixin.py:190} INFO - [2024-11-20T03:52:39.615+0000] {dag.py:4180} INFO - Setting next_dagrun for read_dataset_event to 2024-11-19 00:00:00+00:00, run_after=2024-11-20 00:00:00+00:00
[2024-11-20T03:52:39.622+0000] {logging_mixin.py:190} INFO - [2024-11-20T03:52:39.622+0000] {dag.py:4180} INFO - Setting next_dagrun for read_dataset_event_from_classic to 2024-11-19 00:00:00+00:00, run_after=2024-11-20 00:00:00+00:00
[2024-11-20T03:52:39.655+0000] {processor.py:208} INFO - Processing /home/airflow/.local/lib/python3.12/site-packages/airflow/example_dags/example_inlet_event_extra.py took 1.093 seconds
[2024-11-20T03:53:13.643+0000] {processor.py:186} INFO - Started process (PID=615) to work on /home/airflow/.local/lib/python3.12/site-packages/airflow/example_dags/example_inlet_event_extra.py
[2024-11-20T03:53:13.647+0000] {processor.py:914} INFO - Processing file /home/airflow/.local/lib/python3.12/site-packages/airflow/example_dags/example_inlet_event_extra.py for tasks to queue
[2024-11-20T03:53:13.650+0000] {logging_mixin.py:190} INFO - [2024-11-20T03:53:13.650+0000] {dagbag.py:588} INFO - Filling up the DagBag from /home/airflow/.local/lib/python3.12/site-packages/airflow/example_dags/example_inlet_event_extra.py
[2024-11-20T03:53:14.891+0000] {processor.py:925} INFO - DAG(s) 'read_dataset_event', 'read_dataset_event_from_classic' retrieved from /home/airflow/.local/lib/python3.12/site-packages/airflow/example_dags/example_inlet_event_extra.py
[2024-11-20T03:53:14.923+0000] {logging_mixin.py:190} INFO - [2024-11-20T03:53:14.923+0000] {dag.py:3239} INFO - Sync 2 DAGs
[2024-11-20T03:53:14.967+0000] {logging_mixin.py:190} INFO - [2024-11-20T03:53:14.966+0000] {dag.py:4180} INFO - Setting next_dagrun for read_dataset_event to 2024-11-19 00:00:00+00:00, run_after=2024-11-20 00:00:00+00:00
[2024-11-20T03:53:14.976+0000] {logging_mixin.py:190} INFO - [2024-11-20T03:53:14.976+0000] {dag.py:4180} INFO - Setting next_dagrun for read_dataset_event_from_classic to 2024-11-19 00:00:00+00:00, run_after=2024-11-20 00:00:00+00:00
[2024-11-20T03:53:15.053+0000] {processor.py:208} INFO - Processing /home/airflow/.local/lib/python3.12/site-packages/airflow/example_dags/example_inlet_event_extra.py took 1.421 seconds
[2024-11-20T03:53:45.306+0000] {processor.py:186} INFO - Started process (PID=677) to work on /home/airflow/.local/lib/python3.12/site-packages/airflow/example_dags/example_inlet_event_extra.py
[2024-11-20T03:53:45.307+0000] {processor.py:914} INFO - Processing file /home/airflow/.local/lib/python3.12/site-packages/airflow/example_dags/example_inlet_event_extra.py for tasks to queue
[2024-11-20T03:53:45.312+0000] {logging_mixin.py:190} INFO - [2024-11-20T03:53:45.312+0000] {dagbag.py:588} INFO - Filling up the DagBag from /home/airflow/.local/lib/python3.12/site-packages/airflow/example_dags/example_inlet_event_extra.py
[2024-11-20T03:53:47.370+0000] {processor.py:925} INFO - DAG(s) 'read_dataset_event_from_classic', 'read_dataset_event' retrieved from /home/airflow/.local/lib/python3.12/site-packages/airflow/example_dags/example_inlet_event_extra.py
[2024-11-20T03:53:47.447+0000] {logging_mixin.py:190} INFO - [2024-11-20T03:53:47.445+0000] {dag.py:3239} INFO - Sync 2 DAGs
[2024-11-20T03:53:47.543+0000] {logging_mixin.py:190} INFO - [2024-11-20T03:53:47.543+0000] {dag.py:4180} INFO - Setting next_dagrun for read_dataset_event to 2024-11-19 00:00:00+00:00, run_after=2024-11-20 00:00:00+00:00
[2024-11-20T03:53:47.560+0000] {logging_mixin.py:190} INFO - [2024-11-20T03:53:47.560+0000] {dag.py:4180} INFO - Setting next_dagrun for read_dataset_event_from_classic to 2024-11-19 00:00:00+00:00, run_after=2024-11-20 00:00:00+00:00
[2024-11-20T03:53:47.606+0000] {processor.py:208} INFO - Processing /home/airflow/.local/lib/python3.12/site-packages/airflow/example_dags/example_inlet_event_extra.py took 2.318 seconds
[2024-11-20T03:54:18.160+0000] {processor.py:186} INFO - Started process (PID=740) to work on /home/airflow/.local/lib/python3.12/site-packages/airflow/example_dags/example_inlet_event_extra.py
[2024-11-20T03:54:18.162+0000] {processor.py:914} INFO - Processing file /home/airflow/.local/lib/python3.12/site-packages/airflow/example_dags/example_inlet_event_extra.py for tasks to queue
[2024-11-20T03:54:18.168+0000] {logging_mixin.py:190} INFO - [2024-11-20T03:54:18.167+0000] {dagbag.py:588} INFO - Filling up the DagBag from /home/airflow/.local/lib/python3.12/site-packages/airflow/example_dags/example_inlet_event_extra.py
[2024-11-20T03:54:19.626+0000] {processor.py:925} INFO - DAG(s) 'read_dataset_event', 'read_dataset_event_from_classic' retrieved from /home/airflow/.local/lib/python3.12/site-packages/airflow/example_dags/example_inlet_event_extra.py
[2024-11-20T03:54:19.681+0000] {logging_mixin.py:190} INFO - [2024-11-20T03:54:19.680+0000] {dag.py:3239} INFO - Sync 2 DAGs
[2024-11-20T03:54:19.739+0000] {logging_mixin.py:190} INFO - [2024-11-20T03:54:19.739+0000] {dag.py:4180} INFO - Setting next_dagrun for read_dataset_event to 2024-11-19 00:00:00+00:00, run_after=2024-11-20 00:00:00+00:00
[2024-11-20T03:54:19.754+0000] {logging_mixin.py:190} INFO - [2024-11-20T03:54:19.754+0000] {dag.py:4180} INFO - Setting next_dagrun for read_dataset_event_from_classic to 2024-11-19 00:00:00+00:00, run_after=2024-11-20 00:00:00+00:00
[2024-11-20T03:54:19.788+0000] {processor.py:208} INFO - Processing /home/airflow/.local/lib/python3.12/site-packages/airflow/example_dags/example_inlet_event_extra.py took 1.643 seconds
[2024-11-20T03:54:49.950+0000] {processor.py:186} INFO - Started process (PID=804) to work on /home/airflow/.local/lib/python3.12/site-packages/airflow/example_dags/example_inlet_event_extra.py
[2024-11-20T03:54:49.952+0000] {processor.py:914} INFO - Processing file /home/airflow/.local/lib/python3.12/site-packages/airflow/example_dags/example_inlet_event_extra.py for tasks to queue
[2024-11-20T03:54:49.961+0000] {logging_mixin.py:190} INFO - [2024-11-20T03:54:49.957+0000] {dagbag.py:588} INFO - Filling up the DagBag from /home/airflow/.local/lib/python3.12/site-packages/airflow/example_dags/example_inlet_event_extra.py
[2024-11-20T03:54:52.430+0000] {processor.py:925} INFO - DAG(s) 'read_dataset_event_from_classic', 'read_dataset_event' retrieved from /home/airflow/.local/lib/python3.12/site-packages/airflow/example_dags/example_inlet_event_extra.py
[2024-11-20T03:54:52.534+0000] {logging_mixin.py:190} INFO - [2024-11-20T03:54:52.533+0000] {dag.py:3239} INFO - Sync 2 DAGs
[2024-11-20T03:54:52.701+0000] {logging_mixin.py:190} INFO - [2024-11-20T03:54:52.701+0000] {dag.py:4180} INFO - Setting next_dagrun for read_dataset_event to 2024-11-19 00:00:00+00:00, run_after=2024-11-20 00:00:00+00:00
[2024-11-20T03:54:52.747+0000] {logging_mixin.py:190} INFO - [2024-11-20T03:54:52.746+0000] {dag.py:4180} INFO - Setting next_dagrun for read_dataset_event_from_classic to 2024-11-19 00:00:00+00:00, run_after=2024-11-20 00:00:00+00:00
[2024-11-20T03:54:52.849+0000] {processor.py:208} INFO - Processing /home/airflow/.local/lib/python3.12/site-packages/airflow/example_dags/example_inlet_event_extra.py took 2.913 seconds
[2024-11-20T03:55:23.005+0000] {processor.py:186} INFO - Started process (PID=875) to work on /home/airflow/.local/lib/python3.12/site-packages/airflow/example_dags/example_inlet_event_extra.py
[2024-11-20T03:55:23.007+0000] {processor.py:914} INFO - Processing file /home/airflow/.local/lib/python3.12/site-packages/airflow/example_dags/example_inlet_event_extra.py for tasks to queue
[2024-11-20T03:55:23.011+0000] {logging_mixin.py:190} INFO - [2024-11-20T03:55:23.011+0000] {dagbag.py:588} INFO - Filling up the DagBag from /home/airflow/.local/lib/python3.12/site-packages/airflow/example_dags/example_inlet_event_extra.py
[2024-11-20T03:55:23.857+0000] {processor.py:925} INFO - DAG(s) 'read_dataset_event', 'read_dataset_event_from_classic' retrieved from /home/airflow/.local/lib/python3.12/site-packages/airflow/example_dags/example_inlet_event_extra.py
[2024-11-20T03:55:23.895+0000] {logging_mixin.py:190} INFO - [2024-11-20T03:55:23.894+0000] {dag.py:3239} INFO - Sync 2 DAGs
[2024-11-20T03:55:23.942+0000] {logging_mixin.py:190} INFO - [2024-11-20T03:55:23.941+0000] {dag.py:4180} INFO - Setting next_dagrun for read_dataset_event to 2024-11-19 00:00:00+00:00, run_after=2024-11-20 00:00:00+00:00
[2024-11-20T03:55:23.952+0000] {logging_mixin.py:190} INFO - [2024-11-20T03:55:23.951+0000] {dag.py:4180} INFO - Setting next_dagrun for read_dataset_event_from_classic to 2024-11-19 00:00:00+00:00, run_after=2024-11-20 00:00:00+00:00
[2024-11-20T03:55:23.987+0000] {processor.py:208} INFO - Processing /home/airflow/.local/lib/python3.12/site-packages/airflow/example_dags/example_inlet_event_extra.py took 0.990 seconds
[2024-11-20T03:55:54.951+0000] {processor.py:186} INFO - Started process (PID=938) to work on /home/airflow/.local/lib/python3.12/site-packages/airflow/example_dags/example_inlet_event_extra.py
[2024-11-20T03:55:54.953+0000] {processor.py:914} INFO - Processing file /home/airflow/.local/lib/python3.12/site-packages/airflow/example_dags/example_inlet_event_extra.py for tasks to queue
[2024-11-20T03:55:54.957+0000] {logging_mixin.py:190} INFO - [2024-11-20T03:55:54.956+0000] {dagbag.py:588} INFO - Filling up the DagBag from /home/airflow/.local/lib/python3.12/site-packages/airflow/example_dags/example_inlet_event_extra.py
[2024-11-20T03:55:56.148+0000] {processor.py:925} INFO - DAG(s) 'read_dataset_event_from_classic', 'read_dataset_event' retrieved from /home/airflow/.local/lib/python3.12/site-packages/airflow/example_dags/example_inlet_event_extra.py
[2024-11-20T03:55:56.224+0000] {logging_mixin.py:190} INFO - [2024-11-20T03:55:56.224+0000] {dag.py:3239} INFO - Sync 2 DAGs
[2024-11-20T03:55:56.290+0000] {logging_mixin.py:190} INFO - [2024-11-20T03:55:56.289+0000] {dag.py:4180} INFO - Setting next_dagrun for read_dataset_event to 2024-11-19 00:00:00+00:00, run_after=2024-11-20 00:00:00+00:00
[2024-11-20T03:55:56.303+0000] {logging_mixin.py:190} INFO - [2024-11-20T03:55:56.303+0000] {dag.py:4180} INFO - Setting next_dagrun for read_dataset_event_from_classic to 2024-11-19 00:00:00+00:00, run_after=2024-11-20 00:00:00+00:00
[2024-11-20T03:55:56.351+0000] {processor.py:208} INFO - Processing /home/airflow/.local/lib/python3.12/site-packages/airflow/example_dags/example_inlet_event_extra.py took 1.410 seconds
[2024-11-20T03:56:26.846+0000] {processor.py:186} INFO - Started process (PID=1006) to work on /home/airflow/.local/lib/python3.12/site-packages/airflow/example_dags/example_inlet_event_extra.py
[2024-11-20T03:56:26.848+0000] {processor.py:914} INFO - Processing file /home/airflow/.local/lib/python3.12/site-packages/airflow/example_dags/example_inlet_event_extra.py for tasks to queue
[2024-11-20T03:56:26.855+0000] {logging_mixin.py:190} INFO - [2024-11-20T03:56:26.854+0000] {dagbag.py:588} INFO - Filling up the DagBag from /home/airflow/.local/lib/python3.12/site-packages/airflow/example_dags/example_inlet_event_extra.py
[2024-11-20T03:56:30.237+0000] {processor.py:925} INFO - DAG(s) 'read_dataset_event', 'read_dataset_event_from_classic' retrieved from /home/airflow/.local/lib/python3.12/site-packages/airflow/example_dags/example_inlet_event_extra.py
[2024-11-20T03:56:30.304+0000] {logging_mixin.py:190} INFO - [2024-11-20T03:56:30.303+0000] {dag.py:3239} INFO - Sync 2 DAGs
[2024-11-20T03:56:30.373+0000] {logging_mixin.py:190} INFO - [2024-11-20T03:56:30.372+0000] {dag.py:4180} INFO - Setting next_dagrun for read_dataset_event to 2024-11-19 00:00:00+00:00, run_after=2024-11-20 00:00:00+00:00
[2024-11-20T03:56:30.388+0000] {logging_mixin.py:190} INFO - [2024-11-20T03:56:30.387+0000] {dag.py:4180} INFO - Setting next_dagrun for read_dataset_event_from_classic to 2024-11-19 00:00:00+00:00, run_after=2024-11-20 00:00:00+00:00
[2024-11-20T03:56:30.435+0000] {processor.py:208} INFO - Processing /home/airflow/.local/lib/python3.12/site-packages/airflow/example_dags/example_inlet_event_extra.py took 3.604 seconds
[2024-11-20T03:57:00.767+0000] {processor.py:186} INFO - Started process (PID=1076) to work on /home/airflow/.local/lib/python3.12/site-packages/airflow/example_dags/example_inlet_event_extra.py
[2024-11-20T03:57:00.769+0000] {processor.py:914} INFO - Processing file /home/airflow/.local/lib/python3.12/site-packages/airflow/example_dags/example_inlet_event_extra.py for tasks to queue
[2024-11-20T03:57:00.772+0000] {logging_mixin.py:190} INFO - [2024-11-20T03:57:00.772+0000] {dagbag.py:588} INFO - Filling up the DagBag from /home/airflow/.local/lib/python3.12/site-packages/airflow/example_dags/example_inlet_event_extra.py
[2024-11-20T03:57:01.982+0000] {processor.py:925} INFO - DAG(s) 'read_dataset_event_from_classic', 'read_dataset_event' retrieved from /home/airflow/.local/lib/python3.12/site-packages/airflow/example_dags/example_inlet_event_extra.py
[2024-11-20T03:57:02.032+0000] {logging_mixin.py:190} INFO - [2024-11-20T03:57:02.032+0000] {dag.py:3239} INFO - Sync 2 DAGs
[2024-11-20T03:57:02.082+0000] {logging_mixin.py:190} INFO - [2024-11-20T03:57:02.081+0000] {dag.py:4180} INFO - Setting next_dagrun for read_dataset_event to 2024-11-19 00:00:00+00:00, run_after=2024-11-20 00:00:00+00:00
[2024-11-20T03:57:02.089+0000] {logging_mixin.py:190} INFO - [2024-11-20T03:57:02.089+0000] {dag.py:4180} INFO - Setting next_dagrun for read_dataset_event_from_classic to 2024-11-19 00:00:00+00:00, run_after=2024-11-20 00:00:00+00:00
[2024-11-20T03:57:02.120+0000] {processor.py:208} INFO - Processing /home/airflow/.local/lib/python3.12/site-packages/airflow/example_dags/example_inlet_event_extra.py took 1.364 seconds
[2024-11-20T03:57:32.203+0000] {processor.py:186} INFO - Started process (PID=1142) to work on /home/airflow/.local/lib/python3.12/site-packages/airflow/example_dags/example_inlet_event_extra.py
[2024-11-20T03:57:32.204+0000] {processor.py:914} INFO - Processing file /home/airflow/.local/lib/python3.12/site-packages/airflow/example_dags/example_inlet_event_extra.py for tasks to queue
[2024-11-20T03:57:32.208+0000] {logging_mixin.py:190} INFO - [2024-11-20T03:57:32.207+0000] {dagbag.py:588} INFO - Filling up the DagBag from /home/airflow/.local/lib/python3.12/site-packages/airflow/example_dags/example_inlet_event_extra.py
[2024-11-20T03:57:33.211+0000] {processor.py:925} INFO - DAG(s) 'read_dataset_event', 'read_dataset_event_from_classic' retrieved from /home/airflow/.local/lib/python3.12/site-packages/airflow/example_dags/example_inlet_event_extra.py
[2024-11-20T03:57:33.240+0000] {logging_mixin.py:190} INFO - [2024-11-20T03:57:33.240+0000] {dag.py:3239} INFO - Sync 2 DAGs
[2024-11-20T03:57:33.278+0000] {logging_mixin.py:190} INFO - [2024-11-20T03:57:33.278+0000] {dag.py:4180} INFO - Setting next_dagrun for read_dataset_event to 2024-11-19 00:00:00+00:00, run_after=2024-11-20 00:00:00+00:00
[2024-11-20T03:57:33.286+0000] {logging_mixin.py:190} INFO - [2024-11-20T03:57:33.286+0000] {dag.py:4180} INFO - Setting next_dagrun for read_dataset_event_from_classic to 2024-11-19 00:00:00+00:00, run_after=2024-11-20 00:00:00+00:00
[2024-11-20T03:57:33.321+0000] {processor.py:208} INFO - Processing /home/airflow/.local/lib/python3.12/site-packages/airflow/example_dags/example_inlet_event_extra.py took 1.126 seconds
[2024-11-20T03:58:03.721+0000] {processor.py:186} INFO - Started process (PID=1205) to work on /home/airflow/.local/lib/python3.12/site-packages/airflow/example_dags/example_inlet_event_extra.py
[2024-11-20T03:58:03.723+0000] {processor.py:914} INFO - Processing file /home/airflow/.local/lib/python3.12/site-packages/airflow/example_dags/example_inlet_event_extra.py for tasks to queue
[2024-11-20T03:58:03.728+0000] {logging_mixin.py:190} INFO - [2024-11-20T03:58:03.727+0000] {dagbag.py:588} INFO - Filling up the DagBag from /home/airflow/.local/lib/python3.12/site-packages/airflow/example_dags/example_inlet_event_extra.py
[2024-11-20T03:58:04.728+0000] {processor.py:925} INFO - DAG(s) 'read_dataset_event', 'read_dataset_event_from_classic' retrieved from /home/airflow/.local/lib/python3.12/site-packages/airflow/example_dags/example_inlet_event_extra.py
[2024-11-20T03:58:04.768+0000] {logging_mixin.py:190} INFO - [2024-11-20T03:58:04.767+0000] {dag.py:3239} INFO - Sync 2 DAGs
[2024-11-20T03:58:04.818+0000] {logging_mixin.py:190} INFO - [2024-11-20T03:58:04.818+0000] {dag.py:4180} INFO - Setting next_dagrun for read_dataset_event to 2024-11-19 00:00:00+00:00, run_after=2024-11-20 00:00:00+00:00
[2024-11-20T03:58:04.832+0000] {logging_mixin.py:190} INFO - [2024-11-20T03:58:04.831+0000] {dag.py:4180} INFO - Setting next_dagrun for read_dataset_event_from_classic to 2024-11-19 00:00:00+00:00, run_after=2024-11-20 00:00:00+00:00
[2024-11-20T03:58:04.871+0000] {processor.py:208} INFO - Processing /home/airflow/.local/lib/python3.12/site-packages/airflow/example_dags/example_inlet_event_extra.py took 1.160 seconds
[2024-11-20T03:58:35.427+0000] {processor.py:186} INFO - Started process (PID=1268) to work on /home/airflow/.local/lib/python3.12/site-packages/airflow/example_dags/example_inlet_event_extra.py
[2024-11-20T03:58:35.429+0000] {processor.py:914} INFO - Processing file /home/airflow/.local/lib/python3.12/site-packages/airflow/example_dags/example_inlet_event_extra.py for tasks to queue
[2024-11-20T03:58:35.432+0000] {logging_mixin.py:190} INFO - [2024-11-20T03:58:35.432+0000] {dagbag.py:588} INFO - Filling up the DagBag from /home/airflow/.local/lib/python3.12/site-packages/airflow/example_dags/example_inlet_event_extra.py
[2024-11-20T03:58:36.381+0000] {processor.py:925} INFO - DAG(s) 'read_dataset_event_from_classic', 'read_dataset_event' retrieved from /home/airflow/.local/lib/python3.12/site-packages/airflow/example_dags/example_inlet_event_extra.py
[2024-11-20T03:58:36.411+0000] {logging_mixin.py:190} INFO - [2024-11-20T03:58:36.410+0000] {dag.py:3239} INFO - Sync 2 DAGs
[2024-11-20T03:58:36.447+0000] {logging_mixin.py:190} INFO - [2024-11-20T03:58:36.447+0000] {dag.py:4180} INFO - Setting next_dagrun for read_dataset_event to 2024-11-19 00:00:00+00:00, run_after=2024-11-20 00:00:00+00:00
[2024-11-20T03:58:36.455+0000] {logging_mixin.py:190} INFO - [2024-11-20T03:58:36.455+0000] {dag.py:4180} INFO - Setting next_dagrun for read_dataset_event_from_classic to 2024-11-19 00:00:00+00:00, run_after=2024-11-20 00:00:00+00:00
[2024-11-20T03:58:36.490+0000] {processor.py:208} INFO - Processing /home/airflow/.local/lib/python3.12/site-packages/airflow/example_dags/example_inlet_event_extra.py took 1.075 seconds
[2024-11-20T03:59:06.988+0000] {processor.py:186} INFO - Started process (PID=1332) to work on /home/airflow/.local/lib/python3.12/site-packages/airflow/example_dags/example_inlet_event_extra.py
[2024-11-20T03:59:06.990+0000] {processor.py:914} INFO - Processing file /home/airflow/.local/lib/python3.12/site-packages/airflow/example_dags/example_inlet_event_extra.py for tasks to queue
[2024-11-20T03:59:06.995+0000] {logging_mixin.py:190} INFO - [2024-11-20T03:59:06.994+0000] {dagbag.py:588} INFO - Filling up the DagBag from /home/airflow/.local/lib/python3.12/site-packages/airflow/example_dags/example_inlet_event_extra.py
[2024-11-20T03:59:08.214+0000] {processor.py:925} INFO - DAG(s) 'read_dataset_event', 'read_dataset_event_from_classic' retrieved from /home/airflow/.local/lib/python3.12/site-packages/airflow/example_dags/example_inlet_event_extra.py
[2024-11-20T03:59:08.269+0000] {logging_mixin.py:190} INFO - [2024-11-20T03:59:08.268+0000] {dag.py:3239} INFO - Sync 2 DAGs
[2024-11-20T03:59:08.326+0000] {logging_mixin.py:190} INFO - [2024-11-20T03:59:08.325+0000] {dag.py:4180} INFO - Setting next_dagrun for read_dataset_event to 2024-11-19 00:00:00+00:00, run_after=2024-11-20 00:00:00+00:00
[2024-11-20T03:59:08.338+0000] {logging_mixin.py:190} INFO - [2024-11-20T03:59:08.338+0000] {dag.py:4180} INFO - Setting next_dagrun for read_dataset_event_from_classic to 2024-11-19 00:00:00+00:00, run_after=2024-11-20 00:00:00+00:00
[2024-11-20T03:59:08.383+0000] {processor.py:208} INFO - Processing /home/airflow/.local/lib/python3.12/site-packages/airflow/example_dags/example_inlet_event_extra.py took 1.408 seconds
