[2024-11-20T03:47:46.234+0000] {processor.py:186} INFO - Started process (PID=77) to work on /home/airflow/.local/lib/python3.12/site-packages/airflow/example_dags/example_dag_decorator.py
[2024-11-20T03:47:46.236+0000] {processor.py:914} INFO - Processing file /home/airflow/.local/lib/python3.12/site-packages/airflow/example_dags/example_dag_decorator.py for tasks to queue
[2024-11-20T03:47:46.241+0000] {logging_mixin.py:190} INFO - [2024-11-20T03:47:46.241+0000] {dagbag.py:588} INFO - Filling up the DagBag from /home/airflow/.local/lib/python3.12/site-packages/airflow/example_dags/example_dag_decorator.py
[2024-11-20T03:47:46.311+0000] {processor.py:925} INFO - DAG(s) 'example_dag_decorator' retrieved from /home/airflow/.local/lib/python3.12/site-packages/airflow/example_dags/example_dag_decorator.py
[2024-11-20T03:47:46.636+0000] {logging_mixin.py:190} INFO - [2024-11-20T03:47:46.635+0000] {override.py:1911} INFO - Created Permission View: can read on DAG:example_dag_decorator
[2024-11-20T03:47:46.670+0000] {logging_mixin.py:190} INFO - [2024-11-20T03:47:46.669+0000] {override.py:1911} INFO - Created Permission View: can edit on DAG:example_dag_decorator
[2024-11-20T03:47:46.696+0000] {logging_mixin.py:190} INFO - [2024-11-20T03:47:46.695+0000] {override.py:1911} INFO - Created Permission View: can delete on DAG:example_dag_decorator
[2024-11-20T03:47:46.718+0000] {logging_mixin.py:190} INFO - [2024-11-20T03:47:46.718+0000] {override.py:1911} INFO - Created Permission View: menu access on DAG Run:example_dag_decorator
[2024-11-20T03:47:47.338+0000] {logging_mixin.py:190} INFO - [2024-11-20T03:47:47.337+0000] {override.py:1911} INFO - Created Permission View: can read on DAG Run:example_dag_decorator
[2024-11-20T03:47:47.359+0000] {logging_mixin.py:190} INFO - [2024-11-20T03:47:47.359+0000] {override.py:1911} INFO - Created Permission View: can delete on DAG Run:example_dag_decorator
[2024-11-20T03:47:47.382+0000] {logging_mixin.py:190} INFO - [2024-11-20T03:47:47.381+0000] {override.py:1911} INFO - Created Permission View: can create on DAG Run:example_dag_decorator
[2024-11-20T03:47:47.388+0000] {logging_mixin.py:190} INFO - [2024-11-20T03:47:47.387+0000] {dag.py:3239} INFO - Sync 1 DAGs
[2024-11-20T03:47:47.422+0000] {logging_mixin.py:190} INFO - [2024-11-20T03:47:47.421+0000] {dag.py:3262} INFO - Creating ORM DAG for example_dag_decorator
[2024-11-20T03:47:47.424+0000] {logging_mixin.py:190} INFO - [2024-11-20T03:47:47.423+0000] {dag.py:4180} INFO - Setting next_dagrun for example_dag_decorator to None, run_after=None
[2024-11-20T03:47:47.461+0000] {processor.py:208} INFO - Processing /home/airflow/.local/lib/python3.12/site-packages/airflow/example_dags/example_dag_decorator.py took 0.643 seconds
[2024-11-20T03:49:12.578+0000] {processor.py:186} INFO - Started process (PID=153) to work on /home/airflow/.local/lib/python3.12/site-packages/airflow/example_dags/example_dag_decorator.py
[2024-11-20T03:49:12.580+0000] {processor.py:914} INFO - Processing file /home/airflow/.local/lib/python3.12/site-packages/airflow/example_dags/example_dag_decorator.py for tasks to queue
[2024-11-20T03:49:12.585+0000] {logging_mixin.py:190} INFO - [2024-11-20T03:49:12.584+0000] {dagbag.py:588} INFO - Filling up the DagBag from /home/airflow/.local/lib/python3.12/site-packages/airflow/example_dags/example_dag_decorator.py
[2024-11-20T03:49:12.622+0000] {processor.py:925} INFO - DAG(s) 'example_dag_decorator' retrieved from /home/airflow/.local/lib/python3.12/site-packages/airflow/example_dags/example_dag_decorator.py
[2024-11-20T03:49:13.146+0000] {logging_mixin.py:190} INFO - [2024-11-20T03:49:13.146+0000] {dag.py:3239} INFO - Sync 1 DAGs
[2024-11-20T03:49:13.182+0000] {logging_mixin.py:190} INFO - [2024-11-20T03:49:13.182+0000] {dag.py:4180} INFO - Setting next_dagrun for example_dag_decorator to None, run_after=None
[2024-11-20T03:49:13.230+0000] {processor.py:208} INFO - Processing /home/airflow/.local/lib/python3.12/site-packages/airflow/example_dags/example_dag_decorator.py took 0.667 seconds
[2024-11-20T03:49:43.776+0000] {processor.py:186} INFO - Started process (PID=217) to work on /home/airflow/.local/lib/python3.12/site-packages/airflow/example_dags/example_dag_decorator.py
[2024-11-20T03:49:43.779+0000] {processor.py:914} INFO - Processing file /home/airflow/.local/lib/python3.12/site-packages/airflow/example_dags/example_dag_decorator.py for tasks to queue
[2024-11-20T03:49:43.783+0000] {logging_mixin.py:190} INFO - [2024-11-20T03:49:43.783+0000] {dagbag.py:588} INFO - Filling up the DagBag from /home/airflow/.local/lib/python3.12/site-packages/airflow/example_dags/example_dag_decorator.py
[2024-11-20T03:49:43.818+0000] {processor.py:925} INFO - DAG(s) 'example_dag_decorator' retrieved from /home/airflow/.local/lib/python3.12/site-packages/airflow/example_dags/example_dag_decorator.py
[2024-11-20T03:49:44.081+0000] {logging_mixin.py:190} INFO - [2024-11-20T03:49:44.080+0000] {dag.py:3239} INFO - Sync 1 DAGs
[2024-11-20T03:49:44.101+0000] {logging_mixin.py:190} INFO - [2024-11-20T03:49:44.100+0000] {dag.py:4180} INFO - Setting next_dagrun for example_dag_decorator to None, run_after=None
[2024-11-20T03:49:44.244+0000] {processor.py:208} INFO - Processing /home/airflow/.local/lib/python3.12/site-packages/airflow/example_dags/example_dag_decorator.py took 0.482 seconds
[2024-11-20T03:50:20.721+0000] {processor.py:186} INFO - Started process (PID=272) to work on /home/airflow/.local/lib/python3.12/site-packages/airflow/example_dags/example_dag_decorator.py
[2024-11-20T03:50:20.734+0000] {processor.py:914} INFO - Processing file /home/airflow/.local/lib/python3.12/site-packages/airflow/example_dags/example_dag_decorator.py for tasks to queue
[2024-11-20T03:50:20.750+0000] {logging_mixin.py:190} INFO - [2024-11-20T03:50:20.749+0000] {dagbag.py:588} INFO - Filling up the DagBag from /home/airflow/.local/lib/python3.12/site-packages/airflow/example_dags/example_dag_decorator.py
[2024-11-20T03:50:20.875+0000] {processor.py:925} INFO - DAG(s) 'example_dag_decorator' retrieved from /home/airflow/.local/lib/python3.12/site-packages/airflow/example_dags/example_dag_decorator.py
[2024-11-20T03:50:23.352+0000] {logging_mixin.py:190} INFO - [2024-11-20T03:50:23.351+0000] {dag.py:3239} INFO - Sync 1 DAGs
[2024-11-20T03:50:23.417+0000] {logging_mixin.py:190} INFO - [2024-11-20T03:50:23.416+0000] {dag.py:4180} INFO - Setting next_dagrun for example_dag_decorator to None, run_after=None
[2024-11-20T03:50:23.623+0000] {processor.py:208} INFO - Processing /home/airflow/.local/lib/python3.12/site-packages/airflow/example_dags/example_dag_decorator.py took 2.936 seconds
[2024-11-20T03:50:54.707+0000] {processor.py:186} INFO - Started process (PID=334) to work on /home/airflow/.local/lib/python3.12/site-packages/airflow/example_dags/example_dag_decorator.py
[2024-11-20T03:50:54.735+0000] {processor.py:914} INFO - Processing file /home/airflow/.local/lib/python3.12/site-packages/airflow/example_dags/example_dag_decorator.py for tasks to queue
[2024-11-20T03:50:54.805+0000] {logging_mixin.py:190} INFO - [2024-11-20T03:50:54.805+0000] {dagbag.py:588} INFO - Filling up the DagBag from /home/airflow/.local/lib/python3.12/site-packages/airflow/example_dags/example_dag_decorator.py
[2024-11-20T03:50:54.947+0000] {processor.py:925} INFO - DAG(s) 'example_dag_decorator' retrieved from /home/airflow/.local/lib/python3.12/site-packages/airflow/example_dags/example_dag_decorator.py
[2024-11-20T03:50:57.305+0000] {logging_mixin.py:190} INFO - [2024-11-20T03:50:57.304+0000] {dag.py:3239} INFO - Sync 1 DAGs
[2024-11-20T03:50:57.345+0000] {logging_mixin.py:190} INFO - [2024-11-20T03:50:57.345+0000] {dag.py:4180} INFO - Setting next_dagrun for example_dag_decorator to None, run_after=None
[2024-11-20T03:50:57.573+0000] {processor.py:208} INFO - Processing /home/airflow/.local/lib/python3.12/site-packages/airflow/example_dags/example_dag_decorator.py took 1.559 seconds
[2024-11-20T03:51:28.736+0000] {processor.py:186} INFO - Started process (PID=398) to work on /home/airflow/.local/lib/python3.12/site-packages/airflow/example_dags/example_dag_decorator.py
[2024-11-20T03:51:28.737+0000] {processor.py:914} INFO - Processing file /home/airflow/.local/lib/python3.12/site-packages/airflow/example_dags/example_dag_decorator.py for tasks to queue
[2024-11-20T03:51:28.741+0000] {logging_mixin.py:190} INFO - [2024-11-20T03:51:28.741+0000] {dagbag.py:588} INFO - Filling up the DagBag from /home/airflow/.local/lib/python3.12/site-packages/airflow/example_dags/example_dag_decorator.py
[2024-11-20T03:51:28.765+0000] {processor.py:925} INFO - DAG(s) 'example_dag_decorator' retrieved from /home/airflow/.local/lib/python3.12/site-packages/airflow/example_dags/example_dag_decorator.py
[2024-11-20T03:51:29.065+0000] {logging_mixin.py:190} INFO - [2024-11-20T03:51:29.065+0000] {dag.py:3239} INFO - Sync 1 DAGs
[2024-11-20T03:51:29.092+0000] {logging_mixin.py:190} INFO - [2024-11-20T03:51:29.091+0000] {dag.py:4180} INFO - Setting next_dagrun for example_dag_decorator to None, run_after=None
[2024-11-20T03:51:29.140+0000] {processor.py:208} INFO - Processing /home/airflow/.local/lib/python3.12/site-packages/airflow/example_dags/example_dag_decorator.py took 0.416 seconds
[2024-11-20T03:52:00.161+0000] {processor.py:186} INFO - Started process (PID=460) to work on /home/airflow/.local/lib/python3.12/site-packages/airflow/example_dags/example_dag_decorator.py
[2024-11-20T03:52:00.162+0000] {processor.py:914} INFO - Processing file /home/airflow/.local/lib/python3.12/site-packages/airflow/example_dags/example_dag_decorator.py for tasks to queue
[2024-11-20T03:52:00.167+0000] {logging_mixin.py:190} INFO - [2024-11-20T03:52:00.166+0000] {dagbag.py:588} INFO - Filling up the DagBag from /home/airflow/.local/lib/python3.12/site-packages/airflow/example_dags/example_dag_decorator.py
[2024-11-20T03:52:00.194+0000] {processor.py:925} INFO - DAG(s) 'example_dag_decorator' retrieved from /home/airflow/.local/lib/python3.12/site-packages/airflow/example_dags/example_dag_decorator.py
[2024-11-20T03:52:00.785+0000] {logging_mixin.py:190} INFO - [2024-11-20T03:52:00.783+0000] {dag.py:3239} INFO - Sync 1 DAGs
[2024-11-20T03:52:00.821+0000] {logging_mixin.py:190} INFO - [2024-11-20T03:52:00.820+0000] {dag.py:4180} INFO - Setting next_dagrun for example_dag_decorator to None, run_after=None
[2024-11-20T03:52:00.868+0000] {processor.py:208} INFO - Processing /home/airflow/.local/lib/python3.12/site-packages/airflow/example_dags/example_dag_decorator.py took 0.721 seconds
[2024-11-20T03:52:31.698+0000] {processor.py:186} INFO - Started process (PID=522) to work on /home/airflow/.local/lib/python3.12/site-packages/airflow/example_dags/example_dag_decorator.py
[2024-11-20T03:52:31.710+0000] {processor.py:914} INFO - Processing file /home/airflow/.local/lib/python3.12/site-packages/airflow/example_dags/example_dag_decorator.py for tasks to queue
[2024-11-20T03:52:31.715+0000] {logging_mixin.py:190} INFO - [2024-11-20T03:52:31.714+0000] {dagbag.py:588} INFO - Filling up the DagBag from /home/airflow/.local/lib/python3.12/site-packages/airflow/example_dags/example_dag_decorator.py
[2024-11-20T03:52:31.742+0000] {processor.py:925} INFO - DAG(s) 'example_dag_decorator' retrieved from /home/airflow/.local/lib/python3.12/site-packages/airflow/example_dags/example_dag_decorator.py
[2024-11-20T03:52:31.977+0000] {logging_mixin.py:190} INFO - [2024-11-20T03:52:31.977+0000] {dag.py:3239} INFO - Sync 1 DAGs
[2024-11-20T03:52:32.002+0000] {logging_mixin.py:190} INFO - [2024-11-20T03:52:32.002+0000] {dag.py:4180} INFO - Setting next_dagrun for example_dag_decorator to None, run_after=None
[2024-11-20T03:52:32.040+0000] {processor.py:208} INFO - Processing /home/airflow/.local/lib/python3.12/site-packages/airflow/example_dags/example_dag_decorator.py took 0.355 seconds
[2024-11-20T03:53:03.522+0000] {processor.py:186} INFO - Started process (PID=585) to work on /home/airflow/.local/lib/python3.12/site-packages/airflow/example_dags/example_dag_decorator.py
[2024-11-20T03:53:03.527+0000] {processor.py:914} INFO - Processing file /home/airflow/.local/lib/python3.12/site-packages/airflow/example_dags/example_dag_decorator.py for tasks to queue
[2024-11-20T03:53:03.549+0000] {logging_mixin.py:190} INFO - [2024-11-20T03:53:03.547+0000] {dagbag.py:588} INFO - Filling up the DagBag from /home/airflow/.local/lib/python3.12/site-packages/airflow/example_dags/example_dag_decorator.py
[2024-11-20T03:53:03.696+0000] {processor.py:925} INFO - DAG(s) 'example_dag_decorator' retrieved from /home/airflow/.local/lib/python3.12/site-packages/airflow/example_dags/example_dag_decorator.py
[2024-11-20T03:53:04.749+0000] {logging_mixin.py:190} INFO - [2024-11-20T03:53:04.749+0000] {dag.py:3239} INFO - Sync 1 DAGs
[2024-11-20T03:53:04.808+0000] {logging_mixin.py:190} INFO - [2024-11-20T03:53:04.808+0000] {dag.py:4180} INFO - Setting next_dagrun for example_dag_decorator to None, run_after=None
[2024-11-20T03:53:05.003+0000] {processor.py:208} INFO - Processing /home/airflow/.local/lib/python3.12/site-packages/airflow/example_dags/example_dag_decorator.py took 1.514 seconds
[2024-11-20T03:53:35.517+0000] {processor.py:186} INFO - Started process (PID=649) to work on /home/airflow/.local/lib/python3.12/site-packages/airflow/example_dags/example_dag_decorator.py
[2024-11-20T03:53:35.519+0000] {processor.py:914} INFO - Processing file /home/airflow/.local/lib/python3.12/site-packages/airflow/example_dags/example_dag_decorator.py for tasks to queue
[2024-11-20T03:53:35.528+0000] {logging_mixin.py:190} INFO - [2024-11-20T03:53:35.527+0000] {dagbag.py:588} INFO - Filling up the DagBag from /home/airflow/.local/lib/python3.12/site-packages/airflow/example_dags/example_dag_decorator.py
[2024-11-20T03:53:35.574+0000] {processor.py:925} INFO - DAG(s) 'example_dag_decorator' retrieved from /home/airflow/.local/lib/python3.12/site-packages/airflow/example_dags/example_dag_decorator.py
[2024-11-20T03:53:36.064+0000] {logging_mixin.py:190} INFO - [2024-11-20T03:53:36.064+0000] {dag.py:3239} INFO - Sync 1 DAGs
[2024-11-20T03:53:36.100+0000] {logging_mixin.py:190} INFO - [2024-11-20T03:53:36.099+0000] {dag.py:4180} INFO - Setting next_dagrun for example_dag_decorator to None, run_after=None
[2024-11-20T03:53:36.180+0000] {processor.py:208} INFO - Processing /home/airflow/.local/lib/python3.12/site-packages/airflow/example_dags/example_dag_decorator.py took 0.692 seconds
[2024-11-20T03:54:06.615+0000] {processor.py:186} INFO - Started process (PID=712) to work on /home/airflow/.local/lib/python3.12/site-packages/airflow/example_dags/example_dag_decorator.py
[2024-11-20T03:54:06.617+0000] {processor.py:914} INFO - Processing file /home/airflow/.local/lib/python3.12/site-packages/airflow/example_dags/example_dag_decorator.py for tasks to queue
[2024-11-20T03:54:06.622+0000] {logging_mixin.py:190} INFO - [2024-11-20T03:54:06.621+0000] {dagbag.py:588} INFO - Filling up the DagBag from /home/airflow/.local/lib/python3.12/site-packages/airflow/example_dags/example_dag_decorator.py
[2024-11-20T03:54:06.650+0000] {processor.py:925} INFO - DAG(s) 'example_dag_decorator' retrieved from /home/airflow/.local/lib/python3.12/site-packages/airflow/example_dags/example_dag_decorator.py
[2024-11-20T03:54:07.082+0000] {logging_mixin.py:190} INFO - [2024-11-20T03:54:07.081+0000] {dag.py:3239} INFO - Sync 1 DAGs
[2024-11-20T03:54:07.102+0000] {logging_mixin.py:190} INFO - [2024-11-20T03:54:07.102+0000] {dag.py:4180} INFO - Setting next_dagrun for example_dag_decorator to None, run_after=None
[2024-11-20T03:54:07.262+0000] {processor.py:208} INFO - Processing /home/airflow/.local/lib/python3.12/site-packages/airflow/example_dags/example_dag_decorator.py took 0.660 seconds
[2024-11-20T03:54:37.504+0000] {processor.py:186} INFO - Started process (PID=776) to work on /home/airflow/.local/lib/python3.12/site-packages/airflow/example_dags/example_dag_decorator.py
[2024-11-20T03:54:37.506+0000] {processor.py:914} INFO - Processing file /home/airflow/.local/lib/python3.12/site-packages/airflow/example_dags/example_dag_decorator.py for tasks to queue
[2024-11-20T03:54:37.510+0000] {logging_mixin.py:190} INFO - [2024-11-20T03:54:37.510+0000] {dagbag.py:588} INFO - Filling up the DagBag from /home/airflow/.local/lib/python3.12/site-packages/airflow/example_dags/example_dag_decorator.py
[2024-11-20T03:54:37.537+0000] {processor.py:925} INFO - DAG(s) 'example_dag_decorator' retrieved from /home/airflow/.local/lib/python3.12/site-packages/airflow/example_dags/example_dag_decorator.py
[2024-11-20T03:54:37.787+0000] {logging_mixin.py:190} INFO - [2024-11-20T03:54:37.787+0000] {dag.py:3239} INFO - Sync 1 DAGs
[2024-11-20T03:54:37.820+0000] {logging_mixin.py:190} INFO - [2024-11-20T03:54:37.820+0000] {dag.py:4180} INFO - Setting next_dagrun for example_dag_decorator to None, run_after=None
[2024-11-20T03:54:37.864+0000] {processor.py:208} INFO - Processing /home/airflow/.local/lib/python3.12/site-packages/airflow/example_dags/example_dag_decorator.py took 0.374 seconds
[2024-11-20T03:55:08.032+0000] {processor.py:186} INFO - Started process (PID=838) to work on /home/airflow/.local/lib/python3.12/site-packages/airflow/example_dags/example_dag_decorator.py
[2024-11-20T03:55:08.034+0000] {processor.py:914} INFO - Processing file /home/airflow/.local/lib/python3.12/site-packages/airflow/example_dags/example_dag_decorator.py for tasks to queue
[2024-11-20T03:55:08.040+0000] {logging_mixin.py:190} INFO - [2024-11-20T03:55:08.039+0000] {dagbag.py:588} INFO - Filling up the DagBag from /home/airflow/.local/lib/python3.12/site-packages/airflow/example_dags/example_dag_decorator.py
[2024-11-20T03:55:08.070+0000] {processor.py:925} INFO - DAG(s) 'example_dag_decorator' retrieved from /home/airflow/.local/lib/python3.12/site-packages/airflow/example_dags/example_dag_decorator.py
[2024-11-20T03:55:08.370+0000] {logging_mixin.py:190} INFO - [2024-11-20T03:55:08.369+0000] {dag.py:3239} INFO - Sync 1 DAGs
[2024-11-20T03:55:08.403+0000] {logging_mixin.py:190} INFO - [2024-11-20T03:55:08.403+0000] {dag.py:4180} INFO - Setting next_dagrun for example_dag_decorator to None, run_after=None
[2024-11-20T03:55:08.491+0000] {processor.py:208} INFO - Processing /home/airflow/.local/lib/python3.12/site-packages/airflow/example_dags/example_dag_decorator.py took 0.472 seconds
[2024-11-20T03:55:39.406+0000] {processor.py:186} INFO - Started process (PID=900) to work on /home/airflow/.local/lib/python3.12/site-packages/airflow/example_dags/example_dag_decorator.py
[2024-11-20T03:55:39.408+0000] {processor.py:914} INFO - Processing file /home/airflow/.local/lib/python3.12/site-packages/airflow/example_dags/example_dag_decorator.py for tasks to queue
[2024-11-20T03:55:39.420+0000] {logging_mixin.py:190} INFO - [2024-11-20T03:55:39.420+0000] {dagbag.py:588} INFO - Filling up the DagBag from /home/airflow/.local/lib/python3.12/site-packages/airflow/example_dags/example_dag_decorator.py
[2024-11-20T03:55:39.480+0000] {processor.py:925} INFO - DAG(s) 'example_dag_decorator' retrieved from /home/airflow/.local/lib/python3.12/site-packages/airflow/example_dags/example_dag_decorator.py
[2024-11-20T03:55:39.737+0000] {logging_mixin.py:190} INFO - [2024-11-20T03:55:39.737+0000] {dag.py:3239} INFO - Sync 1 DAGs
[2024-11-20T03:55:39.758+0000] {logging_mixin.py:190} INFO - [2024-11-20T03:55:39.757+0000] {dag.py:4180} INFO - Setting next_dagrun for example_dag_decorator to None, run_after=None
[2024-11-20T03:55:39.819+0000] {processor.py:208} INFO - Processing /home/airflow/.local/lib/python3.12/site-packages/airflow/example_dags/example_dag_decorator.py took 0.427 seconds
[2024-11-20T03:56:10.767+0000] {processor.py:186} INFO - Started process (PID=963) to work on /home/airflow/.local/lib/python3.12/site-packages/airflow/example_dags/example_dag_decorator.py
[2024-11-20T03:56:10.768+0000] {processor.py:914} INFO - Processing file /home/airflow/.local/lib/python3.12/site-packages/airflow/example_dags/example_dag_decorator.py for tasks to queue
[2024-11-20T03:56:10.773+0000] {logging_mixin.py:190} INFO - [2024-11-20T03:56:10.772+0000] {dagbag.py:588} INFO - Filling up the DagBag from /home/airflow/.local/lib/python3.12/site-packages/airflow/example_dags/example_dag_decorator.py
[2024-11-20T03:56:10.793+0000] {processor.py:925} INFO - DAG(s) 'example_dag_decorator' retrieved from /home/airflow/.local/lib/python3.12/site-packages/airflow/example_dags/example_dag_decorator.py
[2024-11-20T03:56:11.027+0000] {logging_mixin.py:190} INFO - [2024-11-20T03:56:11.027+0000] {dag.py:3239} INFO - Sync 1 DAGs
[2024-11-20T03:56:11.051+0000] {logging_mixin.py:190} INFO - [2024-11-20T03:56:11.050+0000] {dag.py:4180} INFO - Setting next_dagrun for example_dag_decorator to None, run_after=None
[2024-11-20T03:56:11.082+0000] {processor.py:208} INFO - Processing /home/airflow/.local/lib/python3.12/site-packages/airflow/example_dags/example_dag_decorator.py took 0.325 seconds
[2024-11-20T03:56:42.554+0000] {processor.py:186} INFO - Started process (PID=1026) to work on /home/airflow/.local/lib/python3.12/site-packages/airflow/example_dags/example_dag_decorator.py
[2024-11-20T03:56:42.556+0000] {processor.py:914} INFO - Processing file /home/airflow/.local/lib/python3.12/site-packages/airflow/example_dags/example_dag_decorator.py for tasks to queue
[2024-11-20T03:56:42.561+0000] {logging_mixin.py:190} INFO - [2024-11-20T03:56:42.561+0000] {dagbag.py:588} INFO - Filling up the DagBag from /home/airflow/.local/lib/python3.12/site-packages/airflow/example_dags/example_dag_decorator.py
[2024-11-20T03:56:42.584+0000] {processor.py:925} INFO - DAG(s) 'example_dag_decorator' retrieved from /home/airflow/.local/lib/python3.12/site-packages/airflow/example_dags/example_dag_decorator.py
[2024-11-20T03:56:42.922+0000] {logging_mixin.py:190} INFO - [2024-11-20T03:56:42.922+0000] {dag.py:3239} INFO - Sync 1 DAGs
[2024-11-20T03:56:42.954+0000] {logging_mixin.py:190} INFO - [2024-11-20T03:56:42.954+0000] {dag.py:4180} INFO - Setting next_dagrun for example_dag_decorator to None, run_after=None
[2024-11-20T03:56:43.013+0000] {processor.py:208} INFO - Processing /home/airflow/.local/lib/python3.12/site-packages/airflow/example_dags/example_dag_decorator.py took 0.473 seconds
[2024-11-20T03:57:13.409+0000] {processor.py:186} INFO - Started process (PID=1089) to work on /home/airflow/.local/lib/python3.12/site-packages/airflow/example_dags/example_dag_decorator.py
[2024-11-20T03:57:13.424+0000] {processor.py:914} INFO - Processing file /home/airflow/.local/lib/python3.12/site-packages/airflow/example_dags/example_dag_decorator.py for tasks to queue
[2024-11-20T03:57:13.430+0000] {logging_mixin.py:190} INFO - [2024-11-20T03:57:13.429+0000] {dagbag.py:588} INFO - Filling up the DagBag from /home/airflow/.local/lib/python3.12/site-packages/airflow/example_dags/example_dag_decorator.py
[2024-11-20T03:57:13.467+0000] {processor.py:925} INFO - DAG(s) 'example_dag_decorator' retrieved from /home/airflow/.local/lib/python3.12/site-packages/airflow/example_dags/example_dag_decorator.py
[2024-11-20T03:57:13.863+0000] {logging_mixin.py:190} INFO - [2024-11-20T03:57:13.863+0000] {dag.py:3239} INFO - Sync 1 DAGs
[2024-11-20T03:57:13.900+0000] {logging_mixin.py:190} INFO - [2024-11-20T03:57:13.900+0000] {dag.py:4180} INFO - Setting next_dagrun for example_dag_decorator to None, run_after=None
[2024-11-20T03:57:13.989+0000] {processor.py:208} INFO - Processing /home/airflow/.local/lib/python3.12/site-packages/airflow/example_dags/example_dag_decorator.py took 0.600 seconds
[2024-11-20T03:57:45.111+0000] {processor.py:186} INFO - Started process (PID=1152) to work on /home/airflow/.local/lib/python3.12/site-packages/airflow/example_dags/example_dag_decorator.py
[2024-11-20T03:57:45.112+0000] {processor.py:914} INFO - Processing file /home/airflow/.local/lib/python3.12/site-packages/airflow/example_dags/example_dag_decorator.py for tasks to queue
[2024-11-20T03:57:45.117+0000] {logging_mixin.py:190} INFO - [2024-11-20T03:57:45.116+0000] {dagbag.py:588} INFO - Filling up the DagBag from /home/airflow/.local/lib/python3.12/site-packages/airflow/example_dags/example_dag_decorator.py
[2024-11-20T03:57:45.146+0000] {processor.py:925} INFO - DAG(s) 'example_dag_decorator' retrieved from /home/airflow/.local/lib/python3.12/site-packages/airflow/example_dags/example_dag_decorator.py
[2024-11-20T03:57:45.367+0000] {logging_mixin.py:190} INFO - [2024-11-20T03:57:45.367+0000] {dag.py:3239} INFO - Sync 1 DAGs
[2024-11-20T03:57:45.386+0000] {logging_mixin.py:190} INFO - [2024-11-20T03:57:45.386+0000] {dag.py:4180} INFO - Setting next_dagrun for example_dag_decorator to None, run_after=None
[2024-11-20T03:57:45.418+0000] {processor.py:208} INFO - Processing /home/airflow/.local/lib/python3.12/site-packages/airflow/example_dags/example_dag_decorator.py took 0.318 seconds
[2024-11-20T03:58:15.995+0000] {processor.py:186} INFO - Started process (PID=1215) to work on /home/airflow/.local/lib/python3.12/site-packages/airflow/example_dags/example_dag_decorator.py
[2024-11-20T03:58:15.997+0000] {processor.py:914} INFO - Processing file /home/airflow/.local/lib/python3.12/site-packages/airflow/example_dags/example_dag_decorator.py for tasks to queue
[2024-11-20T03:58:16.002+0000] {logging_mixin.py:190} INFO - [2024-11-20T03:58:16.001+0000] {dagbag.py:588} INFO - Filling up the DagBag from /home/airflow/.local/lib/python3.12/site-packages/airflow/example_dags/example_dag_decorator.py
[2024-11-20T03:58:16.029+0000] {processor.py:925} INFO - DAG(s) 'example_dag_decorator' retrieved from /home/airflow/.local/lib/python3.12/site-packages/airflow/example_dags/example_dag_decorator.py
[2024-11-20T03:58:16.293+0000] {logging_mixin.py:190} INFO - [2024-11-20T03:58:16.293+0000] {dag.py:3239} INFO - Sync 1 DAGs
[2024-11-20T03:58:16.315+0000] {logging_mixin.py:190} INFO - [2024-11-20T03:58:16.315+0000] {dag.py:4180} INFO - Setting next_dagrun for example_dag_decorator to None, run_after=None
[2024-11-20T03:58:16.357+0000] {processor.py:208} INFO - Processing /home/airflow/.local/lib/python3.12/site-packages/airflow/example_dags/example_dag_decorator.py took 0.377 seconds
[2024-11-20T03:58:47.832+0000] {processor.py:186} INFO - Started process (PID=1278) to work on /home/airflow/.local/lib/python3.12/site-packages/airflow/example_dags/example_dag_decorator.py
[2024-11-20T03:58:47.833+0000] {processor.py:914} INFO - Processing file /home/airflow/.local/lib/python3.12/site-packages/airflow/example_dags/example_dag_decorator.py for tasks to queue
[2024-11-20T03:58:47.837+0000] {logging_mixin.py:190} INFO - [2024-11-20T03:58:47.837+0000] {dagbag.py:588} INFO - Filling up the DagBag from /home/airflow/.local/lib/python3.12/site-packages/airflow/example_dags/example_dag_decorator.py
[2024-11-20T03:58:47.858+0000] {processor.py:925} INFO - DAG(s) 'example_dag_decorator' retrieved from /home/airflow/.local/lib/python3.12/site-packages/airflow/example_dags/example_dag_decorator.py
[2024-11-20T03:58:47.899+0000] {logging_mixin.py:190} INFO - [2024-11-20T03:58:47.899+0000] {dag.py:3239} INFO - Sync 1 DAGs
[2024-11-20T03:58:47.927+0000] {logging_mixin.py:190} INFO - [2024-11-20T03:58:47.927+0000] {dag.py:4180} INFO - Setting next_dagrun for example_dag_decorator to None, run_after=None
[2024-11-20T03:58:47.958+0000] {processor.py:208} INFO - Processing /home/airflow/.local/lib/python3.12/site-packages/airflow/example_dags/example_dag_decorator.py took 0.135 seconds
[2024-11-20T03:59:19.413+0000] {processor.py:186} INFO - Started process (PID=1341) to work on /home/airflow/.local/lib/python3.12/site-packages/airflow/example_dags/example_dag_decorator.py
[2024-11-20T03:59:19.419+0000] {processor.py:914} INFO - Processing file /home/airflow/.local/lib/python3.12/site-packages/airflow/example_dags/example_dag_decorator.py for tasks to queue
[2024-11-20T03:59:19.424+0000] {logging_mixin.py:190} INFO - [2024-11-20T03:59:19.423+0000] {dagbag.py:588} INFO - Filling up the DagBag from /home/airflow/.local/lib/python3.12/site-packages/airflow/example_dags/example_dag_decorator.py
[2024-11-20T03:59:19.458+0000] {processor.py:925} INFO - DAG(s) 'example_dag_decorator' retrieved from /home/airflow/.local/lib/python3.12/site-packages/airflow/example_dags/example_dag_decorator.py
[2024-11-20T03:59:19.776+0000] {logging_mixin.py:190} INFO - [2024-11-20T03:59:19.774+0000] {dag.py:3239} INFO - Sync 1 DAGs
[2024-11-20T03:59:19.814+0000] {logging_mixin.py:190} INFO - [2024-11-20T03:59:19.812+0000] {dag.py:4180} INFO - Setting next_dagrun for example_dag_decorator to None, run_after=None
[2024-11-20T03:59:19.866+0000] {processor.py:208} INFO - Processing /home/airflow/.local/lib/python3.12/site-packages/airflow/example_dags/example_dag_decorator.py took 0.469 seconds
