[2024-11-20T03:48:22.166+0000] {processor.py:186} INFO - Started process (PID=102) to work on /home/airflow/.local/lib/python3.12/site-packages/airflow/example_dags/example_trigger_target_dag.py
[2024-11-20T03:48:22.171+0000] {processor.py:914} INFO - Processing file /home/airflow/.local/lib/python3.12/site-packages/airflow/example_dags/example_trigger_target_dag.py for tasks to queue
[2024-11-20T03:48:22.203+0000] {logging_mixin.py:190} INFO - [2024-11-20T03:48:22.202+0000] {dagbag.py:588} INFO - Filling up the DagBag from /home/airflow/.local/lib/python3.12/site-packages/airflow/example_dags/example_trigger_target_dag.py
[2024-11-20T03:48:22.292+0000] {processor.py:925} INFO - DAG(s) 'example_trigger_target_dag' retrieved from /home/airflow/.local/lib/python3.12/site-packages/airflow/example_dags/example_trigger_target_dag.py
[2024-11-20T03:48:24.015+0000] {logging_mixin.py:190} INFO - [2024-11-20T03:48:23.985+0000] {override.py:1911} INFO - Created Permission View: can read on DAG:example_trigger_target_dag
[2024-11-20T03:48:24.106+0000] {logging_mixin.py:190} INFO - [2024-11-20T03:48:24.105+0000] {override.py:1911} INFO - Created Permission View: can edit on DAG:example_trigger_target_dag
[2024-11-20T03:48:24.352+0000] {logging_mixin.py:190} INFO - [2024-11-20T03:48:24.351+0000] {override.py:1911} INFO - Created Permission View: can delete on DAG:example_trigger_target_dag
[2024-11-20T03:48:24.401+0000] {logging_mixin.py:190} INFO - [2024-11-20T03:48:24.400+0000] {override.py:1911} INFO - Created Permission View: menu access on DAG Run:example_trigger_target_dag
[2024-11-20T03:48:24.448+0000] {logging_mixin.py:190} INFO - [2024-11-20T03:48:24.448+0000] {override.py:1911} INFO - Created Permission View: can read on DAG Run:example_trigger_target_dag
[2024-11-20T03:48:24.481+0000] {logging_mixin.py:190} INFO - [2024-11-20T03:48:24.481+0000] {override.py:1911} INFO - Created Permission View: can delete on DAG Run:example_trigger_target_dag
[2024-11-20T03:48:24.696+0000] {logging_mixin.py:190} INFO - [2024-11-20T03:48:24.696+0000] {override.py:1911} INFO - Created Permission View: can create on DAG Run:example_trigger_target_dag
[2024-11-20T03:48:24.714+0000] {logging_mixin.py:190} INFO - [2024-11-20T03:48:24.713+0000] {dag.py:3239} INFO - Sync 1 DAGs
[2024-11-20T03:48:25.478+0000] {logging_mixin.py:190} INFO - [2024-11-20T03:48:25.477+0000] {dag.py:3262} INFO - Creating ORM DAG for example_trigger_target_dag
[2024-11-20T03:48:25.538+0000] {logging_mixin.py:190} INFO - [2024-11-20T03:48:25.538+0000] {dag.py:4180} INFO - Setting next_dagrun for example_trigger_target_dag to None, run_after=None
[2024-11-20T03:48:26.031+0000] {processor.py:208} INFO - Processing /home/airflow/.local/lib/python3.12/site-packages/airflow/example_dags/example_trigger_target_dag.py took 3.935 seconds
[2024-11-20T03:49:16.789+0000] {processor.py:186} INFO - Started process (PID=171) to work on /home/airflow/.local/lib/python3.12/site-packages/airflow/example_dags/example_trigger_target_dag.py
[2024-11-20T03:49:16.792+0000] {processor.py:914} INFO - Processing file /home/airflow/.local/lib/python3.12/site-packages/airflow/example_dags/example_trigger_target_dag.py for tasks to queue
[2024-11-20T03:49:16.797+0000] {logging_mixin.py:190} INFO - [2024-11-20T03:49:16.796+0000] {dagbag.py:588} INFO - Filling up the DagBag from /home/airflow/.local/lib/python3.12/site-packages/airflow/example_dags/example_trigger_target_dag.py
[2024-11-20T03:49:16.813+0000] {processor.py:925} INFO - DAG(s) 'example_trigger_target_dag' retrieved from /home/airflow/.local/lib/python3.12/site-packages/airflow/example_dags/example_trigger_target_dag.py
[2024-11-20T03:49:16.879+0000] {logging_mixin.py:190} INFO - [2024-11-20T03:49:16.878+0000] {dag.py:3239} INFO - Sync 1 DAGs
[2024-11-20T03:49:16.923+0000] {logging_mixin.py:190} INFO - [2024-11-20T03:49:16.922+0000] {dag.py:4180} INFO - Setting next_dagrun for example_trigger_target_dag to None, run_after=None
[2024-11-20T03:49:16.978+0000] {processor.py:208} INFO - Processing /home/airflow/.local/lib/python3.12/site-packages/airflow/example_dags/example_trigger_target_dag.py took 0.201 seconds
[2024-11-20T03:49:47.940+0000] {processor.py:186} INFO - Started process (PID=234) to work on /home/airflow/.local/lib/python3.12/site-packages/airflow/example_dags/example_trigger_target_dag.py
[2024-11-20T03:49:47.943+0000] {processor.py:914} INFO - Processing file /home/airflow/.local/lib/python3.12/site-packages/airflow/example_dags/example_trigger_target_dag.py for tasks to queue
[2024-11-20T03:49:47.950+0000] {logging_mixin.py:190} INFO - [2024-11-20T03:49:47.950+0000] {dagbag.py:588} INFO - Filling up the DagBag from /home/airflow/.local/lib/python3.12/site-packages/airflow/example_dags/example_trigger_target_dag.py
[2024-11-20T03:49:47.970+0000] {processor.py:925} INFO - DAG(s) 'example_trigger_target_dag' retrieved from /home/airflow/.local/lib/python3.12/site-packages/airflow/example_dags/example_trigger_target_dag.py
[2024-11-20T03:49:48.025+0000] {logging_mixin.py:190} INFO - [2024-11-20T03:49:48.021+0000] {dag.py:3239} INFO - Sync 1 DAGs
[2024-11-20T03:49:48.061+0000] {logging_mixin.py:190} INFO - [2024-11-20T03:49:48.061+0000] {dag.py:4180} INFO - Setting next_dagrun for example_trigger_target_dag to None, run_after=None
[2024-11-20T03:49:48.103+0000] {processor.py:208} INFO - Processing /home/airflow/.local/lib/python3.12/site-packages/airflow/example_dags/example_trigger_target_dag.py took 0.174 seconds
[2024-11-20T03:50:31.094+0000] {processor.py:186} INFO - Started process (PID=297) to work on /home/airflow/.local/lib/python3.12/site-packages/airflow/example_dags/example_trigger_target_dag.py
[2024-11-20T03:50:31.114+0000] {processor.py:914} INFO - Processing file /home/airflow/.local/lib/python3.12/site-packages/airflow/example_dags/example_trigger_target_dag.py for tasks to queue
[2024-11-20T03:50:31.132+0000] {logging_mixin.py:190} INFO - [2024-11-20T03:50:31.121+0000] {dagbag.py:588} INFO - Filling up the DagBag from /home/airflow/.local/lib/python3.12/site-packages/airflow/example_dags/example_trigger_target_dag.py
[2024-11-20T03:50:31.256+0000] {processor.py:925} INFO - DAG(s) 'example_trigger_target_dag' retrieved from /home/airflow/.local/lib/python3.12/site-packages/airflow/example_dags/example_trigger_target_dag.py
[2024-11-20T03:50:31.580+0000] {logging_mixin.py:190} INFO - [2024-11-20T03:50:31.579+0000] {dag.py:3239} INFO - Sync 1 DAGs
[2024-11-20T03:50:31.698+0000] {logging_mixin.py:190} INFO - [2024-11-20T03:50:31.697+0000] {dag.py:4180} INFO - Setting next_dagrun for example_trigger_target_dag to None, run_after=None
[2024-11-20T03:50:31.752+0000] {processor.py:208} INFO - Processing /home/airflow/.local/lib/python3.12/site-packages/airflow/example_dags/example_trigger_target_dag.py took 0.682 seconds
[2024-11-20T03:51:04.682+0000] {processor.py:186} INFO - Started process (PID=359) to work on /home/airflow/.local/lib/python3.12/site-packages/airflow/example_dags/example_trigger_target_dag.py
[2024-11-20T03:51:04.688+0000] {processor.py:914} INFO - Processing file /home/airflow/.local/lib/python3.12/site-packages/airflow/example_dags/example_trigger_target_dag.py for tasks to queue
[2024-11-20T03:51:04.699+0000] {logging_mixin.py:190} INFO - [2024-11-20T03:51:04.698+0000] {dagbag.py:588} INFO - Filling up the DagBag from /home/airflow/.local/lib/python3.12/site-packages/airflow/example_dags/example_trigger_target_dag.py
[2024-11-20T03:51:04.733+0000] {processor.py:925} INFO - DAG(s) 'example_trigger_target_dag' retrieved from /home/airflow/.local/lib/python3.12/site-packages/airflow/example_dags/example_trigger_target_dag.py
[2024-11-20T03:51:04.804+0000] {logging_mixin.py:190} INFO - [2024-11-20T03:51:04.804+0000] {dag.py:3239} INFO - Sync 1 DAGs
[2024-11-20T03:51:04.862+0000] {logging_mixin.py:190} INFO - [2024-11-20T03:51:04.861+0000] {dag.py:4180} INFO - Setting next_dagrun for example_trigger_target_dag to None, run_after=None
[2024-11-20T03:51:04.913+0000] {processor.py:208} INFO - Processing /home/airflow/.local/lib/python3.12/site-packages/airflow/example_dags/example_trigger_target_dag.py took 0.291 seconds
[2024-11-20T03:51:35.962+0000] {processor.py:186} INFO - Started process (PID=423) to work on /home/airflow/.local/lib/python3.12/site-packages/airflow/example_dags/example_trigger_target_dag.py
[2024-11-20T03:51:35.963+0000] {processor.py:914} INFO - Processing file /home/airflow/.local/lib/python3.12/site-packages/airflow/example_dags/example_trigger_target_dag.py for tasks to queue
[2024-11-20T03:51:35.969+0000] {logging_mixin.py:190} INFO - [2024-11-20T03:51:35.968+0000] {dagbag.py:588} INFO - Filling up the DagBag from /home/airflow/.local/lib/python3.12/site-packages/airflow/example_dags/example_trigger_target_dag.py
[2024-11-20T03:51:35.981+0000] {processor.py:925} INFO - DAG(s) 'example_trigger_target_dag' retrieved from /home/airflow/.local/lib/python3.12/site-packages/airflow/example_dags/example_trigger_target_dag.py
[2024-11-20T03:51:36.011+0000] {logging_mixin.py:190} INFO - [2024-11-20T03:51:36.011+0000] {dag.py:3239} INFO - Sync 1 DAGs
[2024-11-20T03:51:36.045+0000] {logging_mixin.py:190} INFO - [2024-11-20T03:51:36.045+0000] {dag.py:4180} INFO - Setting next_dagrun for example_trigger_target_dag to None, run_after=None
[2024-11-20T03:51:36.088+0000] {processor.py:208} INFO - Processing /home/airflow/.local/lib/python3.12/site-packages/airflow/example_dags/example_trigger_target_dag.py took 0.138 seconds
[2024-11-20T03:52:07.062+0000] {processor.py:186} INFO - Started process (PID=485) to work on /home/airflow/.local/lib/python3.12/site-packages/airflow/example_dags/example_trigger_target_dag.py
[2024-11-20T03:52:07.068+0000] {processor.py:914} INFO - Processing file /home/airflow/.local/lib/python3.12/site-packages/airflow/example_dags/example_trigger_target_dag.py for tasks to queue
[2024-11-20T03:52:07.076+0000] {logging_mixin.py:190} INFO - [2024-11-20T03:52:07.075+0000] {dagbag.py:588} INFO - Filling up the DagBag from /home/airflow/.local/lib/python3.12/site-packages/airflow/example_dags/example_trigger_target_dag.py
[2024-11-20T03:52:07.098+0000] {processor.py:925} INFO - DAG(s) 'example_trigger_target_dag' retrieved from /home/airflow/.local/lib/python3.12/site-packages/airflow/example_dags/example_trigger_target_dag.py
[2024-11-20T03:52:07.142+0000] {logging_mixin.py:190} INFO - [2024-11-20T03:52:07.142+0000] {dag.py:3239} INFO - Sync 1 DAGs
[2024-11-20T03:52:07.172+0000] {logging_mixin.py:190} INFO - [2024-11-20T03:52:07.171+0000] {dag.py:4180} INFO - Setting next_dagrun for example_trigger_target_dag to None, run_after=None
[2024-11-20T03:52:07.214+0000] {processor.py:208} INFO - Processing /home/airflow/.local/lib/python3.12/site-packages/airflow/example_dags/example_trigger_target_dag.py took 0.168 seconds
[2024-11-20T03:52:37.338+0000] {processor.py:186} INFO - Started process (PID=546) to work on /home/airflow/.local/lib/python3.12/site-packages/airflow/example_dags/example_trigger_target_dag.py
[2024-11-20T03:52:37.340+0000] {processor.py:914} INFO - Processing file /home/airflow/.local/lib/python3.12/site-packages/airflow/example_dags/example_trigger_target_dag.py for tasks to queue
[2024-11-20T03:52:37.344+0000] {logging_mixin.py:190} INFO - [2024-11-20T03:52:37.343+0000] {dagbag.py:588} INFO - Filling up the DagBag from /home/airflow/.local/lib/python3.12/site-packages/airflow/example_dags/example_trigger_target_dag.py
[2024-11-20T03:52:37.355+0000] {processor.py:925} INFO - DAG(s) 'example_trigger_target_dag' retrieved from /home/airflow/.local/lib/python3.12/site-packages/airflow/example_dags/example_trigger_target_dag.py
[2024-11-20T03:52:37.411+0000] {logging_mixin.py:190} INFO - [2024-11-20T03:52:37.411+0000] {dag.py:3239} INFO - Sync 1 DAGs
[2024-11-20T03:52:37.449+0000] {logging_mixin.py:190} INFO - [2024-11-20T03:52:37.448+0000] {dag.py:4180} INFO - Setting next_dagrun for example_trigger_target_dag to None, run_after=None
[2024-11-20T03:52:37.482+0000] {processor.py:208} INFO - Processing /home/airflow/.local/lib/python3.12/site-packages/airflow/example_dags/example_trigger_target_dag.py took 0.152 seconds
[2024-11-20T03:53:12.358+0000] {processor.py:186} INFO - Started process (PID=608) to work on /home/airflow/.local/lib/python3.12/site-packages/airflow/example_dags/example_trigger_target_dag.py
[2024-11-20T03:53:12.361+0000] {processor.py:914} INFO - Processing file /home/airflow/.local/lib/python3.12/site-packages/airflow/example_dags/example_trigger_target_dag.py for tasks to queue
[2024-11-20T03:53:12.367+0000] {logging_mixin.py:190} INFO - [2024-11-20T03:53:12.365+0000] {dagbag.py:588} INFO - Filling up the DagBag from /home/airflow/.local/lib/python3.12/site-packages/airflow/example_dags/example_trigger_target_dag.py
[2024-11-20T03:53:12.390+0000] {processor.py:925} INFO - DAG(s) 'example_trigger_target_dag' retrieved from /home/airflow/.local/lib/python3.12/site-packages/airflow/example_dags/example_trigger_target_dag.py
[2024-11-20T03:53:12.440+0000] {logging_mixin.py:190} INFO - [2024-11-20T03:53:12.440+0000] {dag.py:3239} INFO - Sync 1 DAGs
[2024-11-20T03:53:12.477+0000] {logging_mixin.py:190} INFO - [2024-11-20T03:53:12.476+0000] {dag.py:4180} INFO - Setting next_dagrun for example_trigger_target_dag to None, run_after=None
[2024-11-20T03:53:12.635+0000] {processor.py:208} INFO - Processing /home/airflow/.local/lib/python3.12/site-packages/airflow/example_dags/example_trigger_target_dag.py took 0.289 seconds
[2024-11-20T03:53:43.018+0000] {processor.py:186} INFO - Started process (PID=671) to work on /home/airflow/.local/lib/python3.12/site-packages/airflow/example_dags/example_trigger_target_dag.py
[2024-11-20T03:53:43.020+0000] {processor.py:914} INFO - Processing file /home/airflow/.local/lib/python3.12/site-packages/airflow/example_dags/example_trigger_target_dag.py for tasks to queue
[2024-11-20T03:53:43.025+0000] {logging_mixin.py:190} INFO - [2024-11-20T03:53:43.024+0000] {dagbag.py:588} INFO - Filling up the DagBag from /home/airflow/.local/lib/python3.12/site-packages/airflow/example_dags/example_trigger_target_dag.py
[2024-11-20T03:53:43.047+0000] {processor.py:925} INFO - DAG(s) 'example_trigger_target_dag' retrieved from /home/airflow/.local/lib/python3.12/site-packages/airflow/example_dags/example_trigger_target_dag.py
[2024-11-20T03:53:43.116+0000] {logging_mixin.py:190} INFO - [2024-11-20T03:53:43.115+0000] {dag.py:3239} INFO - Sync 1 DAGs
[2024-11-20T03:53:43.155+0000] {logging_mixin.py:190} INFO - [2024-11-20T03:53:43.155+0000] {dag.py:4180} INFO - Setting next_dagrun for example_trigger_target_dag to None, run_after=None
[2024-11-20T03:53:43.210+0000] {processor.py:208} INFO - Processing /home/airflow/.local/lib/python3.12/site-packages/airflow/example_dags/example_trigger_target_dag.py took 0.208 seconds
[2024-11-20T03:54:14.020+0000] {processor.py:186} INFO - Started process (PID=734) to work on /home/airflow/.local/lib/python3.12/site-packages/airflow/example_dags/example_trigger_target_dag.py
[2024-11-20T03:54:14.027+0000] {processor.py:914} INFO - Processing file /home/airflow/.local/lib/python3.12/site-packages/airflow/example_dags/example_trigger_target_dag.py for tasks to queue
[2024-11-20T03:54:14.035+0000] {logging_mixin.py:190} INFO - [2024-11-20T03:54:14.032+0000] {dagbag.py:588} INFO - Filling up the DagBag from /home/airflow/.local/lib/python3.12/site-packages/airflow/example_dags/example_trigger_target_dag.py
[2024-11-20T03:54:14.064+0000] {processor.py:925} INFO - DAG(s) 'example_trigger_target_dag' retrieved from /home/airflow/.local/lib/python3.12/site-packages/airflow/example_dags/example_trigger_target_dag.py
[2024-11-20T03:54:14.162+0000] {logging_mixin.py:190} INFO - [2024-11-20T03:54:14.161+0000] {dag.py:3239} INFO - Sync 1 DAGs
[2024-11-20T03:54:14.204+0000] {logging_mixin.py:190} INFO - [2024-11-20T03:54:14.204+0000] {dag.py:4180} INFO - Setting next_dagrun for example_trigger_target_dag to None, run_after=None
[2024-11-20T03:54:14.275+0000] {processor.py:208} INFO - Processing /home/airflow/.local/lib/python3.12/site-packages/airflow/example_dags/example_trigger_target_dag.py took 0.284 seconds
[2024-11-20T03:54:44.768+0000] {processor.py:186} INFO - Started process (PID=797) to work on /home/airflow/.local/lib/python3.12/site-packages/airflow/example_dags/example_trigger_target_dag.py
[2024-11-20T03:54:44.770+0000] {processor.py:914} INFO - Processing file /home/airflow/.local/lib/python3.12/site-packages/airflow/example_dags/example_trigger_target_dag.py for tasks to queue
[2024-11-20T03:54:44.774+0000] {logging_mixin.py:190} INFO - [2024-11-20T03:54:44.774+0000] {dagbag.py:588} INFO - Filling up the DagBag from /home/airflow/.local/lib/python3.12/site-packages/airflow/example_dags/example_trigger_target_dag.py
[2024-11-20T03:54:44.788+0000] {processor.py:925} INFO - DAG(s) 'example_trigger_target_dag' retrieved from /home/airflow/.local/lib/python3.12/site-packages/airflow/example_dags/example_trigger_target_dag.py
[2024-11-20T03:54:44.815+0000] {logging_mixin.py:190} INFO - [2024-11-20T03:54:44.814+0000] {dag.py:3239} INFO - Sync 1 DAGs
[2024-11-20T03:54:44.836+0000] {logging_mixin.py:190} INFO - [2024-11-20T03:54:44.836+0000] {dag.py:4180} INFO - Setting next_dagrun for example_trigger_target_dag to None, run_after=None
[2024-11-20T03:54:44.865+0000] {processor.py:208} INFO - Processing /home/airflow/.local/lib/python3.12/site-packages/airflow/example_dags/example_trigger_target_dag.py took 0.106 seconds
[2024-11-20T03:55:15.574+0000] {processor.py:186} INFO - Started process (PID=860) to work on /home/airflow/.local/lib/python3.12/site-packages/airflow/example_dags/example_trigger_target_dag.py
[2024-11-20T03:55:15.575+0000] {processor.py:914} INFO - Processing file /home/airflow/.local/lib/python3.12/site-packages/airflow/example_dags/example_trigger_target_dag.py for tasks to queue
[2024-11-20T03:55:15.584+0000] {logging_mixin.py:190} INFO - [2024-11-20T03:55:15.583+0000] {dagbag.py:588} INFO - Filling up the DagBag from /home/airflow/.local/lib/python3.12/site-packages/airflow/example_dags/example_trigger_target_dag.py
[2024-11-20T03:55:15.599+0000] {processor.py:925} INFO - DAG(s) 'example_trigger_target_dag' retrieved from /home/airflow/.local/lib/python3.12/site-packages/airflow/example_dags/example_trigger_target_dag.py
[2024-11-20T03:55:15.632+0000] {logging_mixin.py:190} INFO - [2024-11-20T03:55:15.632+0000] {dag.py:3239} INFO - Sync 1 DAGs
[2024-11-20T03:55:15.655+0000] {logging_mixin.py:190} INFO - [2024-11-20T03:55:15.655+0000] {dag.py:4180} INFO - Setting next_dagrun for example_trigger_target_dag to None, run_after=None
[2024-11-20T03:55:15.720+0000] {processor.py:208} INFO - Processing /home/airflow/.local/lib/python3.12/site-packages/airflow/example_dags/example_trigger_target_dag.py took 0.163 seconds
[2024-11-20T03:55:46.259+0000] {processor.py:186} INFO - Started process (PID=923) to work on /home/airflow/.local/lib/python3.12/site-packages/airflow/example_dags/example_trigger_target_dag.py
[2024-11-20T03:55:46.260+0000] {processor.py:914} INFO - Processing file /home/airflow/.local/lib/python3.12/site-packages/airflow/example_dags/example_trigger_target_dag.py for tasks to queue
[2024-11-20T03:55:46.265+0000] {logging_mixin.py:190} INFO - [2024-11-20T03:55:46.265+0000] {dagbag.py:588} INFO - Filling up the DagBag from /home/airflow/.local/lib/python3.12/site-packages/airflow/example_dags/example_trigger_target_dag.py
[2024-11-20T03:55:46.286+0000] {processor.py:925} INFO - DAG(s) 'example_trigger_target_dag' retrieved from /home/airflow/.local/lib/python3.12/site-packages/airflow/example_dags/example_trigger_target_dag.py
[2024-11-20T03:55:46.326+0000] {logging_mixin.py:190} INFO - [2024-11-20T03:55:46.325+0000] {dag.py:3239} INFO - Sync 1 DAGs
[2024-11-20T03:55:46.375+0000] {logging_mixin.py:190} INFO - [2024-11-20T03:55:46.374+0000] {dag.py:4180} INFO - Setting next_dagrun for example_trigger_target_dag to None, run_after=None
[2024-11-20T03:55:46.440+0000] {processor.py:208} INFO - Processing /home/airflow/.local/lib/python3.12/site-packages/airflow/example_dags/example_trigger_target_dag.py took 0.197 seconds
[2024-11-20T03:56:16.636+0000] {processor.py:186} INFO - Started process (PID=986) to work on /home/airflow/.local/lib/python3.12/site-packages/airflow/example_dags/example_trigger_target_dag.py
[2024-11-20T03:56:16.638+0000] {processor.py:914} INFO - Processing file /home/airflow/.local/lib/python3.12/site-packages/airflow/example_dags/example_trigger_target_dag.py for tasks to queue
[2024-11-20T03:56:16.641+0000] {logging_mixin.py:190} INFO - [2024-11-20T03:56:16.641+0000] {dagbag.py:588} INFO - Filling up the DagBag from /home/airflow/.local/lib/python3.12/site-packages/airflow/example_dags/example_trigger_target_dag.py
[2024-11-20T03:56:16.655+0000] {processor.py:925} INFO - DAG(s) 'example_trigger_target_dag' retrieved from /home/airflow/.local/lib/python3.12/site-packages/airflow/example_dags/example_trigger_target_dag.py
[2024-11-20T03:56:16.686+0000] {logging_mixin.py:190} INFO - [2024-11-20T03:56:16.685+0000] {dag.py:3239} INFO - Sync 1 DAGs
[2024-11-20T03:56:16.716+0000] {logging_mixin.py:190} INFO - [2024-11-20T03:56:16.716+0000] {dag.py:4180} INFO - Setting next_dagrun for example_trigger_target_dag to None, run_after=None
[2024-11-20T03:56:16.753+0000] {processor.py:208} INFO - Processing /home/airflow/.local/lib/python3.12/site-packages/airflow/example_dags/example_trigger_target_dag.py took 0.128 seconds
[2024-11-20T03:56:47.735+0000] {processor.py:186} INFO - Started process (PID=1047) to work on /home/airflow/.local/lib/python3.12/site-packages/airflow/example_dags/example_trigger_target_dag.py
[2024-11-20T03:56:47.736+0000] {processor.py:914} INFO - Processing file /home/airflow/.local/lib/python3.12/site-packages/airflow/example_dags/example_trigger_target_dag.py for tasks to queue
[2024-11-20T03:56:47.741+0000] {logging_mixin.py:190} INFO - [2024-11-20T03:56:47.740+0000] {dagbag.py:588} INFO - Filling up the DagBag from /home/airflow/.local/lib/python3.12/site-packages/airflow/example_dags/example_trigger_target_dag.py
[2024-11-20T03:56:47.777+0000] {processor.py:925} INFO - DAG(s) 'example_trigger_target_dag' retrieved from /home/airflow/.local/lib/python3.12/site-packages/airflow/example_dags/example_trigger_target_dag.py
[2024-11-20T03:56:47.820+0000] {logging_mixin.py:190} INFO - [2024-11-20T03:56:47.820+0000] {dag.py:3239} INFO - Sync 1 DAGs
[2024-11-20T03:56:47.861+0000] {logging_mixin.py:190} INFO - [2024-11-20T03:56:47.860+0000] {dag.py:4180} INFO - Setting next_dagrun for example_trigger_target_dag to None, run_after=None
[2024-11-20T03:56:47.894+0000] {processor.py:208} INFO - Processing /home/airflow/.local/lib/python3.12/site-packages/airflow/example_dags/example_trigger_target_dag.py took 0.178 seconds
[2024-11-20T03:57:18.017+0000] {processor.py:186} INFO - Started process (PID=1110) to work on /home/airflow/.local/lib/python3.12/site-packages/airflow/example_dags/example_trigger_target_dag.py
[2024-11-20T03:57:18.019+0000] {processor.py:914} INFO - Processing file /home/airflow/.local/lib/python3.12/site-packages/airflow/example_dags/example_trigger_target_dag.py for tasks to queue
[2024-11-20T03:57:18.025+0000] {logging_mixin.py:190} INFO - [2024-11-20T03:57:18.024+0000] {dagbag.py:588} INFO - Filling up the DagBag from /home/airflow/.local/lib/python3.12/site-packages/airflow/example_dags/example_trigger_target_dag.py
[2024-11-20T03:57:18.046+0000] {processor.py:925} INFO - DAG(s) 'example_trigger_target_dag' retrieved from /home/airflow/.local/lib/python3.12/site-packages/airflow/example_dags/example_trigger_target_dag.py
[2024-11-20T03:57:18.130+0000] {logging_mixin.py:190} INFO - [2024-11-20T03:57:18.129+0000] {dag.py:3239} INFO - Sync 1 DAGs
[2024-11-20T03:57:18.175+0000] {logging_mixin.py:190} INFO - [2024-11-20T03:57:18.174+0000] {dag.py:4180} INFO - Setting next_dagrun for example_trigger_target_dag to None, run_after=None
[2024-11-20T03:57:18.234+0000] {processor.py:208} INFO - Processing /home/airflow/.local/lib/python3.12/site-packages/airflow/example_dags/example_trigger_target_dag.py took 0.233 seconds
[2024-11-20T03:57:48.584+0000] {processor.py:186} INFO - Started process (PID=1173) to work on /home/airflow/.local/lib/python3.12/site-packages/airflow/example_dags/example_trigger_target_dag.py
[2024-11-20T03:57:48.588+0000] {processor.py:914} INFO - Processing file /home/airflow/.local/lib/python3.12/site-packages/airflow/example_dags/example_trigger_target_dag.py for tasks to queue
[2024-11-20T03:57:48.596+0000] {logging_mixin.py:190} INFO - [2024-11-20T03:57:48.595+0000] {dagbag.py:588} INFO - Filling up the DagBag from /home/airflow/.local/lib/python3.12/site-packages/airflow/example_dags/example_trigger_target_dag.py
[2024-11-20T03:57:48.634+0000] {processor.py:925} INFO - DAG(s) 'example_trigger_target_dag' retrieved from /home/airflow/.local/lib/python3.12/site-packages/airflow/example_dags/example_trigger_target_dag.py
[2024-11-20T03:57:48.691+0000] {logging_mixin.py:190} INFO - [2024-11-20T03:57:48.691+0000] {dag.py:3239} INFO - Sync 1 DAGs
[2024-11-20T03:57:48.752+0000] {logging_mixin.py:190} INFO - [2024-11-20T03:57:48.752+0000] {dag.py:4180} INFO - Setting next_dagrun for example_trigger_target_dag to None, run_after=None
[2024-11-20T03:57:48.826+0000] {processor.py:208} INFO - Processing /home/airflow/.local/lib/python3.12/site-packages/airflow/example_dags/example_trigger_target_dag.py took 0.255 seconds
[2024-11-20T03:58:19.114+0000] {processor.py:186} INFO - Started process (PID=1236) to work on /home/airflow/.local/lib/python3.12/site-packages/airflow/example_dags/example_trigger_target_dag.py
[2024-11-20T03:58:19.115+0000] {processor.py:914} INFO - Processing file /home/airflow/.local/lib/python3.12/site-packages/airflow/example_dags/example_trigger_target_dag.py for tasks to queue
[2024-11-20T03:58:19.119+0000] {logging_mixin.py:190} INFO - [2024-11-20T03:58:19.118+0000] {dagbag.py:588} INFO - Filling up the DagBag from /home/airflow/.local/lib/python3.12/site-packages/airflow/example_dags/example_trigger_target_dag.py
[2024-11-20T03:58:19.133+0000] {processor.py:925} INFO - DAG(s) 'example_trigger_target_dag' retrieved from /home/airflow/.local/lib/python3.12/site-packages/airflow/example_dags/example_trigger_target_dag.py
[2024-11-20T03:58:19.165+0000] {logging_mixin.py:190} INFO - [2024-11-20T03:58:19.165+0000] {dag.py:3239} INFO - Sync 1 DAGs
[2024-11-20T03:58:19.187+0000] {logging_mixin.py:190} INFO - [2024-11-20T03:58:19.186+0000] {dag.py:4180} INFO - Setting next_dagrun for example_trigger_target_dag to None, run_after=None
[2024-11-20T03:58:19.228+0000] {processor.py:208} INFO - Processing /home/airflow/.local/lib/python3.12/site-packages/airflow/example_dags/example_trigger_target_dag.py took 0.124 seconds
[2024-11-20T03:58:50.926+0000] {processor.py:186} INFO - Started process (PID=1296) to work on /home/airflow/.local/lib/python3.12/site-packages/airflow/example_dags/example_trigger_target_dag.py
[2024-11-20T03:58:50.933+0000] {processor.py:914} INFO - Processing file /home/airflow/.local/lib/python3.12/site-packages/airflow/example_dags/example_trigger_target_dag.py for tasks to queue
[2024-11-20T03:58:50.953+0000] {logging_mixin.py:190} INFO - [2024-11-20T03:58:50.952+0000] {dagbag.py:588} INFO - Filling up the DagBag from /home/airflow/.local/lib/python3.12/site-packages/airflow/example_dags/example_trigger_target_dag.py
[2024-11-20T03:58:50.970+0000] {processor.py:925} INFO - DAG(s) 'example_trigger_target_dag' retrieved from /home/airflow/.local/lib/python3.12/site-packages/airflow/example_dags/example_trigger_target_dag.py
[2024-11-20T03:58:51.014+0000] {logging_mixin.py:190} INFO - [2024-11-20T03:58:51.013+0000] {dag.py:3239} INFO - Sync 1 DAGs
[2024-11-20T03:58:51.045+0000] {logging_mixin.py:190} INFO - [2024-11-20T03:58:51.045+0000] {dag.py:4180} INFO - Setting next_dagrun for example_trigger_target_dag to None, run_after=None
[2024-11-20T03:58:51.093+0000] {processor.py:208} INFO - Processing /home/airflow/.local/lib/python3.12/site-packages/airflow/example_dags/example_trigger_target_dag.py took 0.182 seconds
[2024-11-20T03:59:21.975+0000] {processor.py:186} INFO - Started process (PID=1359) to work on /home/airflow/.local/lib/python3.12/site-packages/airflow/example_dags/example_trigger_target_dag.py
[2024-11-20T03:59:21.977+0000] {processor.py:914} INFO - Processing file /home/airflow/.local/lib/python3.12/site-packages/airflow/example_dags/example_trigger_target_dag.py for tasks to queue
[2024-11-20T03:59:21.981+0000] {logging_mixin.py:190} INFO - [2024-11-20T03:59:21.980+0000] {dagbag.py:588} INFO - Filling up the DagBag from /home/airflow/.local/lib/python3.12/site-packages/airflow/example_dags/example_trigger_target_dag.py
[2024-11-20T03:59:21.995+0000] {processor.py:925} INFO - DAG(s) 'example_trigger_target_dag' retrieved from /home/airflow/.local/lib/python3.12/site-packages/airflow/example_dags/example_trigger_target_dag.py
[2024-11-20T03:59:22.030+0000] {logging_mixin.py:190} INFO - [2024-11-20T03:59:22.029+0000] {dag.py:3239} INFO - Sync 1 DAGs
[2024-11-20T03:59:22.056+0000] {logging_mixin.py:190} INFO - [2024-11-20T03:59:22.056+0000] {dag.py:4180} INFO - Setting next_dagrun for example_trigger_target_dag to None, run_after=None
[2024-11-20T03:59:22.094+0000] {processor.py:208} INFO - Processing /home/airflow/.local/lib/python3.12/site-packages/airflow/example_dags/example_trigger_target_dag.py took 0.131 seconds
