[2024-11-20T03:48:00.533+0000] {processor.py:186} INFO - Started process (PID=99) to work on /home/airflow/.local/lib/python3.12/site-packages/airflow/example_dags/example_external_task_marker_dag.py
[2024-11-20T03:48:00.574+0000] {processor.py:914} INFO - Processing file /home/airflow/.local/lib/python3.12/site-packages/airflow/example_dags/example_external_task_marker_dag.py for tasks to queue
[2024-11-20T03:48:00.579+0000] {logging_mixin.py:190} INFO - [2024-11-20T03:48:00.578+0000] {dagbag.py:588} INFO - Filling up the DagBag from /home/airflow/.local/lib/python3.12/site-packages/airflow/example_dags/example_external_task_marker_dag.py
[2024-11-20T03:48:00.660+0000] {processor.py:925} INFO - DAG(s) 'example_external_task_marker_child', 'example_external_task_marker_parent' retrieved from /home/airflow/.local/lib/python3.12/site-packages/airflow/example_dags/example_external_task_marker_dag.py
[2024-11-20T03:48:02.910+0000] {logging_mixin.py:190} INFO - [2024-11-20T03:48:02.589+0000] {override.py:1911} INFO - Created Permission View: can read on DAG:example_external_task_marker_child
[2024-11-20T03:48:04.109+0000] {logging_mixin.py:190} INFO - [2024-11-20T03:48:04.108+0000] {override.py:1911} INFO - Created Permission View: can edit on DAG:example_external_task_marker_child
[2024-11-20T03:48:04.328+0000] {logging_mixin.py:190} INFO - [2024-11-20T03:48:04.328+0000] {override.py:1911} INFO - Created Permission View: can delete on DAG:example_external_task_marker_child
[2024-11-20T03:48:05.054+0000] {logging_mixin.py:190} INFO - [2024-11-20T03:48:05.051+0000] {override.py:1911} INFO - Created Permission View: menu access on DAG Run:example_external_task_marker_child
[2024-11-20T03:48:05.670+0000] {logging_mixin.py:190} INFO - [2024-11-20T03:48:05.668+0000] {override.py:1911} INFO - Created Permission View: can read on DAG Run:example_external_task_marker_child
[2024-11-20T03:48:06.036+0000] {logging_mixin.py:190} INFO - [2024-11-20T03:48:06.035+0000] {override.py:1911} INFO - Created Permission View: can delete on DAG Run:example_external_task_marker_child
[2024-11-20T03:48:06.115+0000] {logging_mixin.py:190} INFO - [2024-11-20T03:48:06.115+0000] {override.py:1911} INFO - Created Permission View: can create on DAG Run:example_external_task_marker_child
[2024-11-20T03:48:06.892+0000] {logging_mixin.py:190} INFO - [2024-11-20T03:48:06.892+0000] {override.py:1911} INFO - Created Permission View: can read on DAG:example_external_task_marker_parent
[2024-11-20T03:48:07.254+0000] {logging_mixin.py:190} INFO - [2024-11-20T03:48:07.253+0000] {override.py:1911} INFO - Created Permission View: can edit on DAG:example_external_task_marker_parent
[2024-11-20T03:48:07.559+0000] {logging_mixin.py:190} INFO - [2024-11-20T03:48:07.558+0000] {override.py:1911} INFO - Created Permission View: can delete on DAG:example_external_task_marker_parent
[2024-11-20T03:48:07.951+0000] {logging_mixin.py:190} INFO - [2024-11-20T03:48:07.950+0000] {override.py:1911} INFO - Created Permission View: menu access on DAG Run:example_external_task_marker_parent
[2024-11-20T03:48:08.171+0000] {logging_mixin.py:190} INFO - [2024-11-20T03:48:08.170+0000] {override.py:1911} INFO - Created Permission View: can read on DAG Run:example_external_task_marker_parent
[2024-11-20T03:48:08.790+0000] {logging_mixin.py:190} INFO - [2024-11-20T03:48:08.789+0000] {override.py:1911} INFO - Created Permission View: can delete on DAG Run:example_external_task_marker_parent
[2024-11-20T03:48:08.980+0000] {logging_mixin.py:190} INFO - [2024-11-20T03:48:08.978+0000] {override.py:1911} INFO - Created Permission View: can create on DAG Run:example_external_task_marker_parent
[2024-11-20T03:48:08.996+0000] {logging_mixin.py:190} INFO - [2024-11-20T03:48:08.986+0000] {dag.py:3239} INFO - Sync 2 DAGs
[2024-11-20T03:48:09.231+0000] {logging_mixin.py:190} INFO - [2024-11-20T03:48:09.231+0000] {dag.py:3262} INFO - Creating ORM DAG for example_external_task_marker_parent
[2024-11-20T03:48:09.233+0000] {logging_mixin.py:190} INFO - [2024-11-20T03:48:09.233+0000] {dag.py:3262} INFO - Creating ORM DAG for example_external_task_marker_child
[2024-11-20T03:48:09.236+0000] {logging_mixin.py:190} INFO - [2024-11-20T03:48:09.234+0000] {dag.py:4180} INFO - Setting next_dagrun for example_external_task_marker_child to None, run_after=None
[2024-11-20T03:48:09.242+0000] {logging_mixin.py:190} INFO - [2024-11-20T03:48:09.242+0000] {dag.py:4180} INFO - Setting next_dagrun for example_external_task_marker_parent to None, run_after=None
[2024-11-20T03:48:09.829+0000] {processor.py:208} INFO - Processing /home/airflow/.local/lib/python3.12/site-packages/airflow/example_dags/example_external_task_marker_dag.py took 9.343 seconds
[2024-11-20T03:49:16.158+0000] {processor.py:186} INFO - Started process (PID=168) to work on /home/airflow/.local/lib/python3.12/site-packages/airflow/example_dags/example_external_task_marker_dag.py
[2024-11-20T03:49:16.160+0000] {processor.py:914} INFO - Processing file /home/airflow/.local/lib/python3.12/site-packages/airflow/example_dags/example_external_task_marker_dag.py for tasks to queue
[2024-11-20T03:49:16.166+0000] {logging_mixin.py:190} INFO - [2024-11-20T03:49:16.164+0000] {dagbag.py:588} INFO - Filling up the DagBag from /home/airflow/.local/lib/python3.12/site-packages/airflow/example_dags/example_external_task_marker_dag.py
[2024-11-20T03:49:16.186+0000] {processor.py:925} INFO - DAG(s) 'example_external_task_marker_parent', 'example_external_task_marker_child' retrieved from /home/airflow/.local/lib/python3.12/site-packages/airflow/example_dags/example_external_task_marker_dag.py
[2024-11-20T03:49:16.264+0000] {logging_mixin.py:190} INFO - [2024-11-20T03:49:16.264+0000] {dag.py:3239} INFO - Sync 2 DAGs
[2024-11-20T03:49:16.313+0000] {logging_mixin.py:190} INFO - [2024-11-20T03:49:16.313+0000] {dag.py:4180} INFO - Setting next_dagrun for example_external_task_marker_child to None, run_after=None
[2024-11-20T03:49:16.327+0000] {logging_mixin.py:190} INFO - [2024-11-20T03:49:16.326+0000] {dag.py:4180} INFO - Setting next_dagrun for example_external_task_marker_parent to None, run_after=None
[2024-11-20T03:49:16.381+0000] {processor.py:208} INFO - Processing /home/airflow/.local/lib/python3.12/site-packages/airflow/example_dags/example_external_task_marker_dag.py took 0.236 seconds
[2024-11-20T03:49:47.355+0000] {processor.py:186} INFO - Started process (PID=232) to work on /home/airflow/.local/lib/python3.12/site-packages/airflow/example_dags/example_external_task_marker_dag.py
[2024-11-20T03:49:47.359+0000] {processor.py:914} INFO - Processing file /home/airflow/.local/lib/python3.12/site-packages/airflow/example_dags/example_external_task_marker_dag.py for tasks to queue
[2024-11-20T03:49:47.376+0000] {logging_mixin.py:190} INFO - [2024-11-20T03:49:47.374+0000] {dagbag.py:588} INFO - Filling up the DagBag from /home/airflow/.local/lib/python3.12/site-packages/airflow/example_dags/example_external_task_marker_dag.py
[2024-11-20T03:49:47.397+0000] {processor.py:925} INFO - DAG(s) 'example_external_task_marker_child', 'example_external_task_marker_parent' retrieved from /home/airflow/.local/lib/python3.12/site-packages/airflow/example_dags/example_external_task_marker_dag.py
[2024-11-20T03:49:47.461+0000] {logging_mixin.py:190} INFO - [2024-11-20T03:49:47.460+0000] {dag.py:3239} INFO - Sync 2 DAGs
[2024-11-20T03:49:47.569+0000] {logging_mixin.py:190} INFO - [2024-11-20T03:49:47.569+0000] {dag.py:4180} INFO - Setting next_dagrun for example_external_task_marker_child to None, run_after=None
[2024-11-20T03:49:47.580+0000] {logging_mixin.py:190} INFO - [2024-11-20T03:49:47.580+0000] {dag.py:4180} INFO - Setting next_dagrun for example_external_task_marker_parent to None, run_after=None
[2024-11-20T03:49:47.666+0000] {processor.py:208} INFO - Processing /home/airflow/.local/lib/python3.12/site-packages/airflow/example_dags/example_external_task_marker_dag.py took 0.351 seconds
[2024-11-20T03:50:30.262+0000] {processor.py:186} INFO - Started process (PID=294) to work on /home/airflow/.local/lib/python3.12/site-packages/airflow/example_dags/example_external_task_marker_dag.py
[2024-11-20T03:50:30.264+0000] {processor.py:914} INFO - Processing file /home/airflow/.local/lib/python3.12/site-packages/airflow/example_dags/example_external_task_marker_dag.py for tasks to queue
[2024-11-20T03:50:30.269+0000] {logging_mixin.py:190} INFO - [2024-11-20T03:50:30.269+0000] {dagbag.py:588} INFO - Filling up the DagBag from /home/airflow/.local/lib/python3.12/site-packages/airflow/example_dags/example_external_task_marker_dag.py
[2024-11-20T03:50:30.288+0000] {processor.py:925} INFO - DAG(s) 'example_external_task_marker_parent', 'example_external_task_marker_child' retrieved from /home/airflow/.local/lib/python3.12/site-packages/airflow/example_dags/example_external_task_marker_dag.py
[2024-11-20T03:50:30.338+0000] {logging_mixin.py:190} INFO - [2024-11-20T03:50:30.338+0000] {dag.py:3239} INFO - Sync 2 DAGs
[2024-11-20T03:50:30.377+0000] {logging_mixin.py:190} INFO - [2024-11-20T03:50:30.377+0000] {dag.py:4180} INFO - Setting next_dagrun for example_external_task_marker_child to None, run_after=None
[2024-11-20T03:50:30.386+0000] {logging_mixin.py:190} INFO - [2024-11-20T03:50:30.386+0000] {dag.py:4180} INFO - Setting next_dagrun for example_external_task_marker_parent to None, run_after=None
[2024-11-20T03:50:30.442+0000] {processor.py:208} INFO - Processing /home/airflow/.local/lib/python3.12/site-packages/airflow/example_dags/example_external_task_marker_dag.py took 0.196 seconds
[2024-11-20T03:51:03.710+0000] {processor.py:186} INFO - Started process (PID=357) to work on /home/airflow/.local/lib/python3.12/site-packages/airflow/example_dags/example_external_task_marker_dag.py
[2024-11-20T03:51:03.712+0000] {processor.py:914} INFO - Processing file /home/airflow/.local/lib/python3.12/site-packages/airflow/example_dags/example_external_task_marker_dag.py for tasks to queue
[2024-11-20T03:51:03.717+0000] {logging_mixin.py:190} INFO - [2024-11-20T03:51:03.716+0000] {dagbag.py:588} INFO - Filling up the DagBag from /home/airflow/.local/lib/python3.12/site-packages/airflow/example_dags/example_external_task_marker_dag.py
[2024-11-20T03:51:03.758+0000] {processor.py:925} INFO - DAG(s) 'example_external_task_marker_parent', 'example_external_task_marker_child' retrieved from /home/airflow/.local/lib/python3.12/site-packages/airflow/example_dags/example_external_task_marker_dag.py
[2024-11-20T03:51:03.870+0000] {logging_mixin.py:190} INFO - [2024-11-20T03:51:03.868+0000] {dag.py:3239} INFO - Sync 2 DAGs
[2024-11-20T03:51:03.986+0000] {logging_mixin.py:190} INFO - [2024-11-20T03:51:03.985+0000] {dag.py:4180} INFO - Setting next_dagrun for example_external_task_marker_child to None, run_after=None
[2024-11-20T03:51:03.998+0000] {logging_mixin.py:190} INFO - [2024-11-20T03:51:03.997+0000] {dag.py:4180} INFO - Setting next_dagrun for example_external_task_marker_parent to None, run_after=None
[2024-11-20T03:51:04.064+0000] {processor.py:208} INFO - Processing /home/airflow/.local/lib/python3.12/site-packages/airflow/example_dags/example_external_task_marker_dag.py took 0.384 seconds
[2024-11-20T03:51:34.955+0000] {processor.py:186} INFO - Started process (PID=420) to work on /home/airflow/.local/lib/python3.12/site-packages/airflow/example_dags/example_external_task_marker_dag.py
[2024-11-20T03:51:34.957+0000] {processor.py:914} INFO - Processing file /home/airflow/.local/lib/python3.12/site-packages/airflow/example_dags/example_external_task_marker_dag.py for tasks to queue
[2024-11-20T03:51:34.977+0000] {logging_mixin.py:190} INFO - [2024-11-20T03:51:34.976+0000] {dagbag.py:588} INFO - Filling up the DagBag from /home/airflow/.local/lib/python3.12/site-packages/airflow/example_dags/example_external_task_marker_dag.py
[2024-11-20T03:51:35.006+0000] {processor.py:925} INFO - DAG(s) 'example_external_task_marker_child', 'example_external_task_marker_parent' retrieved from /home/airflow/.local/lib/python3.12/site-packages/airflow/example_dags/example_external_task_marker_dag.py
[2024-11-20T03:51:35.101+0000] {logging_mixin.py:190} INFO - [2024-11-20T03:51:35.091+0000] {dag.py:3239} INFO - Sync 2 DAGs
[2024-11-20T03:51:35.228+0000] {logging_mixin.py:190} INFO - [2024-11-20T03:51:35.227+0000] {dag.py:4180} INFO - Setting next_dagrun for example_external_task_marker_child to None, run_after=None
[2024-11-20T03:51:35.259+0000] {logging_mixin.py:190} INFO - [2024-11-20T03:51:35.259+0000] {dag.py:4180} INFO - Setting next_dagrun for example_external_task_marker_parent to None, run_after=None
[2024-11-20T03:51:35.323+0000] {processor.py:208} INFO - Processing /home/airflow/.local/lib/python3.12/site-packages/airflow/example_dags/example_external_task_marker_dag.py took 0.391 seconds
[2024-11-20T03:52:05.902+0000] {processor.py:186} INFO - Started process (PID=482) to work on /home/airflow/.local/lib/python3.12/site-packages/airflow/example_dags/example_external_task_marker_dag.py
[2024-11-20T03:52:05.904+0000] {processor.py:914} INFO - Processing file /home/airflow/.local/lib/python3.12/site-packages/airflow/example_dags/example_external_task_marker_dag.py for tasks to queue
[2024-11-20T03:52:05.910+0000] {logging_mixin.py:190} INFO - [2024-11-20T03:52:05.910+0000] {dagbag.py:588} INFO - Filling up the DagBag from /home/airflow/.local/lib/python3.12/site-packages/airflow/example_dags/example_external_task_marker_dag.py
[2024-11-20T03:52:05.923+0000] {processor.py:925} INFO - DAG(s) 'example_external_task_marker_parent', 'example_external_task_marker_child' retrieved from /home/airflow/.local/lib/python3.12/site-packages/airflow/example_dags/example_external_task_marker_dag.py
[2024-11-20T03:52:05.971+0000] {logging_mixin.py:190} INFO - [2024-11-20T03:52:05.970+0000] {dag.py:3239} INFO - Sync 2 DAGs
[2024-11-20T03:52:06.008+0000] {logging_mixin.py:190} INFO - [2024-11-20T03:52:06.008+0000] {dag.py:4180} INFO - Setting next_dagrun for example_external_task_marker_child to None, run_after=None
[2024-11-20T03:52:06.014+0000] {logging_mixin.py:190} INFO - [2024-11-20T03:52:06.014+0000] {dag.py:4180} INFO - Setting next_dagrun for example_external_task_marker_parent to None, run_after=None
[2024-11-20T03:52:06.039+0000] {processor.py:208} INFO - Processing /home/airflow/.local/lib/python3.12/site-packages/airflow/example_dags/example_external_task_marker_dag.py took 0.150 seconds
[2024-11-20T03:52:36.213+0000] {processor.py:186} INFO - Started process (PID=544) to work on /home/airflow/.local/lib/python3.12/site-packages/airflow/example_dags/example_external_task_marker_dag.py
[2024-11-20T03:52:36.215+0000] {processor.py:914} INFO - Processing file /home/airflow/.local/lib/python3.12/site-packages/airflow/example_dags/example_external_task_marker_dag.py for tasks to queue
[2024-11-20T03:52:36.220+0000] {logging_mixin.py:190} INFO - [2024-11-20T03:52:36.219+0000] {dagbag.py:588} INFO - Filling up the DagBag from /home/airflow/.local/lib/python3.12/site-packages/airflow/example_dags/example_external_task_marker_dag.py
[2024-11-20T03:52:36.236+0000] {processor.py:925} INFO - DAG(s) 'example_external_task_marker_parent', 'example_external_task_marker_child' retrieved from /home/airflow/.local/lib/python3.12/site-packages/airflow/example_dags/example_external_task_marker_dag.py
[2024-11-20T03:52:36.289+0000] {logging_mixin.py:190} INFO - [2024-11-20T03:52:36.289+0000] {dag.py:3239} INFO - Sync 2 DAGs
[2024-11-20T03:52:36.320+0000] {logging_mixin.py:190} INFO - [2024-11-20T03:52:36.320+0000] {dag.py:4180} INFO - Setting next_dagrun for example_external_task_marker_child to None, run_after=None
[2024-11-20T03:52:36.327+0000] {logging_mixin.py:190} INFO - [2024-11-20T03:52:36.327+0000] {dag.py:4180} INFO - Setting next_dagrun for example_external_task_marker_parent to None, run_after=None
[2024-11-20T03:52:36.362+0000] {processor.py:208} INFO - Processing /home/airflow/.local/lib/python3.12/site-packages/airflow/example_dags/example_external_task_marker_dag.py took 0.163 seconds
[2024-11-20T03:53:11.817+0000] {processor.py:186} INFO - Started process (PID=606) to work on /home/airflow/.local/lib/python3.12/site-packages/airflow/example_dags/example_external_task_marker_dag.py
[2024-11-20T03:53:11.826+0000] {processor.py:914} INFO - Processing file /home/airflow/.local/lib/python3.12/site-packages/airflow/example_dags/example_external_task_marker_dag.py for tasks to queue
[2024-11-20T03:53:11.835+0000] {logging_mixin.py:190} INFO - [2024-11-20T03:53:11.835+0000] {dagbag.py:588} INFO - Filling up the DagBag from /home/airflow/.local/lib/python3.12/site-packages/airflow/example_dags/example_external_task_marker_dag.py
[2024-11-20T03:53:11.872+0000] {processor.py:925} INFO - DAG(s) 'example_external_task_marker_child', 'example_external_task_marker_parent' retrieved from /home/airflow/.local/lib/python3.12/site-packages/airflow/example_dags/example_external_task_marker_dag.py
[2024-11-20T03:53:11.930+0000] {logging_mixin.py:190} INFO - [2024-11-20T03:53:11.929+0000] {dag.py:3239} INFO - Sync 2 DAGs
[2024-11-20T03:53:11.983+0000] {logging_mixin.py:190} INFO - [2024-11-20T03:53:11.983+0000] {dag.py:4180} INFO - Setting next_dagrun for example_external_task_marker_child to None, run_after=None
[2024-11-20T03:53:12.001+0000] {logging_mixin.py:190} INFO - [2024-11-20T03:53:12.000+0000] {dag.py:4180} INFO - Setting next_dagrun for example_external_task_marker_parent to None, run_after=None
[2024-11-20T03:53:12.153+0000] {processor.py:208} INFO - Processing /home/airflow/.local/lib/python3.12/site-packages/airflow/example_dags/example_external_task_marker_dag.py took 0.354 seconds
[2024-11-20T03:53:42.626+0000] {processor.py:186} INFO - Started process (PID=669) to work on /home/airflow/.local/lib/python3.12/site-packages/airflow/example_dags/example_external_task_marker_dag.py
[2024-11-20T03:53:42.629+0000] {processor.py:914} INFO - Processing file /home/airflow/.local/lib/python3.12/site-packages/airflow/example_dags/example_external_task_marker_dag.py for tasks to queue
[2024-11-20T03:53:42.639+0000] {logging_mixin.py:190} INFO - [2024-11-20T03:53:42.639+0000] {dagbag.py:588} INFO - Filling up the DagBag from /home/airflow/.local/lib/python3.12/site-packages/airflow/example_dags/example_external_task_marker_dag.py
[2024-11-20T03:53:42.664+0000] {processor.py:925} INFO - DAG(s) 'example_external_task_marker_child', 'example_external_task_marker_parent' retrieved from /home/airflow/.local/lib/python3.12/site-packages/airflow/example_dags/example_external_task_marker_dag.py
[2024-11-20T03:53:42.742+0000] {logging_mixin.py:190} INFO - [2024-11-20T03:53:42.741+0000] {dag.py:3239} INFO - Sync 2 DAGs
[2024-11-20T03:53:42.795+0000] {logging_mixin.py:190} INFO - [2024-11-20T03:53:42.795+0000] {dag.py:4180} INFO - Setting next_dagrun for example_external_task_marker_child to None, run_after=None
[2024-11-20T03:53:42.823+0000] {logging_mixin.py:190} INFO - [2024-11-20T03:53:42.823+0000] {dag.py:4180} INFO - Setting next_dagrun for example_external_task_marker_parent to None, run_after=None
[2024-11-20T03:53:42.874+0000] {processor.py:208} INFO - Processing /home/airflow/.local/lib/python3.12/site-packages/airflow/example_dags/example_external_task_marker_dag.py took 0.268 seconds
[2024-11-20T03:54:13.178+0000] {processor.py:186} INFO - Started process (PID=732) to work on /home/airflow/.local/lib/python3.12/site-packages/airflow/example_dags/example_external_task_marker_dag.py
[2024-11-20T03:54:13.191+0000] {processor.py:914} INFO - Processing file /home/airflow/.local/lib/python3.12/site-packages/airflow/example_dags/example_external_task_marker_dag.py for tasks to queue
[2024-11-20T03:54:13.205+0000] {logging_mixin.py:190} INFO - [2024-11-20T03:54:13.205+0000] {dagbag.py:588} INFO - Filling up the DagBag from /home/airflow/.local/lib/python3.12/site-packages/airflow/example_dags/example_external_task_marker_dag.py
[2024-11-20T03:54:13.250+0000] {processor.py:925} INFO - DAG(s) 'example_external_task_marker_parent', 'example_external_task_marker_child' retrieved from /home/airflow/.local/lib/python3.12/site-packages/airflow/example_dags/example_external_task_marker_dag.py
[2024-11-20T03:54:13.335+0000] {logging_mixin.py:190} INFO - [2024-11-20T03:54:13.333+0000] {dag.py:3239} INFO - Sync 2 DAGs
[2024-11-20T03:54:13.418+0000] {logging_mixin.py:190} INFO - [2024-11-20T03:54:13.417+0000] {dag.py:4180} INFO - Setting next_dagrun for example_external_task_marker_child to None, run_after=None
[2024-11-20T03:54:13.519+0000] {logging_mixin.py:190} INFO - [2024-11-20T03:54:13.519+0000] {dag.py:4180} INFO - Setting next_dagrun for example_external_task_marker_parent to None, run_after=None
[2024-11-20T03:54:13.672+0000] {processor.py:208} INFO - Processing /home/airflow/.local/lib/python3.12/site-packages/airflow/example_dags/example_external_task_marker_dag.py took 0.511 seconds
[2024-11-20T03:54:44.578+0000] {processor.py:186} INFO - Started process (PID=795) to work on /home/airflow/.local/lib/python3.12/site-packages/airflow/example_dags/example_external_task_marker_dag.py
[2024-11-20T03:54:44.580+0000] {processor.py:914} INFO - Processing file /home/airflow/.local/lib/python3.12/site-packages/airflow/example_dags/example_external_task_marker_dag.py for tasks to queue
[2024-11-20T03:54:44.584+0000] {logging_mixin.py:190} INFO - [2024-11-20T03:54:44.584+0000] {dagbag.py:588} INFO - Filling up the DagBag from /home/airflow/.local/lib/python3.12/site-packages/airflow/example_dags/example_external_task_marker_dag.py
[2024-11-20T03:54:44.600+0000] {processor.py:925} INFO - DAG(s) 'example_external_task_marker_child', 'example_external_task_marker_parent' retrieved from /home/airflow/.local/lib/python3.12/site-packages/airflow/example_dags/example_external_task_marker_dag.py
[2024-11-20T03:54:44.645+0000] {logging_mixin.py:190} INFO - [2024-11-20T03:54:44.645+0000] {dag.py:3239} INFO - Sync 2 DAGs
[2024-11-20T03:54:44.671+0000] {logging_mixin.py:190} INFO - [2024-11-20T03:54:44.671+0000] {dag.py:4180} INFO - Setting next_dagrun for example_external_task_marker_child to None, run_after=None
[2024-11-20T03:54:44.678+0000] {logging_mixin.py:190} INFO - [2024-11-20T03:54:44.678+0000] {dag.py:4180} INFO - Setting next_dagrun for example_external_task_marker_parent to None, run_after=None
[2024-11-20T03:54:44.711+0000] {processor.py:208} INFO - Processing /home/airflow/.local/lib/python3.12/site-packages/airflow/example_dags/example_external_task_marker_dag.py took 0.145 seconds
[2024-11-20T03:55:15.296+0000] {processor.py:186} INFO - Started process (PID=858) to work on /home/airflow/.local/lib/python3.12/site-packages/airflow/example_dags/example_external_task_marker_dag.py
[2024-11-20T03:55:15.298+0000] {processor.py:914} INFO - Processing file /home/airflow/.local/lib/python3.12/site-packages/airflow/example_dags/example_external_task_marker_dag.py for tasks to queue
[2024-11-20T03:55:15.301+0000] {logging_mixin.py:190} INFO - [2024-11-20T03:55:15.301+0000] {dagbag.py:588} INFO - Filling up the DagBag from /home/airflow/.local/lib/python3.12/site-packages/airflow/example_dags/example_external_task_marker_dag.py
[2024-11-20T03:55:15.326+0000] {processor.py:925} INFO - DAG(s) 'example_external_task_marker_parent', 'example_external_task_marker_child' retrieved from /home/airflow/.local/lib/python3.12/site-packages/airflow/example_dags/example_external_task_marker_dag.py
[2024-11-20T03:55:15.374+0000] {logging_mixin.py:190} INFO - [2024-11-20T03:55:15.374+0000] {dag.py:3239} INFO - Sync 2 DAGs
[2024-11-20T03:55:15.425+0000] {logging_mixin.py:190} INFO - [2024-11-20T03:55:15.425+0000] {dag.py:4180} INFO - Setting next_dagrun for example_external_task_marker_child to None, run_after=None
[2024-11-20T03:55:15.438+0000] {logging_mixin.py:190} INFO - [2024-11-20T03:55:15.438+0000] {dag.py:4180} INFO - Setting next_dagrun for example_external_task_marker_parent to None, run_after=None
[2024-11-20T03:55:15.476+0000] {processor.py:208} INFO - Processing /home/airflow/.local/lib/python3.12/site-packages/airflow/example_dags/example_external_task_marker_dag.py took 0.191 seconds
[2024-11-20T03:55:45.941+0000] {processor.py:186} INFO - Started process (PID=921) to work on /home/airflow/.local/lib/python3.12/site-packages/airflow/example_dags/example_external_task_marker_dag.py
[2024-11-20T03:55:45.943+0000] {processor.py:914} INFO - Processing file /home/airflow/.local/lib/python3.12/site-packages/airflow/example_dags/example_external_task_marker_dag.py for tasks to queue
[2024-11-20T03:55:45.947+0000] {logging_mixin.py:190} INFO - [2024-11-20T03:55:45.946+0000] {dagbag.py:588} INFO - Filling up the DagBag from /home/airflow/.local/lib/python3.12/site-packages/airflow/example_dags/example_external_task_marker_dag.py
[2024-11-20T03:55:45.968+0000] {processor.py:925} INFO - DAG(s) 'example_external_task_marker_parent', 'example_external_task_marker_child' retrieved from /home/airflow/.local/lib/python3.12/site-packages/airflow/example_dags/example_external_task_marker_dag.py
[2024-11-20T03:55:46.038+0000] {logging_mixin.py:190} INFO - [2024-11-20T03:55:46.038+0000] {dag.py:3239} INFO - Sync 2 DAGs
[2024-11-20T03:55:46.096+0000] {logging_mixin.py:190} INFO - [2024-11-20T03:55:46.096+0000] {dag.py:4180} INFO - Setting next_dagrun for example_external_task_marker_child to None, run_after=None
[2024-11-20T03:55:46.113+0000] {logging_mixin.py:190} INFO - [2024-11-20T03:55:46.113+0000] {dag.py:4180} INFO - Setting next_dagrun for example_external_task_marker_parent to None, run_after=None
[2024-11-20T03:55:46.163+0000] {processor.py:208} INFO - Processing /home/airflow/.local/lib/python3.12/site-packages/airflow/example_dags/example_external_task_marker_dag.py took 0.237 seconds
[2024-11-20T03:56:16.373+0000] {processor.py:186} INFO - Started process (PID=984) to work on /home/airflow/.local/lib/python3.12/site-packages/airflow/example_dags/example_external_task_marker_dag.py
[2024-11-20T03:56:16.375+0000] {processor.py:914} INFO - Processing file /home/airflow/.local/lib/python3.12/site-packages/airflow/example_dags/example_external_task_marker_dag.py for tasks to queue
[2024-11-20T03:56:16.380+0000] {logging_mixin.py:190} INFO - [2024-11-20T03:56:16.379+0000] {dagbag.py:588} INFO - Filling up the DagBag from /home/airflow/.local/lib/python3.12/site-packages/airflow/example_dags/example_external_task_marker_dag.py
[2024-11-20T03:56:16.398+0000] {processor.py:925} INFO - DAG(s) 'example_external_task_marker_child', 'example_external_task_marker_parent' retrieved from /home/airflow/.local/lib/python3.12/site-packages/airflow/example_dags/example_external_task_marker_dag.py
[2024-11-20T03:56:16.465+0000] {logging_mixin.py:190} INFO - [2024-11-20T03:56:16.464+0000] {dag.py:3239} INFO - Sync 2 DAGs
[2024-11-20T03:56:16.512+0000] {logging_mixin.py:190} INFO - [2024-11-20T03:56:16.512+0000] {dag.py:4180} INFO - Setting next_dagrun for example_external_task_marker_child to None, run_after=None
[2024-11-20T03:56:16.522+0000] {logging_mixin.py:190} INFO - [2024-11-20T03:56:16.522+0000] {dag.py:4180} INFO - Setting next_dagrun for example_external_task_marker_parent to None, run_after=None
[2024-11-20T03:56:16.556+0000] {processor.py:208} INFO - Processing /home/airflow/.local/lib/python3.12/site-packages/airflow/example_dags/example_external_task_marker_dag.py took 0.196 seconds
[2024-11-20T03:56:47.240+0000] {processor.py:186} INFO - Started process (PID=1045) to work on /home/airflow/.local/lib/python3.12/site-packages/airflow/example_dags/example_external_task_marker_dag.py
[2024-11-20T03:56:47.241+0000] {processor.py:914} INFO - Processing file /home/airflow/.local/lib/python3.12/site-packages/airflow/example_dags/example_external_task_marker_dag.py for tasks to queue
[2024-11-20T03:56:47.245+0000] {logging_mixin.py:190} INFO - [2024-11-20T03:56:47.244+0000] {dagbag.py:588} INFO - Filling up the DagBag from /home/airflow/.local/lib/python3.12/site-packages/airflow/example_dags/example_external_task_marker_dag.py
[2024-11-20T03:56:47.262+0000] {processor.py:925} INFO - DAG(s) 'example_external_task_marker_child', 'example_external_task_marker_parent' retrieved from /home/airflow/.local/lib/python3.12/site-packages/airflow/example_dags/example_external_task_marker_dag.py
[2024-11-20T03:56:47.336+0000] {logging_mixin.py:190} INFO - [2024-11-20T03:56:47.336+0000] {dag.py:3239} INFO - Sync 2 DAGs
[2024-11-20T03:56:47.373+0000] {logging_mixin.py:190} INFO - [2024-11-20T03:56:47.372+0000] {dag.py:4180} INFO - Setting next_dagrun for example_external_task_marker_child to None, run_after=None
[2024-11-20T03:56:47.382+0000] {logging_mixin.py:190} INFO - [2024-11-20T03:56:47.382+0000] {dag.py:4180} INFO - Setting next_dagrun for example_external_task_marker_parent to None, run_after=None
[2024-11-20T03:56:47.430+0000] {processor.py:208} INFO - Processing /home/airflow/.local/lib/python3.12/site-packages/airflow/example_dags/example_external_task_marker_dag.py took 0.201 seconds
[2024-11-20T03:57:17.593+0000] {processor.py:186} INFO - Started process (PID=1108) to work on /home/airflow/.local/lib/python3.12/site-packages/airflow/example_dags/example_external_task_marker_dag.py
[2024-11-20T03:57:17.595+0000] {processor.py:914} INFO - Processing file /home/airflow/.local/lib/python3.12/site-packages/airflow/example_dags/example_external_task_marker_dag.py for tasks to queue
[2024-11-20T03:57:17.600+0000] {logging_mixin.py:190} INFO - [2024-11-20T03:57:17.599+0000] {dagbag.py:588} INFO - Filling up the DagBag from /home/airflow/.local/lib/python3.12/site-packages/airflow/example_dags/example_external_task_marker_dag.py
[2024-11-20T03:57:17.617+0000] {processor.py:925} INFO - DAG(s) 'example_external_task_marker_child', 'example_external_task_marker_parent' retrieved from /home/airflow/.local/lib/python3.12/site-packages/airflow/example_dags/example_external_task_marker_dag.py
[2024-11-20T03:57:17.670+0000] {logging_mixin.py:190} INFO - [2024-11-20T03:57:17.670+0000] {dag.py:3239} INFO - Sync 2 DAGs
[2024-11-20T03:57:17.706+0000] {logging_mixin.py:190} INFO - [2024-11-20T03:57:17.705+0000] {dag.py:4180} INFO - Setting next_dagrun for example_external_task_marker_child to None, run_after=None
[2024-11-20T03:57:17.713+0000] {logging_mixin.py:190} INFO - [2024-11-20T03:57:17.713+0000] {dag.py:4180} INFO - Setting next_dagrun for example_external_task_marker_parent to None, run_after=None
[2024-11-20T03:57:17.753+0000] {processor.py:208} INFO - Processing /home/airflow/.local/lib/python3.12/site-packages/airflow/example_dags/example_external_task_marker_dag.py took 0.174 seconds
[2024-11-20T03:57:48.297+0000] {processor.py:186} INFO - Started process (PID=1171) to work on /home/airflow/.local/lib/python3.12/site-packages/airflow/example_dags/example_external_task_marker_dag.py
[2024-11-20T03:57:48.299+0000] {processor.py:914} INFO - Processing file /home/airflow/.local/lib/python3.12/site-packages/airflow/example_dags/example_external_task_marker_dag.py for tasks to queue
[2024-11-20T03:57:48.307+0000] {logging_mixin.py:190} INFO - [2024-11-20T03:57:48.306+0000] {dagbag.py:588} INFO - Filling up the DagBag from /home/airflow/.local/lib/python3.12/site-packages/airflow/example_dags/example_external_task_marker_dag.py
[2024-11-20T03:57:48.327+0000] {processor.py:925} INFO - DAG(s) 'example_external_task_marker_child', 'example_external_task_marker_parent' retrieved from /home/airflow/.local/lib/python3.12/site-packages/airflow/example_dags/example_external_task_marker_dag.py
[2024-11-20T03:57:48.396+0000] {logging_mixin.py:190} INFO - [2024-11-20T03:57:48.395+0000] {dag.py:3239} INFO - Sync 2 DAGs
[2024-11-20T03:57:48.442+0000] {logging_mixin.py:190} INFO - [2024-11-20T03:57:48.441+0000] {dag.py:4180} INFO - Setting next_dagrun for example_external_task_marker_child to None, run_after=None
[2024-11-20T03:57:48.452+0000] {logging_mixin.py:190} INFO - [2024-11-20T03:57:48.452+0000] {dag.py:4180} INFO - Setting next_dagrun for example_external_task_marker_parent to None, run_after=None
[2024-11-20T03:57:48.509+0000] {processor.py:208} INFO - Processing /home/airflow/.local/lib/python3.12/site-packages/airflow/example_dags/example_external_task_marker_dag.py took 0.222 seconds
[2024-11-20T03:58:18.885+0000] {processor.py:186} INFO - Started process (PID=1234) to work on /home/airflow/.local/lib/python3.12/site-packages/airflow/example_dags/example_external_task_marker_dag.py
[2024-11-20T03:58:18.887+0000] {processor.py:914} INFO - Processing file /home/airflow/.local/lib/python3.12/site-packages/airflow/example_dags/example_external_task_marker_dag.py for tasks to queue
[2024-11-20T03:58:18.890+0000] {logging_mixin.py:190} INFO - [2024-11-20T03:58:18.890+0000] {dagbag.py:588} INFO - Filling up the DagBag from /home/airflow/.local/lib/python3.12/site-packages/airflow/example_dags/example_external_task_marker_dag.py
[2024-11-20T03:58:18.908+0000] {processor.py:925} INFO - DAG(s) 'example_external_task_marker_parent', 'example_external_task_marker_child' retrieved from /home/airflow/.local/lib/python3.12/site-packages/airflow/example_dags/example_external_task_marker_dag.py
[2024-11-20T03:58:18.979+0000] {logging_mixin.py:190} INFO - [2024-11-20T03:58:18.979+0000] {dag.py:3239} INFO - Sync 2 DAGs
[2024-11-20T03:58:19.008+0000] {logging_mixin.py:190} INFO - [2024-11-20T03:58:19.007+0000] {dag.py:4180} INFO - Setting next_dagrun for example_external_task_marker_child to None, run_after=None
[2024-11-20T03:58:19.016+0000] {logging_mixin.py:190} INFO - [2024-11-20T03:58:19.016+0000] {dag.py:4180} INFO - Setting next_dagrun for example_external_task_marker_parent to None, run_after=None
[2024-11-20T03:58:19.051+0000] {processor.py:208} INFO - Processing /home/airflow/.local/lib/python3.12/site-packages/airflow/example_dags/example_external_task_marker_dag.py took 0.179 seconds
[2024-11-20T03:58:50.418+0000] {processor.py:186} INFO - Started process (PID=1294) to work on /home/airflow/.local/lib/python3.12/site-packages/airflow/example_dags/example_external_task_marker_dag.py
[2024-11-20T03:58:50.432+0000] {processor.py:914} INFO - Processing file /home/airflow/.local/lib/python3.12/site-packages/airflow/example_dags/example_external_task_marker_dag.py for tasks to queue
[2024-11-20T03:58:50.439+0000] {logging_mixin.py:190} INFO - [2024-11-20T03:58:50.437+0000] {dagbag.py:588} INFO - Filling up the DagBag from /home/airflow/.local/lib/python3.12/site-packages/airflow/example_dags/example_external_task_marker_dag.py
[2024-11-20T03:58:50.472+0000] {processor.py:925} INFO - DAG(s) 'example_external_task_marker_child', 'example_external_task_marker_parent' retrieved from /home/airflow/.local/lib/python3.12/site-packages/airflow/example_dags/example_external_task_marker_dag.py
[2024-11-20T03:58:50.538+0000] {logging_mixin.py:190} INFO - [2024-11-20T03:58:50.537+0000] {dag.py:3239} INFO - Sync 2 DAGs
[2024-11-20T03:58:50.587+0000] {logging_mixin.py:190} INFO - [2024-11-20T03:58:50.587+0000] {dag.py:4180} INFO - Setting next_dagrun for example_external_task_marker_child to None, run_after=None
[2024-11-20T03:58:50.612+0000] {logging_mixin.py:190} INFO - [2024-11-20T03:58:50.611+0000] {dag.py:4180} INFO - Setting next_dagrun for example_external_task_marker_parent to None, run_after=None
[2024-11-20T03:58:50.655+0000] {processor.py:208} INFO - Processing /home/airflow/.local/lib/python3.12/site-packages/airflow/example_dags/example_external_task_marker_dag.py took 0.254 seconds
[2024-11-20T03:59:21.545+0000] {processor.py:186} INFO - Started process (PID=1357) to work on /home/airflow/.local/lib/python3.12/site-packages/airflow/example_dags/example_external_task_marker_dag.py
[2024-11-20T03:59:21.547+0000] {processor.py:914} INFO - Processing file /home/airflow/.local/lib/python3.12/site-packages/airflow/example_dags/example_external_task_marker_dag.py for tasks to queue
[2024-11-20T03:59:21.551+0000] {logging_mixin.py:190} INFO - [2024-11-20T03:59:21.551+0000] {dagbag.py:588} INFO - Filling up the DagBag from /home/airflow/.local/lib/python3.12/site-packages/airflow/example_dags/example_external_task_marker_dag.py
[2024-11-20T03:59:21.567+0000] {processor.py:925} INFO - DAG(s) 'example_external_task_marker_parent', 'example_external_task_marker_child' retrieved from /home/airflow/.local/lib/python3.12/site-packages/airflow/example_dags/example_external_task_marker_dag.py
[2024-11-20T03:59:21.622+0000] {logging_mixin.py:190} INFO - [2024-11-20T03:59:21.622+0000] {dag.py:3239} INFO - Sync 2 DAGs
[2024-11-20T03:59:21.657+0000] {logging_mixin.py:190} INFO - [2024-11-20T03:59:21.657+0000] {dag.py:4180} INFO - Setting next_dagrun for example_external_task_marker_child to None, run_after=None
[2024-11-20T03:59:21.665+0000] {logging_mixin.py:190} INFO - [2024-11-20T03:59:21.665+0000] {dag.py:4180} INFO - Setting next_dagrun for example_external_task_marker_parent to None, run_after=None
[2024-11-20T03:59:21.709+0000] {processor.py:208} INFO - Processing /home/airflow/.local/lib/python3.12/site-packages/airflow/example_dags/example_external_task_marker_dag.py took 0.175 seconds
