[2024-11-20T03:49:05.802+0000] {processor.py:186} INFO - Started process (PID=136) to work on /home/airflow/.local/lib/python3.12/site-packages/airflow/example_dags/example_complex.py
[2024-11-20T03:49:05.805+0000] {processor.py:914} INFO - Processing file /home/airflow/.local/lib/python3.12/site-packages/airflow/example_dags/example_complex.py for tasks to queue
[2024-11-20T03:49:05.822+0000] {logging_mixin.py:190} INFO - [2024-11-20T03:49:05.822+0000] {dagbag.py:588} INFO - Filling up the DagBag from /home/airflow/.local/lib/python3.12/site-packages/airflow/example_dags/example_complex.py
[2024-11-20T03:49:05.881+0000] {processor.py:925} INFO - DAG(s) 'example_complex' retrieved from /home/airflow/.local/lib/python3.12/site-packages/airflow/example_dags/example_complex.py
[2024-11-20T03:49:06.566+0000] {logging_mixin.py:190} INFO - [2024-11-20T03:49:06.564+0000] {override.py:1911} INFO - Created Permission View: can read on DAG:example_complex
[2024-11-20T03:49:06.604+0000] {logging_mixin.py:190} INFO - [2024-11-20T03:49:06.604+0000] {override.py:1911} INFO - Created Permission View: can edit on DAG:example_complex
[2024-11-20T03:49:06.623+0000] {logging_mixin.py:190} INFO - [2024-11-20T03:49:06.622+0000] {override.py:1911} INFO - Created Permission View: can delete on DAG:example_complex
[2024-11-20T03:49:06.663+0000] {logging_mixin.py:190} INFO - [2024-11-20T03:49:06.662+0000] {override.py:1911} INFO - Created Permission View: menu access on DAG Run:example_complex
[2024-11-20T03:49:06.690+0000] {logging_mixin.py:190} INFO - [2024-11-20T03:49:06.689+0000] {override.py:1911} INFO - Created Permission View: can read on DAG Run:example_complex
[2024-11-20T03:49:06.713+0000] {logging_mixin.py:190} INFO - [2024-11-20T03:49:06.712+0000] {override.py:1911} INFO - Created Permission View: can delete on DAG Run:example_complex
[2024-11-20T03:49:06.747+0000] {logging_mixin.py:190} INFO - [2024-11-20T03:49:06.747+0000] {override.py:1911} INFO - Created Permission View: can create on DAG Run:example_complex
[2024-11-20T03:49:06.749+0000] {logging_mixin.py:190} INFO - [2024-11-20T03:49:06.748+0000] {dag.py:3239} INFO - Sync 1 DAGs
[2024-11-20T03:49:06.788+0000] {logging_mixin.py:190} INFO - [2024-11-20T03:49:06.787+0000] {dag.py:3262} INFO - Creating ORM DAG for example_complex
[2024-11-20T03:49:06.790+0000] {logging_mixin.py:190} INFO - [2024-11-20T03:49:06.789+0000] {dag.py:4180} INFO - Setting next_dagrun for example_complex to None, run_after=None
[2024-11-20T03:49:06.837+0000] {processor.py:208} INFO - Processing /home/airflow/.local/lib/python3.12/site-packages/airflow/example_dags/example_complex.py took 1.048 seconds
[2024-11-20T03:49:38.306+0000] {processor.py:186} INFO - Started process (PID=200) to work on /home/airflow/.local/lib/python3.12/site-packages/airflow/example_dags/example_complex.py
[2024-11-20T03:49:38.313+0000] {processor.py:914} INFO - Processing file /home/airflow/.local/lib/python3.12/site-packages/airflow/example_dags/example_complex.py for tasks to queue
[2024-11-20T03:49:38.318+0000] {logging_mixin.py:190} INFO - [2024-11-20T03:49:38.317+0000] {dagbag.py:588} INFO - Filling up the DagBag from /home/airflow/.local/lib/python3.12/site-packages/airflow/example_dags/example_complex.py
[2024-11-20T03:49:38.351+0000] {processor.py:925} INFO - DAG(s) 'example_complex' retrieved from /home/airflow/.local/lib/python3.12/site-packages/airflow/example_dags/example_complex.py
[2024-11-20T03:49:38.459+0000] {logging_mixin.py:190} INFO - [2024-11-20T03:49:38.458+0000] {dag.py:3239} INFO - Sync 1 DAGs
[2024-11-20T03:49:38.509+0000] {logging_mixin.py:190} INFO - [2024-11-20T03:49:38.507+0000] {dag.py:4180} INFO - Setting next_dagrun for example_complex to None, run_after=None
[2024-11-20T03:49:38.557+0000] {processor.py:208} INFO - Processing /home/airflow/.local/lib/python3.12/site-packages/airflow/example_dags/example_complex.py took 0.273 seconds
[2024-11-20T03:50:10.338+0000] {processor.py:186} INFO - Started process (PID=263) to work on /home/airflow/.local/lib/python3.12/site-packages/airflow/example_dags/example_complex.py
[2024-11-20T03:50:10.341+0000] {processor.py:914} INFO - Processing file /home/airflow/.local/lib/python3.12/site-packages/airflow/example_dags/example_complex.py for tasks to queue
[2024-11-20T03:50:10.347+0000] {logging_mixin.py:190} INFO - [2024-11-20T03:50:10.346+0000] {dagbag.py:588} INFO - Filling up the DagBag from /home/airflow/.local/lib/python3.12/site-packages/airflow/example_dags/example_complex.py
[2024-11-20T03:50:10.425+0000] {processor.py:925} INFO - DAG(s) 'example_complex' retrieved from /home/airflow/.local/lib/python3.12/site-packages/airflow/example_dags/example_complex.py
[2024-11-20T03:50:10.537+0000] {logging_mixin.py:190} INFO - [2024-11-20T03:50:10.537+0000] {dag.py:3239} INFO - Sync 1 DAGs
[2024-11-20T03:50:10.575+0000] {logging_mixin.py:190} INFO - [2024-11-20T03:50:10.572+0000] {dag.py:4180} INFO - Setting next_dagrun for example_complex to None, run_after=None
[2024-11-20T03:50:10.628+0000] {processor.py:208} INFO - Processing /home/airflow/.local/lib/python3.12/site-packages/airflow/example_dags/example_complex.py took 0.328 seconds
[2024-11-20T03:50:41.568+0000] {processor.py:186} INFO - Started process (PID=325) to work on /home/airflow/.local/lib/python3.12/site-packages/airflow/example_dags/example_complex.py
[2024-11-20T03:50:41.570+0000] {processor.py:914} INFO - Processing file /home/airflow/.local/lib/python3.12/site-packages/airflow/example_dags/example_complex.py for tasks to queue
[2024-11-20T03:50:41.573+0000] {logging_mixin.py:190} INFO - [2024-11-20T03:50:41.573+0000] {dagbag.py:588} INFO - Filling up the DagBag from /home/airflow/.local/lib/python3.12/site-packages/airflow/example_dags/example_complex.py
[2024-11-20T03:50:41.592+0000] {processor.py:925} INFO - DAG(s) 'example_complex' retrieved from /home/airflow/.local/lib/python3.12/site-packages/airflow/example_dags/example_complex.py
[2024-11-20T03:50:41.641+0000] {logging_mixin.py:190} INFO - [2024-11-20T03:50:41.640+0000] {dag.py:3239} INFO - Sync 1 DAGs
[2024-11-20T03:50:41.664+0000] {logging_mixin.py:190} INFO - [2024-11-20T03:50:41.664+0000] {dag.py:4180} INFO - Setting next_dagrun for example_complex to None, run_after=None
[2024-11-20T03:50:41.728+0000] {processor.py:208} INFO - Processing /home/airflow/.local/lib/python3.12/site-packages/airflow/example_dags/example_complex.py took 0.172 seconds
[2024-11-20T03:51:11.853+0000] {processor.py:186} INFO - Started process (PID=389) to work on /home/airflow/.local/lib/python3.12/site-packages/airflow/example_dags/example_complex.py
[2024-11-20T03:51:11.856+0000] {processor.py:914} INFO - Processing file /home/airflow/.local/lib/python3.12/site-packages/airflow/example_dags/example_complex.py for tasks to queue
[2024-11-20T03:51:11.861+0000] {logging_mixin.py:190} INFO - [2024-11-20T03:51:11.860+0000] {dagbag.py:588} INFO - Filling up the DagBag from /home/airflow/.local/lib/python3.12/site-packages/airflow/example_dags/example_complex.py
[2024-11-20T03:51:11.894+0000] {processor.py:925} INFO - DAG(s) 'example_complex' retrieved from /home/airflow/.local/lib/python3.12/site-packages/airflow/example_dags/example_complex.py
[2024-11-20T03:51:12.020+0000] {logging_mixin.py:190} INFO - [2024-11-20T03:51:12.019+0000] {dag.py:3239} INFO - Sync 1 DAGs
[2024-11-20T03:51:12.049+0000] {logging_mixin.py:190} INFO - [2024-11-20T03:51:12.048+0000] {dag.py:4180} INFO - Setting next_dagrun for example_complex to None, run_after=None
[2024-11-20T03:51:12.091+0000] {processor.py:208} INFO - Processing /home/airflow/.local/lib/python3.12/site-packages/airflow/example_dags/example_complex.py took 0.252 seconds
[2024-11-20T03:51:42.693+0000] {processor.py:186} INFO - Started process (PID=449) to work on /home/airflow/.local/lib/python3.12/site-packages/airflow/example_dags/example_complex.py
[2024-11-20T03:51:42.695+0000] {processor.py:914} INFO - Processing file /home/airflow/.local/lib/python3.12/site-packages/airflow/example_dags/example_complex.py for tasks to queue
[2024-11-20T03:51:42.699+0000] {logging_mixin.py:190} INFO - [2024-11-20T03:51:42.699+0000] {dagbag.py:588} INFO - Filling up the DagBag from /home/airflow/.local/lib/python3.12/site-packages/airflow/example_dags/example_complex.py
[2024-11-20T03:51:42.729+0000] {processor.py:925} INFO - DAG(s) 'example_complex' retrieved from /home/airflow/.local/lib/python3.12/site-packages/airflow/example_dags/example_complex.py
[2024-11-20T03:51:42.821+0000] {logging_mixin.py:190} INFO - [2024-11-20T03:51:42.820+0000] {dag.py:3239} INFO - Sync 1 DAGs
[2024-11-20T03:51:42.892+0000] {logging_mixin.py:190} INFO - [2024-11-20T03:51:42.892+0000] {dag.py:4180} INFO - Setting next_dagrun for example_complex to None, run_after=None
[2024-11-20T03:51:42.960+0000] {processor.py:208} INFO - Processing /home/airflow/.local/lib/python3.12/site-packages/airflow/example_dags/example_complex.py took 0.279 seconds
[2024-11-20T03:52:15.950+0000] {processor.py:186} INFO - Started process (PID=511) to work on /home/airflow/.local/lib/python3.12/site-packages/airflow/example_dags/example_complex.py
[2024-11-20T03:52:15.952+0000] {processor.py:914} INFO - Processing file /home/airflow/.local/lib/python3.12/site-packages/airflow/example_dags/example_complex.py for tasks to queue
[2024-11-20T03:52:15.965+0000] {logging_mixin.py:190} INFO - [2024-11-20T03:52:15.964+0000] {dagbag.py:588} INFO - Filling up the DagBag from /home/airflow/.local/lib/python3.12/site-packages/airflow/example_dags/example_complex.py
[2024-11-20T03:52:16.017+0000] {processor.py:925} INFO - DAG(s) 'example_complex' retrieved from /home/airflow/.local/lib/python3.12/site-packages/airflow/example_dags/example_complex.py
[2024-11-20T03:52:16.077+0000] {logging_mixin.py:190} INFO - [2024-11-20T03:52:16.077+0000] {dag.py:3239} INFO - Sync 1 DAGs
[2024-11-20T03:52:16.105+0000] {logging_mixin.py:190} INFO - [2024-11-20T03:52:16.104+0000] {dag.py:4180} INFO - Setting next_dagrun for example_complex to None, run_after=None
[2024-11-20T03:52:16.293+0000] {processor.py:208} INFO - Processing /home/airflow/.local/lib/python3.12/site-packages/airflow/example_dags/example_complex.py took 0.356 seconds
[2024-11-20T03:52:46.970+0000] {processor.py:186} INFO - Started process (PID=574) to work on /home/airflow/.local/lib/python3.12/site-packages/airflow/example_dags/example_complex.py
[2024-11-20T03:52:46.975+0000] {processor.py:914} INFO - Processing file /home/airflow/.local/lib/python3.12/site-packages/airflow/example_dags/example_complex.py for tasks to queue
[2024-11-20T03:52:46.982+0000] {logging_mixin.py:190} INFO - [2024-11-20T03:52:46.981+0000] {dagbag.py:588} INFO - Filling up the DagBag from /home/airflow/.local/lib/python3.12/site-packages/airflow/example_dags/example_complex.py
[2024-11-20T03:52:47.021+0000] {processor.py:925} INFO - DAG(s) 'example_complex' retrieved from /home/airflow/.local/lib/python3.12/site-packages/airflow/example_dags/example_complex.py
[2024-11-20T03:52:47.190+0000] {logging_mixin.py:190} INFO - [2024-11-20T03:52:47.189+0000] {dag.py:3239} INFO - Sync 1 DAGs
[2024-11-20T03:52:47.237+0000] {logging_mixin.py:190} INFO - [2024-11-20T03:52:47.236+0000] {dag.py:4180} INFO - Setting next_dagrun for example_complex to None, run_after=None
[2024-11-20T03:52:47.351+0000] {processor.py:208} INFO - Processing /home/airflow/.local/lib/python3.12/site-packages/airflow/example_dags/example_complex.py took 0.392 seconds
[2024-11-20T03:53:18.193+0000] {processor.py:186} INFO - Started process (PID=637) to work on /home/airflow/.local/lib/python3.12/site-packages/airflow/example_dags/example_complex.py
[2024-11-20T03:53:18.195+0000] {processor.py:914} INFO - Processing file /home/airflow/.local/lib/python3.12/site-packages/airflow/example_dags/example_complex.py for tasks to queue
[2024-11-20T03:53:18.200+0000] {logging_mixin.py:190} INFO - [2024-11-20T03:53:18.199+0000] {dagbag.py:588} INFO - Filling up the DagBag from /home/airflow/.local/lib/python3.12/site-packages/airflow/example_dags/example_complex.py
[2024-11-20T03:53:18.218+0000] {processor.py:925} INFO - DAG(s) 'example_complex' retrieved from /home/airflow/.local/lib/python3.12/site-packages/airflow/example_dags/example_complex.py
[2024-11-20T03:53:18.268+0000] {logging_mixin.py:190} INFO - [2024-11-20T03:53:18.268+0000] {dag.py:3239} INFO - Sync 1 DAGs
[2024-11-20T03:53:18.294+0000] {logging_mixin.py:190} INFO - [2024-11-20T03:53:18.293+0000] {dag.py:4180} INFO - Setting next_dagrun for example_complex to None, run_after=None
[2024-11-20T03:53:18.536+0000] {processor.py:208} INFO - Processing /home/airflow/.local/lib/python3.12/site-packages/airflow/example_dags/example_complex.py took 0.354 seconds
[2024-11-20T03:53:51.139+0000] {processor.py:186} INFO - Started process (PID=700) to work on /home/airflow/.local/lib/python3.12/site-packages/airflow/example_dags/example_complex.py
[2024-11-20T03:53:51.141+0000] {processor.py:914} INFO - Processing file /home/airflow/.local/lib/python3.12/site-packages/airflow/example_dags/example_complex.py for tasks to queue
[2024-11-20T03:53:51.149+0000] {logging_mixin.py:190} INFO - [2024-11-20T03:53:51.148+0000] {dagbag.py:588} INFO - Filling up the DagBag from /home/airflow/.local/lib/python3.12/site-packages/airflow/example_dags/example_complex.py
[2024-11-20T03:53:51.171+0000] {processor.py:925} INFO - DAG(s) 'example_complex' retrieved from /home/airflow/.local/lib/python3.12/site-packages/airflow/example_dags/example_complex.py
[2024-11-20T03:53:51.228+0000] {logging_mixin.py:190} INFO - [2024-11-20T03:53:51.228+0000] {dag.py:3239} INFO - Sync 1 DAGs
[2024-11-20T03:53:51.260+0000] {logging_mixin.py:190} INFO - [2024-11-20T03:53:51.260+0000] {dag.py:4180} INFO - Setting next_dagrun for example_complex to None, run_after=None
[2024-11-20T03:53:51.295+0000] {processor.py:208} INFO - Processing /home/airflow/.local/lib/python3.12/site-packages/airflow/example_dags/example_complex.py took 0.167 seconds
[2024-11-20T03:54:25.139+0000] {processor.py:186} INFO - Started process (PID=763) to work on /home/airflow/.local/lib/python3.12/site-packages/airflow/example_dags/example_complex.py
[2024-11-20T03:54:25.143+0000] {processor.py:914} INFO - Processing file /home/airflow/.local/lib/python3.12/site-packages/airflow/example_dags/example_complex.py for tasks to queue
[2024-11-20T03:54:25.148+0000] {logging_mixin.py:190} INFO - [2024-11-20T03:54:25.147+0000] {dagbag.py:588} INFO - Filling up the DagBag from /home/airflow/.local/lib/python3.12/site-packages/airflow/example_dags/example_complex.py
[2024-11-20T03:54:25.197+0000] {processor.py:925} INFO - DAG(s) 'example_complex' retrieved from /home/airflow/.local/lib/python3.12/site-packages/airflow/example_dags/example_complex.py
[2024-11-20T03:54:25.336+0000] {logging_mixin.py:190} INFO - [2024-11-20T03:54:25.336+0000] {dag.py:3239} INFO - Sync 1 DAGs
[2024-11-20T03:54:25.397+0000] {logging_mixin.py:190} INFO - [2024-11-20T03:54:25.396+0000] {dag.py:4180} INFO - Setting next_dagrun for example_complex to None, run_after=None
[2024-11-20T03:54:25.491+0000] {processor.py:208} INFO - Processing /home/airflow/.local/lib/python3.12/site-packages/airflow/example_dags/example_complex.py took 0.374 seconds
[2024-11-20T03:54:56.171+0000] {processor.py:186} INFO - Started process (PID=827) to work on /home/airflow/.local/lib/python3.12/site-packages/airflow/example_dags/example_complex.py
[2024-11-20T03:54:56.173+0000] {processor.py:914} INFO - Processing file /home/airflow/.local/lib/python3.12/site-packages/airflow/example_dags/example_complex.py for tasks to queue
[2024-11-20T03:54:56.178+0000] {logging_mixin.py:190} INFO - [2024-11-20T03:54:56.177+0000] {dagbag.py:588} INFO - Filling up the DagBag from /home/airflow/.local/lib/python3.12/site-packages/airflow/example_dags/example_complex.py
[2024-11-20T03:54:56.233+0000] {processor.py:925} INFO - DAG(s) 'example_complex' retrieved from /home/airflow/.local/lib/python3.12/site-packages/airflow/example_dags/example_complex.py
[2024-11-20T03:54:56.311+0000] {logging_mixin.py:190} INFO - [2024-11-20T03:54:56.310+0000] {dag.py:3239} INFO - Sync 1 DAGs
[2024-11-20T03:54:56.370+0000] {logging_mixin.py:190} INFO - [2024-11-20T03:54:56.369+0000] {dag.py:4180} INFO - Setting next_dagrun for example_complex to None, run_after=None
[2024-11-20T03:54:56.403+0000] {processor.py:208} INFO - Processing /home/airflow/.local/lib/python3.12/site-packages/airflow/example_dags/example_complex.py took 0.243 seconds
[2024-11-20T03:55:27.367+0000] {processor.py:186} INFO - Started process (PID=889) to work on /home/airflow/.local/lib/python3.12/site-packages/airflow/example_dags/example_complex.py
[2024-11-20T03:55:27.380+0000] {processor.py:914} INFO - Processing file /home/airflow/.local/lib/python3.12/site-packages/airflow/example_dags/example_complex.py for tasks to queue
[2024-11-20T03:55:27.394+0000] {logging_mixin.py:190} INFO - [2024-11-20T03:55:27.393+0000] {dagbag.py:588} INFO - Filling up the DagBag from /home/airflow/.local/lib/python3.12/site-packages/airflow/example_dags/example_complex.py
[2024-11-20T03:55:27.423+0000] {processor.py:925} INFO - DAG(s) 'example_complex' retrieved from /home/airflow/.local/lib/python3.12/site-packages/airflow/example_dags/example_complex.py
[2024-11-20T03:55:27.509+0000] {logging_mixin.py:190} INFO - [2024-11-20T03:55:27.509+0000] {dag.py:3239} INFO - Sync 1 DAGs
[2024-11-20T03:55:27.541+0000] {logging_mixin.py:190} INFO - [2024-11-20T03:55:27.540+0000] {dag.py:4180} INFO - Setting next_dagrun for example_complex to None, run_after=None
[2024-11-20T03:55:27.590+0000] {processor.py:208} INFO - Processing /home/airflow/.local/lib/python3.12/site-packages/airflow/example_dags/example_complex.py took 0.246 seconds
[2024-11-20T03:55:58.680+0000] {processor.py:186} INFO - Started process (PID=953) to work on /home/airflow/.local/lib/python3.12/site-packages/airflow/example_dags/example_complex.py
[2024-11-20T03:55:58.682+0000] {processor.py:914} INFO - Processing file /home/airflow/.local/lib/python3.12/site-packages/airflow/example_dags/example_complex.py for tasks to queue
[2024-11-20T03:55:58.686+0000] {logging_mixin.py:190} INFO - [2024-11-20T03:55:58.685+0000] {dagbag.py:588} INFO - Filling up the DagBag from /home/airflow/.local/lib/python3.12/site-packages/airflow/example_dags/example_complex.py
[2024-11-20T03:55:58.709+0000] {processor.py:925} INFO - DAG(s) 'example_complex' retrieved from /home/airflow/.local/lib/python3.12/site-packages/airflow/example_dags/example_complex.py
[2024-11-20T03:55:58.797+0000] {logging_mixin.py:190} INFO - [2024-11-20T03:55:58.796+0000] {dag.py:3239} INFO - Sync 1 DAGs
[2024-11-20T03:55:58.829+0000] {logging_mixin.py:190} INFO - [2024-11-20T03:55:58.829+0000] {dag.py:4180} INFO - Setting next_dagrun for example_complex to None, run_after=None
[2024-11-20T03:55:58.865+0000] {processor.py:208} INFO - Processing /home/airflow/.local/lib/python3.12/site-packages/airflow/example_dags/example_complex.py took 0.200 seconds
[2024-11-20T03:56:30.549+0000] {processor.py:186} INFO - Started process (PID=1016) to work on /home/airflow/.local/lib/python3.12/site-packages/airflow/example_dags/example_complex.py
[2024-11-20T03:56:30.551+0000] {processor.py:914} INFO - Processing file /home/airflow/.local/lib/python3.12/site-packages/airflow/example_dags/example_complex.py for tasks to queue
[2024-11-20T03:56:30.556+0000] {logging_mixin.py:190} INFO - [2024-11-20T03:56:30.556+0000] {dagbag.py:588} INFO - Filling up the DagBag from /home/airflow/.local/lib/python3.12/site-packages/airflow/example_dags/example_complex.py
[2024-11-20T03:56:30.586+0000] {processor.py:925} INFO - DAG(s) 'example_complex' retrieved from /home/airflow/.local/lib/python3.12/site-packages/airflow/example_dags/example_complex.py
[2024-11-20T03:56:30.684+0000] {logging_mixin.py:190} INFO - [2024-11-20T03:56:30.683+0000] {dag.py:3239} INFO - Sync 1 DAGs
[2024-11-20T03:56:30.757+0000] {logging_mixin.py:190} INFO - [2024-11-20T03:56:30.756+0000] {dag.py:4180} INFO - Setting next_dagrun for example_complex to None, run_after=None
[2024-11-20T03:56:30.846+0000] {processor.py:208} INFO - Processing /home/airflow/.local/lib/python3.12/site-packages/airflow/example_dags/example_complex.py took 0.311 seconds
[2024-11-20T03:57:01.037+0000] {processor.py:186} INFO - Started process (PID=1078) to work on /home/airflow/.local/lib/python3.12/site-packages/airflow/example_dags/example_complex.py
[2024-11-20T03:57:01.039+0000] {processor.py:914} INFO - Processing file /home/airflow/.local/lib/python3.12/site-packages/airflow/example_dags/example_complex.py for tasks to queue
[2024-11-20T03:57:01.044+0000] {logging_mixin.py:190} INFO - [2024-11-20T03:57:01.043+0000] {dagbag.py:588} INFO - Filling up the DagBag from /home/airflow/.local/lib/python3.12/site-packages/airflow/example_dags/example_complex.py
[2024-11-20T03:57:01.074+0000] {processor.py:925} INFO - DAG(s) 'example_complex' retrieved from /home/airflow/.local/lib/python3.12/site-packages/airflow/example_dags/example_complex.py
[2024-11-20T03:57:01.140+0000] {logging_mixin.py:190} INFO - [2024-11-20T03:57:01.139+0000] {dag.py:3239} INFO - Sync 1 DAGs
[2024-11-20T03:57:01.174+0000] {logging_mixin.py:190} INFO - [2024-11-20T03:57:01.173+0000] {dag.py:4180} INFO - Setting next_dagrun for example_complex to None, run_after=None
[2024-11-20T03:57:01.220+0000] {processor.py:208} INFO - Processing /home/airflow/.local/lib/python3.12/site-packages/airflow/example_dags/example_complex.py took 0.193 seconds
[2024-11-20T03:57:31.855+0000] {processor.py:186} INFO - Started process (PID=1140) to work on /home/airflow/.local/lib/python3.12/site-packages/airflow/example_dags/example_complex.py
[2024-11-20T03:57:31.857+0000] {processor.py:914} INFO - Processing file /home/airflow/.local/lib/python3.12/site-packages/airflow/example_dags/example_complex.py for tasks to queue
[2024-11-20T03:57:31.862+0000] {logging_mixin.py:190} INFO - [2024-11-20T03:57:31.861+0000] {dagbag.py:588} INFO - Filling up the DagBag from /home/airflow/.local/lib/python3.12/site-packages/airflow/example_dags/example_complex.py
[2024-11-20T03:57:31.885+0000] {processor.py:925} INFO - DAG(s) 'example_complex' retrieved from /home/airflow/.local/lib/python3.12/site-packages/airflow/example_dags/example_complex.py
[2024-11-20T03:57:31.947+0000] {logging_mixin.py:190} INFO - [2024-11-20T03:57:31.947+0000] {dag.py:3239} INFO - Sync 1 DAGs
[2024-11-20T03:57:31.975+0000] {logging_mixin.py:190} INFO - [2024-11-20T03:57:31.974+0000] {dag.py:4180} INFO - Setting next_dagrun for example_complex to None, run_after=None
[2024-11-20T03:57:32.021+0000] {processor.py:208} INFO - Processing /home/airflow/.local/lib/python3.12/site-packages/airflow/example_dags/example_complex.py took 0.176 seconds
[2024-11-20T03:58:02.417+0000] {processor.py:186} INFO - Started process (PID=1203) to work on /home/airflow/.local/lib/python3.12/site-packages/airflow/example_dags/example_complex.py
[2024-11-20T03:58:02.419+0000] {processor.py:914} INFO - Processing file /home/airflow/.local/lib/python3.12/site-packages/airflow/example_dags/example_complex.py for tasks to queue
[2024-11-20T03:58:02.423+0000] {logging_mixin.py:190} INFO - [2024-11-20T03:58:02.423+0000] {dagbag.py:588} INFO - Filling up the DagBag from /home/airflow/.local/lib/python3.12/site-packages/airflow/example_dags/example_complex.py
[2024-11-20T03:58:02.446+0000] {processor.py:925} INFO - DAG(s) 'example_complex' retrieved from /home/airflow/.local/lib/python3.12/site-packages/airflow/example_dags/example_complex.py
[2024-11-20T03:58:02.538+0000] {logging_mixin.py:190} INFO - [2024-11-20T03:58:02.537+0000] {dag.py:3239} INFO - Sync 1 DAGs
[2024-11-20T03:58:02.596+0000] {logging_mixin.py:190} INFO - [2024-11-20T03:58:02.596+0000] {dag.py:4180} INFO - Setting next_dagrun for example_complex to None, run_after=None
[2024-11-20T03:58:02.645+0000] {processor.py:208} INFO - Processing /home/airflow/.local/lib/python3.12/site-packages/airflow/example_dags/example_complex.py took 0.237 seconds
[2024-11-20T03:58:33.183+0000] {processor.py:186} INFO - Started process (PID=1266) to work on /home/airflow/.local/lib/python3.12/site-packages/airflow/example_dags/example_complex.py
[2024-11-20T03:58:33.185+0000] {processor.py:914} INFO - Processing file /home/airflow/.local/lib/python3.12/site-packages/airflow/example_dags/example_complex.py for tasks to queue
[2024-11-20T03:58:33.188+0000] {logging_mixin.py:190} INFO - [2024-11-20T03:58:33.188+0000] {dagbag.py:588} INFO - Filling up the DagBag from /home/airflow/.local/lib/python3.12/site-packages/airflow/example_dags/example_complex.py
[2024-11-20T03:58:33.210+0000] {processor.py:925} INFO - DAG(s) 'example_complex' retrieved from /home/airflow/.local/lib/python3.12/site-packages/airflow/example_dags/example_complex.py
[2024-11-20T03:58:33.273+0000] {logging_mixin.py:190} INFO - [2024-11-20T03:58:33.273+0000] {dag.py:3239} INFO - Sync 1 DAGs
[2024-11-20T03:58:33.304+0000] {logging_mixin.py:190} INFO - [2024-11-20T03:58:33.304+0000] {dag.py:4180} INFO - Setting next_dagrun for example_complex to None, run_after=None
[2024-11-20T03:58:33.342+0000] {processor.py:208} INFO - Processing /home/airflow/.local/lib/python3.12/site-packages/airflow/example_dags/example_complex.py took 0.168 seconds
[2024-11-20T03:59:03.501+0000] {processor.py:186} INFO - Started process (PID=1329) to work on /home/airflow/.local/lib/python3.12/site-packages/airflow/example_dags/example_complex.py
[2024-11-20T03:59:03.502+0000] {processor.py:914} INFO - Processing file /home/airflow/.local/lib/python3.12/site-packages/airflow/example_dags/example_complex.py for tasks to queue
[2024-11-20T03:59:03.506+0000] {logging_mixin.py:190} INFO - [2024-11-20T03:59:03.506+0000] {dagbag.py:588} INFO - Filling up the DagBag from /home/airflow/.local/lib/python3.12/site-packages/airflow/example_dags/example_complex.py
[2024-11-20T03:59:03.536+0000] {processor.py:925} INFO - DAG(s) 'example_complex' retrieved from /home/airflow/.local/lib/python3.12/site-packages/airflow/example_dags/example_complex.py
[2024-11-20T03:59:03.626+0000] {logging_mixin.py:190} INFO - [2024-11-20T03:59:03.625+0000] {dag.py:3239} INFO - Sync 1 DAGs
[2024-11-20T03:59:03.655+0000] {logging_mixin.py:190} INFO - [2024-11-20T03:59:03.655+0000] {dag.py:4180} INFO - Setting next_dagrun for example_complex to None, run_after=None
[2024-11-20T03:59:03.706+0000] {processor.py:208} INFO - Processing /home/airflow/.local/lib/python3.12/site-packages/airflow/example_dags/example_complex.py took 0.217 seconds
[2024-11-20T03:59:34.270+0000] {processor.py:186} INFO - Started process (PID=1386) to work on /home/airflow/.local/lib/python3.12/site-packages/airflow/example_dags/example_complex.py
[2024-11-20T03:59:34.300+0000] {processor.py:914} INFO - Processing file /home/airflow/.local/lib/python3.12/site-packages/airflow/example_dags/example_complex.py for tasks to queue
[2024-11-20T03:59:34.331+0000] {logging_mixin.py:190} INFO - [2024-11-20T03:59:34.330+0000] {dagbag.py:588} INFO - Filling up the DagBag from /home/airflow/.local/lib/python3.12/site-packages/airflow/example_dags/example_complex.py
[2024-11-20T03:59:34.496+0000] {processor.py:925} INFO - DAG(s) 'example_complex' retrieved from /home/airflow/.local/lib/python3.12/site-packages/airflow/example_dags/example_complex.py
[2024-11-20T03:59:35.187+0000] {logging_mixin.py:190} INFO - [2024-11-20T03:59:35.186+0000] {dag.py:3239} INFO - Sync 1 DAGs
[2024-11-20T03:59:41.188+0000] {logging_mixin.py:190} INFO - [2024-11-20T03:59:41.188+0000] {process_utils.py:266} INFO - Waiting up to 5 seconds for processes to exit...
