[2024-11-20T03:48:39.296+0000] {processor.py:186} INFO - Started process (PID=115) to work on /home/airflow/.local/lib/python3.12/site-packages/airflow/example_dags/tutorial.py
[2024-11-20T03:48:39.297+0000] {processor.py:914} INFO - Processing file /home/airflow/.local/lib/python3.12/site-packages/airflow/example_dags/tutorial.py for tasks to queue
[2024-11-20T03:48:39.310+0000] {logging_mixin.py:190} INFO - [2024-11-20T03:48:39.309+0000] {dagbag.py:588} INFO - Filling up the DagBag from /home/airflow/.local/lib/python3.12/site-packages/airflow/example_dags/tutorial.py
[2024-11-20T03:48:39.405+0000] {processor.py:925} INFO - DAG(s) 'tutorial' retrieved from /home/airflow/.local/lib/python3.12/site-packages/airflow/example_dags/tutorial.py
[2024-11-20T03:48:40.910+0000] {logging_mixin.py:190} INFO - [2024-11-20T03:48:40.904+0000] {override.py:1911} INFO - Created Permission View: can read on DAG:tutorial
[2024-11-20T03:48:41.051+0000] {logging_mixin.py:190} INFO - [2024-11-20T03:48:41.050+0000] {override.py:1911} INFO - Created Permission View: can edit on DAG:tutorial
[2024-11-20T03:48:41.133+0000] {logging_mixin.py:190} INFO - [2024-11-20T03:48:41.133+0000] {override.py:1911} INFO - Created Permission View: can delete on DAG:tutorial
[2024-11-20T03:48:41.198+0000] {logging_mixin.py:190} INFO - [2024-11-20T03:48:41.198+0000] {override.py:1911} INFO - Created Permission View: menu access on DAG Run:tutorial
[2024-11-20T03:48:41.227+0000] {logging_mixin.py:190} INFO - [2024-11-20T03:48:41.226+0000] {override.py:1911} INFO - Created Permission View: can read on DAG Run:tutorial
[2024-11-20T03:48:41.290+0000] {logging_mixin.py:190} INFO - [2024-11-20T03:48:41.290+0000] {override.py:1911} INFO - Created Permission View: can delete on DAG Run:tutorial
[2024-11-20T03:48:41.355+0000] {logging_mixin.py:190} INFO - [2024-11-20T03:48:41.355+0000] {override.py:1911} INFO - Created Permission View: can create on DAG Run:tutorial
[2024-11-20T03:48:41.357+0000] {logging_mixin.py:190} INFO - [2024-11-20T03:48:41.356+0000] {dag.py:3239} INFO - Sync 1 DAGs
[2024-11-20T03:48:41.625+0000] {logging_mixin.py:190} INFO - [2024-11-20T03:48:41.624+0000] {dag.py:3262} INFO - Creating ORM DAG for tutorial
[2024-11-20T03:48:41.742+0000] {logging_mixin.py:190} INFO - [2024-11-20T03:48:41.741+0000] {dag.py:4180} INFO - Setting next_dagrun for tutorial to 2024-11-19 00:00:00+00:00, run_after=2024-11-20 00:00:00+00:00
[2024-11-20T03:48:41.882+0000] {processor.py:208} INFO - Processing /home/airflow/.local/lib/python3.12/site-packages/airflow/example_dags/tutorial.py took 2.637 seconds
[2024-11-20T03:49:18.763+0000] {processor.py:186} INFO - Started process (PID=178) to work on /home/airflow/.local/lib/python3.12/site-packages/airflow/example_dags/tutorial.py
[2024-11-20T03:49:18.766+0000] {processor.py:914} INFO - Processing file /home/airflow/.local/lib/python3.12/site-packages/airflow/example_dags/tutorial.py for tasks to queue
[2024-11-20T03:49:18.774+0000] {logging_mixin.py:190} INFO - [2024-11-20T03:49:18.773+0000] {dagbag.py:588} INFO - Filling up the DagBag from /home/airflow/.local/lib/python3.12/site-packages/airflow/example_dags/tutorial.py
[2024-11-20T03:49:18.795+0000] {processor.py:925} INFO - DAG(s) 'tutorial' retrieved from /home/airflow/.local/lib/python3.12/site-packages/airflow/example_dags/tutorial.py
[2024-11-20T03:49:18.845+0000] {logging_mixin.py:190} INFO - [2024-11-20T03:49:18.845+0000] {dag.py:3239} INFO - Sync 1 DAGs
[2024-11-20T03:49:18.920+0000] {logging_mixin.py:190} INFO - [2024-11-20T03:49:18.920+0000] {dag.py:4180} INFO - Setting next_dagrun for tutorial to 2024-11-19 00:00:00+00:00, run_after=2024-11-20 00:00:00+00:00
[2024-11-20T03:49:18.989+0000] {processor.py:208} INFO - Processing /home/airflow/.local/lib/python3.12/site-packages/airflow/example_dags/tutorial.py took 0.240 seconds
[2024-11-20T03:49:49.540+0000] {processor.py:186} INFO - Started process (PID=242) to work on /home/airflow/.local/lib/python3.12/site-packages/airflow/example_dags/tutorial.py
[2024-11-20T03:49:49.553+0000] {processor.py:914} INFO - Processing file /home/airflow/.local/lib/python3.12/site-packages/airflow/example_dags/tutorial.py for tasks to queue
[2024-11-20T03:49:49.568+0000] {logging_mixin.py:190} INFO - [2024-11-20T03:49:49.560+0000] {dagbag.py:588} INFO - Filling up the DagBag from /home/airflow/.local/lib/python3.12/site-packages/airflow/example_dags/tutorial.py
[2024-11-20T03:49:49.594+0000] {processor.py:925} INFO - DAG(s) 'tutorial' retrieved from /home/airflow/.local/lib/python3.12/site-packages/airflow/example_dags/tutorial.py
[2024-11-20T03:49:49.650+0000] {logging_mixin.py:190} INFO - [2024-11-20T03:49:49.649+0000] {dag.py:3239} INFO - Sync 1 DAGs
[2024-11-20T03:49:49.705+0000] {logging_mixin.py:190} INFO - [2024-11-20T03:49:49.705+0000] {dag.py:4180} INFO - Setting next_dagrun for tutorial to 2024-11-19 00:00:00+00:00, run_after=2024-11-20 00:00:00+00:00
[2024-11-20T03:49:49.747+0000] {processor.py:208} INFO - Processing /home/airflow/.local/lib/python3.12/site-packages/airflow/example_dags/tutorial.py took 0.242 seconds
[2024-11-20T03:50:35.265+0000] {processor.py:186} INFO - Started process (PID=304) to work on /home/airflow/.local/lib/python3.12/site-packages/airflow/example_dags/tutorial.py
[2024-11-20T03:50:35.276+0000] {processor.py:914} INFO - Processing file /home/airflow/.local/lib/python3.12/site-packages/airflow/example_dags/tutorial.py for tasks to queue
[2024-11-20T03:50:35.281+0000] {logging_mixin.py:190} INFO - [2024-11-20T03:50:35.280+0000] {dagbag.py:588} INFO - Filling up the DagBag from /home/airflow/.local/lib/python3.12/site-packages/airflow/example_dags/tutorial.py
[2024-11-20T03:50:35.303+0000] {processor.py:925} INFO - DAG(s) 'tutorial' retrieved from /home/airflow/.local/lib/python3.12/site-packages/airflow/example_dags/tutorial.py
[2024-11-20T03:50:35.353+0000] {logging_mixin.py:190} INFO - [2024-11-20T03:50:35.353+0000] {dag.py:3239} INFO - Sync 1 DAGs
[2024-11-20T03:50:35.408+0000] {logging_mixin.py:190} INFO - [2024-11-20T03:50:35.407+0000] {dag.py:4180} INFO - Setting next_dagrun for tutorial to 2024-11-19 00:00:00+00:00, run_after=2024-11-20 00:00:00+00:00
[2024-11-20T03:50:35.448+0000] {processor.py:208} INFO - Processing /home/airflow/.local/lib/python3.12/site-packages/airflow/example_dags/tutorial.py took 0.199 seconds
[2024-11-20T03:51:08.380+0000] {processor.py:186} INFO - Started process (PID=367) to work on /home/airflow/.local/lib/python3.12/site-packages/airflow/example_dags/tutorial.py
[2024-11-20T03:51:08.382+0000] {processor.py:914} INFO - Processing file /home/airflow/.local/lib/python3.12/site-packages/airflow/example_dags/tutorial.py for tasks to queue
[2024-11-20T03:51:08.387+0000] {logging_mixin.py:190} INFO - [2024-11-20T03:51:08.386+0000] {dagbag.py:588} INFO - Filling up the DagBag from /home/airflow/.local/lib/python3.12/site-packages/airflow/example_dags/tutorial.py
[2024-11-20T03:51:08.416+0000] {processor.py:925} INFO - DAG(s) 'tutorial' retrieved from /home/airflow/.local/lib/python3.12/site-packages/airflow/example_dags/tutorial.py
[2024-11-20T03:51:08.488+0000] {logging_mixin.py:190} INFO - [2024-11-20T03:51:08.488+0000] {dag.py:3239} INFO - Sync 1 DAGs
[2024-11-20T03:51:08.563+0000] {logging_mixin.py:190} INFO - [2024-11-20T03:51:08.561+0000] {dag.py:4180} INFO - Setting next_dagrun for tutorial to 2024-11-19 00:00:00+00:00, run_after=2024-11-20 00:00:00+00:00
[2024-11-20T03:51:08.612+0000] {processor.py:208} INFO - Processing /home/airflow/.local/lib/python3.12/site-packages/airflow/example_dags/tutorial.py took 0.247 seconds
[2024-11-20T03:51:39.812+0000] {processor.py:186} INFO - Started process (PID=431) to work on /home/airflow/.local/lib/python3.12/site-packages/airflow/example_dags/tutorial.py
[2024-11-20T03:51:39.815+0000] {processor.py:914} INFO - Processing file /home/airflow/.local/lib/python3.12/site-packages/airflow/example_dags/tutorial.py for tasks to queue
[2024-11-20T03:51:39.825+0000] {logging_mixin.py:190} INFO - [2024-11-20T03:51:39.823+0000] {dagbag.py:588} INFO - Filling up the DagBag from /home/airflow/.local/lib/python3.12/site-packages/airflow/example_dags/tutorial.py
[2024-11-20T03:51:39.851+0000] {processor.py:925} INFO - DAG(s) 'tutorial' retrieved from /home/airflow/.local/lib/python3.12/site-packages/airflow/example_dags/tutorial.py
[2024-11-20T03:51:39.902+0000] {logging_mixin.py:190} INFO - [2024-11-20T03:51:39.901+0000] {dag.py:3239} INFO - Sync 1 DAGs
[2024-11-20T03:51:39.956+0000] {logging_mixin.py:190} INFO - [2024-11-20T03:51:39.956+0000] {dag.py:4180} INFO - Setting next_dagrun for tutorial to 2024-11-19 00:00:00+00:00, run_after=2024-11-20 00:00:00+00:00
[2024-11-20T03:51:40.011+0000] {processor.py:208} INFO - Processing /home/airflow/.local/lib/python3.12/site-packages/airflow/example_dags/tutorial.py took 0.222 seconds
[2024-11-20T03:52:10.070+0000] {processor.py:186} INFO - Started process (PID=492) to work on /home/airflow/.local/lib/python3.12/site-packages/airflow/example_dags/tutorial.py
[2024-11-20T03:52:10.072+0000] {processor.py:914} INFO - Processing file /home/airflow/.local/lib/python3.12/site-packages/airflow/example_dags/tutorial.py for tasks to queue
[2024-11-20T03:52:10.075+0000] {logging_mixin.py:190} INFO - [2024-11-20T03:52:10.075+0000] {dagbag.py:588} INFO - Filling up the DagBag from /home/airflow/.local/lib/python3.12/site-packages/airflow/example_dags/tutorial.py
[2024-11-20T03:52:10.086+0000] {processor.py:925} INFO - DAG(s) 'tutorial' retrieved from /home/airflow/.local/lib/python3.12/site-packages/airflow/example_dags/tutorial.py
[2024-11-20T03:52:10.114+0000] {logging_mixin.py:190} INFO - [2024-11-20T03:52:10.113+0000] {dag.py:3239} INFO - Sync 1 DAGs
[2024-11-20T03:52:10.152+0000] {logging_mixin.py:190} INFO - [2024-11-20T03:52:10.151+0000] {dag.py:4180} INFO - Setting next_dagrun for tutorial to 2024-11-19 00:00:00+00:00, run_after=2024-11-20 00:00:00+00:00
[2024-11-20T03:52:10.192+0000] {processor.py:208} INFO - Processing /home/airflow/.local/lib/python3.12/site-packages/airflow/example_dags/tutorial.py took 0.130 seconds
[2024-11-20T03:52:40.393+0000] {processor.py:186} INFO - Started process (PID=554) to work on /home/airflow/.local/lib/python3.12/site-packages/airflow/example_dags/tutorial.py
[2024-11-20T03:52:40.395+0000] {processor.py:914} INFO - Processing file /home/airflow/.local/lib/python3.12/site-packages/airflow/example_dags/tutorial.py for tasks to queue
[2024-11-20T03:52:40.399+0000] {logging_mixin.py:190} INFO - [2024-11-20T03:52:40.398+0000] {dagbag.py:588} INFO - Filling up the DagBag from /home/airflow/.local/lib/python3.12/site-packages/airflow/example_dags/tutorial.py
[2024-11-20T03:52:40.414+0000] {processor.py:925} INFO - DAG(s) 'tutorial' retrieved from /home/airflow/.local/lib/python3.12/site-packages/airflow/example_dags/tutorial.py
[2024-11-20T03:52:40.449+0000] {logging_mixin.py:190} INFO - [2024-11-20T03:52:40.449+0000] {dag.py:3239} INFO - Sync 1 DAGs
[2024-11-20T03:52:40.490+0000] {logging_mixin.py:190} INFO - [2024-11-20T03:52:40.489+0000] {dag.py:4180} INFO - Setting next_dagrun for tutorial to 2024-11-19 00:00:00+00:00, run_after=2024-11-20 00:00:00+00:00
[2024-11-20T03:52:40.532+0000] {processor.py:208} INFO - Processing /home/airflow/.local/lib/python3.12/site-packages/airflow/example_dags/tutorial.py took 0.148 seconds
[2024-11-20T03:53:15.205+0000] {processor.py:186} INFO - Started process (PID=617) to work on /home/airflow/.local/lib/python3.12/site-packages/airflow/example_dags/tutorial.py
[2024-11-20T03:53:15.206+0000] {processor.py:914} INFO - Processing file /home/airflow/.local/lib/python3.12/site-packages/airflow/example_dags/tutorial.py for tasks to queue
[2024-11-20T03:53:15.210+0000] {logging_mixin.py:190} INFO - [2024-11-20T03:53:15.209+0000] {dagbag.py:588} INFO - Filling up the DagBag from /home/airflow/.local/lib/python3.12/site-packages/airflow/example_dags/tutorial.py
[2024-11-20T03:53:15.224+0000] {processor.py:925} INFO - DAG(s) 'tutorial' retrieved from /home/airflow/.local/lib/python3.12/site-packages/airflow/example_dags/tutorial.py
[2024-11-20T03:53:15.254+0000] {logging_mixin.py:190} INFO - [2024-11-20T03:53:15.254+0000] {dag.py:3239} INFO - Sync 1 DAGs
[2024-11-20T03:53:15.296+0000] {logging_mixin.py:190} INFO - [2024-11-20T03:53:15.295+0000] {dag.py:4180} INFO - Setting next_dagrun for tutorial to 2024-11-19 00:00:00+00:00, run_after=2024-11-20 00:00:00+00:00
[2024-11-20T03:53:15.448+0000] {processor.py:208} INFO - Processing /home/airflow/.local/lib/python3.12/site-packages/airflow/example_dags/tutorial.py took 0.253 seconds
[2024-11-20T03:53:47.788+0000] {processor.py:186} INFO - Started process (PID=680) to work on /home/airflow/.local/lib/python3.12/site-packages/airflow/example_dags/tutorial.py
[2024-11-20T03:53:47.790+0000] {processor.py:914} INFO - Processing file /home/airflow/.local/lib/python3.12/site-packages/airflow/example_dags/tutorial.py for tasks to queue
[2024-11-20T03:53:47.797+0000] {logging_mixin.py:190} INFO - [2024-11-20T03:53:47.797+0000] {dagbag.py:588} INFO - Filling up the DagBag from /home/airflow/.local/lib/python3.12/site-packages/airflow/example_dags/tutorial.py
[2024-11-20T03:53:47.816+0000] {processor.py:925} INFO - DAG(s) 'tutorial' retrieved from /home/airflow/.local/lib/python3.12/site-packages/airflow/example_dags/tutorial.py
[2024-11-20T03:53:47.868+0000] {logging_mixin.py:190} INFO - [2024-11-20T03:53:47.867+0000] {dag.py:3239} INFO - Sync 1 DAGs
[2024-11-20T03:53:47.933+0000] {logging_mixin.py:190} INFO - [2024-11-20T03:53:47.933+0000] {dag.py:4180} INFO - Setting next_dagrun for tutorial to 2024-11-19 00:00:00+00:00, run_after=2024-11-20 00:00:00+00:00
[2024-11-20T03:53:47.984+0000] {processor.py:208} INFO - Processing /home/airflow/.local/lib/python3.12/site-packages/airflow/example_dags/tutorial.py took 0.208 seconds
[2024-11-20T03:54:18.163+0000] {processor.py:186} INFO - Started process (PID=741) to work on /home/airflow/.local/lib/python3.12/site-packages/airflow/example_dags/tutorial.py
[2024-11-20T03:54:18.166+0000] {processor.py:914} INFO - Processing file /home/airflow/.local/lib/python3.12/site-packages/airflow/example_dags/tutorial.py for tasks to queue
[2024-11-20T03:54:18.172+0000] {logging_mixin.py:190} INFO - [2024-11-20T03:54:18.171+0000] {dagbag.py:588} INFO - Filling up the DagBag from /home/airflow/.local/lib/python3.12/site-packages/airflow/example_dags/tutorial.py
[2024-11-20T03:54:18.189+0000] {processor.py:925} INFO - DAG(s) 'tutorial' retrieved from /home/airflow/.local/lib/python3.12/site-packages/airflow/example_dags/tutorial.py
[2024-11-20T03:54:18.235+0000] {logging_mixin.py:190} INFO - [2024-11-20T03:54:18.234+0000] {dag.py:3239} INFO - Sync 1 DAGs
[2024-11-20T03:54:18.303+0000] {logging_mixin.py:190} INFO - [2024-11-20T03:54:18.302+0000] {dag.py:4180} INFO - Setting next_dagrun for tutorial to 2024-11-19 00:00:00+00:00, run_after=2024-11-20 00:00:00+00:00
[2024-11-20T03:54:18.351+0000] {processor.py:208} INFO - Processing /home/airflow/.local/lib/python3.12/site-packages/airflow/example_dags/tutorial.py took 0.200 seconds
[2024-11-20T03:54:48.845+0000] {processor.py:186} INFO - Started process (PID=803) to work on /home/airflow/.local/lib/python3.12/site-packages/airflow/example_dags/tutorial.py
[2024-11-20T03:54:48.847+0000] {processor.py:914} INFO - Processing file /home/airflow/.local/lib/python3.12/site-packages/airflow/example_dags/tutorial.py for tasks to queue
[2024-11-20T03:54:48.851+0000] {logging_mixin.py:190} INFO - [2024-11-20T03:54:48.850+0000] {dagbag.py:588} INFO - Filling up the DagBag from /home/airflow/.local/lib/python3.12/site-packages/airflow/example_dags/tutorial.py
[2024-11-20T03:54:48.865+0000] {processor.py:925} INFO - DAG(s) 'tutorial' retrieved from /home/airflow/.local/lib/python3.12/site-packages/airflow/example_dags/tutorial.py
[2024-11-20T03:54:48.899+0000] {logging_mixin.py:190} INFO - [2024-11-20T03:54:48.898+0000] {dag.py:3239} INFO - Sync 1 DAGs
[2024-11-20T03:54:48.937+0000] {logging_mixin.py:190} INFO - [2024-11-20T03:54:48.936+0000] {dag.py:4180} INFO - Setting next_dagrun for tutorial to 2024-11-19 00:00:00+00:00, run_after=2024-11-20 00:00:00+00:00
[2024-11-20T03:54:48.965+0000] {processor.py:208} INFO - Processing /home/airflow/.local/lib/python3.12/site-packages/airflow/example_dags/tutorial.py took 0.131 seconds
[2024-11-20T03:55:19.528+0000] {processor.py:186} INFO - Started process (PID=866) to work on /home/airflow/.local/lib/python3.12/site-packages/airflow/example_dags/tutorial.py
[2024-11-20T03:55:19.530+0000] {processor.py:914} INFO - Processing file /home/airflow/.local/lib/python3.12/site-packages/airflow/example_dags/tutorial.py for tasks to queue
[2024-11-20T03:55:19.534+0000] {logging_mixin.py:190} INFO - [2024-11-20T03:55:19.533+0000] {dagbag.py:588} INFO - Filling up the DagBag from /home/airflow/.local/lib/python3.12/site-packages/airflow/example_dags/tutorial.py
[2024-11-20T03:55:19.546+0000] {processor.py:925} INFO - DAG(s) 'tutorial' retrieved from /home/airflow/.local/lib/python3.12/site-packages/airflow/example_dags/tutorial.py
[2024-11-20T03:55:19.575+0000] {logging_mixin.py:190} INFO - [2024-11-20T03:55:19.574+0000] {dag.py:3239} INFO - Sync 1 DAGs
[2024-11-20T03:55:19.609+0000] {logging_mixin.py:190} INFO - [2024-11-20T03:55:19.609+0000] {dag.py:4180} INFO - Setting next_dagrun for tutorial to 2024-11-19 00:00:00+00:00, run_after=2024-11-20 00:00:00+00:00
[2024-11-20T03:55:19.648+0000] {processor.py:208} INFO - Processing /home/airflow/.local/lib/python3.12/site-packages/airflow/example_dags/tutorial.py took 0.130 seconds
[2024-11-20T03:55:50.580+0000] {processor.py:186} INFO - Started process (PID=929) to work on /home/airflow/.local/lib/python3.12/site-packages/airflow/example_dags/tutorial.py
[2024-11-20T03:55:50.582+0000] {processor.py:914} INFO - Processing file /home/airflow/.local/lib/python3.12/site-packages/airflow/example_dags/tutorial.py for tasks to queue
[2024-11-20T03:55:50.585+0000] {logging_mixin.py:190} INFO - [2024-11-20T03:55:50.585+0000] {dagbag.py:588} INFO - Filling up the DagBag from /home/airflow/.local/lib/python3.12/site-packages/airflow/example_dags/tutorial.py
[2024-11-20T03:55:50.597+0000] {processor.py:925} INFO - DAG(s) 'tutorial' retrieved from /home/airflow/.local/lib/python3.12/site-packages/airflow/example_dags/tutorial.py
[2024-11-20T03:55:50.631+0000] {logging_mixin.py:190} INFO - [2024-11-20T03:55:50.631+0000] {dag.py:3239} INFO - Sync 1 DAGs
[2024-11-20T03:55:50.673+0000] {logging_mixin.py:190} INFO - [2024-11-20T03:55:50.673+0000] {dag.py:4180} INFO - Setting next_dagrun for tutorial to 2024-11-19 00:00:00+00:00, run_after=2024-11-20 00:00:00+00:00
[2024-11-20T03:55:50.703+0000] {processor.py:208} INFO - Processing /home/airflow/.local/lib/python3.12/site-packages/airflow/example_dags/tutorial.py took 0.133 seconds
[2024-11-20T03:56:21.430+0000] {processor.py:186} INFO - Started process (PID=992) to work on /home/airflow/.local/lib/python3.12/site-packages/airflow/example_dags/tutorial.py
[2024-11-20T03:56:21.431+0000] {processor.py:914} INFO - Processing file /home/airflow/.local/lib/python3.12/site-packages/airflow/example_dags/tutorial.py for tasks to queue
[2024-11-20T03:56:21.436+0000] {logging_mixin.py:190} INFO - [2024-11-20T03:56:21.436+0000] {dagbag.py:588} INFO - Filling up the DagBag from /home/airflow/.local/lib/python3.12/site-packages/airflow/example_dags/tutorial.py
[2024-11-20T03:56:21.463+0000] {processor.py:925} INFO - DAG(s) 'tutorial' retrieved from /home/airflow/.local/lib/python3.12/site-packages/airflow/example_dags/tutorial.py
[2024-11-20T03:56:21.508+0000] {logging_mixin.py:190} INFO - [2024-11-20T03:56:21.507+0000] {dag.py:3239} INFO - Sync 1 DAGs
[2024-11-20T03:56:21.575+0000] {logging_mixin.py:190} INFO - [2024-11-20T03:56:21.574+0000] {dag.py:4180} INFO - Setting next_dagrun for tutorial to 2024-11-19 00:00:00+00:00, run_after=2024-11-20 00:00:00+00:00
[2024-11-20T03:56:21.683+0000] {processor.py:208} INFO - Processing /home/airflow/.local/lib/python3.12/site-packages/airflow/example_dags/tutorial.py took 0.267 seconds
[2024-11-20T03:56:51.798+0000] {processor.py:186} INFO - Started process (PID=1055) to work on /home/airflow/.local/lib/python3.12/site-packages/airflow/example_dags/tutorial.py
[2024-11-20T03:56:51.799+0000] {processor.py:914} INFO - Processing file /home/airflow/.local/lib/python3.12/site-packages/airflow/example_dags/tutorial.py for tasks to queue
[2024-11-20T03:56:51.804+0000] {logging_mixin.py:190} INFO - [2024-11-20T03:56:51.803+0000] {dagbag.py:588} INFO - Filling up the DagBag from /home/airflow/.local/lib/python3.12/site-packages/airflow/example_dags/tutorial.py
[2024-11-20T03:56:51.817+0000] {processor.py:925} INFO - DAG(s) 'tutorial' retrieved from /home/airflow/.local/lib/python3.12/site-packages/airflow/example_dags/tutorial.py
[2024-11-20T03:56:51.847+0000] {logging_mixin.py:190} INFO - [2024-11-20T03:56:51.847+0000] {dag.py:3239} INFO - Sync 1 DAGs
[2024-11-20T03:56:51.882+0000] {logging_mixin.py:190} INFO - [2024-11-20T03:56:51.882+0000] {dag.py:4180} INFO - Setting next_dagrun for tutorial to 2024-11-19 00:00:00+00:00, run_after=2024-11-20 00:00:00+00:00
[2024-11-20T03:56:51.923+0000] {processor.py:208} INFO - Processing /home/airflow/.local/lib/python3.12/site-packages/airflow/example_dags/tutorial.py took 0.134 seconds
[2024-11-20T03:57:22.130+0000] {processor.py:186} INFO - Started process (PID=1118) to work on /home/airflow/.local/lib/python3.12/site-packages/airflow/example_dags/tutorial.py
[2024-11-20T03:57:22.131+0000] {processor.py:914} INFO - Processing file /home/airflow/.local/lib/python3.12/site-packages/airflow/example_dags/tutorial.py for tasks to queue
[2024-11-20T03:57:22.135+0000] {logging_mixin.py:190} INFO - [2024-11-20T03:57:22.134+0000] {dagbag.py:588} INFO - Filling up the DagBag from /home/airflow/.local/lib/python3.12/site-packages/airflow/example_dags/tutorial.py
[2024-11-20T03:57:22.153+0000] {processor.py:925} INFO - DAG(s) 'tutorial' retrieved from /home/airflow/.local/lib/python3.12/site-packages/airflow/example_dags/tutorial.py
[2024-11-20T03:57:22.195+0000] {logging_mixin.py:190} INFO - [2024-11-20T03:57:22.195+0000] {dag.py:3239} INFO - Sync 1 DAGs
[2024-11-20T03:57:22.247+0000] {logging_mixin.py:190} INFO - [2024-11-20T03:57:22.245+0000] {dag.py:4180} INFO - Setting next_dagrun for tutorial to 2024-11-19 00:00:00+00:00, run_after=2024-11-20 00:00:00+00:00
[2024-11-20T03:57:22.285+0000] {processor.py:208} INFO - Processing /home/airflow/.local/lib/python3.12/site-packages/airflow/example_dags/tutorial.py took 0.168 seconds
[2024-11-20T03:57:52.360+0000] {processor.py:186} INFO - Started process (PID=1181) to work on /home/airflow/.local/lib/python3.12/site-packages/airflow/example_dags/tutorial.py
[2024-11-20T03:57:52.362+0000] {processor.py:914} INFO - Processing file /home/airflow/.local/lib/python3.12/site-packages/airflow/example_dags/tutorial.py for tasks to queue
[2024-11-20T03:57:52.369+0000] {logging_mixin.py:190} INFO - [2024-11-20T03:57:52.369+0000] {dagbag.py:588} INFO - Filling up the DagBag from /home/airflow/.local/lib/python3.12/site-packages/airflow/example_dags/tutorial.py
[2024-11-20T03:57:52.395+0000] {processor.py:925} INFO - DAG(s) 'tutorial' retrieved from /home/airflow/.local/lib/python3.12/site-packages/airflow/example_dags/tutorial.py
[2024-11-20T03:57:52.440+0000] {logging_mixin.py:190} INFO - [2024-11-20T03:57:52.440+0000] {dag.py:3239} INFO - Sync 1 DAGs
[2024-11-20T03:57:52.500+0000] {logging_mixin.py:190} INFO - [2024-11-20T03:57:52.499+0000] {dag.py:4180} INFO - Setting next_dagrun for tutorial to 2024-11-19 00:00:00+00:00, run_after=2024-11-20 00:00:00+00:00
[2024-11-20T03:57:52.552+0000] {processor.py:208} INFO - Processing /home/airflow/.local/lib/python3.12/site-packages/airflow/example_dags/tutorial.py took 0.201 seconds
[2024-11-20T03:58:23.186+0000] {processor.py:186} INFO - Started process (PID=1244) to work on /home/airflow/.local/lib/python3.12/site-packages/airflow/example_dags/tutorial.py
[2024-11-20T03:58:23.188+0000] {processor.py:914} INFO - Processing file /home/airflow/.local/lib/python3.12/site-packages/airflow/example_dags/tutorial.py for tasks to queue
[2024-11-20T03:58:23.192+0000] {logging_mixin.py:190} INFO - [2024-11-20T03:58:23.191+0000] {dagbag.py:588} INFO - Filling up the DagBag from /home/airflow/.local/lib/python3.12/site-packages/airflow/example_dags/tutorial.py
[2024-11-20T03:58:23.205+0000] {processor.py:925} INFO - DAG(s) 'tutorial' retrieved from /home/airflow/.local/lib/python3.12/site-packages/airflow/example_dags/tutorial.py
[2024-11-20T03:58:23.240+0000] {logging_mixin.py:190} INFO - [2024-11-20T03:58:23.240+0000] {dag.py:3239} INFO - Sync 1 DAGs
[2024-11-20T03:58:23.275+0000] {logging_mixin.py:190} INFO - [2024-11-20T03:58:23.275+0000] {dag.py:4180} INFO - Setting next_dagrun for tutorial to 2024-11-19 00:00:00+00:00, run_after=2024-11-20 00:00:00+00:00
[2024-11-20T03:58:23.307+0000] {processor.py:208} INFO - Processing /home/airflow/.local/lib/python3.12/site-packages/airflow/example_dags/tutorial.py took 0.129 seconds
[2024-11-20T03:58:53.524+0000] {processor.py:186} INFO - Started process (PID=1307) to work on /home/airflow/.local/lib/python3.12/site-packages/airflow/example_dags/tutorial.py
[2024-11-20T03:58:53.526+0000] {processor.py:914} INFO - Processing file /home/airflow/.local/lib/python3.12/site-packages/airflow/example_dags/tutorial.py for tasks to queue
[2024-11-20T03:58:53.529+0000] {logging_mixin.py:190} INFO - [2024-11-20T03:58:53.529+0000] {dagbag.py:588} INFO - Filling up the DagBag from /home/airflow/.local/lib/python3.12/site-packages/airflow/example_dags/tutorial.py
[2024-11-20T03:58:53.543+0000] {processor.py:925} INFO - DAG(s) 'tutorial' retrieved from /home/airflow/.local/lib/python3.12/site-packages/airflow/example_dags/tutorial.py
[2024-11-20T03:58:53.575+0000] {logging_mixin.py:190} INFO - [2024-11-20T03:58:53.574+0000] {dag.py:3239} INFO - Sync 1 DAGs
[2024-11-20T03:58:53.612+0000] {logging_mixin.py:190} INFO - [2024-11-20T03:58:53.612+0000] {dag.py:4180} INFO - Setting next_dagrun for tutorial to 2024-11-19 00:00:00+00:00, run_after=2024-11-20 00:00:00+00:00
[2024-11-20T03:58:53.642+0000] {processor.py:208} INFO - Processing /home/airflow/.local/lib/python3.12/site-packages/airflow/example_dags/tutorial.py took 0.128 seconds
[2024-11-20T03:59:23.975+0000] {processor.py:186} INFO - Started process (PID=1370) to work on /home/airflow/.local/lib/python3.12/site-packages/airflow/example_dags/tutorial.py
[2024-11-20T03:59:23.976+0000] {processor.py:914} INFO - Processing file /home/airflow/.local/lib/python3.12/site-packages/airflow/example_dags/tutorial.py for tasks to queue
[2024-11-20T03:59:23.980+0000] {logging_mixin.py:190} INFO - [2024-11-20T03:59:23.979+0000] {dagbag.py:588} INFO - Filling up the DagBag from /home/airflow/.local/lib/python3.12/site-packages/airflow/example_dags/tutorial.py
[2024-11-20T03:59:23.995+0000] {processor.py:925} INFO - DAG(s) 'tutorial' retrieved from /home/airflow/.local/lib/python3.12/site-packages/airflow/example_dags/tutorial.py
[2024-11-20T03:59:24.037+0000] {logging_mixin.py:190} INFO - [2024-11-20T03:59:24.037+0000] {dag.py:3239} INFO - Sync 1 DAGs
[2024-11-20T03:59:24.077+0000] {logging_mixin.py:190} INFO - [2024-11-20T03:59:24.077+0000] {dag.py:4180} INFO - Setting next_dagrun for tutorial to 2024-11-19 00:00:00+00:00, run_after=2024-11-20 00:00:00+00:00
[2024-11-20T03:59:24.138+0000] {processor.py:208} INFO - Processing /home/airflow/.local/lib/python3.12/site-packages/airflow/example_dags/tutorial.py took 0.174 seconds
