[2024-11-20T03:47:51.627+0000] {processor.py:186} INFO - Started process (PID=84) to work on /home/airflow/.local/lib/python3.12/site-packages/airflow/example_dags/tutorial_objectstorage.py
[2024-11-20T03:47:51.629+0000] {processor.py:914} INFO - Processing file /home/airflow/.local/lib/python3.12/site-packages/airflow/example_dags/tutorial_objectstorage.py for tasks to queue
[2024-11-20T03:47:51.638+0000] {logging_mixin.py:190} INFO - [2024-11-20T03:47:51.637+0000] {dagbag.py:588} INFO - Filling up the DagBag from /home/airflow/.local/lib/python3.12/site-packages/airflow/example_dags/tutorial_objectstorage.py
[2024-11-20T03:47:51.682+0000] {processor.py:925} INFO - DAG(s) 'tutorial_objectstorage' retrieved from /home/airflow/.local/lib/python3.12/site-packages/airflow/example_dags/tutorial_objectstorage.py
[2024-11-20T03:47:52.026+0000] {logging_mixin.py:190} INFO - [2024-11-20T03:47:52.019+0000] {override.py:1911} INFO - Created Permission View: can read on DAG:tutorial_objectstorage
[2024-11-20T03:47:52.053+0000] {logging_mixin.py:190} INFO - [2024-11-20T03:47:52.052+0000] {override.py:1911} INFO - Created Permission View: can edit on DAG:tutorial_objectstorage
[2024-11-20T03:47:52.070+0000] {logging_mixin.py:190} INFO - [2024-11-20T03:47:52.069+0000] {override.py:1911} INFO - Created Permission View: can delete on DAG:tutorial_objectstorage
[2024-11-20T03:47:52.092+0000] {logging_mixin.py:190} INFO - [2024-11-20T03:47:52.091+0000] {override.py:1911} INFO - Created Permission View: menu access on DAG Run:tutorial_objectstorage
[2024-11-20T03:47:52.115+0000] {logging_mixin.py:190} INFO - [2024-11-20T03:47:52.114+0000] {override.py:1911} INFO - Created Permission View: can read on DAG Run:tutorial_objectstorage
[2024-11-20T03:47:52.129+0000] {logging_mixin.py:190} INFO - [2024-11-20T03:47:52.128+0000] {override.py:1911} INFO - Created Permission View: can delete on DAG Run:tutorial_objectstorage
[2024-11-20T03:47:52.147+0000] {logging_mixin.py:190} INFO - [2024-11-20T03:47:52.147+0000] {override.py:1911} INFO - Created Permission View: can create on DAG Run:tutorial_objectstorage
[2024-11-20T03:47:52.149+0000] {logging_mixin.py:190} INFO - [2024-11-20T03:47:52.148+0000] {dag.py:3239} INFO - Sync 1 DAGs
[2024-11-20T03:47:52.202+0000] {logging_mixin.py:190} INFO - [2024-11-20T03:47:52.202+0000] {dag.py:3262} INFO - Creating ORM DAG for tutorial_objectstorage
[2024-11-20T03:47:52.205+0000] {logging_mixin.py:190} INFO - [2024-11-20T03:47:52.204+0000] {dag.py:4180} INFO - Setting next_dagrun for tutorial_objectstorage to None, run_after=None
[2024-11-20T03:47:52.251+0000] {processor.py:208} INFO - Processing /home/airflow/.local/lib/python3.12/site-packages/airflow/example_dags/tutorial_objectstorage.py took 0.638 seconds
[2024-11-20T03:49:14.010+0000] {processor.py:186} INFO - Started process (PID=160) to work on /home/airflow/.local/lib/python3.12/site-packages/airflow/example_dags/tutorial_objectstorage.py
[2024-11-20T03:49:14.013+0000] {processor.py:914} INFO - Processing file /home/airflow/.local/lib/python3.12/site-packages/airflow/example_dags/tutorial_objectstorage.py for tasks to queue
[2024-11-20T03:49:14.018+0000] {logging_mixin.py:190} INFO - [2024-11-20T03:49:14.017+0000] {dagbag.py:588} INFO - Filling up the DagBag from /home/airflow/.local/lib/python3.12/site-packages/airflow/example_dags/tutorial_objectstorage.py
[2024-11-20T03:49:14.038+0000] {processor.py:925} INFO - DAG(s) 'tutorial_objectstorage' retrieved from /home/airflow/.local/lib/python3.12/site-packages/airflow/example_dags/tutorial_objectstorage.py
[2024-11-20T03:49:14.085+0000] {logging_mixin.py:190} INFO - [2024-11-20T03:49:14.084+0000] {dag.py:3239} INFO - Sync 1 DAGs
[2024-11-20T03:49:14.122+0000] {logging_mixin.py:190} INFO - [2024-11-20T03:49:14.122+0000] {dag.py:4180} INFO - Setting next_dagrun for tutorial_objectstorage to None, run_after=None
[2024-11-20T03:49:14.166+0000] {processor.py:208} INFO - Processing /home/airflow/.local/lib/python3.12/site-packages/airflow/example_dags/tutorial_objectstorage.py took 0.169 seconds
[2024-11-20T03:49:45.474+0000] {processor.py:186} INFO - Started process (PID=223) to work on /home/airflow/.local/lib/python3.12/site-packages/airflow/example_dags/tutorial_objectstorage.py
[2024-11-20T03:49:45.477+0000] {processor.py:914} INFO - Processing file /home/airflow/.local/lib/python3.12/site-packages/airflow/example_dags/tutorial_objectstorage.py for tasks to queue
[2024-11-20T03:49:45.481+0000] {logging_mixin.py:190} INFO - [2024-11-20T03:49:45.480+0000] {dagbag.py:588} INFO - Filling up the DagBag from /home/airflow/.local/lib/python3.12/site-packages/airflow/example_dags/tutorial_objectstorage.py
[2024-11-20T03:49:45.508+0000] {processor.py:925} INFO - DAG(s) 'tutorial_objectstorage' retrieved from /home/airflow/.local/lib/python3.12/site-packages/airflow/example_dags/tutorial_objectstorage.py
[2024-11-20T03:49:45.566+0000] {logging_mixin.py:190} INFO - [2024-11-20T03:49:45.565+0000] {dag.py:3239} INFO - Sync 1 DAGs
[2024-11-20T03:49:45.606+0000] {logging_mixin.py:190} INFO - [2024-11-20T03:49:45.606+0000] {dag.py:4180} INFO - Setting next_dagrun for tutorial_objectstorage to None, run_after=None
[2024-11-20T03:49:45.654+0000] {processor.py:208} INFO - Processing /home/airflow/.local/lib/python3.12/site-packages/airflow/example_dags/tutorial_objectstorage.py took 0.191 seconds
[2024-11-20T03:50:26.986+0000] {processor.py:186} INFO - Started process (PID=286) to work on /home/airflow/.local/lib/python3.12/site-packages/airflow/example_dags/tutorial_objectstorage.py
[2024-11-20T03:50:26.988+0000] {processor.py:914} INFO - Processing file /home/airflow/.local/lib/python3.12/site-packages/airflow/example_dags/tutorial_objectstorage.py for tasks to queue
[2024-11-20T03:50:26.993+0000] {logging_mixin.py:190} INFO - [2024-11-20T03:50:26.993+0000] {dagbag.py:588} INFO - Filling up the DagBag from /home/airflow/.local/lib/python3.12/site-packages/airflow/example_dags/tutorial_objectstorage.py
[2024-11-20T03:50:27.021+0000] {processor.py:925} INFO - DAG(s) 'tutorial_objectstorage' retrieved from /home/airflow/.local/lib/python3.12/site-packages/airflow/example_dags/tutorial_objectstorage.py
[2024-11-20T03:50:27.079+0000] {logging_mixin.py:190} INFO - [2024-11-20T03:50:27.078+0000] {dag.py:3239} INFO - Sync 1 DAGs
[2024-11-20T03:50:27.139+0000] {logging_mixin.py:190} INFO - [2024-11-20T03:50:27.138+0000] {dag.py:4180} INFO - Setting next_dagrun for tutorial_objectstorage to None, run_after=None
[2024-11-20T03:50:27.217+0000] {processor.py:208} INFO - Processing /home/airflow/.local/lib/python3.12/site-packages/airflow/example_dags/tutorial_objectstorage.py took 0.243 seconds
[2024-11-20T03:51:00.849+0000] {processor.py:186} INFO - Started process (PID=348) to work on /home/airflow/.local/lib/python3.12/site-packages/airflow/example_dags/tutorial_objectstorage.py
[2024-11-20T03:51:00.852+0000] {processor.py:914} INFO - Processing file /home/airflow/.local/lib/python3.12/site-packages/airflow/example_dags/tutorial_objectstorage.py for tasks to queue
[2024-11-20T03:51:00.856+0000] {logging_mixin.py:190} INFO - [2024-11-20T03:51:00.855+0000] {dagbag.py:588} INFO - Filling up the DagBag from /home/airflow/.local/lib/python3.12/site-packages/airflow/example_dags/tutorial_objectstorage.py
[2024-11-20T03:51:00.873+0000] {processor.py:925} INFO - DAG(s) 'tutorial_objectstorage' retrieved from /home/airflow/.local/lib/python3.12/site-packages/airflow/example_dags/tutorial_objectstorage.py
[2024-11-20T03:51:00.915+0000] {logging_mixin.py:190} INFO - [2024-11-20T03:51:00.914+0000] {dag.py:3239} INFO - Sync 1 DAGs
[2024-11-20T03:51:00.945+0000] {logging_mixin.py:190} INFO - [2024-11-20T03:51:00.945+0000] {dag.py:4180} INFO - Setting next_dagrun for tutorial_objectstorage to None, run_after=None
[2024-11-20T03:51:01.038+0000] {processor.py:208} INFO - Processing /home/airflow/.local/lib/python3.12/site-packages/airflow/example_dags/tutorial_objectstorage.py took 0.201 seconds
[2024-11-20T03:51:31.761+0000] {processor.py:186} INFO - Started process (PID=412) to work on /home/airflow/.local/lib/python3.12/site-packages/airflow/example_dags/tutorial_objectstorage.py
[2024-11-20T03:51:31.764+0000] {processor.py:914} INFO - Processing file /home/airflow/.local/lib/python3.12/site-packages/airflow/example_dags/tutorial_objectstorage.py for tasks to queue
[2024-11-20T03:51:31.776+0000] {logging_mixin.py:190} INFO - [2024-11-20T03:51:31.775+0000] {dagbag.py:588} INFO - Filling up the DagBag from /home/airflow/.local/lib/python3.12/site-packages/airflow/example_dags/tutorial_objectstorage.py
[2024-11-20T03:51:31.815+0000] {processor.py:925} INFO - DAG(s) 'tutorial_objectstorage' retrieved from /home/airflow/.local/lib/python3.12/site-packages/airflow/example_dags/tutorial_objectstorage.py
[2024-11-20T03:51:31.863+0000] {logging_mixin.py:190} INFO - [2024-11-20T03:51:31.863+0000] {dag.py:3239} INFO - Sync 1 DAGs
[2024-11-20T03:51:31.890+0000] {logging_mixin.py:190} INFO - [2024-11-20T03:51:31.890+0000] {dag.py:4180} INFO - Setting next_dagrun for tutorial_objectstorage to None, run_after=None
[2024-11-20T03:51:31.921+0000] {processor.py:208} INFO - Processing /home/airflow/.local/lib/python3.12/site-packages/airflow/example_dags/tutorial_objectstorage.py took 0.179 seconds
[2024-11-20T03:52:02.019+0000] {processor.py:186} INFO - Started process (PID=473) to work on /home/airflow/.local/lib/python3.12/site-packages/airflow/example_dags/tutorial_objectstorage.py
[2024-11-20T03:52:02.021+0000] {processor.py:914} INFO - Processing file /home/airflow/.local/lib/python3.12/site-packages/airflow/example_dags/tutorial_objectstorage.py for tasks to queue
[2024-11-20T03:52:02.025+0000] {logging_mixin.py:190} INFO - [2024-11-20T03:52:02.025+0000] {dagbag.py:588} INFO - Filling up the DagBag from /home/airflow/.local/lib/python3.12/site-packages/airflow/example_dags/tutorial_objectstorage.py
[2024-11-20T03:52:02.048+0000] {processor.py:925} INFO - DAG(s) 'tutorial_objectstorage' retrieved from /home/airflow/.local/lib/python3.12/site-packages/airflow/example_dags/tutorial_objectstorage.py
[2024-11-20T03:52:02.075+0000] {logging_mixin.py:190} INFO - [2024-11-20T03:52:02.075+0000] {dag.py:3239} INFO - Sync 1 DAGs
[2024-11-20T03:52:02.097+0000] {logging_mixin.py:190} INFO - [2024-11-20T03:52:02.097+0000] {dag.py:4180} INFO - Setting next_dagrun for tutorial_objectstorage to None, run_after=None
[2024-11-20T03:52:02.161+0000] {processor.py:208} INFO - Processing /home/airflow/.local/lib/python3.12/site-packages/airflow/example_dags/tutorial_objectstorage.py took 0.151 seconds
[2024-11-20T03:52:33.241+0000] {processor.py:186} INFO - Started process (PID=535) to work on /home/airflow/.local/lib/python3.12/site-packages/airflow/example_dags/tutorial_objectstorage.py
[2024-11-20T03:52:33.243+0000] {processor.py:914} INFO - Processing file /home/airflow/.local/lib/python3.12/site-packages/airflow/example_dags/tutorial_objectstorage.py for tasks to queue
[2024-11-20T03:52:33.246+0000] {logging_mixin.py:190} INFO - [2024-11-20T03:52:33.246+0000] {dagbag.py:588} INFO - Filling up the DagBag from /home/airflow/.local/lib/python3.12/site-packages/airflow/example_dags/tutorial_objectstorage.py
[2024-11-20T03:52:33.260+0000] {processor.py:925} INFO - DAG(s) 'tutorial_objectstorage' retrieved from /home/airflow/.local/lib/python3.12/site-packages/airflow/example_dags/tutorial_objectstorage.py
[2024-11-20T03:52:33.285+0000] {logging_mixin.py:190} INFO - [2024-11-20T03:52:33.285+0000] {dag.py:3239} INFO - Sync 1 DAGs
[2024-11-20T03:52:33.306+0000] {logging_mixin.py:190} INFO - [2024-11-20T03:52:33.305+0000] {dag.py:4180} INFO - Setting next_dagrun for tutorial_objectstorage to None, run_after=None
[2024-11-20T03:52:33.341+0000] {processor.py:208} INFO - Processing /home/airflow/.local/lib/python3.12/site-packages/airflow/example_dags/tutorial_objectstorage.py took 0.108 seconds
[2024-11-20T03:53:06.861+0000] {processor.py:186} INFO - Started process (PID=591) to work on /home/airflow/.local/lib/python3.12/site-packages/airflow/example_dags/tutorial_objectstorage.py
[2024-11-20T03:53:06.906+0000] {processor.py:914} INFO - Processing file /home/airflow/.local/lib/python3.12/site-packages/airflow/example_dags/tutorial_objectstorage.py for tasks to queue
[2024-11-20T03:53:06.938+0000] {logging_mixin.py:190} INFO - [2024-11-20T03:53:06.937+0000] {dagbag.py:588} INFO - Filling up the DagBag from /home/airflow/.local/lib/python3.12/site-packages/airflow/example_dags/tutorial_objectstorage.py
[2024-11-20T03:53:07.081+0000] {processor.py:925} INFO - DAG(s) 'tutorial_objectstorage' retrieved from /home/airflow/.local/lib/python3.12/site-packages/airflow/example_dags/tutorial_objectstorage.py
[2024-11-20T03:53:07.194+0000] {logging_mixin.py:190} INFO - [2024-11-20T03:53:07.193+0000] {dag.py:3239} INFO - Sync 1 DAGs
[2024-11-20T03:53:07.309+0000] {logging_mixin.py:190} INFO - [2024-11-20T03:53:07.309+0000] {dag.py:4180} INFO - Setting next_dagrun for tutorial_objectstorage to None, run_after=None
[2024-11-20T03:53:07.491+0000] {processor.py:208} INFO - Processing /home/airflow/.local/lib/python3.12/site-packages/airflow/example_dags/tutorial_objectstorage.py took 0.711 seconds
[2024-11-20T03:53:38.235+0000] {processor.py:186} INFO - Started process (PID=654) to work on /home/airflow/.local/lib/python3.12/site-packages/airflow/example_dags/tutorial_objectstorage.py
[2024-11-20T03:53:38.236+0000] {processor.py:914} INFO - Processing file /home/airflow/.local/lib/python3.12/site-packages/airflow/example_dags/tutorial_objectstorage.py for tasks to queue
[2024-11-20T03:53:38.241+0000] {logging_mixin.py:190} INFO - [2024-11-20T03:53:38.240+0000] {dagbag.py:588} INFO - Filling up the DagBag from /home/airflow/.local/lib/python3.12/site-packages/airflow/example_dags/tutorial_objectstorage.py
[2024-11-20T03:53:38.258+0000] {processor.py:925} INFO - DAG(s) 'tutorial_objectstorage' retrieved from /home/airflow/.local/lib/python3.12/site-packages/airflow/example_dags/tutorial_objectstorage.py
[2024-11-20T03:53:38.305+0000] {logging_mixin.py:190} INFO - [2024-11-20T03:53:38.304+0000] {dag.py:3239} INFO - Sync 1 DAGs
[2024-11-20T03:53:38.333+0000] {logging_mixin.py:190} INFO - [2024-11-20T03:53:38.332+0000] {dag.py:4180} INFO - Setting next_dagrun for tutorial_objectstorage to None, run_after=None
[2024-11-20T03:53:38.376+0000] {processor.py:208} INFO - Processing /home/airflow/.local/lib/python3.12/site-packages/airflow/example_dags/tutorial_objectstorage.py took 0.152 seconds
[2024-11-20T03:54:08.787+0000] {processor.py:186} INFO - Started process (PID=717) to work on /home/airflow/.local/lib/python3.12/site-packages/airflow/example_dags/tutorial_objectstorage.py
[2024-11-20T03:54:08.789+0000] {processor.py:914} INFO - Processing file /home/airflow/.local/lib/python3.12/site-packages/airflow/example_dags/tutorial_objectstorage.py for tasks to queue
[2024-11-20T03:54:08.795+0000] {logging_mixin.py:190} INFO - [2024-11-20T03:54:08.794+0000] {dagbag.py:588} INFO - Filling up the DagBag from /home/airflow/.local/lib/python3.12/site-packages/airflow/example_dags/tutorial_objectstorage.py
[2024-11-20T03:54:08.813+0000] {processor.py:925} INFO - DAG(s) 'tutorial_objectstorage' retrieved from /home/airflow/.local/lib/python3.12/site-packages/airflow/example_dags/tutorial_objectstorage.py
[2024-11-20T03:54:08.852+0000] {logging_mixin.py:190} INFO - [2024-11-20T03:54:08.852+0000] {dag.py:3239} INFO - Sync 1 DAGs
[2024-11-20T03:54:08.901+0000] {logging_mixin.py:190} INFO - [2024-11-20T03:54:08.901+0000] {dag.py:4180} INFO - Setting next_dagrun for tutorial_objectstorage to None, run_after=None
[2024-11-20T03:54:09.133+0000] {processor.py:208} INFO - Processing /home/airflow/.local/lib/python3.12/site-packages/airflow/example_dags/tutorial_objectstorage.py took 0.358 seconds
[2024-11-20T03:54:39.262+0000] {processor.py:186} INFO - Started process (PID=779) to work on /home/airflow/.local/lib/python3.12/site-packages/airflow/example_dags/tutorial_objectstorage.py
[2024-11-20T03:54:39.263+0000] {processor.py:914} INFO - Processing file /home/airflow/.local/lib/python3.12/site-packages/airflow/example_dags/tutorial_objectstorage.py for tasks to queue
[2024-11-20T03:54:39.268+0000] {logging_mixin.py:190} INFO - [2024-11-20T03:54:39.268+0000] {dagbag.py:588} INFO - Filling up the DagBag from /home/airflow/.local/lib/python3.12/site-packages/airflow/example_dags/tutorial_objectstorage.py
[2024-11-20T03:54:39.300+0000] {processor.py:925} INFO - DAG(s) 'tutorial_objectstorage' retrieved from /home/airflow/.local/lib/python3.12/site-packages/airflow/example_dags/tutorial_objectstorage.py
[2024-11-20T03:54:39.339+0000] {logging_mixin.py:190} INFO - [2024-11-20T03:54:39.339+0000] {dag.py:3239} INFO - Sync 1 DAGs
[2024-11-20T03:54:39.381+0000] {logging_mixin.py:190} INFO - [2024-11-20T03:54:39.380+0000] {dag.py:4180} INFO - Setting next_dagrun for tutorial_objectstorage to None, run_after=None
[2024-11-20T03:54:39.415+0000] {processor.py:208} INFO - Processing /home/airflow/.local/lib/python3.12/site-packages/airflow/example_dags/tutorial_objectstorage.py took 0.167 seconds
[2024-11-20T03:55:10.030+0000] {processor.py:186} INFO - Started process (PID=843) to work on /home/airflow/.local/lib/python3.12/site-packages/airflow/example_dags/tutorial_objectstorage.py
[2024-11-20T03:55:10.033+0000] {processor.py:914} INFO - Processing file /home/airflow/.local/lib/python3.12/site-packages/airflow/example_dags/tutorial_objectstorage.py for tasks to queue
[2024-11-20T03:55:10.051+0000] {logging_mixin.py:190} INFO - [2024-11-20T03:55:10.048+0000] {dagbag.py:588} INFO - Filling up the DagBag from /home/airflow/.local/lib/python3.12/site-packages/airflow/example_dags/tutorial_objectstorage.py
[2024-11-20T03:55:10.128+0000] {processor.py:925} INFO - DAG(s) 'tutorial_objectstorage' retrieved from /home/airflow/.local/lib/python3.12/site-packages/airflow/example_dags/tutorial_objectstorage.py
[2024-11-20T03:55:10.239+0000] {logging_mixin.py:190} INFO - [2024-11-20T03:55:10.238+0000] {dag.py:3239} INFO - Sync 1 DAGs
[2024-11-20T03:55:10.311+0000] {logging_mixin.py:190} INFO - [2024-11-20T03:55:10.311+0000] {dag.py:4180} INFO - Setting next_dagrun for tutorial_objectstorage to None, run_after=None
[2024-11-20T03:55:10.397+0000] {processor.py:208} INFO - Processing /home/airflow/.local/lib/python3.12/site-packages/airflow/example_dags/tutorial_objectstorage.py took 0.393 seconds
[2024-11-20T03:55:41.136+0000] {processor.py:186} INFO - Started process (PID=906) to work on /home/airflow/.local/lib/python3.12/site-packages/airflow/example_dags/tutorial_objectstorage.py
[2024-11-20T03:55:41.139+0000] {processor.py:914} INFO - Processing file /home/airflow/.local/lib/python3.12/site-packages/airflow/example_dags/tutorial_objectstorage.py for tasks to queue
[2024-11-20T03:55:41.145+0000] {logging_mixin.py:190} INFO - [2024-11-20T03:55:41.144+0000] {dagbag.py:588} INFO - Filling up the DagBag from /home/airflow/.local/lib/python3.12/site-packages/airflow/example_dags/tutorial_objectstorage.py
[2024-11-20T03:55:41.170+0000] {processor.py:925} INFO - DAG(s) 'tutorial_objectstorage' retrieved from /home/airflow/.local/lib/python3.12/site-packages/airflow/example_dags/tutorial_objectstorage.py
[2024-11-20T03:55:41.215+0000] {logging_mixin.py:190} INFO - [2024-11-20T03:55:41.215+0000] {dag.py:3239} INFO - Sync 1 DAGs
[2024-11-20T03:55:41.248+0000] {logging_mixin.py:190} INFO - [2024-11-20T03:55:41.248+0000] {dag.py:4180} INFO - Setting next_dagrun for tutorial_objectstorage to None, run_after=None
[2024-11-20T03:55:41.276+0000] {processor.py:208} INFO - Processing /home/airflow/.local/lib/python3.12/site-packages/airflow/example_dags/tutorial_objectstorage.py took 0.148 seconds
[2024-11-20T03:56:11.639+0000] {processor.py:186} INFO - Started process (PID=969) to work on /home/airflow/.local/lib/python3.12/site-packages/airflow/example_dags/tutorial_objectstorage.py
[2024-11-20T03:56:11.640+0000] {processor.py:914} INFO - Processing file /home/airflow/.local/lib/python3.12/site-packages/airflow/example_dags/tutorial_objectstorage.py for tasks to queue
[2024-11-20T03:56:11.645+0000] {logging_mixin.py:190} INFO - [2024-11-20T03:56:11.644+0000] {dagbag.py:588} INFO - Filling up the DagBag from /home/airflow/.local/lib/python3.12/site-packages/airflow/example_dags/tutorial_objectstorage.py
[2024-11-20T03:56:11.660+0000] {processor.py:925} INFO - DAG(s) 'tutorial_objectstorage' retrieved from /home/airflow/.local/lib/python3.12/site-packages/airflow/example_dags/tutorial_objectstorage.py
[2024-11-20T03:56:11.697+0000] {logging_mixin.py:190} INFO - [2024-11-20T03:56:11.696+0000] {dag.py:3239} INFO - Sync 1 DAGs
[2024-11-20T03:56:11.730+0000] {logging_mixin.py:190} INFO - [2024-11-20T03:56:11.729+0000] {dag.py:4180} INFO - Setting next_dagrun for tutorial_objectstorage to None, run_after=None
[2024-11-20T03:56:11.806+0000] {processor.py:208} INFO - Processing /home/airflow/.local/lib/python3.12/site-packages/airflow/example_dags/tutorial_objectstorage.py took 0.176 seconds
[2024-11-20T03:56:44.250+0000] {processor.py:186} INFO - Started process (PID=1032) to work on /home/airflow/.local/lib/python3.12/site-packages/airflow/example_dags/tutorial_objectstorage.py
[2024-11-20T03:56:44.255+0000] {processor.py:914} INFO - Processing file /home/airflow/.local/lib/python3.12/site-packages/airflow/example_dags/tutorial_objectstorage.py for tasks to queue
[2024-11-20T03:56:44.264+0000] {logging_mixin.py:190} INFO - [2024-11-20T03:56:44.263+0000] {dagbag.py:588} INFO - Filling up the DagBag from /home/airflow/.local/lib/python3.12/site-packages/airflow/example_dags/tutorial_objectstorage.py
[2024-11-20T03:56:44.299+0000] {processor.py:925} INFO - DAG(s) 'tutorial_objectstorage' retrieved from /home/airflow/.local/lib/python3.12/site-packages/airflow/example_dags/tutorial_objectstorage.py
[2024-11-20T03:56:44.361+0000] {logging_mixin.py:190} INFO - [2024-11-20T03:56:44.360+0000] {dag.py:3239} INFO - Sync 1 DAGs
[2024-11-20T03:56:44.402+0000] {logging_mixin.py:190} INFO - [2024-11-20T03:56:44.401+0000] {dag.py:4180} INFO - Setting next_dagrun for tutorial_objectstorage to None, run_after=None
[2024-11-20T03:56:44.444+0000] {processor.py:208} INFO - Processing /home/airflow/.local/lib/python3.12/site-packages/airflow/example_dags/tutorial_objectstorage.py took 0.213 seconds
[2024-11-20T03:57:14.601+0000] {processor.py:186} INFO - Started process (PID=1095) to work on /home/airflow/.local/lib/python3.12/site-packages/airflow/example_dags/tutorial_objectstorage.py
[2024-11-20T03:57:14.606+0000] {processor.py:914} INFO - Processing file /home/airflow/.local/lib/python3.12/site-packages/airflow/example_dags/tutorial_objectstorage.py for tasks to queue
[2024-11-20T03:57:14.610+0000] {logging_mixin.py:190} INFO - [2024-11-20T03:57:14.610+0000] {dagbag.py:588} INFO - Filling up the DagBag from /home/airflow/.local/lib/python3.12/site-packages/airflow/example_dags/tutorial_objectstorage.py
[2024-11-20T03:57:14.631+0000] {processor.py:925} INFO - DAG(s) 'tutorial_objectstorage' retrieved from /home/airflow/.local/lib/python3.12/site-packages/airflow/example_dags/tutorial_objectstorage.py
[2024-11-20T03:57:14.692+0000] {logging_mixin.py:190} INFO - [2024-11-20T03:57:14.692+0000] {dag.py:3239} INFO - Sync 1 DAGs
[2024-11-20T03:57:14.734+0000] {logging_mixin.py:190} INFO - [2024-11-20T03:57:14.734+0000] {dag.py:4180} INFO - Setting next_dagrun for tutorial_objectstorage to None, run_after=None
[2024-11-20T03:57:14.799+0000] {processor.py:208} INFO - Processing /home/airflow/.local/lib/python3.12/site-packages/airflow/example_dags/tutorial_objectstorage.py took 0.211 seconds
[2024-11-20T03:57:46.072+0000] {processor.py:186} INFO - Started process (PID=1158) to work on /home/airflow/.local/lib/python3.12/site-packages/airflow/example_dags/tutorial_objectstorage.py
[2024-11-20T03:57:46.076+0000] {processor.py:914} INFO - Processing file /home/airflow/.local/lib/python3.12/site-packages/airflow/example_dags/tutorial_objectstorage.py for tasks to queue
[2024-11-20T03:57:46.090+0000] {logging_mixin.py:190} INFO - [2024-11-20T03:57:46.081+0000] {dagbag.py:588} INFO - Filling up the DagBag from /home/airflow/.local/lib/python3.12/site-packages/airflow/example_dags/tutorial_objectstorage.py
[2024-11-20T03:57:46.138+0000] {processor.py:925} INFO - DAG(s) 'tutorial_objectstorage' retrieved from /home/airflow/.local/lib/python3.12/site-packages/airflow/example_dags/tutorial_objectstorage.py
[2024-11-20T03:57:46.185+0000] {logging_mixin.py:190} INFO - [2024-11-20T03:57:46.184+0000] {dag.py:3239} INFO - Sync 1 DAGs
[2024-11-20T03:57:46.223+0000] {logging_mixin.py:190} INFO - [2024-11-20T03:57:46.223+0000] {dag.py:4180} INFO - Setting next_dagrun for tutorial_objectstorage to None, run_after=None
[2024-11-20T03:57:46.292+0000] {processor.py:208} INFO - Processing /home/airflow/.local/lib/python3.12/site-packages/airflow/example_dags/tutorial_objectstorage.py took 0.232 seconds
[2024-11-20T03:58:16.991+0000] {processor.py:186} INFO - Started process (PID=1221) to work on /home/airflow/.local/lib/python3.12/site-packages/airflow/example_dags/tutorial_objectstorage.py
[2024-11-20T03:58:16.992+0000] {processor.py:914} INFO - Processing file /home/airflow/.local/lib/python3.12/site-packages/airflow/example_dags/tutorial_objectstorage.py for tasks to queue
[2024-11-20T03:58:16.997+0000] {logging_mixin.py:190} INFO - [2024-11-20T03:58:16.996+0000] {dagbag.py:588} INFO - Filling up the DagBag from /home/airflow/.local/lib/python3.12/site-packages/airflow/example_dags/tutorial_objectstorage.py
[2024-11-20T03:58:17.013+0000] {processor.py:925} INFO - DAG(s) 'tutorial_objectstorage' retrieved from /home/airflow/.local/lib/python3.12/site-packages/airflow/example_dags/tutorial_objectstorage.py
[2024-11-20T03:58:17.040+0000] {logging_mixin.py:190} INFO - [2024-11-20T03:58:17.039+0000] {dag.py:3239} INFO - Sync 1 DAGs
[2024-11-20T03:58:17.062+0000] {logging_mixin.py:190} INFO - [2024-11-20T03:58:17.062+0000] {dag.py:4180} INFO - Setting next_dagrun for tutorial_objectstorage to None, run_after=None
[2024-11-20T03:58:17.092+0000] {processor.py:208} INFO - Processing /home/airflow/.local/lib/python3.12/site-packages/airflow/example_dags/tutorial_objectstorage.py took 0.111 seconds
[2024-11-20T03:58:48.829+0000] {processor.py:186} INFO - Started process (PID=1284) to work on /home/airflow/.local/lib/python3.12/site-packages/airflow/example_dags/tutorial_objectstorage.py
[2024-11-20T03:58:48.831+0000] {processor.py:914} INFO - Processing file /home/airflow/.local/lib/python3.12/site-packages/airflow/example_dags/tutorial_objectstorage.py for tasks to queue
[2024-11-20T03:58:48.836+0000] {logging_mixin.py:190} INFO - [2024-11-20T03:58:48.835+0000] {dagbag.py:588} INFO - Filling up the DagBag from /home/airflow/.local/lib/python3.12/site-packages/airflow/example_dags/tutorial_objectstorage.py
[2024-11-20T03:58:48.865+0000] {processor.py:925} INFO - DAG(s) 'tutorial_objectstorage' retrieved from /home/airflow/.local/lib/python3.12/site-packages/airflow/example_dags/tutorial_objectstorage.py
[2024-11-20T03:58:48.904+0000] {logging_mixin.py:190} INFO - [2024-11-20T03:58:48.904+0000] {dag.py:3239} INFO - Sync 1 DAGs
[2024-11-20T03:58:48.937+0000] {logging_mixin.py:190} INFO - [2024-11-20T03:58:48.937+0000] {dag.py:4180} INFO - Setting next_dagrun for tutorial_objectstorage to None, run_after=None
[2024-11-20T03:58:48.970+0000] {processor.py:208} INFO - Processing /home/airflow/.local/lib/python3.12/site-packages/airflow/example_dags/tutorial_objectstorage.py took 0.155 seconds
[2024-11-20T03:59:20.414+0000] {processor.py:186} INFO - Started process (PID=1347) to work on /home/airflow/.local/lib/python3.12/site-packages/airflow/example_dags/tutorial_objectstorage.py
[2024-11-20T03:59:20.416+0000] {processor.py:914} INFO - Processing file /home/airflow/.local/lib/python3.12/site-packages/airflow/example_dags/tutorial_objectstorage.py for tasks to queue
[2024-11-20T03:59:20.421+0000] {logging_mixin.py:190} INFO - [2024-11-20T03:59:20.420+0000] {dagbag.py:588} INFO - Filling up the DagBag from /home/airflow/.local/lib/python3.12/site-packages/airflow/example_dags/tutorial_objectstorage.py
[2024-11-20T03:59:20.442+0000] {processor.py:925} INFO - DAG(s) 'tutorial_objectstorage' retrieved from /home/airflow/.local/lib/python3.12/site-packages/airflow/example_dags/tutorial_objectstorage.py
[2024-11-20T03:59:20.491+0000] {logging_mixin.py:190} INFO - [2024-11-20T03:59:20.490+0000] {dag.py:3239} INFO - Sync 1 DAGs
[2024-11-20T03:59:20.517+0000] {logging_mixin.py:190} INFO - [2024-11-20T03:59:20.517+0000] {dag.py:4180} INFO - Setting next_dagrun for tutorial_objectstorage to None, run_after=None
[2024-11-20T03:59:20.560+0000] {processor.py:208} INFO - Processing /home/airflow/.local/lib/python3.12/site-packages/airflow/example_dags/tutorial_objectstorage.py took 0.160 seconds
